Using CUDA

=== Using interpolation strategy: neural ===
Found existing neural network at trained_neural_networks/trained_neural_network_3x3_(3, 3)_and_2x2_(2,2).jld2. Loading...
Loaded neural network strategy from: trained_neural_networks/trained_neural_network_3x3_(3, 3)_and_2x2_(2,2).jld2
  2.076919 seconds (9.24 M allocations: 511.307 MiB, 10.13% gc time, 99.68% compilation time: 30% of which was recompilation)

===================================
Testing on folder: data/N=(3, 3)_3x2
===================================

=== Loading large system ED data ===
Large system Hilbert space dim: 68

=== Building operator structure for large system (order=2) ===
  1.539402 seconds (3.86 M allocations: 190.778 MiB, 7.97% gc time, 99.64% compilation time)
Coordinate{2, Int64}[Coordinate(1, 1), Coordinate(1, 2), Coordinate(2, 1), Coordinate(2, 2), Coordinate(3, 1), Coordinate(3, 2)]
  0.972486 seconds (2.31 M allocations: 124.468 MiB, 99.08% compilation time)

=== Evaluating adjoint_loss per U-index ===
U-va      Baseline loss   Pred loss     pred/baseline   MeanAbs Stored   MeanAbs Pred     RMS Stored       RMS Pred         randx10 min loss  mean loss       max loss        pred/rand       rand/baseline 
--------------------------------------------------------------------------------------------------------------------------------------------------------------------------------------------------------
0.001     0.00763061      0.0192523     2.523           0.010698         0.0414925        0.0220441        0.0608077        0.0546499         0.1505          0.246           0.3523          7.162         
0.001343  0.00887635      0.0193375     2.179           0.011553         0.0415894        0.0238041        0.0611881        0.110831          0.1855          0.2853          0.1745          12.49         
0.001805  0.0103631       0.0194257     1.875           0.0125024        0.0416894        0.0257576        0.0615011        0.141415          0.2143          0.3928          0.1374          13.65         
0.002424  0.0121698       0.0194905     1.602           0.013574         0.0417633        0.0279617        0.0617411        0.0599346         0.1576          0.3307          0.3252          4.925         
0.003257  0.0148386       0.0195192     1.315           0.0150303        0.0417998        0.0309561        0.0619062        0.0574362         0.1968          0.276           0.3398          3.871         
0.004375  0.0178271       0.019516      1.095           0.0165261        0.041818         0.0340299        0.0619989        0.0778158         0.1727          0.3047          0.2508          4.365         
0.005878  0.0217475       0.0194992     0.8966          0.0183284        0.0418043        0.0377316        0.0620256        0.0434693         0.1626          0.3387          0.4486          1.999         
0.007897  0.0244039       0.0194938     0.7988          0.0194707        0.0418099        0.0400756        0.0619962        0.0724104         0.182           0.3233          0.2692          2.967         
0.01061   0.0289314       0.0195243     0.6748          0.0213109        0.0418163        0.0438331        0.0619223        0.0868111         0.1397          0.195           0.2249          3.001         
0.01425   0.0335441       0.0196121     0.5847          0.0230712        0.0418245        0.0474221        0.0618156        0.0303579         0.1709          0.3647          0.646           0.905         
0.01914   0.0365          0.0197732     0.5417          0.024168         0.041875         0.0496225        0.0616866        0.091214          0.172           0.2532          0.2168          2.499         
0.02572   0.0385127       0.0200158     0.5197          0.0249154        0.0419221        0.0510842        0.0615434        0.0995344         0.1679          0.306           0.2011          2.584         
0.03455   0.0397665       0.0203388     0.5115          0.0254047        0.0419916        0.0519823        0.0613921        0.108908          0.1687          0.2533          0.1868          2.739         
0.04642   0.0406101       0.0207364     0.5106          0.0257649        0.0420464        0.0525805        0.0612387        0.0822399         0.1621          0.2601          0.2521          2.025         
0.06236   0.0416834       0.0212052     0.5087          0.0260106        0.0420782        0.0530536        0.0610899        0.0599742         0.1436          0.2347          0.3536          1.439         
0.08377   0.0423266       0.0217519     0.5139          0.0262601        0.0420898        0.0533751        0.0609522        0.102011          0.1554          0.1988          0.2132          2.41          
0.1125    0.042603        0.0224005     0.5258          0.026488         0.0420854        0.0535126        0.0608312        0.085692          0.1606          0.2417          0.2614          2.011         
0.1512    0.042993        0.0232018     0.5397          0.0267657        0.0421352        0.053656         0.06073          0.109811          0.18            0.3192          0.2113          2.554         
0.2031    0.0435369       0.0242469     0.5569          0.0271072        0.0422132        0.0537966        0.0606492        0.0824918         0.1497          0.2764          0.2939          1.895         
0.2728    0.0444007       0.0256941     0.5787          0.0275178        0.0423527        0.0539331        0.0605862        0.0796934         0.1903          0.3812          0.3224          1.795         
0.3665    0.0461799       0.0278188     0.6024          0.0281259        0.0425403        0.0542969        0.0605353        0.0530533         0.2001          0.3643          0.5244          1.149         
0.4924    0.0494345       0.0311        0.6291          0.028996         0.0427623        0.0549869        0.0604894        0.0825225         0.186           0.2671          0.3769          1.669         
0.6615    0.0547259       0.0363596     0.6644          0.0300916        0.0429892        0.0559057        0.0604418        0.135003          0.1708          0.2305          0.2693          2.467         
0.8886    0.0633431       0.0449634     0.7098          0.031482         0.0432467        0.057149         0.0603896        0.123454          0.253           0.5822          0.3642          1.949         
1.194     0.0778404       0.059058      0.7587          0.0332388        0.0435604        0.0590286        0.0603397        0.0723702         0.1935          0.3826          0.8161          0.9297        
1.604     0.0932216       0.0817132     0.8765          0.0352841        0.043857         0.0578477        0.0603145        0.115745          0.1925          0.3404          0.706           1.242         
2.1       0.135313        0.113063      0.8356          0.038144         0.0441459        0.0655776        0.0603506        0.18114           0.2455          0.3114          0.6242          1.339         
2.154     0.139609        0.116676      0.8357          0.038254         0.0441763        0.0662015        0.0603588        0.102371          0.2444          0.3913          1.14            0.7333        
2.463     0.165801        0.137574      0.8298          0.0399086        0.0443422        0.0699968        0.0604202        0.147867          0.2324          0.4095          0.9304          0.8918        
2.826     0.195857        0.162665      0.8305          0.041755         0.0445378        0.0737849        0.0605224        0.209956          0.2683          0.3486          0.7748          1.072         
2.894     0.201324        0.167382      0.8314          0.042032         0.0445746        0.0744118        0.0605448        0.238078          0.2745          0.3244          0.7031          1.183         
3.189     0.225079        0.187843      0.8346          0.0434955        0.0447365        0.0770321        0.0606535        0.239613          0.303           0.4175          0.7839          1.065         
3.553     0.253415        0.212748      0.8395          0.0452209        0.0449375        0.0799272        0.0608101        0.269849          0.3206          0.4152          0.7884          1.065         
3.888     0.278677        0.235295      0.8443          0.0467038        0.0451229        0.0823521        0.0609747        0.293007          0.344           0.479           0.803           1.051         
3.916     0.280997        0.237128      0.8439          0.0468144        0.0451383        0.0825516        0.060989         0.251711          0.3505          0.4194          0.9421          0.8958        
4.279     0.307191        0.260815      0.849           0.04833          0.0453537        0.0849384        0.0611876        0.27684           0.3704          0.5377          0.9421          0.9012        
4.642     0.332385        0.283701      0.8535          0.0498072        0.0455788        0.0871768        0.0614035        0.334351          0.39            0.4693          0.8485          1.006         
5.005     0.356308        0.305723      0.858           0.0510988        0.0458241        0.0892585        0.0616345        0.338922          0.3943          0.4614          0.902           0.9512        
5.223     0.370116        0.318518      0.8606          0.0518076        0.0459728        0.0904309        0.0617798        0.381732          0.4296          0.53            0.8344          1.031         
5.368     0.379196        0.32685       0.862           0.052444         0.0460718        0.0912293        0.061879         0.370713          0.4135          0.5558          0.8817          0.9776        
5.732     0.400899        0.347073      0.8657          0.0537872        0.04632          0.0930946        0.0621352        0.372029          0.4315          0.4771          0.9329          0.928         
6.095     0.421586        0.366399      0.8691          0.0547885        0.0465689        0.0948513        0.0624019        0.429055          0.4916          0.6498          0.854           1.018         
6.458     0.441204        0.384846      0.8723          0.0557501        0.0468183        0.0965019        0.0626778        0.402938          0.4915          0.5336          0.9551          0.9133        
6.821     0.459794        0.402439      0.8753          0.0567022        0.0470683        0.0980839        0.0629619        0.396508          0.5124          0.5789          1.015           0.8624        
7.017     0.469482        0.411588      0.8767          0.0571531        0.0472034        0.0989157        0.0631183        0.438128          0.4725          0.5517          0.9394          0.9332        
7.184     0.477537        0.419207      0.8779          0.0575345        0.0473187        0.0996065        0.0632532        0.446541          0.4964          0.5679          0.9388          0.9351        
7.547     0.494331        0.435183      0.8803          0.0583027        0.0475696        0.101042         0.063551         0.452452          0.5422          0.6663          0.9618          0.9153        
7.911     0.510251        0.450401      0.8827          0.059045         0.0478207        0.102407         0.0638545        0.481963          0.5306          0.5814          0.9345          0.9446        
8.274     0.525333        0.464896      0.885           0.0597378        0.0480721        0.103715         0.0641631        0.471504          0.5481          0.6261          0.986           0.8975        
8.637     0.538426        0.478703      0.8891          0.0611797        0.0483236        0.105043         0.0644761        0.505057          0.5378          0.5771          0.9478          0.938         
9         0.551995        0.491856      0.8911          0.0617752        0.0485752        0.106244         0.0647932        0.509367          0.569           0.6867          0.9656          0.9228        
9.427     0.567015        0.506521      0.8933          0.0624264        0.0488732        0.10758          0.0651702        0.527011          0.5891          0.7496          0.9611          0.9294        
12.66     0.652448        0.594945      0.9119          0.0670413        0.0511851        0.115909         0.0681355        0.613077          0.6523          0.6933          0.9704          0.9397        
17.01     0.724166        0.670868      0.9264          0.0701088        0.0544233        0.123335         0.0722372        0.678175          0.7276          0.7832          0.9892          0.9365        

Done.

===================================
Testing on folder: data/N=(3, 3)_4x3
===================================

=== Loading large system ED data ===
Large system Hilbert space dim: 4036

=== Building operator structure for large system (order=2) ===
  0.075840 seconds (1.58 M allocations: 77.623 MiB)
Coordinate{2, Int64}[Coordinate(1, 1), Coordinate(1, 2), Coordinate(1, 3), Coordinate(2, 1), Coordinate(2, 2), Coordinate(2, 3), Coordinate(3, 1), Coordinate(3, 2), Coordinate(3, 3), Coordinate(4, 1), Coordinate(4, 2), Coordinate(4, 3)]
complete: 12.39%
complete: 24.78%
complete: 37.17%
complete: 49.57%
complete: 61.96%
complete: 74.35%
complete: 86.74%
complete: 99.13%
  2.786648 seconds (69.83 M allocations: 7.022 GiB, 16.30% gc time)

=== Evaluating adjoint_loss per U-index ===
U-va      Baseline loss   Pred loss     pred/baseline   MeanAbs Stored   MeanAbs Pred     RMS Stored       RMS Pred         randx10 min loss  mean loss       max loss        pred/rand       rand/baseline 
--------------------------------------------------------------------------------------------------------------------------------------------------------------------------------------------------------
0.001     0.0197698       0.0297573     1.505           0.00381234       0.0217562        0.00924777       0.0342718        0.100156          0.1381          0.1697          0.2971          5.066         
0.001343  0.0322149       0.0299964     0.9311          0.00488037       0.0221035        0.0118382        0.0348059        0.0796704         0.1324          0.2099          0.3765          2.473         
0.001805  0.0392461       0.0302883     0.7718          0.00539602       0.0224732        0.0130874        0.0353582        0.110659          0.1566          0.2172          0.2737          2.82          
0.002424  0.0472132       0.0306349     0.6489          0.00592947       0.0228694        0.01438          0.0359283        0.122913          0.1723          0.2997          0.2492          2.603         
0.003257  0.0588405       0.0310346     0.5274          0.00663808       0.0232753        0.0160957        0.0365154        0.082374          0.128           0.1861          0.3768          1.4           
0.004375  0.0653028       0.0314781     0.482           0.00700405       0.0236934        0.0169803        0.0371181        0.0857684         0.1397          0.2302          0.367           1.313         
0.005878  0.0706062       0.0319443     0.4524          0.00729374       0.0241279        0.017678         0.0377338        0.0833549         0.1437          0.2527          0.3832          1.181         
0.007897  0.0744468       0.0324035     0.4353          0.00749784       0.0245781        0.0181675        0.0383589        0.0840317         0.1877          0.2886          0.3856          1.129         
0.01061   0.0770822       0.032825      0.4258          0.00763721       0.025042         0.0184978        0.0389889        0.0949312         0.1332          0.1573          0.3458          1.232         
0.01425   0.0795352       0.0331832     0.4172          0.00776616       0.0255114        0.0188005        0.0396181        0.102782          0.1442          0.2019          0.3229          1.292         
0.01914   0.0823494       0.0334626     0.4063          0.00791341       0.025977         0.0191424        0.0402404        0.0649888         0.1241          0.2252          0.5149          0.7892        
0.02572   0.0843432       0.0336616     0.3991          0.00801863       0.0264294        0.0193801        0.0408494        0.0729107         0.1495          0.2161          0.4617          0.8645        
0.03455   0.0862013       0.0337995     0.3921          0.00811912       0.0268647        0.0195992        0.0414396        0.120474          0.1727          0.2778          0.2806          1.398         
0.04642   0.0876972       0.0339263     0.3869          0.00820438       0.0272965        0.0197718        0.042008         0.0761468         0.1382          0.2233          0.4455          0.8683        
0.06236   0.089232        0.0341365     0.3826          0.00829804       0.0277311        0.0199485        0.0425568        0.0910012         0.1594          0.2806          0.3751          1.02          
0.08377   0.0905177       0.0345829     0.3821          0.00840724       0.0281756        0.0201042        0.0430969        0.0919647         0.1333          0.2087          0.376           1.016         
0.1125    0.0915512       0.0354854     0.3876          0.00849591       0.0286497        0.020218         0.0436508        0.0888497         0.1615          0.2937          0.3994          0.9705        
0.1512    0.0926523       0.0371282     0.4007          0.00859703       0.0291593        0.0203321        0.0442555        0.0814784         0.152           0.2663          0.4557          0.8794        
0.2031    0.093898        0.0398386     0.4243          0.00875536       0.0297542        0.0204712        0.0449639        0.0850861         0.1821          0.2987          0.4682          0.9062        
0.2728    0.0952505       0.043949      0.4614          0.00888271       0.030524         0.0205785        0.0458447        0.103939          0.1642          0.2612          0.4228          1.091         
0.3665    0.0969209       0.0497613     0.5134          0.0090342        0.0315053        0.0206858        0.0469812        0.129734          0.1584          0.2201          0.3836          1.339         
0.4924    0.0990681       0.0575279     0.5807          0.00921778       0.0327653        0.0207886        0.0484698        0.0930367         0.1668          0.2864          0.6183          0.9391        
0.6615    0.103636        0.067461      0.6509          0.0095118        0.0343702        0.0210595        0.0504193        0.119204          0.1718          0.2849          0.5659          1.15          
0.8886    0.140887        0.079766      0.5662          0.0146417        0.0363826        0.02619          0.0529508        0.116783          0.1987          0.2879          0.683           0.8289        
1.194     0.159168        0.0946835     0.5949          0.0160587        0.0388804        0.0276978        0.0561998        0.124619          0.1687          0.2612          0.7598          0.7829        
1.604     0.199501        0.112508      0.5639          0.0195198        0.0419774        0.0315014        0.060319         0.11478           0.1753          0.2868          0.9802          0.5753        
2.1       0.247126        0.131613      0.5326          0.0229683        0.0454421        0.0353818        0.0649889        0.133614          0.1982          0.3153          0.985           0.5407        
2.154     0.25599         0.133577      0.5218          0.0237333        0.0458067        0.0362523        0.0654828        0.141098          0.1918          0.2778          0.9467          0.5512        
2.463     0.284943        0.1443        0.5064          0.0255656        0.0478257        0.0383531        0.0682232        0.117609          0.2213          0.3783          1.227           0.4127        
2.826     0.313995        0.15612       0.4972          0.0271241        0.0501024        0.0401622        0.071326         0.165847          0.2205          0.333           0.9414          0.5282        
2.894     0.320998        0.158248      0.493           0.0275693        0.0505167        0.0406832        0.0718934        0.161             0.2229          0.298           0.9829          0.5016        
3.189     0.342752        0.16722       0.4879          0.0286055        0.0522813        0.0419092        0.0743138        0.160865          0.2125          0.2727          1.04            0.4693        
3.553     0.371859        0.177707      0.4779          0.0301281        0.054382         0.0436948        0.0771994        0.188598          0.2236          0.2858          0.9423          0.5072        
3.888     0.391803        0.186928      0.4771          0.0308515        0.056259         0.0445809        0.0797842        0.200755          0.2383          0.3091          0.9311          0.5124        
3.916     0.395454        0.187669      0.4746          0.0311152        0.056411         0.0448949        0.0799938        0.19065           0.2222          0.2545          0.9844          0.4821        
4.279     0.421369        0.197175      0.4679          0.032364         0.0583747        0.0463831        0.0827059        0.204029          0.2576          0.3588          0.9664          0.4842        
4.642     0.444456        0.206279      0.4641          0.0333908        0.0602796        0.0476186        0.0853433        0.239611          0.2925          0.3672          0.8609          0.5391        
5.005     0.467113        0.215026      0.4603          0.0344362        0.0621313        0.0488659        0.0879122        0.245435          0.2773          0.313           0.8761          0.5254        
5.223     0.479896        0.220123      0.4587          0.0350074        0.0632195        0.0495543        0.0894244        0.238873          0.3084          0.3987          0.9215          0.4978        
5.368     0.488957        0.223452      0.457           0.0354518        0.0639347        0.0500875        0.0904183        0.252004          0.2967          0.4023          0.8867          0.5154        
5.732     0.509354        0.231587      0.4547          0.0364209        0.0656946        0.0512321        0.0928663        0.270163          0.3369          0.4216          0.8572          0.5304        
6.095     0.526763        0.239455      0.4546          0.0371234        0.0674123        0.0520852        0.0952606        0.290714          0.3414          0.489           0.8237          0.5519        
6.458     0.546577        0.247076      0.452           0.038135         0.0690947        0.0532903        0.0976046        0.285579          0.3235          0.3754          0.8652          0.5225        
6.821     0.562136        0.254466      0.4527          0.0387654        0.0707428        0.0540641        0.0999018        0.292786          0.3393          0.3891          0.8691          0.5208        
7.017     0.571236        0.258363      0.4523          0.0392043        0.071622         0.0545985        0.101123         0.295502          0.3483          0.4551          0.8743          0.5173        
7.184     0.579231        0.261639      0.4517          0.0396238        0.072365         0.0551073        0.102155         0.295507          0.3558          0.4221          0.8854          0.5102        
7.547     0.593143        0.268606      0.4529          0.0402077        0.0739575        0.0558221        0.104367         0.304415          0.3604          0.4445          0.8824          0.5132        
7.911     0.610605        0.275378      0.451           0.0412399        0.0755228        0.0570494        0.106539         0.34229           0.3804          0.4512          0.8045          0.5606        
8.274     0.623844        0.281963      0.452           0.0418645        0.0770617        0.0578144        0.108675         0.347321          0.3954          0.4546          0.8118          0.5567        
8.637     0.636546        0.28837       0.453           0.042474         0.0785738        0.0585605        0.110776         0.345042          0.3998          0.4539          0.8358          0.5421        
9         0.647482        0.294604      0.455           0.0429585        0.0800605        0.0591683        0.112843         0.346427          0.4119          0.453           0.8504          0.535         
9.427     0.65899         0.301718      0.4578          0.0434327        0.0817769        0.0597659        0.115232         0.355159          0.4025          0.5122          0.8495          0.5389        
12.66     0.726115        0.349241      0.481           0.0460913        0.0938972        0.0631861        0.132149         0.433374          0.47            0.5263          0.8059          0.5968        
17.01     0.781457        0.400024      0.5119          0.0483792        0.108332         0.0662371        0.152315         0.483071          0.5004          0.5437          0.8281          0.6182        

Done.

===================================
Testing on folder: data/N=(3, 3)_3x3
===================================

=== Loading large system ED data ===
Large system Hilbert space dim: 792

=== Building operator structure for large system (order=2) ===
  0.023442 seconds (497.93 k allocations: 24.346 MiB)
Coordinate{2, Int64}[Coordinate(1, 1), Coordinate(1, 2), Coordinate(1, 3), Coordinate(2, 1), Coordinate(2, 2), Coordinate(2, 3), Coordinate(3, 1), Coordinate(3, 2), Coordinate(3, 3)]
complete: 63.21%
  0.275440 seconds (6.06 M allocations: 627.543 MiB, 20.69% gc time)

=== Evaluating adjoint_loss per U-index ===
U-va      Baseline loss   Pred loss     pred/baseline   MeanAbs Stored   MeanAbs Pred     RMS Stored       RMS Pred         randx10 min loss  mean loss       max loss        pred/rand       rand/baseline 
--------------------------------------------------------------------------------------------------------------------------------------------------------------------------------------------------------
0.001     0.0623859       0.000104362   0.001673        0.0267348        0.0270758        0.0445226        0.0449156        0.205475          0.3144          0.5515          0.0005079       3.294         
0.001343  0.0627517       7.98763e-05   0.001273        0.0268318        0.027236         0.044682         0.0451481        0.180476          0.3272          0.6244          0.0004426       2.876         
0.001805  0.0630662       6.59956e-05   0.001046        0.0269135        0.0273846        0.0448164        0.0453567        0.204621          0.2863          0.4099          0.0003225       3.245         
0.002424  0.0634619       5.87396e-05   0.0009256       0.0270037        0.027519         0.044966         0.0455464        0.199415          0.3823          0.5467          0.0002946       3.142         
0.003257  0.0638802       5.52085e-05   0.0008643       0.0271052        0.0276407        0.0451341        0.0457236        0.178417          0.2774          0.3693          0.0003094       2.793         
0.004375  0.0642678       5.36679e-05   0.0008351       0.0272018        0.0277563        0.0452939        0.0458965        0.177158          0.2593          0.3736          0.0003029       2.757         
0.005878  0.0649643       5.33738e-05   0.0008216       0.0273667        0.0278703        0.0455614        0.0460743        0.226409          0.339           0.4847          0.0002357       3.485         
0.007897  0.0654528       5.42396e-05   0.0008287       0.0274776        0.0279901        0.0457393        0.0462673        0.166616          0.2791          0.4816          0.0003255       2.546         
0.01061   0.0658902       5.64694e-05   0.000857        0.0275904        0.0281225        0.0459184        0.0464857        0.161123          0.2619          0.3334          0.0003505       2.445         
0.01425   0.0665943       6.02161e-05   0.0009042       0.0277577        0.0282725        0.0461817        0.0467387        0.207421          0.2987          0.5209          0.0002903       3.115         
0.01914   0.0670802       6.53891e-05   0.0009748       0.0278731        0.0284459        0.0463681        0.0470343        0.192225          0.2638          0.3595          0.0003402       2.866         
0.02572   0.0676746       7.16919e-05   0.001059        0.0280163        0.0286456        0.0465946        0.0473777        0.223525          0.3384          0.5217          0.0003207       3.303         
0.03455   0.0686718       7.87726e-05   0.001147        0.0282588        0.0288743        0.0469764        0.0477716        0.191227          0.303           0.4051          0.0004119       2.785         
0.04642   0.0699657       8.61663e-05   0.001232        0.0285744        0.0291333        0.0474692        0.0482151        0.226076          0.3287          0.479           0.0003811       3.231         
0.06236   0.0711576       9.29518e-05   0.001306        0.0288677        0.029422         0.0479156        0.048704         0.145587          0.3173          0.5309          0.0006385       2.046         
0.08377   0.0723554       9.75626e-05   0.001348        0.0291678        0.0297391        0.0483632        0.049231         0.170684          0.2494          0.345           0.0005716       2.359         
0.1125    0.0737725       9.85078e-05   0.001335        0.0295203        0.0300874        0.048878         0.0497868        0.175926          0.3012          0.5037          0.0005599       2.385         
0.1512    0.0751156       9.60594e-05   0.001279        0.029874         0.0304728        0.049379         0.0503615        0.171992          0.2978          0.5284          0.0005585       2.29          
0.2031    0.0767236       9.37385e-05   0.001222        0.0302972        0.0309017        0.0499533        0.0509466        0.200642          0.3016          0.4603          0.0004672       2.615         
0.2728    0.0782121       9.8046e-05    0.001254        0.0306829        0.0313744        0.0504503        0.051539         0.139559          0.2739          0.4079          0.0007025       1.784         
0.3665    0.0798856       0.000116656   0.00146         0.0311122        0.031917         0.0510045        0.0521463        0.129257          0.2774          0.4702          0.0009025       1.618         
0.4924    0.0831029       0.000156916   0.001888        0.031956         0.032571         0.0520494        0.0527937        0.166972          0.2215          0.3166          0.0009398       2.009         
0.6615    0.0856771       0.000224653   0.002622        0.0326639        0.0334113        0.0528053        0.0535303        0.1817            0.3201          0.4551          0.001236        2.121         
0.8886    0.0894633       0.000320439   0.003582        0.0336991        0.0344769        0.05385          0.0544344        0.201509          0.3541          0.4888          0.00159         2.252         
1.194     0.0939308       0.000431188   0.00459         0.0348677        0.0358531        0.0548967        0.0556188        0.221796          0.3173          0.4202          0.001944        2.361         
1.604     0.100234        0.000520801   0.005196        0.0363347        0.0376008        0.0561852        0.0572328        0.212269          0.2915          0.423           0.002453        2.118         
2.1       0.108908        0.000536745   0.004928        0.038199         0.039605         0.0579968        0.059238         0.215196          0.2664          0.3286          0.002494        1.976         
2.154     0.11025         0.000533499   0.004839        0.038467         0.0398187        0.0583295        0.0594606        0.162599          0.2842          0.4138          0.003281        1.475         
2.463     0.116825        0.000502289   0.004299        0.0397201        0.0410078        0.0596417        0.0607296        0.20214           0.297           0.4051          0.002485        1.73          
2.826     0.124201        0.000449232   0.003617        0.04101          0.04236          0.0610112        0.0622311        0.203788          0.2624          0.3836          0.002204        1.641         
2.894     0.127451        0.00043871    0.003442        0.0415678        0.042608         0.0616903        0.0625124        0.203923          0.3036          0.3945          0.002151        1.6           
3.189     0.134265        0.000395323   0.002944        0.0426692        0.0436669        0.0629101        0.0637346        0.212076          0.3138          0.4646          0.001864        1.58          
3.553     0.142458        0.000355614   0.002496        0.0439259        0.0449316        0.0643325        0.0652344        0.228023          0.3242          0.5203          0.00156         1.601         
3.888     0.149788        0.000341689   0.002281        0.0449891        0.0460671        0.0655469        0.0666132        0.243304          0.3264          0.4908          0.001404        1.624         
3.916     0.151727        0.000341749   0.002252        0.0452762        0.0461593        0.065903         0.0667264        0.170978          0.3276          0.4661          0.001999        1.127         
4.279     0.160559        0.000361987   0.002255        0.0464961        0.047353         0.0673509        0.0682077        0.240391          0.3396          0.4414          0.001506        1.497         
4.642     0.169389        0.00042174    0.00249         0.0476335        0.0485165        0.068702         0.0696762        0.235631          0.3085          0.3966          0.00179         1.391         
5.005     0.179088        0.000524179   0.002927        0.0488297        0.0496521        0.0701643        0.0711308        0.255958          0.3201          0.5384          0.002048        1.429         
5.223     0.185239        0.000606922   0.003276        0.0495922        0.0503218        0.0710968        0.0719973        0.268273          0.3273          0.4243          0.002262        1.448         
5.368     0.190621        0.000670919   0.00352         0.0502592        0.0507626        0.0719148        0.0725707        0.221284          0.3676          0.5187          0.003032        1.161         
5.732     0.200085        0.000862617   0.004311        0.0513705        0.0518506        0.0733098        0.0739954        0.299146          0.3763          0.4662          0.002884        1.495         
6.095     0.208012        0.00109941    0.005285        0.0522829        0.0529186        0.0744443        0.0754049        0.245234          0.3521          0.4349          0.004483        1.179         
6.458     0.217859        0.0013813     0.00634         0.0534778        0.0539672        0.0759811        0.0767989        0.312341          0.3892          0.5601          0.004422        1.434         
6.821     0.225186        0.00170841    0.007587        0.054312         0.0549958        0.0770497        0.0781778        0.311641          0.3915          0.5581          0.005482        1.384         
7.017     0.231397        0.00190378    0.008227        0.0550291        0.055543         0.0779509        0.0789156        0.271136          0.3748          0.6478          0.007022        1.172         
7.184     0.237461        0.00208099    0.008764        0.055743         0.0560055        0.0788545        0.0795415        0.335218          0.417           0.5137          0.006208        1.412         
7.547     0.244801        0.00249974    0.01021         0.0565673        0.0569977        0.0799293        0.0808904        0.354408          0.3906          0.4405          0.007053        1.448         
7.911     0.252386        0.00296567    0.01175         0.0574133        0.0579743        0.0810323        0.0822249        0.29405           0.4276          0.6311          0.01009         1.165         
8.274     0.259803        0.00348013    0.0134          0.0582446        0.0589387        0.0821205        0.0835452        0.307774          0.4021          0.5892          0.01131         1.185         
8.637     0.266567        0.00404472    0.01517         0.0590245        0.0598884        0.0831343        0.0848517        0.329192          0.3832          0.5127          0.01229         1.235         
9         0.272905        0.00466134    0.01708         0.0598009        0.0608258        0.0841325        0.0861447        0.355804          0.4051          0.455           0.0131          1.304         
9.427     0.280039        0.00545506    0.01948         0.0606203        0.0619115        0.0851391        0.087647         0.346306          0.4232          0.5032          0.01575         1.237         
12.66     0.313798        0.0142854     0.04552         0.0649034        0.0696643        0.0907568        0.0985117        0.444548          0.4862          0.5751          0.03213         1.417         
17.01     0.333531        0.0354642     0.1063          0.0679701        0.0790805        0.0950553        0.111884         0.448774          0.5305          0.5706          0.07902         1.346         

Done.

===================================
Testing on folder: data/N=(4, 4)_3x3_2
===================================

=== Loading large system ED data ===
Large system Hilbert space dim: 1764

=== Building operator structure for large system (order=2) ===
  0.023183 seconds (497.93 k allocations: 24.346 MiB)
Coordinate{2, Int64}[Coordinate(1, 1), Coordinate(1, 2), Coordinate(1, 3), Coordinate(2, 1), Coordinate(2, 2), Coordinate(2, 3), Coordinate(3, 1), Coordinate(3, 2), Coordinate(3, 3)]
complete: 28.36%
complete: 56.72%
complete: 85.08%
  1.066057 seconds (14.01 M allocations: 1.471 GiB, 23.57% gc time)

=== Evaluating adjoint_loss per U-index ===
U-va      Baseline loss   Pred loss     pred/baseline   MeanAbs Stored   MeanAbs Pred     RMS Stored       RMS Pred         randx10 min loss  mean loss       max loss        pred/rand       rand/baseline 
--------------------------------------------------------------------------------------------------------------------------------------------------------------------------------------------------------
0.001     0.0698002       0.0468856     0.6717          0.0163201        0.0301259        0.024466         0.046274         0.427963          0.555           0.6948          0.1096          6.131         
0.001343  0.139109        0.0455699     0.3276          0.0235168        0.0299288        0.0352549        0.0459787        0.361641          0.5984          0.781           0.126           2.6           
0.001805  0.158813        0.044203      0.2783          0.0252772        0.0297044        0.0378943        0.0456389        0.294139          0.4878          0.7477          0.1503          1.852         
0.002424  0.175232        0.0428174     0.2443          0.0266919        0.0294673        0.0400135        0.0452605        0.420333          0.5654          0.6281          0.1019          2.399         
0.003257  0.18799         0.0414471     0.2205          0.0277582        0.0292142        0.0416102        0.04485          0.409272          0.5819          0.8201          0.1013          2.177         
0.004375  0.193371        0.0401236     0.2075          0.02821          0.0289437        0.0422858        0.0444136        0.357478          0.4897          0.6665          0.1122          1.849         
0.005878  0.204776        0.0388718     0.1898          0.0291445        0.0286569        0.0436827        0.0439571        0.347093          0.4745          0.6109          0.112           1.695         
0.007897  0.218883        0.0377068     0.1723          0.0302781        0.0283598        0.0453774        0.0434859        0.406009          0.5438          0.6279          0.09287         1.855         
0.01061   0.229384        0.0366312     0.1597          0.0311133        0.0280539        0.0466203        0.0430054        0.304838          0.5271          0.7872          0.1202          1.329         
0.01425   0.238314        0.035636      0.1495          0.0318263        0.0277539        0.0476782        0.0425216        0.39368           0.5429          0.6725          0.09052         1.652         
0.01914   0.246331        0.034706      0.1409          0.0324547        0.0274556        0.0486086        0.0420409        0.367471          0.536           0.7531          0.09445         1.492         
0.02572   0.252052        0.0338278     0.1342          0.032908         0.0271714        0.049268         0.0415701        0.360162          0.5087          0.6924          0.09392         1.429         
0.03455   0.256736        0.0329958     0.1285          0.0332912        0.0269005        0.0498151        0.0411167        0.350893          0.5211          0.8092          0.09403         1.367         
0.04642   0.261668        0.0322139     0.1231          0.0336951        0.0266482        0.0503846        0.0406877        0.402494          0.5623          0.7604          0.08004         1.538         
0.06236   0.266685        0.0314912     0.1181          0.0341043        0.0264223        0.0509534        0.0402898        0.307667          0.5728          0.846           0.1024          1.154         
0.08377   0.271885        0.0308382     0.1134          0.0345446        0.0262286        0.0515513        0.0399279        0.313623          0.4819          0.6443          0.09833         1.154         
0.1125    0.276455        0.0302689     0.1095          0.0349509        0.0260702        0.0520818        0.0396054        0.383727          0.5238          0.6569          0.07888         1.388         
0.1512    0.281923        0.0298122     0.1057          0.035444         0.0259567        0.0527055        0.0393232        0.348803          0.4427          0.6026          0.08547         1.237         
0.2031    0.287052        0.0295376     0.1029          0.0359218        0.0258974        0.0532922        0.0390808        0.38013           0.5403          0.7159          0.0777          1.324         
0.2728    0.292977        0.0295972     0.101           0.036499         0.0258917        0.0539769        0.038876         0.38466           0.5283          0.7127          0.07694         1.313         
0.3665    0.299284        0.0302947     0.1012          0.0371131        0.0259393        0.0546674        0.0387065        0.354538          0.5569          0.8339          0.08545         1.185         
0.4924    0.308086        0.0321964     0.1045          0.0379522        0.026037         0.055632         0.0385708        0.360798          0.4924          0.6383          0.08924         1.171         
0.6615    0.316146        0.0363124     0.1149          0.039043         0.0261849        0.0564363        0.0384687        0.390944          0.5214          0.6338          0.09288         1.237         
0.8886    0.333019        0.0443843     0.1333          0.0409211        0.0263676        0.0581194        0.0384012        0.416648          0.5102          0.6372          0.1065          1.251         
1.194     0.370832        0.0592871     0.1599          0.0459031        0.0265825        0.0631734        0.0383708        0.406188          0.6126          0.8779          0.146           1.095         
1.604     0.409518        0.0854159     0.2086          0.050765         0.0268201        0.0675934        0.0383842        0.354659          0.5659          0.9599          0.2408          0.866         
2.1       0.464788        0.123995      0.2668          0.0572649        0.0270705        0.0738662        0.0384451        0.448035          0.5974          0.7229          0.2768          0.964         
2.154     0.472553        0.128564      0.2721          0.0582009        0.0270964        0.0748581        0.0384539        0.432577          0.5433          0.6871          0.2972          0.9154        
2.463     0.501744        0.155342      0.3096          0.0610513        0.0272383        0.0776473        0.0385097        0.466935          0.5646          0.6854          0.3327          0.9306        
2.826     0.540107        0.188083      0.3482          0.0650317        0.0273906        0.0817935        0.038587         0.512459          0.6019          0.7475          0.367           0.9488        
2.894     0.547282        0.194287      0.355           0.0657583        0.0274179        0.0826021        0.0386027        0.386453          0.5899          0.7348          0.5027          0.7061        
3.189     0.574079        0.2213        0.3855          0.0681242        0.0275328        0.085184         0.0386746        0.613401          0.683           0.8083          0.3608          1.068         
3.553     0.605687        0.254262      0.4198          0.0711009        0.0276696        0.0885938        0.0387709        0.530102          0.6421          0.7858          0.4796          0.8752        
3.888     0.631652        0.284012      0.4496          0.0732793        0.0277931        0.0912122        0.0388666        0.573282          0.7094          0.9141          0.4954          0.9076        
3.916     0.634839        0.286422      0.4512          0.0736018        0.0278032        0.091626         0.0388748        0.614294          0.7046          0.8225          0.4663          0.9676        
4.279     0.660796        0.317393      0.4803          0.076036         0.0279341        0.0946124        0.0389852        0.601179          0.6977          0.8327          0.528           0.9098        
4.642     0.68347         0.346923      0.5076          0.0780707        0.0280621        0.0971803        0.0391013        0.603437          0.738           0.9352          0.5749          0.8829        
5.005     0.703025        0.374867      0.5332          0.0799239        0.0281871        0.0995925        0.0392226        0.637635          0.7374          0.9067          0.5879          0.907         
5.223     0.714463        0.390856      0.5471          0.0810924        0.028261         0.101168         0.0392976        0.62592           0.708           0.7696          0.6245          0.8761        
5.368     0.722226        0.40116       0.5554          0.0818275        0.02831          0.1022           0.0393483        0.577394          0.7514          0.8728          0.6948          0.7995        
5.732     0.73817         0.425796      0.5768          0.08334          0.0284332        0.104349         0.0394782        0.663808          0.7238          0.839           0.6414          0.8993        
6.095     0.752426        0.44881       0.5965          0.0846879        0.0285548        0.106319         0.0396116        0.623622          0.7803          0.8871          0.7197          0.8288        
6.458     0.765041        0.470265      0.6147          0.0859078        0.0286756        0.108149         0.0397482        0.694644          0.7861          0.8523          0.677           0.908         
6.821     0.776452        0.490241      0.6314          0.0870875        0.028797         0.109986         0.0398878        0.680483          0.7414          0.7805          0.7204          0.8764        
7.017     0.782472        0.500437      0.6396          0.0876978        0.0288626        0.110948         0.0399642        0.724494          0.7868          0.9202          0.6907          0.9259        
7.184     0.787138        0.508825      0.6464          0.0882445        0.0289188        0.111783         0.0400299        0.684657          0.7756          0.8519          0.7432          0.8698        
7.547     0.796544        0.52611       0.6605          0.0892843        0.0290409        0.113279         0.0401744        0.724432          0.7936          0.8485          0.7262          0.9095        
7.911     0.805022        0.54219       0.6735          0.0904969        0.0291626        0.114786         0.0403209        0.745809          0.793           0.8743          0.727           0.9264        
8.274     0.812729        0.557153      0.6855          0.0916265        0.0292839        0.11619          0.0404694        0.757265          0.8406          0.946           0.7357          0.9318        
8.637     0.819816        0.571086      0.6966          0.0927089        0.0294043        0.11753          0.0406195        0.748808          0.8329          0.8992          0.7627          0.9134        
9         0.826574        0.584071      0.7066          0.0938601        0.0295241        0.118935         0.040771         0.753534          0.8145          0.9101          0.7751          0.9116        
9.427     0.833462        0.598216      0.7177          0.0948544        0.0296644        0.120235         0.0409509        0.785045          0.8488          0.9146          0.762           0.9419        
12.66     0.863004        0.676343      0.7837          0.0991147        0.0307243        0.1263           0.0423555        0.818455          0.8592          0.9165          0.8264          0.9484        
17.01     0.882648        0.734229      0.8318          0.102434         0.0321008        0.131409         0.044288         0.850058          0.902           0.9419          0.8637          0.9631        

Done.

===================================
Testing on folder: data/N=(2, 2)_3x2
===================================

=== Loading large system ED data ===
Large system Hilbert space dim: 39

=== Building operator structure for large system (order=2) ===
  0.004568 seconds (94.18 k allocations: 4.623 MiB)
Coordinate{2, Int64}[Coordinate(1, 1), Coordinate(1, 2), Coordinate(2, 1), Coordinate(2, 2), Coordinate(3, 1), Coordinate(3, 2)]
  0.004009 seconds (93.00 k allocations: 9.709 MiB)

=== Evaluating adjoint_loss per U-index ===
U-va      Baseline loss   Pred loss     pred/baseline   MeanAbs Stored   MeanAbs Pred     RMS Stored       RMS Pred         randx10 min loss  mean loss       max loss        pred/rand       rand/baseline 
--------------------------------------------------------------------------------------------------------------------------------------------------------------------------------------------------------
0.001     0.0226695       0.0140753     0.6209          0.0211056        0.0510855        0.0416874        0.079592         0.0527288         0.09208         0.1508          0.2669          2.326         
0.001343  0.0229485       0.0142809     0.6223          0.0212468        0.0522622        0.0419596        0.0814432        0.0377338         0.1491          0.2751          0.3785          1.644         
0.001805  0.0233075       0.0145797     0.6255          0.0214171        0.0534903        0.0422917        0.0833663        0.0192862         0.1367          0.2837          0.756           0.8275        
0.002424  0.0240283       0.0149448     0.622           0.0217558        0.0547419        0.0429634        0.0853603        0.02931           0.0909          0.1664          0.5099          1.22          
0.003257  0.0288629       0.0153465     0.5317          0.0239472        0.0560309        0.0472931        0.0874259        0.0464869         0.09403         0.1687          0.3301          1.611         
0.004375  0.0293654       0.0157678     0.5369          0.0241657        0.0573504        0.0477175        0.0895667        0.021325          0.07434         0.2074          0.7394          0.7262        
0.005878  0.0307352       0.016205      0.5272          0.0247562        0.0586987        0.0488773        0.0917881        0.0201654         0.1034          0.1723          0.8036          0.6561        
0.007897  0.0318009       0.0166592     0.5239          0.0252049        0.0600948        0.0497558        0.0940958        0.0271414         0.09143         0.207           0.6138          0.8535        
0.01061   0.0358266       0.0171254     0.478           0.0268579        0.0615359        0.0530072        0.0964938        0.0117549         0.1345          0.3585          1.457           0.3281        
0.01425   0.0372758       0.017585      0.4718          0.0274391        0.0630574        0.0541434        0.0989823        0.0352278         0.07724         0.1639          0.4992          0.9451        
0.01914   0.0391169       0.0180064     0.4603          0.0281608        0.0646085        0.055549         0.101556         0.0406225         0.1091          0.2402          0.4433          1.038         
0.02572   0.0399937       0.0183529     0.4589          0.0285074        0.0662555        0.0562115        0.104202         0.030643          0.1328          0.4547          0.5989          0.7662        
0.03455   0.041274        0.0185947     0.4505          0.029013         0.0679868        0.057177         0.106904         0.0373477         0.1041          0.2149          0.4979          0.9049        
0.04642   0.0422337       0.0187142     0.4431          0.0294002        0.0697442        0.0578935        0.109642         0.0582984         0.1326          0.4387          0.321           1.38          
0.06236   0.0429615       0.0187036     0.4354          0.0297           0.0715219        0.0584155        0.112398         0.0174926         0.09044         0.1782          1.069           0.4072        
0.08377   0.0437663       0.0185624     0.4241          0.0300513        0.073294         0.0590045        0.115171         0.0445592         0.1135          0.229           0.4166          1.018         
0.1125    0.0443791       0.0182971     0.4123          0.030333         0.0750646        0.0594393        0.117981         0.0465285         0.1756          0.4331          0.3932          1.048         
0.1512    0.0450406       0.0179233     0.3979          0.0306603        0.0769133        0.0599101        0.120889         0.0444913         0.1402          0.3289          0.4028          0.9878        
0.2031    0.0458784       0.0174648     0.3807          0.0310658        0.0789099        0.0604734        0.124            0.043456          0.1031          0.1483          0.4019          0.9472        
0.2728    0.0467126       0.0169507     0.3629          0.0314981        0.0811451        0.0610288        0.127471         0.0406471         0.1331          0.2839          0.417           0.8702        
0.3665    0.0477807       0.0164105     0.3435          0.032038         0.0837952        0.0616687        0.131514         0.0265689         0.09819         0.1928          0.6177          0.5561        
0.4924    0.0488856       0.0158714     0.3247          0.0325954        0.0871209        0.0622275        0.136391         0.0408649         0.1193          0.2108          0.3884          0.8359        
0.6615    0.0502372       0.0153585     0.3057          0.0332187        0.091303         0.0627869        0.142411         0.0547471         0.1165          0.3261          0.2805          1.09          
0.8886    0.0812029       0.014906      0.1836          0.0347942        0.096682         0.0589234        0.149925         0.0310224         0.09385         0.198           0.4805          0.382         
1.194     0.0552035       0.0145954     0.2644          0.0348352        0.103861         0.0640566        0.159324         0.0152599         0.09292         0.1562          0.9565          0.2764        
1.604     0.0600282       0.0146496     0.244           0.0358754        0.113091         0.064839         0.171043         0.0387145         0.122           0.1821          0.3784          0.6449        
2.1       0.067288        0.0154499     0.2296          0.0370427        0.123514         0.0658389        0.184184         0.0633481         0.2366          0.6375          0.2439          0.9414        
2.154     0.0686105       0.0155872     0.2272          0.0373226        0.124616         0.0662377        0.185568         0.079915          0.1321          0.302           0.195           1.165         
2.463     0.073969        0.0165469     0.2237          0.0380161        0.130749         0.066951         0.19323          0.0419629         0.09179         0.1857          0.3943          0.5673        
2.826     0.0809195       0.0180533     0.2231          0.0388178        0.137695         0.0678635        0.201881         0.0528693         0.1079          0.1875          0.3415          0.6534        
2.894     0.0827269       0.0183777     0.2221          0.0391347        0.138968         0.0683451        0.20346          0.0882558         0.1784          0.2971          0.2082          1.067         
3.189     0.0889296       0.0199315     0.2241          0.0397699        0.144397         0.0691503        0.210193         0.0633385         0.109           0.1748          0.3147          0.7122        
3.553     0.0970908       0.0221344     0.228           0.0405478        0.150858         0.0702005        0.218212         0.0550053         0.1391          0.3034          0.4024          0.5665        
3.888     0.10484         0.0244126     0.2329          0.0412031        0.156634         0.0711485        0.225392         0.0759058         0.1685          0.3133          0.3216          0.724         
3.916     0.103836        0.0246092     0.237           0.041769         0.157102         0.0721991        0.225974         0.0525144         0.1337          0.3206          0.4686          0.5057        
4.279     0.112551        0.0273025     0.2426          0.0425007        0.16315          0.0733177        0.23351          0.0737581         0.2086          0.6748          0.3702          0.6553        
4.642     0.121377        0.0301624     0.2485          0.0432093        0.169032         0.0744486        0.240843         0.104433          0.1623          0.3124          0.2888          0.8604        
5.005     0.130359        0.0331405     0.2542          0.0438557        0.174821         0.0755429        0.247993         0.142992          0.2176          0.3028          0.2318          1.097         
5.223     0.132528        0.0349675     0.2638          0.0449754        0.178223         0.0775009        0.252207         0.102079          0.1918          0.3623          0.3426          0.7702        
5.368     0.132205        0.0361936     0.2738          0.0467323        0.180473         0.0797622        0.254979         0.117734          0.1665          0.2891          0.3074          0.8905        
5.732     0.140809        0.0392836     0.279           0.0474798        0.186006         0.0809299        0.261813         0.102012          0.1462          0.2139          0.3851          0.7245        
6.095     0.149441        0.0423781     0.2836          0.0482139        0.191406         0.0821104        0.268509         0.121135          0.1825          0.2836          0.3498          0.8106        
6.458     0.157406        0.0454503     0.2887          0.0491218        0.196682         0.0834853        0.275077         0.139757          0.1976          0.307           0.3252          0.8879        
6.821     0.165964        0.0484784     0.2921          0.0497836        0.201865         0.0846159        0.281525         0.157127          0.2134          0.3041          0.3085          0.9468        
7.017     0.169475        0.0500879     0.2955          0.0505142        0.204618         0.0856391        0.284958         0.129601          0.2083          0.2933          0.3865          0.7647        
7.184     0.171904        0.0514451     0.2993          0.0513193        0.206942         0.0867132        0.287861         0.181022          0.2525          0.4698          0.2842          1.053         
7.547     0.179187        0.0543374     0.3032          0.052197         0.211916         0.0880688        0.294092         0.14892           0.2458          0.5353          0.3649          0.8311        
7.911     0.186993        0.0571461     0.3056          0.0528607        0.216803         0.0891823        0.300224         0.155724          0.2273          0.5276          0.367           0.8328        
8.274     0.193365        0.0598649     0.3096          0.0539408        0.22163          0.0907218        0.30626          0.172822          0.2134          0.2951          0.3464          0.8938        
8.637     0.197973        0.0624904     0.3157          0.0555716        0.22637          0.0927926        0.312208         0.169             0.2189          0.3934          0.3698          0.8537        
9         0.204675        0.0650214     0.3177          0.0563158        0.231028         0.0939469        0.318069         0.152012          0.2623          0.3993          0.4277          0.7427        
9.427     0.212317        0.0678756     0.3197          0.0571092        0.23644          0.0951978        0.324851         0.187637          0.2605          0.35            0.3617          0.8838        
12.66     0.264628        0.0860413     0.3251          0.0608851        0.27454          0.101932         0.37311          0.251223          0.3111          0.3733          0.3425          0.9493        
17.01     0.314251        0.10675       0.3397          0.0642514        0.319561         0.108139         0.430924         0.292434          0.3465          0.4091          0.365           0.9306        

Done.

===================================
Testing on folder: data/N=(4, 4)_4x2
===================================

=== Loading large system ED data ===
Large system Hilbert space dim: 628

=== Building operator structure for large system (order=2) ===
  0.014090 seconds (306.52 k allocations: 14.963 MiB)
Coordinate{2, Int64}[Coordinate(1, 1), Coordinate(1, 2), Coordinate(2, 1), Coordinate(2, 2), Coordinate(3, 1), Coordinate(3, 2), Coordinate(4, 1), Coordinate(4, 2)]
complete: 79.74%
  0.306044 seconds (3.67 M allocations: 406.271 MiB, 23.43% gc time)

=== Evaluating adjoint_loss per U-index ===
U-va      Baseline loss   Pred loss     pred/baseline   MeanAbs Stored   MeanAbs Pred     RMS Stored       RMS Pred         randx10 min loss  mean loss       max loss        pred/rand       rand/baseline 
--------------------------------------------------------------------------------------------------------------------------------------------------------------------------------------------------------
0.001     0.114709        0.0812261     0.7081          0.00923818       0.0334756        0.0249038        0.0470908        0.166305          0.3321          0.6087          0.4884          1.45          
0.001343  0.126496        0.0791274     0.6255          0.00975271       0.0334897        0.0262551        0.0471046        0.155822          0.2669          0.4092          0.5078          1.232         
0.001805  0.143674        0.0768587     0.535           0.0104385        0.0334836        0.0280828        0.0470845        0.142977          0.5242          0.9965          0.5376          0.9951        
0.002424  0.15831         0.0744882     0.4705          0.0110067        0.0334437        0.0295989        0.047028         0.218311          0.5142          0.8996          0.3412          1.379         
0.003257  0.178131        0.072079      0.4046          0.0117336        0.0333622        0.0315526        0.0469338        0.220637          0.4037          0.7048          0.3267          1.239         
0.004375  0.233411        0.0697148     0.2987          0.013623         0.0332486        0.0366018        0.046802         0.199854          0.4775          0.9735          0.3488          0.8562        
0.005878  0.255365        0.0675049     0.2643          0.0143311        0.0331092        0.0384945        0.0466347        0.205023          0.4795          0.9615          0.3293          0.8029        
0.007897  0.273622        0.0655563     0.2396          0.0149125        0.0329688        0.0400494        0.0464363        0.241912          0.4235          0.8376          0.271           0.8841        
0.01061   0.29103         0.0639333     0.2197          0.0154865        0.0328167        0.0415389        0.0462138        0.219745          0.4381          0.9378          0.2909          0.7551        
0.01425   0.309755        0.0626382     0.2022          0.0160558        0.0326625        0.0430845        0.0459758        0.217655          0.3108          0.4645          0.2878          0.7027        
0.01914   0.331664        0.0616222     0.1858          0.016715         0.0324927        0.0448631        0.0457317        0.198907          0.4368          0.8769          0.3098          0.5997        
0.02572   0.352733        0.0608078     0.1724          0.0173626        0.0323351        0.0465583        0.0454903        0.2152            0.4295          0.8246          0.2826          0.6101        
0.03455   0.37527         0.0601113     0.1602          0.0180372        0.032193         0.0482986        0.0452579        0.249935          0.5085          0.9764          0.2405          0.666         
0.04642   0.398816        0.0594668     0.1491          0.0187429        0.0320605        0.0501221        0.045038         0.22257           0.5568          0.9308          0.2672          0.5581        
0.06236   0.424137        0.0588506     0.1388          0.0195032        0.0319387        0.0520465        0.0448315        0.241258          0.3962          0.7616          0.2439          0.5688        
0.08377   0.449665        0.058301      0.1297          0.0202671        0.0318333        0.0539808        0.0446372        0.237718          0.369           0.7132          0.2453          0.5287        
0.1125    0.475265        0.0579256     0.1219          0.0210448        0.0317498        0.0559109        0.0444521        0.173767          0.3609          0.5517          0.3334          0.3656        
0.1512    0.501415        0.057894      0.1155          0.0218662        0.0316928        0.0578815        0.0442718        0.151861          0.4237          0.9561          0.3812          0.3029        
0.2031    0.529261        0.0584299     0.1104          0.0227399        0.0316504        0.0599138        0.0440909        0.173091          0.3431          0.9276          0.3376          0.327         
0.2728    0.557932        0.0598138     0.1072          0.0236676        0.0316359        0.061973         0.0439035        0.282515          0.5579          0.9897          0.2117          0.5064        
0.3665    0.588135        0.0624132     0.1061          0.0246593        0.0316213        0.06408          0.043705         0.203516          0.4377          0.9462          0.3067          0.346         
0.4924    0.619596        0.0667614     0.1077          0.0256938        0.0316106        0.0662283        0.043493         0.147601          0.4019          0.9461          0.4523          0.2382        
0.6615    0.654587        0.073711      0.1126          0.0268981        0.0315946        0.0685303        0.0432678        0.239647          0.3791          0.7343          0.3076          0.3661        
0.8886    0.692842        0.0846974     0.1222          0.0283511        0.0315908        0.0710592        0.0430342        0.246571          0.5003          0.9674          0.3435          0.3559        
1.194     0.743895        0.102117      0.1373          0.02956          0.0316005        0.0743332        0.0428034        0.239377          0.5479          1               0.4266          0.3218        
1.604     0.790545        0.129725      0.1641          0.032448         0.031627         0.0776459        0.0425952        0.245179          0.4402          0.8043          0.5291          0.3101        
2.1       0.831507        0.168167      0.2022          0.036596         0.0316742        0.0811215        0.04245          0.279897          0.3963          0.8221          0.6008          0.3366        
2.154     0.834454        0.172634      0.2069          0.0370562        0.0316818        0.081461         0.0424395        0.305054          0.5692          0.944           0.5659          0.3656        
2.463     0.854261        0.198623      0.2325          0.0394072        0.0317301        0.0833774        0.0423968        0.281883          0.5115          0.9632          0.7046          0.33          
2.826     0.87407         0.230131      0.2633          0.0418124        0.0318059        0.0854347        0.0423777        0.300809          0.4308          0.5572          0.765           0.3441        
2.894     0.877289        0.236084      0.2691          0.0422467        0.0318213        0.0857801        0.0423773        0.356463          0.5817          0.8889          0.6623          0.4063        
3.189     0.890972        0.261984      0.294           0.0439654        0.0318889        0.0872699        0.042386         0.339115          0.56            0.9475          0.7726          0.3806        
3.553     0.905741        0.293598      0.3242          0.0460637        0.0319742        0.0889777        0.0424167        0.393327          0.5095          0.7121          0.7464          0.4343        
3.888     0.917911        0.322203      0.351           0.0478948        0.0320577        0.0904759        0.0424618        0.378             0.6915          0.9593          0.8524          0.4118        
3.916     0.918737        0.324524      0.3532          0.0480306        0.0320648        0.0905875        0.0424661        0.38306           0.5597          0.9552          0.8472          0.4169        
4.279     0.93039         0.354434      0.381           0.0498759        0.0321633        0.0921507        0.0425311        0.427028          0.5489          0.7277          0.83            0.459         
4.642     0.940531        0.383107      0.4073          0.0515855        0.0322659        0.0936766        0.0426092        0.468052          0.6041          0.892           0.8185          0.4976        
5.005     0.949394        0.410407      0.4323          0.053229         0.0323723        0.095165         0.0426987        0.491198          0.6145          0.8997          0.8355          0.5174        
5.223     0.954115        0.426111      0.4466          0.0542831        0.0324396        0.0960309        0.0427572        0.503642          0.6601          0.9798          0.8461          0.5279        
5.368     0.957018        0.436265      0.4559          0.0549547        0.0324853        0.0965982        0.0427979        0.503449          0.6438          0.917           0.8666          0.5261        
5.732     0.963529        0.460663      0.4781          0.0565588        0.0326007        0.0980265        0.0429054        0.551449          0.7043          0.9722          0.8354          0.5723        
6.095     0.968991        0.483618      0.4991          0.0579919        0.0327191        0.0993688        0.0430203        0.548144          0.6979          0.8943          0.8823          0.5657        
6.458     0.973605        0.505172      0.5189          0.0593349        0.0328408        0.100716         0.0431415        0.574095          0.7286          0.9435          0.8799          0.5897        
6.821     0.977428        0.525383      0.5375          0.0605377        0.0329672        0.10198          0.0432683        0.603701          0.6844          0.8634          0.8703          0.6176        
7.017     0.979188        0.535756      0.5471          0.061151         0.0330357        0.102644         0.0433387        0.614318          0.7255          0.8934          0.8721          0.6274        
7.184     0.980593        0.54432       0.5551          0.0616704        0.0330947        0.103224         0.0433999        0.604902          0.673           0.7964          0.8998          0.6169        
7.547     0.983273        0.562055      0.5716          0.0627855        0.033224         0.104445         0.0435358        0.620501          0.7513          0.9501          0.9058          0.6311        
7.911     0.985485        0.578663      0.5872          0.0638171        0.0333538        0.105639         0.0436755        0.649498          0.7368          0.9906          0.8909          0.6591        
8.274     0.987339        0.594219      0.6018          0.0648351        0.0334847        0.106813         0.0438186        0.657814          0.7441          0.9934          0.9033          0.6662        
8.637     0.988888        0.608794      0.6156          0.0658605        0.033618         0.107974         0.0439647        0.645039          0.7514          0.9473          0.9438          0.6523        
9         0.990191        0.622457      0.6286          0.0668966        0.0337514        0.109128         0.0441134        0.633652          0.7416          0.8856          0.9823          0.6399        
9.427     0.991473        0.637432      0.6429          0.0681087        0.033909         0.110484         0.0442911        0.696659          0.7995          0.9303          0.915           0.7027        
12.66     0.996579        0.721911      0.7244          0.100349         0.0351204        0.13483          0.0457098        0.773824          0.832           0.9739          0.9329          0.7765        
17.01     0.997687        0.786327      0.7881          0.102893         0.0367737        0.141835         0.0477025        0.814746          0.8851          0.9914          0.9651          0.8166        

Done.

===================================
Testing on folder: data/N=(2, 2)_2x2
===================================

=== Loading large system ED data ===
Large system Hilbert space dim: 12

=== Building operator structure for large system (order=2) ===
  0.000956 seconds (17.94 k allocations: 896.242 KiB)
Coordinate{2, Int64}[Coordinate(1, 1), Coordinate(1, 2), Coordinate(2, 1), Coordinate(2, 2)]
  0.000870 seconds (10.42 k allocations: 1.036 MiB)

=== Evaluating adjoint_loss per U-index ===
U-va      Baseline loss   Pred loss     pred/baseline   MeanAbs Stored   MeanAbs Pred     RMS Stored       RMS Pred         randx10 min loss  mean loss       max loss        pred/rand       rand/baseline 
--------------------------------------------------------------------------------------------------------------------------------------------------------------------------------------------------------
0.001     0.00279707      4.92005e-05   0.01759         0.07189          0.07166          0.100859         0.100211         0.0906327         0.2117          0.3362          0.0005429       32.4          
0.001343  0.00282467      3.14704e-05   0.01114         0.072272         0.0724056        0.101391         0.101456         0.0602098         0.2476          0.6636          0.0005227       21.32         
0.001805  0.00283738      2.67817e-05   0.009439        0.072656         0.0730377        0.101922         0.102535         0.0715467         0.265           0.8337          0.0003743       25.22         
0.002424  0.00284357      2.81269e-05   0.009891        0.0729838        0.0735894        0.102374         0.103462         0.0858632         0.2088          0.3981          0.0003276       30.2          
0.003257  0.00285617      3.03242e-05   0.01062         0.073231         0.0740653        0.102719         0.104256         0.0604757         0.2919          0.6682          0.0005014       21.17         
0.004375  0.00287514      3.11523e-05   0.01084         0.0735753        0.0744913        0.103213         0.104935         0.0812712         0.2473          0.6552          0.0003833       28.27         
0.005878  0.00287263      3.07718e-05   0.01071         0.0738673        0.0748884        0.103633         0.10552          0.180266          0.2834          0.4075          0.0001707       62.75         
0.007897  0.00289824      3.0357e-05    0.01047         0.0742464        0.0752709        0.104168         0.106033         0.0918437         0.2644          0.5563          0.0003305       31.69         
0.01061   0.00290661      3.11783e-05   0.01073         0.0745643        0.0756452        0.10461          0.106499         0.0873062         0.1746          0.3516          0.0003571       30.04         
0.01425   0.00293886      3.42314e-05   0.01165         0.0749637        0.0760193        0.105173         0.106941         0.0700763         0.1811          0.4021          0.0004885       23.84         
0.01914   0.00296033      4.00976e-05   0.01354         0.0753832        0.0763992        0.105769         0.10738          0.098886          0.2226          0.419           0.0004055       33.4          
0.02572   0.00298495      4.90326e-05   0.01643         0.0757904        0.076772         0.10635          0.107832         0.067033          0.2888          0.7397          0.0007315       22.46         
0.03455   0.00301041      6.12669e-05   0.02035         0.0761276        0.0771389        0.106813         0.108311         0.153264          0.2826          0.439           0.0003997       50.91         
0.04642   0.00304529      7.7031e-05    0.0253          0.0766156        0.0775224        0.107486         0.108824         0.0963443         0.2663          0.6281          0.0007995       31.64         
0.06236   0.00305928      9.60109e-05   0.03138         0.0770559        0.0779103        0.108101         0.10938          0.0635662         0.2568          0.4786          0.00151         20.78         
0.08377   0.00307782      0.000116824   0.03796         0.0775965        0.0783092        0.108843         0.109981         0.102129          0.2243          0.3437          0.001144        33.18         
0.1125    0.00310541      0.000137381   0.04424         0.0780772        0.0787259        0.109521         0.110629         0.0775183         0.3143          0.8398          0.001772        24.96         
0.1512    0.00313259      0.000156262   0.04988         0.078601         0.0791616        0.110252         0.11132          0.0885984         0.2902          0.7904          0.001764        28.28         
0.2031    0.00316028      0.000174382   0.05518         0.0792041        0.0796623        0.110976         0.112043         0.0986841         0.2631          0.873           0.001767        31.23         
0.2728    0.00319146      0.000195852   0.06137         0.0800546        0.080535         0.111745         0.112784         0.0526358         0.2065          0.5113          0.003721        16.49         
0.3665    0.00326224      0.00022738    0.0697          0.0811392        0.0815816        0.112621         0.11353          0.0650845         0.1901          0.3894          0.003494        19.95         
0.4924    0.00332931      0.00027634    0.083           0.0821881        0.0828803        0.113288         0.114275         0.0581557         0.2385          0.6588          0.004752        17.47         
0.6615    0.00345437      0.00034768    0.1006          0.0834148        0.0844575        0.11399          0.115033         0.0631336         0.2338          0.7614          0.005507        18.28         
0.8886    0.0036252       0.000440355   0.1215          0.0851497        0.0864596        0.114874         0.115852         0.11795           0.2065          0.3491          0.003733        32.54         
1.194     0.00392706      0.000544292   0.1386          0.0873505        0.088754         0.115922         0.116828         0.105629          0.2032          0.5315          0.005153        26.9          
1.604     0.0044154       0.000638077   0.1445          0.0901884        0.0914115        0.117527         0.118119         0.0437201         0.2584          0.5705          0.01459         9.902         
2.1       0.00510333      0.000685559   0.1343          0.0933042        0.0942088        0.119502         0.119755         0.139621          0.2616          0.4268          0.00491         27.36         
2.154     0.00517173      0.000686889   0.1328          0.0937835        0.0944948        0.119934         0.11994          0.0754288         0.1949          0.4725          0.009106        14.58         
2.463     0.00566395      0.000682046   0.1204          0.0956352        0.0960539        0.121274         0.121008         0.105434          0.2199          0.4792          0.006469        18.61         
2.826     0.00627537      0.000653604   0.1042          0.0976215        0.0977701        0.122775         0.122299         0.086004          0.2461          0.5768          0.0076          13.71         
2.894     0.0064074       0.000646082   0.1008          0.0980374        0.0980789        0.123118         0.122544         0.132493          0.3218          0.78            0.004876        20.68         
3.189     0.00693255      0.000607395   0.08761         0.0995853        0.099381         0.124373         0.123618         0.126372          0.3373          0.6436          0.004806        18.23         
3.553     0.00761917      0.000550881   0.0723          0.101346         0.100904         0.125852         0.124956         0.136583          0.2859          0.476           0.004033        17.93         
3.888     0.00828145      0.000496062   0.0599          0.102857         0.102245         0.127164         0.126202         0.129492          0.3648          0.7832          0.003831        15.64         
3.916     0.00831649      0.000491627   0.05911         0.103107         0.102353         0.127471         0.126305         0.155073          0.2832          0.5395          0.00317         18.65         
4.279     0.00898658      0.000437123   0.04864         0.104646         0.103738         0.128888         0.12766          0.112345          0.2741          0.6048          0.003891        12.5          
4.642     0.00972263      0.000394625   0.04059         0.106115         0.105066         0.130277         0.129017         0.135287          0.2771          0.4237          0.002917        13.91         
5.005     0.0104199       0.000371015   0.03561         0.107487         0.106345         0.131657         0.130372         0.126385          0.356           0.7379          0.002936        12.13         
5.223     0.0108704       0.000368605   0.03391         0.10828          0.107091         0.132487         0.131183         0.169502          0.2396          0.3203          0.002175        15.59         
5.368     0.0111361       0.000372706   0.03347         0.108847         0.107579         0.133082         0.131721         0.168902          0.2527          0.4171          0.002207        15.17         
5.732     0.0118757       0.000405553   0.03415         0.110059         0.108774         0.134379         0.133064         0.236903          0.428           0.8339          0.001712        19.95         
6.095     0.0126271       0.000474803   0.0376          0.111282         0.109933         0.135714         0.134398         0.148869          0.3175          0.7049          0.003189        11.79         
6.458     0.0133615       0.000585109   0.04379         0.112441         0.11106          0.137033         0.135722         0.135794          0.3057          0.6424          0.004309        10.16         
6.821     0.0140688       0.000740481   0.05263         0.113483         0.112157         0.138266         0.137036         0.180271          0.2847          0.4296          0.004108        12.81         
7.017     0.0145259       0.00084428    0.05812         0.114083         0.112738         0.138985         0.137741         0.239608          0.3894          0.7185          0.003524        16.5          
7.184     0.0149466       0.000944347   0.06318         0.114349         0.113227         0.139329         0.13834          0.138067          0.2938          0.497           0.00684         9.237         
7.547     0.015581        0.00119955    0.07699         0.115297         0.114272         0.140517         0.139631         0.169616          0.2689          0.3671          0.007072        10.89         
7.911     0.016303        0.00150843    0.09252         0.116113         0.115293         0.141565         0.140911         0.221565          0.4052          0.5954          0.006808        13.59         
8.274     0.0168892       0.00187283    0.1109          0.116967         0.116293         0.142693         0.14218          0.181961          0.4192          0.9422          0.01029         10.77         
8.637     0.0175461       0.00229414    0.1307          0.117766         0.117273         0.143767         0.143436         0.231159          0.3643          0.5821          0.009925        13.17         
9         0.0180945       0.00277341    0.1533          0.118689         0.118234         0.14501          0.14468          0.223648          0.3721          0.4666          0.0124          12.36         
9.427     0.0188126       0.00341143    0.1813          0.11941          0.119341         0.146067         0.146128         0.194161          0.3322          0.6426          0.01757         10.32         
12.66     0.0229755       0.0108823     0.4736          0.123938         0.127091         0.153639         0.1566           0.348278          0.4753          0.6506          0.03125         15.16         
17.01     0.0266662       0.0276412     1.037           0.127089         0.136211         0.160719         0.169438         0.31294           0.454           0.7453          0.08833         11.74         

Done.
