Using CUDA

=== Using interpolation strategy: neural ===
Found existing neural network at trained_neural_networks/trained_neural_network_3x3_(3, 3)_and_2x2_(2,2).jld2. Loading...
Loaded neural network strategy from: trained_neural_networks/trained_neural_network_3x3_(3, 3)_and_2x2_(2,2).jld2
  2.052747 seconds (9.24 M allocations: 511.307 MiB, 10.17% gc time, 99.70% compilation time: 29% of which was recompilation)

===================================
Testing on folder: data/N=(3, 3)_3x2
===================================

=== Loading large system ED data ===
Large system Hilbert space dim: 68

=== Building operator structure for large system (order=2) ===
  1.549866 seconds (3.86 M allocations: 190.778 MiB, 8.79% gc time, 99.63% compilation time)
Coordinate{2, Int64}[Coordinate(1, 1), Coordinate(1, 2), Coordinate(2, 1), Coordinate(2, 2), Coordinate(3, 1), Coordinate(3, 2)]
  0.958075 seconds (2.31 M allocations: 124.468 MiB, 99.07% compilation time)

=== Evaluating adjoint_loss per U-index ===
U-va      Baseline loss   Pred loss     pred/baseline   MeanAbs Stored   MeanAbs Pred     RMS Stored       RMS Pred         rand min loss     mean loss       max loss        pred/rand     
-----------------------------------------------------------------------------------------------------------------------------------------------------------
0.001     0.00763061      0.0192523     2.523           0.010698         0.0414925        0.0220441        0.0608077        0.082935          0.1876          0.3251          0.2321        
0.001343  0.00887635      0.0193375     2.179           0.011553         0.0415894        0.0238041        0.0611881        0.0873342         0.1882          0.3554          0.2214        
0.001805  0.0103631       0.0194257     1.875           0.0125024        0.0416894        0.0257576        0.0615011        0.106604          0.1875          0.2764          0.1822        
0.002424  0.0121698       0.0194905     1.602           0.013574         0.0417633        0.0279617        0.0617411        0.0726099         0.1738          0.3061          0.2684        
0.003257  0.0148386       0.0195192     1.315           0.0150303        0.0417998        0.0309561        0.0619062        0.0670965         0.1564          0.3701          0.2909        
0.004375  0.0178271       0.019516      1.095           0.0165261        0.041818         0.0340299        0.0619989        0.0714242         0.1644          0.2757          0.2732        
0.005878  0.0217475       0.0194992     0.8966          0.0183284        0.0418043        0.0377316        0.0620256        0.0476535         0.1811          0.2933          0.4092        
0.007897  0.0244039       0.0194938     0.7988          0.0194707        0.0418099        0.0400756        0.0619962        0.107985          0.1626          0.2505          0.1805        
0.01061   0.0289314       0.0195243     0.6748          0.0213109        0.0418163        0.0438331        0.0619223        0.127273          0.1747          0.2659          0.1534        
0.01425   0.0335441       0.0196121     0.5847          0.0230712        0.0418245        0.0474221        0.0618156        0.0658025         0.1471          0.2888          0.298         
0.01914   0.0365          0.0197732     0.5417          0.024168         0.041875         0.0496225        0.0616866        0.0654401         0.1639          0.2568          0.3022        
0.02572   0.0385127       0.0200158     0.5197          0.0249154        0.0419221        0.0510842        0.0615434        0.0706549         0.1511          0.2632          0.2833        
0.03455   0.0397665       0.0203388     0.5115          0.0254047        0.0419916        0.0519823        0.0613921        0.0949093         0.1447          0.1979          0.2143        
0.04642   0.0406101       0.0207364     0.5106          0.0257649        0.0420464        0.0525805        0.0612387        0.0883469         0.1395          0.2518          0.2347        
0.06236   0.0416834       0.0212052     0.5087          0.0260106        0.0420782        0.0530536        0.0610899        0.119656          0.1976          0.2866          0.1772        
0.08377   0.0423266       0.0217519     0.5139          0.0262601        0.0420898        0.0533751        0.0609522        0.043702          0.1473          0.2538          0.4977        
0.1125    0.042603        0.0224005     0.5258          0.026488         0.0420854        0.0535126        0.0608312        0.0407986         0.1462          0.2678          0.5491        
0.1512    0.042993        0.0232018     0.5397          0.0267657        0.0421352        0.053656         0.06073          0.0861962         0.165           0.2699          0.2692        
0.2031    0.0435369       0.0242469     0.5569          0.0271072        0.0422132        0.0537966        0.0606492        0.108627          0.1967          0.3302          0.2232        
0.2728    0.0444007       0.0256941     0.5787          0.0275178        0.0423527        0.0539331        0.0605862        0.0853427         0.1862          0.3365          0.3011        
0.3665    0.0461799       0.0278188     0.6024          0.0281259        0.0425403        0.0542969        0.0605353        0.102778          0.1871          0.3584          0.2707        
0.4924    0.0494345       0.0311        0.6291          0.028996         0.0427623        0.0549869        0.0604894        0.103272          0.1564          0.277           0.3011        
0.6615    0.0547259       0.0363596     0.6644          0.0300916        0.0429892        0.0559057        0.0604418        0.097616          0.1855          0.2907          0.3725        
0.8886    0.0633431       0.0449634     0.7098          0.031482         0.0432467        0.057149         0.0603896        0.0252406         0.147           0.3138          1.781         
1.194     0.0778404       0.059058      0.7587          0.0332388        0.0435604        0.0590286        0.0603397        0.125799          0.2115          0.3161          0.4695        
1.604     0.0932216       0.0817132     0.8765          0.0352841        0.043857         0.0578477        0.0603145        0.156148          0.2384          0.3531          0.5233        
2.1       0.135313        0.113063      0.8356          0.038144         0.0441459        0.0655776        0.0603506        0.160244          0.2337          0.3142          0.7056        
2.154     0.139609        0.116676      0.8357          0.038254         0.0441763        0.0662015        0.0603588        0.166203          0.2216          0.3872          0.702         
2.463     0.165801        0.137574      0.8298          0.0399086        0.0443422        0.0699968        0.0604202        0.156965          0.2264          0.2713          0.8765        
2.826     0.195857        0.162665      0.8305          0.041755         0.0445378        0.0737849        0.0605224        0.203669          0.2801          0.3653          0.7987        
2.894     0.201324        0.167382      0.8314          0.042032         0.0445746        0.0744118        0.0605448        0.195206          0.2951          0.4297          0.8575        
3.189     0.225079        0.187843      0.8346          0.0434955        0.0447365        0.0770321        0.0606535        0.24021           0.2889          0.3658          0.782         
3.553     0.253415        0.212748      0.8395          0.0452209        0.0449375        0.0799272        0.0608101        0.28145           0.3358          0.4158          0.7559        
3.888     0.278677        0.235295      0.8443          0.0467038        0.0451229        0.0823521        0.0609747        0.281167          0.3507          0.4172          0.8369        
3.916     0.280997        0.237128      0.8439          0.0468144        0.0451383        0.0825516        0.060989         0.273781          0.3388          0.4576          0.8661        
4.279     0.307191        0.260815      0.849           0.04833          0.0453537        0.0849384        0.0611876        0.325292          0.3823          0.4316          0.8018        
4.642     0.332385        0.283701      0.8535          0.0498072        0.0455788        0.0871768        0.0614035        0.313975          0.3867          0.4388          0.9036        
5.005     0.356308        0.305723      0.858           0.0510988        0.0458241        0.0892585        0.0616345        0.314513          0.4198          0.5651          0.9721        
5.223     0.370116        0.318518      0.8606          0.0518076        0.0459728        0.0904309        0.0617798        0.355693          0.4061          0.4937          0.8955        
5.368     0.379196        0.32685       0.862           0.052444         0.0460718        0.0912293        0.061879         0.376463          0.418           0.481           0.8682        
5.732     0.400899        0.347073      0.8657          0.0537872        0.04632          0.0930946        0.0621352        0.402723          0.4497          0.5859          0.8618        
6.095     0.421586        0.366399      0.8691          0.0547885        0.0465689        0.0948513        0.0624019        0.409159          0.463           0.5099          0.8955        
6.458     0.441204        0.384846      0.8723          0.0557501        0.0468183        0.0965019        0.0626778        0.418572          0.4784          0.5608          0.9194        
6.821     0.459794        0.402439      0.8753          0.0567022        0.0470683        0.0980839        0.0629619        0.472147          0.4975          0.5732          0.8524        
7.017     0.469482        0.411588      0.8767          0.0571531        0.0472034        0.0989157        0.0631183        0.462866          0.5102          0.5853          0.8892        
7.184     0.477537        0.419207      0.8779          0.0575345        0.0473187        0.0996065        0.0632532        0.479226          0.5308          0.6416          0.8748        
7.547     0.494331        0.435183      0.8803          0.0583027        0.0475696        0.101042         0.063551         0.493869          0.5304          0.5739          0.8812        
7.911     0.510251        0.450401      0.8827          0.059045         0.0478207        0.102407         0.0638545        0.488068          0.5388          0.5969          0.9228        
8.274     0.525333        0.464896      0.885           0.0597378        0.0480721        0.103715         0.0641631        0.512112          0.5389          0.5791          0.9078        
8.637     0.538426        0.478703      0.8891          0.0611797        0.0483236        0.105043         0.0644761        0.495056          0.5523          0.6328          0.967         
9         0.551995        0.491856      0.8911          0.0617752        0.0485752        0.106244         0.0647932        0.524296          0.5793          0.622           0.9381        
9.427     0.567015        0.506521      0.8933          0.0624264        0.0488732        0.10758          0.0651702        0.520716          0.5756          0.6536          0.9727        
12.66     0.652448        0.594945      0.9119          0.0670413        0.0511851        0.115909         0.0681355        0.629134          0.6715          0.7369          0.9457        
17.01     0.724166        0.670868      0.9264          0.0701088        0.0544233        0.123335         0.0722372        0.664286          0.7012          0.7503          1.01          

Done.

===================================
Testing on folder: data/N=(3, 3)_4x3
===================================

=== Loading large system ED data ===
Large system Hilbert space dim: 4036

=== Building operator structure for large system (order=2) ===
  0.075498 seconds (1.58 M allocations: 77.623 MiB)
Coordinate{2, Int64}[Coordinate(1, 1), Coordinate(1, 2), Coordinate(1, 3), Coordinate(2, 1), Coordinate(2, 2), Coordinate(2, 3), Coordinate(3, 1), Coordinate(3, 2), Coordinate(3, 3), Coordinate(4, 1), Coordinate(4, 2), Coordinate(4, 3)]
complete: 12.39%
complete: 24.78%
complete: 37.17%
complete: 49.57%
complete: 61.96%
complete: 74.35%
complete: 86.74%
complete: 99.13%
  2.864914 seconds (69.83 M allocations: 7.022 GiB, 16.93% gc time)

=== Evaluating adjoint_loss per U-index ===
U-va      Baseline loss   Pred loss     pred/baseline   MeanAbs Stored   MeanAbs Pred     RMS Stored       RMS Pred         rand min loss     mean loss       max loss        pred/rand     
-----------------------------------------------------------------------------------------------------------------------------------------------------------
0.001     0.0197698       0.0297573     1.505           0.00381234       0.0217562        0.00924777       0.0342718        0.0709909         0.1552          0.2499          0.4192        
0.001343  0.0322149       0.0299964     0.9311          0.00488037       0.0221035        0.0118382        0.0348059        0.0682365         0.1575          0.2966          0.4396        
0.001805  0.0392461       0.0302883     0.7718          0.00539602       0.0224732        0.0130874        0.0353582        0.0963727         0.1753          0.2443          0.3143        
0.002424  0.0472132       0.0306349     0.6489          0.00592947       0.0228694        0.01438          0.0359283        0.0782199         0.1365          0.1835          0.3917        
0.003257  0.0588405       0.0310346     0.5274          0.00663808       0.0232753        0.0160957        0.0365154        0.115182          0.1863          0.2749          0.2694        
0.004375  0.0653028       0.0314781     0.482           0.00700405       0.0236934        0.0169803        0.0371181        0.0717101         0.1435          0.2841          0.439         
0.005878  0.0706062       0.0319443     0.4524          0.00729374       0.0241279        0.017678         0.0377338        0.1006            0.1511          0.244           0.3175        
0.007897  0.0744468       0.0324035     0.4353          0.00749784       0.0245781        0.0181675        0.0383589        0.0945478         0.1723          0.2367          0.3427        
0.01061   0.0770822       0.032825      0.4258          0.00763721       0.025042         0.0184978        0.0389889        0.0809056         0.1604          0.2371          0.4057        
0.01425   0.0795352       0.0331832     0.4172          0.00776616       0.0255114        0.0188005        0.0396181        0.13392           0.1919          0.2504          0.2478        
0.01914   0.0823494       0.0334626     0.4063          0.00791341       0.025977         0.0191424        0.0402404        0.0898813         0.1471          0.2528          0.3723        
0.02572   0.0843432       0.0336616     0.3991          0.00801863       0.0264294        0.0193801        0.0408494        0.0729037         0.1131          0.1598          0.4617        
0.03455   0.0862013       0.0337995     0.3921          0.00811912       0.0268647        0.0195992        0.0414396        0.0796438         0.1168          0.155           0.4244        
0.04642   0.0876972       0.0339263     0.3869          0.00820438       0.0272965        0.0197718        0.042008         0.0942328         0.1472          0.2191          0.36          
0.06236   0.089232        0.0341365     0.3826          0.00829804       0.0277311        0.0199485        0.0425568        0.0934567         0.1356          0.1872          0.3653        
0.08377   0.0905177       0.0345829     0.3821          0.00840724       0.0281756        0.0201042        0.0430969        0.0678707         0.1336          0.2562          0.5095        
0.1125    0.0915512       0.0354854     0.3876          0.00849591       0.0286497        0.020218         0.0436508        0.0933877         0.1522          0.2438          0.38          
0.1512    0.0926523       0.0371282     0.4007          0.00859703       0.0291593        0.0203321        0.0442555        0.0971546         0.1431          0.2146          0.3822        
0.2031    0.093898        0.0398386     0.4243          0.00875536       0.0297542        0.0204712        0.0449639        0.0963557         0.1626          0.2478          0.4135        
0.2728    0.0952505       0.043949      0.4614          0.00888271       0.030524         0.0205785        0.0458447        0.104225          0.1402          0.2079          0.4217        
0.3665    0.0969209       0.0497613     0.5134          0.0090342        0.0315053        0.0206858        0.0469812        0.0684862         0.14            0.3038          0.7266        
0.4924    0.0990681       0.0575279     0.5807          0.00921778       0.0327653        0.0207886        0.0484698        0.0959608         0.157           0.341           0.5995        
0.6615    0.103636        0.067461      0.6509          0.0095118        0.0343702        0.0210595        0.0504193        0.0931942         0.1661          0.2603          0.7239        
0.8886    0.140887        0.079766      0.5662          0.0146417        0.0363826        0.02619          0.0529508        0.121729          0.1563          0.2249          0.6553        
1.194     0.159168        0.0946835     0.5949          0.0160587        0.0388804        0.0276978        0.0561998        0.092285          0.1703          0.2822          1.026         
1.604     0.199501        0.112508      0.5639          0.0195198        0.0419774        0.0315014        0.060319         0.099124          0.1642          0.2342          1.135         
2.1       0.247126        0.131613      0.5326          0.0229683        0.0454421        0.0353818        0.0649889        0.124417          0.1864          0.2885          1.058         
2.154     0.25599         0.133577      0.5218          0.0237333        0.0458067        0.0362523        0.0654828        0.123685          0.1924          0.2895          1.08          
2.463     0.284943        0.1443        0.5064          0.0255656        0.0478257        0.0383531        0.0682232        0.152358          0.199           0.2911          0.9471        
2.826     0.313995        0.15612       0.4972          0.0271241        0.0501024        0.0401622        0.071326         0.149252          0.1994          0.2568          1.046         
2.894     0.320998        0.158248      0.493           0.0275693        0.0505167        0.0406832        0.0718934        0.171563          0.1988          0.2292          0.9224        
3.189     0.342752        0.16722       0.4879          0.0286055        0.0522813        0.0419092        0.0743138        0.170163          0.218           0.2939          0.9827        
3.553     0.371859        0.177707      0.4779          0.0301281        0.054382         0.0436948        0.0771994        0.189148          0.2483          0.3336          0.9395        
3.888     0.391803        0.186928      0.4771          0.0308515        0.056259         0.0445809        0.0797842        0.187403          0.2204          0.2443          0.9975        
3.916     0.395454        0.187669      0.4746          0.0311152        0.056411         0.0448949        0.0799938        0.214573          0.2644          0.3408          0.8746        
4.279     0.421369        0.197175      0.4679          0.032364         0.0583747        0.0463831        0.0827059        0.208136          0.2641          0.3287          0.9473        
4.642     0.444456        0.206279      0.4641          0.0333908        0.0602796        0.0476186        0.0853433        0.223382          0.2523          0.296           0.9234        
5.005     0.467113        0.215026      0.4603          0.0344362        0.0621313        0.0488659        0.0879122        0.227878          0.2917          0.4039          0.9436        
5.223     0.479896        0.220123      0.4587          0.0350074        0.0632195        0.0495543        0.0894244        0.224479          0.3142          0.3674          0.9806        
5.368     0.488957        0.223452      0.457           0.0354518        0.0639347        0.0500875        0.0904183        0.240059          0.3048          0.344           0.9308        
5.732     0.509354        0.231587      0.4547          0.0364209        0.0656946        0.0512321        0.0928663        0.254897          0.3388          0.438           0.9086        
6.095     0.526763        0.239455      0.4546          0.0371234        0.0674123        0.0520852        0.0952606        0.28437           0.3299          0.4446          0.8421        
6.458     0.546577        0.247076      0.452           0.038135         0.0690947        0.0532903        0.0976046        0.298954          0.3369          0.4503          0.8265        
6.821     0.562136        0.254466      0.4527          0.0387654        0.0707428        0.0540641        0.0999018        0.295294          0.3274          0.3721          0.8617        
7.017     0.571236        0.258363      0.4523          0.0392043        0.071622         0.0545985        0.101123         0.297221          0.3422          0.3991          0.8693        
7.184     0.579231        0.261639      0.4517          0.0396238        0.072365         0.0551073        0.102155         0.310116          0.3426          0.3886          0.8437        
7.547     0.593143        0.268606      0.4529          0.0402077        0.0739575        0.0558221        0.104367         0.31036           0.3547          0.4034          0.8655        
7.911     0.610605        0.275378      0.451           0.0412399        0.0755228        0.0570494        0.106539         0.339446          0.371           0.4086          0.8113        
8.274     0.623844        0.281963      0.452           0.0418645        0.0770617        0.0578144        0.108675         0.342161          0.4014          0.5224          0.8241        
8.637     0.636546        0.28837       0.453           0.042474         0.0785738        0.0585605        0.110776         0.356801          0.3797          0.407           0.8082        
9         0.647482        0.294604      0.455           0.0429585        0.0800605        0.0591683        0.112843         0.345354          0.3873          0.4286          0.853         
9.427     0.65899         0.301718      0.4578          0.0434327        0.0817769        0.0597659        0.115232         0.335692          0.3862          0.4331          0.8988        
12.66     0.726115        0.349241      0.481           0.0460913        0.0938972        0.0631861        0.132149         0.412556          0.4575          0.5259          0.8465        
17.01     0.781457        0.400024      0.5119          0.0483792        0.108332         0.0662371        0.152315         0.465129          0.5072          0.5514          0.86          

Done.

===================================
Testing on folder: data/N=(3, 3)_3x3
===================================

=== Loading large system ED data ===
Large system Hilbert space dim: 792

=== Building operator structure for large system (order=2) ===
  0.023555 seconds (497.93 k allocations: 24.346 MiB)
Coordinate{2, Int64}[Coordinate(1, 1), Coordinate(1, 2), Coordinate(1, 3), Coordinate(2, 1), Coordinate(2, 2), Coordinate(2, 3), Coordinate(3, 1), Coordinate(3, 2), Coordinate(3, 3)]
complete: 63.21%
  0.395953 seconds (6.06 M allocations: 627.543 MiB, 15.57% gc time)

=== Evaluating adjoint_loss per U-index ===
U-va      Baseline loss   Pred loss     pred/baseline   MeanAbs Stored   MeanAbs Pred     RMS Stored       RMS Pred         rand min loss     mean loss       max loss        pred/rand     
-----------------------------------------------------------------------------------------------------------------------------------------------------------
0.001     0.0623859       0.000104362   0.001673        0.0267348        0.0270758        0.0445226        0.0449156        0.215162          0.2874          0.4036          0.000485      
0.001343  0.0627517       7.98763e-05   0.001273        0.0268318        0.027236         0.044682         0.0451481        0.236235          0.3612          0.6664          0.0003381     
0.001805  0.0630662       6.59956e-05   0.001046        0.0269135        0.0273846        0.0448164        0.0453567        0.236738          0.3147          0.5606          0.0002788     
0.002424  0.0634619       5.87396e-05   0.0009256       0.0270037        0.027519         0.044966         0.0455464        0.184445          0.3045          0.4769          0.0003185     
0.003257  0.0638802       5.52085e-05   0.0008643       0.0271052        0.0276407        0.0451341        0.0457236        0.178596          0.2565          0.4021          0.0003091     
0.004375  0.0642678       5.36679e-05   0.0008351       0.0272018        0.0277563        0.0452939        0.0458965        0.188459          0.2907          0.4665          0.0002848     
0.005878  0.0649643       5.33738e-05   0.0008216       0.0273667        0.0278703        0.0455614        0.0460743        0.219044          0.2878          0.3778          0.0002437     
0.007897  0.0654528       5.42396e-05   0.0008287       0.0274776        0.0279901        0.0457393        0.0462673        0.174657          0.2788          0.3866          0.0003105     
0.01061   0.0658902       5.64694e-05   0.000857        0.0275904        0.0281225        0.0459184        0.0464857        0.191829          0.2828          0.3708          0.0002944     
0.01425   0.0665943       6.02161e-05   0.0009042       0.0277577        0.0282725        0.0461817        0.0467387        0.176112          0.2911          0.424           0.0003419     
0.01914   0.0670802       6.53891e-05   0.0009748       0.0278731        0.0284459        0.0463681        0.0470343        0.192139          0.2779          0.4125          0.0003403     
0.02572   0.0676746       7.16919e-05   0.001059        0.0280163        0.0286456        0.0465946        0.0473777        0.141994          0.2396          0.3213          0.0005049     
0.03455   0.0686718       7.87726e-05   0.001147        0.0282588        0.0288743        0.0469764        0.0477716        0.185167          0.2741          0.4504          0.0004254     
0.04642   0.0699657       8.61663e-05   0.001232        0.0285744        0.0291333        0.0474692        0.0482151        0.224774          0.2893          0.3888          0.0003833     
0.06236   0.0711576       9.29518e-05   0.001306        0.0288677        0.029422         0.0479156        0.048704         0.226428          0.2912          0.3817          0.0004105     
0.08377   0.0723554       9.75626e-05   0.001348        0.0291678        0.0297391        0.0483632        0.049231         0.186602          0.281           0.4058          0.0005228     
0.1125    0.0737725       9.85078e-05   0.001335        0.0295203        0.0300874        0.048878         0.0497868        0.185488          0.3067          0.4809          0.0005311     
0.1512    0.0751156       9.60594e-05   0.001279        0.029874         0.0304728        0.049379         0.0503615        0.182283          0.284           0.5437          0.000527      
0.2031    0.0767236       9.37385e-05   0.001222        0.0302972        0.0309017        0.0499533        0.0509466        0.196398          0.2623          0.3521          0.0004773     
0.2728    0.0782121       9.8046e-05    0.001254        0.0306829        0.0313744        0.0504503        0.051539         0.184343          0.2862          0.5425          0.0005319     
0.3665    0.0798856       0.000116656   0.00146         0.0311122        0.031917         0.0510045        0.0521463        0.25082           0.2946          0.3679          0.0004651     
0.4924    0.0831029       0.000156916   0.001888        0.031956         0.032571         0.0520494        0.0527937        0.170075          0.2584          0.3237          0.0009226     
0.6615    0.0856771       0.000224653   0.002622        0.0326639        0.0334113        0.0528053        0.0535303        0.174528          0.3049          0.5188          0.001287      
0.8886    0.0894633       0.000320439   0.003582        0.0336991        0.0344769        0.05385          0.0544344        0.161317          0.2449          0.3434          0.001986      
1.194     0.0939308       0.000431188   0.00459         0.0348677        0.0358531        0.0548967        0.0556188        0.162155          0.2996          0.5297          0.002659      
1.604     0.100234        0.000520801   0.005196        0.0363347        0.0376008        0.0561852        0.0572328        0.181019          0.2683          0.3915          0.002877      
2.1       0.108908        0.000536745   0.004928        0.038199         0.039605         0.0579968        0.059238         0.172702          0.2898          0.3994          0.003108      
2.154     0.11025         0.000533499   0.004839        0.038467         0.0398187        0.0583295        0.0594606        0.200145          0.3154          0.5954          0.002666      
2.463     0.116825        0.000502289   0.004299        0.0397201        0.0410078        0.0596417        0.0607296        0.246559          0.3291          0.4806          0.002037      
2.826     0.124201        0.000449232   0.003617        0.04101          0.04236          0.0610112        0.0622311        0.205379          0.3728          0.5669          0.002187      
2.894     0.127451        0.00043871    0.003442        0.0415678        0.042608         0.0616903        0.0625124        0.190416          0.2775          0.3659          0.002304      
3.189     0.134265        0.000395323   0.002944        0.0426692        0.0436669        0.0629101        0.0637346        0.250728          0.3671          0.598           0.001577      
3.553     0.142458        0.000355614   0.002496        0.0439259        0.0449316        0.0643325        0.0652344        0.178511          0.2968          0.4025          0.001992      
3.888     0.149788        0.000341689   0.002281        0.0449891        0.0460671        0.0655469        0.0666132        0.188237          0.2995          0.4829          0.001815      
3.916     0.151727        0.000341749   0.002252        0.0452762        0.0461593        0.065903         0.0667264        0.202083          0.301           0.3894          0.001691      
4.279     0.160559        0.000361987   0.002255        0.0464961        0.047353         0.0673509        0.0682077        0.276661          0.3564          0.5674          0.001308      
4.642     0.169389        0.00042174    0.00249         0.0476335        0.0485165        0.068702         0.0696762        0.26447           0.3554          0.5906          0.001595      
5.005     0.179088        0.000524179   0.002927        0.0488297        0.0496521        0.0701643        0.0711308        0.273843          0.3628          0.5302          0.001914      
5.223     0.185239        0.000606922   0.003276        0.0495922        0.0503218        0.0710968        0.0719973        0.234415          0.3252          0.4537          0.002589      
5.368     0.190621        0.000670919   0.00352         0.0502592        0.0507626        0.0719148        0.0725707        0.219768          0.3231          0.4146          0.003053      
5.732     0.200085        0.000862617   0.004311        0.0513705        0.0518506        0.0733098        0.0739954        0.256984          0.3346          0.4133          0.003357      
6.095     0.208012        0.00109941    0.005285        0.0522829        0.0529186        0.0744443        0.0754049        0.29887           0.3777          0.6207          0.003679      
6.458     0.217859        0.0013813     0.00634         0.0534778        0.0539672        0.0759811        0.0767989        0.294738          0.4074          0.5418          0.004687      
6.821     0.225186        0.00170841    0.007587        0.054312         0.0549958        0.0770497        0.0781778        0.276384          0.4031          0.5271          0.006181      
7.017     0.231397        0.00190378    0.008227        0.0550291        0.055543         0.0779509        0.0789156        0.294264          0.3765          0.4873          0.00647       
7.184     0.237461        0.00208099    0.008764        0.055743         0.0560055        0.0788545        0.0795415        0.34585           0.3897          0.4393          0.006017      
7.547     0.244801        0.00249974    0.01021         0.0565673        0.0569977        0.0799293        0.0808904        0.312026          0.3936          0.5234          0.008011      
7.911     0.252386        0.00296567    0.01175         0.0574133        0.0579743        0.0810323        0.0822249        0.359529          0.4263          0.5139          0.008249      
8.274     0.259803        0.00348013    0.0134          0.0582446        0.0589387        0.0821205        0.0835452        0.303073          0.3609          0.5228          0.01148       
8.637     0.266567        0.00404472    0.01517         0.0590245        0.0598884        0.0831343        0.0848517        0.322835          0.3855          0.4758          0.01253       
9         0.272905        0.00466134    0.01708         0.0598009        0.0608258        0.0841325        0.0861447        0.322393          0.4459          0.5956          0.01446       
9.427     0.280039        0.00545506    0.01948         0.0606203        0.0619115        0.0851391        0.087647         0.346157          0.4282          0.5672          0.01576       
12.66     0.313798        0.0142854     0.04552         0.0649034        0.0696643        0.0907568        0.0985117        0.416536          0.479           0.5166          0.0343        
17.01     0.333531        0.0354642     0.1063          0.0679701        0.0790805        0.0950553        0.111884         0.455329          0.5408          0.664           0.07789       

Done.

===================================
Testing on folder: data/N=(4, 4)_3x3_2
===================================

=== Loading large system ED data ===
Large system Hilbert space dim: 1764

=== Building operator structure for large system (order=2) ===
  0.023475 seconds (497.93 k allocations: 24.346 MiB)
Coordinate{2, Int64}[Coordinate(1, 1), Coordinate(1, 2), Coordinate(1, 3), Coordinate(2, 1), Coordinate(2, 2), Coordinate(2, 3), Coordinate(3, 1), Coordinate(3, 2), Coordinate(3, 3)]
complete: 28.36%
complete: 56.72%
complete: 85.08%
  0.617611 seconds (14.01 M allocations: 1.471 GiB, 16.75% gc time)

=== Evaluating adjoint_loss per U-index ===
U-va      Baseline loss   Pred loss     pred/baseline   MeanAbs Stored   MeanAbs Pred     RMS Stored       RMS Pred         rand min loss     mean loss       max loss        pred/rand     
-----------------------------------------------------------------------------------------------------------------------------------------------------------
0.001     0.0698002       0.0468856     0.6717          0.0163201        0.0301259        0.024466         0.046274         0.298667          0.4985          0.6464          0.157         
0.001343  0.139109        0.0455699     0.3276          0.0235168        0.0299288        0.0352549        0.0459787        0.438767          0.504           0.6536          0.1039        
0.001805  0.158813        0.044203      0.2783          0.0252772        0.0297044        0.0378943        0.0456389        0.441635          0.5509          0.7185          0.1001        
0.002424  0.175232        0.0428174     0.2443          0.0266919        0.0294673        0.0400135        0.0452605        0.453741          0.6058          0.7726          0.09437       
0.003257  0.18799         0.0414471     0.2205          0.0277582        0.0292142        0.0416102        0.04485          0.320285          0.5275          0.8376          0.1294        
0.004375  0.193371        0.0401236     0.2075          0.02821          0.0289437        0.0422858        0.0444136        0.352656          0.4907          0.7012          0.1138        
0.005878  0.204776        0.0388718     0.1898          0.0291445        0.0286569        0.0436827        0.0439571        0.37424           0.5404          0.6704          0.1039        
0.007897  0.218883        0.0377068     0.1723          0.0302781        0.0283598        0.0453774        0.0434859        0.365579          0.5094          0.6337          0.1031        
0.01061   0.229384        0.0366312     0.1597          0.0311133        0.0280539        0.0466203        0.0430054        0.416067          0.5844          0.8773          0.08804       
0.01425   0.238314        0.035636      0.1495          0.0318263        0.0277539        0.0476782        0.0425216        0.33719           0.4621          0.636           0.1057        
0.01914   0.246331        0.034706      0.1409          0.0324547        0.0274556        0.0486086        0.0420409        0.37844           0.5115          0.639           0.09171       
0.02572   0.252052        0.0338278     0.1342          0.032908         0.0271714        0.049268         0.0415701        0.328211          0.4908          0.6834          0.1031        
0.03455   0.256736        0.0329958     0.1285          0.0332912        0.0269005        0.0498151        0.0411167        0.375972          0.539           0.7114          0.08776       
0.04642   0.261668        0.0322139     0.1231          0.0336951        0.0266482        0.0503846        0.0406877        0.398292          0.5705          0.8924          0.08088       
0.06236   0.266685        0.0314912     0.1181          0.0341043        0.0264223        0.0509534        0.0402898        0.440607          0.5253          0.7211          0.07147       
0.08377   0.271885        0.0308382     0.1134          0.0345446        0.0262286        0.0515513        0.0399279        0.369662          0.5189          0.7047          0.08342       
0.1125    0.276455        0.0302689     0.1095          0.0349509        0.0260702        0.0520818        0.0396054        0.372727          0.4855          0.6581          0.08121       
0.1512    0.281923        0.0298122     0.1057          0.035444         0.0259567        0.0527055        0.0393232        0.377577          0.5114          0.6567          0.07896       
0.2031    0.287052        0.0295376     0.1029          0.0359218        0.0258974        0.0532922        0.0390808        0.331175          0.5336          0.9914          0.08919       
0.2728    0.292977        0.0295972     0.101           0.036499         0.0258917        0.0539769        0.038876         0.418315          0.5603          0.7315          0.07075       
0.3665    0.299284        0.0302947     0.1012          0.0371131        0.0259393        0.0546674        0.0387065        0.306034          0.487           0.6577          0.09899       
0.4924    0.308086        0.0321964     0.1045          0.0379522        0.026037         0.055632         0.0385708        0.395887          0.6117          0.801           0.08133       
0.6615    0.316146        0.0363124     0.1149          0.039043         0.0261849        0.0564363        0.0384687        0.476246          0.5637          0.6873          0.07625       
0.8886    0.333019        0.0443843     0.1333          0.0409211        0.0263676        0.0581194        0.0384012        0.402033          0.5421          0.7146          0.1104        
1.194     0.370832        0.0592871     0.1599          0.0459031        0.0265825        0.0631734        0.0383708        0.402064          0.5522          0.7775          0.1475        
1.604     0.409518        0.0854159     0.2086          0.050765         0.0268201        0.0675934        0.0383842        0.448022          0.5822          0.7854          0.1907        
2.1       0.464788        0.123995      0.2668          0.0572649        0.0270705        0.0738662        0.0384451        0.44259           0.5489          0.6704          0.2802        
2.154     0.472553        0.128564      0.2721          0.0582009        0.0270964        0.0748581        0.0384539        0.421426          0.5407          0.653           0.3051        
2.463     0.501744        0.155342      0.3096          0.0610513        0.0272383        0.0776473        0.0385097        0.504774          0.5872          0.7147          0.3077        
2.826     0.540107        0.188083      0.3482          0.0650317        0.0273906        0.0817935        0.038587         0.471679          0.6616          0.9086          0.3988        
2.894     0.547282        0.194287      0.355           0.0657583        0.0274179        0.0826021        0.0386027        0.536214          0.6428          0.8429          0.3623        
3.189     0.574079        0.2213        0.3855          0.0681242        0.0275328        0.085184         0.0386746        0.517616          0.644           0.7658          0.4275        
3.553     0.605687        0.254262      0.4198          0.0711009        0.0276696        0.0885938        0.0387709        0.588987          0.6591          0.7413          0.4317        
3.888     0.631652        0.284012      0.4496          0.0732793        0.0277931        0.0912122        0.0388666        0.575266          0.6611          0.7621          0.4937        
3.916     0.634839        0.286422      0.4512          0.0736018        0.0278032        0.091626         0.0388748        0.592664          0.6988          0.7914          0.4833        
4.279     0.660796        0.317393      0.4803          0.076036         0.0279341        0.0946124        0.0389852        0.55034           0.6947          0.7964          0.5767        
4.642     0.68347         0.346923      0.5076          0.0780707        0.0280621        0.0971803        0.0391013        0.672448          0.7525          0.8375          0.5159        
5.005     0.703025        0.374867      0.5332          0.0799239        0.0281871        0.0995925        0.0392226        0.622764          0.7042          0.8187          0.6019        
5.223     0.714463        0.390856      0.5471          0.0810924        0.028261         0.101168         0.0392976        0.598301          0.6934          0.7657          0.6533        
5.368     0.722226        0.40116       0.5554          0.0818275        0.02831          0.1022           0.0393483        0.631263          0.7253          0.8908          0.6355        
5.732     0.73817         0.425796      0.5768          0.08334          0.0284332        0.104349         0.0394782        0.614875          0.7106          0.8063          0.6925        
6.095     0.752426        0.44881       0.5965          0.0846879        0.0285548        0.106319         0.0396116        0.682134          0.7721          0.8987          0.6579        
6.458     0.765041        0.470265      0.6147          0.0859078        0.0286756        0.108149         0.0397482        0.660082          0.7741          0.9308          0.7124        
6.821     0.776452        0.490241      0.6314          0.0870875        0.028797         0.109986         0.0398878        0.716328          0.7741          0.8316          0.6844        
7.017     0.782472        0.500437      0.6396          0.0876978        0.0288626        0.110948         0.0399642        0.721682          0.8003          0.8852          0.6934        
7.184     0.787138        0.508825      0.6464          0.0882445        0.0289188        0.111783         0.0400299        0.713357          0.7738          0.8407          0.7133        
7.547     0.796544        0.52611       0.6605          0.0892843        0.0290409        0.113279         0.0401744        0.721391          0.7953          0.8638          0.7293        
7.911     0.805022        0.54219       0.6735          0.0904969        0.0291626        0.114786         0.0403209        0.740393          0.7972          0.8537          0.7323        
8.274     0.812729        0.557153      0.6855          0.0916265        0.0292839        0.11619          0.0404694        0.726955          0.7895          0.8491          0.7664        
8.637     0.819816        0.571086      0.6966          0.0927089        0.0294043        0.11753          0.0406195        0.749004          0.827           0.9204          0.7625        
9         0.826574        0.584071      0.7066          0.0938601        0.0295241        0.118935         0.040771         0.735186          0.8272          0.932           0.7945        
9.427     0.833462        0.598216      0.7177          0.0948544        0.0296644        0.120235         0.0409509        0.777183          0.8306          0.8862          0.7697        
12.66     0.863004        0.676343      0.7837          0.0991147        0.0307243        0.1263           0.0423555        0.850773          0.8877          0.9409          0.795         
17.01     0.882648        0.734229      0.8318          0.102434         0.0321008        0.131409         0.044288         0.853473          0.8805          0.9141          0.8603        

Done.

===================================
Testing on folder: data/N=(2, 2)_3x2
===================================

=== Loading large system ED data ===
Large system Hilbert space dim: 39

=== Building operator structure for large system (order=2) ===
  0.004593 seconds (94.18 k allocations: 4.623 MiB)
Coordinate{2, Int64}[Coordinate(1, 1), Coordinate(1, 2), Coordinate(2, 1), Coordinate(2, 2), Coordinate(3, 1), Coordinate(3, 2)]
  0.003638 seconds (93.00 k allocations: 9.709 MiB)

=== Evaluating adjoint_loss per U-index ===
U-va      Baseline loss   Pred loss     pred/baseline   MeanAbs Stored   MeanAbs Pred     RMS Stored       RMS Pred         rand min loss     mean loss       max loss        pred/rand     
-----------------------------------------------------------------------------------------------------------------------------------------------------------
0.001     0.0226695       0.0140753     0.6209          0.0211056        0.0510855        0.0416874        0.079592         0.0400727         0.1338          0.2571          0.3512        
0.001343  0.0229485       0.0142809     0.6223          0.0212468        0.0522622        0.0419596        0.0814432        0.0400259         0.1396          0.2389          0.3568        
0.001805  0.0233075       0.0145797     0.6255          0.0214171        0.0534903        0.0422917        0.0833663        0.0274355         0.131           0.2211          0.5314        
0.002424  0.0240283       0.0149448     0.622           0.0217558        0.0547419        0.0429634        0.0853603        0.0121            0.0795          0.2314          1.235         
0.003257  0.0288629       0.0153465     0.5317          0.0239472        0.0560309        0.0472931        0.0874259        0.041873          0.1586          0.4035          0.3665        
0.004375  0.0293654       0.0157678     0.5369          0.0241657        0.0573504        0.0477175        0.0895667        0.0125992         0.09197         0.194           1.251         
0.005878  0.0307352       0.016205      0.5272          0.0247562        0.0586987        0.0488773        0.0917881        0.0425719         0.1331          0.2443          0.3806        
0.007897  0.0318009       0.0166592     0.5239          0.0252049        0.0600948        0.0497558        0.0940958        0.0338112         0.1126          0.2823          0.4927        
0.01061   0.0358266       0.0171254     0.478           0.0268579        0.0615359        0.0530072        0.0964938        0.0192467         0.09688         0.291           0.8898        
0.01425   0.0372758       0.017585      0.4718          0.0274391        0.0630574        0.0541434        0.0989823        0.0218808         0.09447         0.1537          0.8037        
0.01914   0.0391169       0.0180064     0.4603          0.0281608        0.0646085        0.055549         0.101556         0.0289781         0.1301          0.3729          0.6214        
0.02572   0.0399937       0.0183529     0.4589          0.0285074        0.0662555        0.0562115        0.104202         0.022862          0.08564         0.1486          0.8028        
0.03455   0.041274        0.0185947     0.4505          0.029013         0.0679868        0.057177         0.106904         0.0394306         0.09558         0.1396          0.4716        
0.04642   0.0422337       0.0187142     0.4431          0.0294002        0.0697442        0.0578935        0.109642         0.0283435         0.1111          0.2891          0.6603        
0.06236   0.0429615       0.0187036     0.4354          0.0297           0.0715219        0.0584155        0.112398         0.0218419         0.09375         0.1861          0.8563        
0.08377   0.0437663       0.0185624     0.4241          0.0300513        0.073294         0.0590045        0.115171         0.0322844         0.1025          0.2287          0.575         
0.1125    0.0443791       0.0182971     0.4123          0.030333         0.0750646        0.0594393        0.117981         0.021472          0.1089          0.3096          0.8521        
0.1512    0.0450406       0.0179233     0.3979          0.0306603        0.0769133        0.0599101        0.120889         0.0275216         0.126           0.3775          0.6512        
0.2031    0.0458784       0.0174648     0.3807          0.0310658        0.0789099        0.0604734        0.124            0.0348049         0.09209         0.1567          0.5018        
0.2728    0.0467126       0.0169507     0.3629          0.0314981        0.0811451        0.0610288        0.127471         0.0499111         0.1553          0.32            0.3396        
0.3665    0.0477807       0.0164105     0.3435          0.032038         0.0837952        0.0616687        0.131514         0.0413635         0.1364          0.6319          0.3967        
0.4924    0.0488856       0.0158714     0.3247          0.0325954        0.0871209        0.0622275        0.136391         0.0233185         0.114           0.3036          0.6806        
0.6615    0.0502372       0.0153585     0.3057          0.0332187        0.091303         0.0627869        0.142411         0.0511398         0.1303          0.3787          0.3003        
0.8886    0.0812029       0.014906      0.1836          0.0347942        0.096682         0.0589234        0.149925         0.0444421         0.1062          0.257           0.3354        
1.194     0.0552035       0.0145954     0.2644          0.0348352        0.103861         0.0640566        0.159324         0.0137525         0.1314          0.2646          1.061         
1.604     0.0600282       0.0146496     0.244           0.0358754        0.113091         0.064839         0.171043         0.0252522         0.1362          0.3705          0.5801        
2.1       0.067288        0.0154499     0.2296          0.0370427        0.123514         0.0658389        0.184184         0.0827769         0.1633          0.351           0.1866        
2.154     0.0686105       0.0155872     0.2272          0.0373226        0.124616         0.0662377        0.185568         0.055636          0.09694         0.1531          0.2802        
2.463     0.073969        0.0165469     0.2237          0.0380161        0.130749         0.066951         0.19323          0.0325708         0.1264          0.2546          0.508         
2.826     0.0809195       0.0180533     0.2231          0.0388178        0.137695         0.0678635        0.201881         0.0597209         0.1535          0.3728          0.3023        
2.894     0.0827269       0.0183777     0.2221          0.0391347        0.138968         0.0683451        0.20346          0.0645577         0.135           0.2386          0.2847        
3.189     0.0889296       0.0199315     0.2241          0.0397699        0.144397         0.0691503        0.210193         0.061661          0.1255          0.2015          0.3232        
3.553     0.0970908       0.0221344     0.228           0.0405478        0.150858         0.0702005        0.218212         0.0489128         0.1686          0.3983          0.4525        
3.888     0.10484         0.0244126     0.2329          0.0412031        0.156634         0.0711485        0.225392         0.0772182         0.1357          0.2255          0.3162        
3.916     0.103836        0.0246092     0.237           0.041769         0.157102         0.0721991        0.225974         0.0515084         0.1408          0.3674          0.4778        
4.279     0.112551        0.0273025     0.2426          0.0425007        0.16315          0.0733177        0.23351          0.083728          0.1842          0.3649          0.3261        
4.642     0.121377        0.0301624     0.2485          0.0432093        0.169032         0.0744486        0.240843         0.0709794         0.1508          0.2155          0.4249        
5.005     0.130359        0.0331405     0.2542          0.0438557        0.174821         0.0755429        0.247993         0.0751674         0.1338          0.186           0.4409        
5.223     0.132528        0.0349675     0.2638          0.0449754        0.178223         0.0775009        0.252207         0.105303          0.1478          0.1941          0.3321        
5.368     0.132205        0.0361936     0.2738          0.0467323        0.180473         0.0797622        0.254979         0.116911          0.1738          0.2508          0.3096        
5.732     0.140809        0.0392836     0.279           0.0474798        0.186006         0.0809299        0.261813         0.0944636         0.1959          0.3723          0.4159        
6.095     0.149441        0.0423781     0.2836          0.0482139        0.191406         0.0821104        0.268509         0.10692           0.225           0.7068          0.3964        
6.458     0.157406        0.0454503     0.2887          0.0491218        0.196682         0.0834853        0.275077         0.126203          0.2185          0.4335          0.3601        
6.821     0.165964        0.0484784     0.2921          0.0497836        0.201865         0.0846159        0.281525         0.12882           0.1977          0.3471          0.3763        
7.017     0.169475        0.0500879     0.2955          0.0505142        0.204618         0.0856391        0.284958         0.123987          0.2282          0.3371          0.404         
7.184     0.171904        0.0514451     0.2993          0.0513193        0.206942         0.0867132        0.287861         0.16911           0.2409          0.3733          0.3042        
7.547     0.179187        0.0543374     0.3032          0.052197         0.211916         0.0880688        0.294092         0.137106          0.1977          0.2568          0.3963        
7.911     0.186993        0.0571461     0.3056          0.0528607        0.216803         0.0891823        0.300224         0.156218          0.2682          0.5585          0.3658        
8.274     0.193365        0.0598649     0.3096          0.0539408        0.22163          0.0907218        0.30626          0.168296          0.2228          0.3034          0.3557        
8.637     0.197973        0.0624904     0.3157          0.0555716        0.22637          0.0927926        0.312208         0.188321          0.2519          0.351           0.3318        
9         0.204675        0.0650214     0.3177          0.0563158        0.231028         0.0939469        0.318069         0.188172          0.2402          0.3083          0.3455        
9.427     0.212317        0.0678756     0.3197          0.0571092        0.23644          0.0951978        0.324851         0.206746          0.2953          0.503           0.3283        
12.66     0.264628        0.0860413     0.3251          0.0608851        0.27454          0.101932         0.37311          0.218884          0.2915          0.3801          0.3931        
17.01     0.314251        0.10675       0.3397          0.0642514        0.319561         0.108139         0.430924         0.295191          0.3459          0.4866          0.3616        

Done.

===================================
Testing on folder: data/N=(4, 4)_4x2
===================================

=== Loading large system ED data ===
Large system Hilbert space dim: 628

=== Building operator structure for large system (order=2) ===
  0.014170 seconds (306.52 k allocations: 14.963 MiB)
Coordinate{2, Int64}[Coordinate(1, 1), Coordinate(1, 2), Coordinate(2, 1), Coordinate(2, 2), Coordinate(3, 1), Coordinate(3, 2), Coordinate(4, 1), Coordinate(4, 2)]
complete: 79.74%
  0.208354 seconds (3.67 M allocations: 406.272 MiB, 19.46% gc time)

=== Evaluating adjoint_loss per U-index ===
U-va      Baseline loss   Pred loss     pred/baseline   MeanAbs Stored   MeanAbs Pred     RMS Stored       RMS Pred         rand min loss     mean loss       max loss        pred/rand     
-----------------------------------------------------------------------------------------------------------------------------------------------------------
0.001     0.114709        0.0812261     0.7081          0.00923818       0.0334756        0.0249038        0.0470908        0.161888          0.3783          0.8105          0.5017        
0.001343  0.126496        0.0791274     0.6255          0.00975271       0.0334897        0.0262551        0.0471046        0.20098           0.46            0.7886          0.3937        
0.001805  0.143674        0.0768587     0.535           0.0104385        0.0334836        0.0280828        0.0470845        0.211546          0.3812          0.7968          0.3633        
0.002424  0.15831         0.0744882     0.4705          0.0110067        0.0334437        0.0295989        0.047028         0.214851          0.4258          0.7464          0.3467        
0.003257  0.178131        0.072079      0.4046          0.0117336        0.0333622        0.0315526        0.0469338        0.18939           0.2725          0.3396          0.3806        
0.004375  0.233411        0.0697148     0.2987          0.013623         0.0332486        0.0366018        0.046802         0.156105          0.353           0.894           0.4466        
0.005878  0.255365        0.0675049     0.2643          0.0143311        0.0331092        0.0384945        0.0466347        0.219103          0.6228          0.9963          0.3081        
0.007897  0.273622        0.0655563     0.2396          0.0149125        0.0329688        0.0400494        0.0464363        0.210034          0.3921          0.8233          0.3121        
0.01061   0.29103         0.0639333     0.2197          0.0154865        0.0328167        0.0415389        0.0462138        0.223755          0.4749          0.9882          0.2857        
0.01425   0.309755        0.0626382     0.2022          0.0160558        0.0326625        0.0430845        0.0459758        0.208636          0.4174          0.857           0.3002        
0.01914   0.331664        0.0616222     0.1858          0.016715         0.0324927        0.0448631        0.0457317        0.228624          0.4461          0.769           0.2695        
0.02572   0.352733        0.0608078     0.1724          0.0173626        0.0323351        0.0465583        0.0454903        0.1605            0.3527          0.7377          0.3789        
0.03455   0.37527         0.0601113     0.1602          0.0180372        0.032193         0.0482986        0.0452579        0.206392          0.4163          0.6683          0.2912        
0.04642   0.398816        0.0594668     0.1491          0.0187429        0.0320605        0.0501221        0.045038         0.177611          0.407           0.8185          0.3348        
0.06236   0.424137        0.0588506     0.1388          0.0195032        0.0319387        0.0520465        0.0448315        0.186332          0.4818          0.9931          0.3158        
0.08377   0.449665        0.058301      0.1297          0.0202671        0.0318333        0.0539808        0.0446372        0.243866          0.334           0.7326          0.2391        
0.1125    0.475265        0.0579256     0.1219          0.0210448        0.0317498        0.0559109        0.0444521        0.180166          0.4539          0.9189          0.3215        
0.1512    0.501415        0.057894      0.1155          0.0218662        0.0316928        0.0578815        0.0442718        0.174656          0.4267          0.9955          0.3315        
0.2031    0.529261        0.0584299     0.1104          0.0227399        0.0316504        0.0599138        0.0440909        0.207168          0.4044          0.9991          0.282         
0.2728    0.557932        0.0598138     0.1072          0.0236676        0.0316359        0.061973         0.0439035        0.164168          0.4491          0.9826          0.3643        
0.3665    0.588135        0.0624132     0.1061          0.0246593        0.0316213        0.06408          0.043705         0.118919          0.3042          0.5501          0.5248        
0.4924    0.619596        0.0667614     0.1077          0.0256938        0.0316106        0.0662283        0.043493         0.213503          0.4979          0.9925          0.3127        
0.6615    0.654587        0.073711      0.1126          0.0268981        0.0315946        0.0685303        0.0432678        0.134287          0.273           0.5728          0.5489        
0.8886    0.692842        0.0846974     0.1222          0.0283511        0.0315908        0.0710592        0.0430342        0.1658            0.5021          0.934           0.5108        
1.194     0.743895        0.102117      0.1373          0.02956          0.0316005        0.0743332        0.0428034        0.235708          0.4653          0.9536          0.4332        
1.604     0.790545        0.129725      0.1641          0.032448         0.031627         0.0776459        0.0425952        0.246707          0.4516          0.9348          0.5258        
2.1       0.831507        0.168167      0.2022          0.036596         0.0316742        0.0811215        0.04245          0.289527          0.4869          0.9449          0.5808        
2.154     0.834454        0.172634      0.2069          0.0370562        0.0316818        0.081461         0.0424395        0.300648          0.4483          0.811           0.5742        
2.463     0.854261        0.198623      0.2325          0.0394072        0.0317301        0.0833774        0.0423968        0.359467          0.4639          0.9436          0.5525        
2.826     0.87407         0.230131      0.2633          0.0418124        0.0318059        0.0854347        0.0423777        0.322472          0.4645          0.8104          0.7136        
2.894     0.877289        0.236084      0.2691          0.0422467        0.0318213        0.0857801        0.0423773        0.358454          0.5482          0.9229          0.6586        
3.189     0.890972        0.261984      0.294           0.0439654        0.0318889        0.0872699        0.042386         0.4011            0.5835          0.9579          0.6532        
3.553     0.905741        0.293598      0.3242          0.0460637        0.0319742        0.0889777        0.0424167        0.434601          0.517           0.638           0.6756        
3.888     0.917911        0.322203      0.351           0.0478948        0.0320577        0.0904759        0.0424618        0.442709          0.6079          0.9643          0.7278        
3.916     0.918737        0.324524      0.3532          0.0480306        0.0320648        0.0905875        0.0424661        0.397797          0.6641          0.9895          0.8158        
4.279     0.93039         0.354434      0.381           0.0498759        0.0321633        0.0921507        0.0425311        0.425124          0.5503          0.8877          0.8337        
4.642     0.940531        0.383107      0.4073          0.0515855        0.0322659        0.0936766        0.0426092        0.471454          0.5693          0.8968          0.8126        
5.005     0.949394        0.410407      0.4323          0.053229         0.0323723        0.095165         0.0426987        0.503813          0.6697          0.9468          0.8146        
5.223     0.954115        0.426111      0.4466          0.0542831        0.0324396        0.0960309        0.0427572        0.492562          0.6144          0.8508          0.8651        
5.368     0.957018        0.436265      0.4559          0.0549547        0.0324853        0.0965982        0.0427979        0.565421          0.7741          0.9898          0.7716        
5.732     0.963529        0.460663      0.4781          0.0565588        0.0326007        0.0980265        0.0429054        0.537405          0.6313          0.9585          0.8572        
6.095     0.968991        0.483618      0.4991          0.0579919        0.0327191        0.0993688        0.0430203        0.57866           0.6368          0.8035          0.8358        
6.458     0.973605        0.505172      0.5189          0.0593349        0.0328408        0.100716         0.0431415        0.554515          0.6867          0.9487          0.911         
6.821     0.977428        0.525383      0.5375          0.0605377        0.0329672        0.10198          0.0432683        0.576862          0.6927          0.8283          0.9108        
7.017     0.979188        0.535756      0.5471          0.061151         0.0330357        0.102644         0.0433387        0.617677          0.6751          0.9257          0.8674        
7.184     0.980593        0.54432       0.5551          0.0616704        0.0330947        0.103224         0.0433999        0.61861           0.7089          0.9395          0.8799        
7.547     0.983273        0.562055      0.5716          0.0627855        0.033224         0.104445         0.0435358        0.630614          0.673           0.7155          0.8913        
7.911     0.985485        0.578663      0.5872          0.0638171        0.0333538        0.105639         0.0436755        0.647205          0.7672          0.9577          0.8941        
8.274     0.987339        0.594219      0.6018          0.0648351        0.0334847        0.106813         0.0438186        0.663842          0.7276          0.9267          0.8951        
8.637     0.988888        0.608794      0.6156          0.0658605        0.033618         0.107974         0.0439647        0.684257          0.764           0.9536          0.8897        
9         0.990191        0.622457      0.6286          0.0668966        0.0337514        0.109128         0.0441134        0.672605          0.7964          0.9918          0.9254        
9.427     0.991473        0.637432      0.6429          0.0681087        0.033909         0.110484         0.0442911        0.719176          0.8792          0.9714          0.8863        
12.66     0.996579        0.721911      0.7244          0.100349         0.0351204        0.13483          0.0457098        0.747             0.8241          0.9574          0.9664        
17.01     0.997687        0.786327      0.7881          0.102893         0.0367737        0.141835         0.0477025        0.82738           0.8677          0.9944          0.9504        

Done.

===================================
Testing on folder: data/N=(2, 2)_2x2
===================================

=== Loading large system ED data ===
Large system Hilbert space dim: 12

=== Building operator structure for large system (order=2) ===
  0.001174 seconds (17.94 k allocations: 896.242 KiB)
Coordinate{2, Int64}[Coordinate(1, 1), Coordinate(1, 2), Coordinate(2, 1), Coordinate(2, 2)]
  0.001093 seconds (10.42 k allocations: 1.036 MiB)

=== Evaluating adjoint_loss per U-index ===
U-va      Baseline loss   Pred loss     pred/baseline   MeanAbs Stored   MeanAbs Pred     RMS Stored       RMS Pred         rand min loss     mean loss       max loss        pred/rand     
-----------------------------------------------------------------------------------------------------------------------------------------------------------
0.001     0.00279707      4.92005e-05   0.01759         0.07189          0.07166          0.100859         0.100211         0.0612832         0.2457          0.744           0.0008028     
0.001343  0.00282467      3.14704e-05   0.01114         0.072272         0.0724056        0.101391         0.101456         0.0517077         0.2382          0.4897          0.0006086     
0.001805  0.00283738      2.67817e-05   0.009439        0.072656         0.0730377        0.101922         0.102535         0.0718344         0.1942          0.3862          0.0003728     
0.002424  0.00284357      2.81269e-05   0.009891        0.0729838        0.0735894        0.102374         0.103462         0.160622          0.3205          0.948           0.0001751     
0.003257  0.00285617      3.03242e-05   0.01062         0.073231         0.0740653        0.102719         0.104256         0.0623857         0.2516          0.7066          0.0004861     
0.004375  0.00287514      3.11523e-05   0.01084         0.0735753        0.0744913        0.103213         0.104935         0.116777          0.2242          0.4006          0.0002668     
0.005878  0.00287263      3.07718e-05   0.01071         0.0738673        0.0748884        0.103633         0.10552          0.0523257         0.2398          0.5606          0.0005881     
0.007897  0.00289824      3.0357e-05    0.01047         0.0742464        0.0752709        0.104168         0.106033         0.11468           0.2608          0.5519          0.0002647     
0.01061   0.00290661      3.11783e-05   0.01073         0.0745643        0.0756452        0.10461          0.106499         0.130732          0.2361          0.4259          0.0002385     
0.01425   0.00293886      3.42314e-05   0.01165         0.0749637        0.0760193        0.105173         0.106941         0.0834332         0.3056          0.9904          0.0004103     
0.01914   0.00296033      4.00976e-05   0.01354         0.0753832        0.0763992        0.105769         0.10738          0.0680745         0.2338          0.4979          0.000589      
0.02572   0.00298495      4.90326e-05   0.01643         0.0757904        0.076772         0.10635          0.107832         0.039041          0.1862          0.4187          0.001256      
0.03455   0.00301041      6.12669e-05   0.02035         0.0761276        0.0771389        0.106813         0.108311         0.0299879         0.1726          0.3613          0.002043      
0.04642   0.00304529      7.7031e-05    0.0253          0.0766156        0.0775224        0.107486         0.108824         0.0333645         0.2108          0.4052          0.002309      
0.06236   0.00305928      9.60109e-05   0.03138         0.0770559        0.0779103        0.108101         0.10938          0.0731435         0.2008          0.5523          0.001313      
0.08377   0.00307782      0.000116824   0.03796         0.0775965        0.0783092        0.108843         0.109981         0.0551874         0.2254          0.6968          0.002117      
0.1125    0.00310541      0.000137381   0.04424         0.0780772        0.0787259        0.109521         0.110629         0.150207          0.2652          0.4281          0.0009146     
0.1512    0.00313259      0.000156262   0.04988         0.078601         0.0791616        0.110252         0.11132          0.0594318         0.2851          0.7107          0.002629      
0.2031    0.00316028      0.000174382   0.05518         0.0792041        0.0796623        0.110976         0.112043         0.123883          0.2964          0.652           0.001408      
0.2728    0.00319146      0.000195852   0.06137         0.0800546        0.080535         0.111745         0.112784         0.0999768         0.1886          0.428           0.001959      
0.3665    0.00326224      0.00022738    0.0697          0.0811392        0.0815816        0.112621         0.11353          0.0901086         0.2671          0.7054          0.002523      
0.4924    0.00332931      0.00027634    0.083           0.0821881        0.0828803        0.113288         0.114275         0.0982905         0.2768          0.7499          0.002811      
0.6615    0.00345437      0.00034768    0.1006          0.0834148        0.0844575        0.11399          0.115033         0.0452156         0.1809          0.3529          0.007689      
0.8886    0.0036252       0.000440355   0.1215          0.0851497        0.0864596        0.114874         0.115852         0.0558548         0.1838          0.8968          0.007884      
1.194     0.00392706      0.000544292   0.1386          0.0873505        0.088754         0.115922         0.116828         0.0603649         0.2451          0.5842          0.009017      
1.604     0.0044154       0.000638077   0.1445          0.0901884        0.0914115        0.117527         0.118119         0.060116          0.2594          0.5925          0.01061       
2.1       0.00510333      0.000685559   0.1343          0.0933042        0.0942088        0.119502         0.119755         0.0926209         0.2396          0.5421          0.007402      
2.154     0.00517173      0.000686889   0.1328          0.0937835        0.0944948        0.119934         0.11994          0.121884          0.2748          0.5496          0.005636      
2.463     0.00566395      0.000682046   0.1204          0.0956352        0.0960539        0.121274         0.121008         0.10519           0.2235          0.537           0.006484      
2.826     0.00627537      0.000653604   0.1042          0.0976215        0.0977701        0.122775         0.122299         0.093793          0.2727          0.5654          0.006969      
2.894     0.0064074       0.000646082   0.1008          0.0980374        0.0980789        0.123118         0.122544         0.10298           0.2475          0.6285          0.006274      
3.189     0.00693255      0.000607395   0.08761         0.0995853        0.099381         0.124373         0.123618         0.0893171         0.3776          0.7324          0.0068        
3.553     0.00761917      0.000550881   0.0723          0.101346         0.100904         0.125852         0.124956         0.156105          0.2831          0.5962          0.003529      
3.888     0.00828145      0.000496062   0.0599          0.102857         0.102245         0.127164         0.126202         0.157175          0.2989          0.5598          0.003156      
3.916     0.00831649      0.000491627   0.05911         0.103107         0.102353         0.127471         0.126305         0.117997          0.3549          0.6455          0.004166      
4.279     0.00898658      0.000437123   0.04864         0.104646         0.103738         0.128888         0.12766          0.125676          0.2333          0.5053          0.003478      
4.642     0.00972263      0.000394625   0.04059         0.106115         0.105066         0.130277         0.129017         0.151129          0.3103          0.5185          0.002611      
5.005     0.0104199       0.000371015   0.03561         0.107487         0.106345         0.131657         0.130372         0.176181          0.3075          0.5607          0.002106      
5.223     0.0108704       0.000368605   0.03391         0.10828          0.107091         0.132487         0.131183         0.120449          0.211           0.2986          0.00306       
5.368     0.0111361       0.000372706   0.03347         0.108847         0.107579         0.133082         0.131721         0.185231          0.3596          0.7517          0.002012      
5.732     0.0118757       0.000405553   0.03415         0.110059         0.108774         0.134379         0.133064         0.142901          0.258           0.3625          0.002838      
6.095     0.0126271       0.000474803   0.0376          0.111282         0.109933         0.135714         0.134398         0.182743          0.3199          0.4613          0.002598      
6.458     0.0133615       0.000585109   0.04379         0.112441         0.11106          0.137033         0.135722         0.201489          0.3382          0.5722          0.002904      
6.821     0.0140688       0.000740481   0.05263         0.113483         0.112157         0.138266         0.137036         0.220242          0.4093          0.8163          0.003362      
7.017     0.0145259       0.00084428    0.05812         0.114083         0.112738         0.138985         0.137741         0.188056          0.3443          0.9361          0.00449       
7.184     0.0149466       0.000944347   0.06318         0.114349         0.113227         0.139329         0.13834          0.184668          0.3178          0.7166          0.005114      
7.547     0.015581        0.00119955    0.07699         0.115297         0.114272         0.140517         0.139631         0.229082          0.4729          0.7353          0.005236      
7.911     0.016303        0.00150843    0.09252         0.116113         0.115293         0.141565         0.140911         0.215359          0.3165          0.56            0.007004      
8.274     0.0168892       0.00187283    0.1109          0.116967         0.116293         0.142693         0.14218          0.221161          0.2998          0.3656          0.008468      
8.637     0.0175461       0.00229414    0.1307          0.117766         0.117273         0.143767         0.143436         0.218149          0.3726          0.52            0.01052       
9         0.0180945       0.00277341    0.1533          0.118689         0.118234         0.14501          0.14468          0.199776          0.4022          0.5375          0.01388       
9.427     0.0188126       0.00341143    0.1813          0.11941          0.119341         0.146067         0.146128         0.252788          0.3468          0.4407          0.0135        
12.66     0.0229755       0.0108823     0.4736          0.123938         0.127091         0.153639         0.1566           0.306832          0.377           0.6053          0.03547       
17.01     0.0266662       0.0276412     1.037           0.127089         0.136211         0.160719         0.169438         0.371811          0.4783          0.7476          0.07434       

Done.
