Using CUDA

=== Using interpolation strategy: neural ===
Found existing neural network at trained_neural_networks/trained_neural_network_3x3_(3, 3)_and_2x2_(2,2).jld2. Loading...
Loaded neural network strategy from: trained_neural_networks/trained_neural_network_3x3_(3, 3)_and_2x2_(2,2).jld2
  1.978904 seconds (9.24 M allocations: 511.254 MiB, 7.35% gc time, 99.67% compilation time: 30% of which was recompilation)

===================================
Testing on folder: data/N=(3, 3)_3x2
===================================

=== Loading large system ED data ===
Large system Hilbert space dim: 68

=== Building operator structure for large system (order=2) ===
  1.459957 seconds (3.86 M allocations: 190.778 MiB, 6.33% gc time, 99.64% compilation time)
Coordinate{2, Int64}[Coordinate(1, 1), Coordinate(1, 2), Coordinate(2, 1), Coordinate(2, 2), Coordinate(3, 1), Coordinate(3, 2)]
  0.968828 seconds (2.31 M allocations: 124.468 MiB, 98.56% compilation time)

=== Evaluating adjoint_loss per U-index ===
U-va      Baseline loss   Pred loss     pred/baseline   MeanAbs Stored   MeanAbs Pred     RMS Stored       RMS Pred         Rand loss     pred/rand     
-----------------------------------------------------------------------------------------------------------------------------------------------------------
0.001     0.00763061      0.0192523     2.523           0.010698         0.0414925        0.0220441        0.0608077        0.16617       0.1159        
0.001343  0.00887635      0.0193375     2.179           0.011553         0.0415894        0.0238041        0.0611881        0.311061      0.06217       
0.001805  0.0103631       0.0194257     1.875           0.0125024        0.0416894        0.0257576        0.0615011        0.156464      0.1242        
0.002424  0.0121698       0.0194905     1.602           0.013574         0.0417633        0.0279617        0.0617411        0.217415      0.08965       
0.003257  0.0148386       0.0195192     1.315           0.0150303        0.0417998        0.0309561        0.0619062        0.0864726     0.2257        
0.004375  0.0178271       0.019516      1.095           0.0165261        0.041818         0.0340299        0.0619989        0.111411      0.1752        
0.005878  0.0217475       0.0194992     0.8966          0.0183284        0.0418043        0.0377316        0.0620256        0.136702      0.1426        
0.007897  0.0244039       0.0194938     0.7988          0.0194707        0.0418099        0.0400756        0.0619962        0.126579      0.154         
0.01061   0.0289314       0.0195243     0.6748          0.0213109        0.0418163        0.0438331        0.0619223        0.10423       0.1873        
0.01425   0.0335441       0.0196121     0.5847          0.0230712        0.0418245        0.0474221        0.0618156        0.116794      0.1679        
0.01914   0.0365          0.0197732     0.5417          0.024168         0.041875         0.0496225        0.0616866        0.11317       0.1747        
0.02572   0.0385127       0.0200158     0.5197          0.0249154        0.0419221        0.0510842        0.0615434        0.190637      0.105         
0.03455   0.0397665       0.0203388     0.5115          0.0254047        0.0419916        0.0519823        0.0613921        0.163567      0.1243        
0.04642   0.0406101       0.0207364     0.5106          0.0257649        0.0420464        0.0525805        0.0612387        0.126953      0.1633        
0.06236   0.0416834       0.0212052     0.5087          0.0260106        0.0420782        0.0530536        0.0610899        0.347994      0.06094       
0.08377   0.0423266       0.0217519     0.5139          0.0262601        0.0420898        0.0533751        0.0609522        0.231136      0.09411       
0.1125    0.042603        0.0224005     0.5258          0.026488         0.0420854        0.0535126        0.0608312        0.15146       0.1479        
0.1512    0.042993        0.0232018     0.5397          0.0267657        0.0421352        0.053656         0.06073          0.140796      0.1648        
0.2031    0.0435369       0.0242469     0.5569          0.0271072        0.0422132        0.0537966        0.0606492        0.18654       0.13          
0.2728    0.0444007       0.0256941     0.5787          0.0275178        0.0423527        0.0539331        0.0605862        0.191791      0.134         
0.3665    0.0461799       0.0278188     0.6024          0.0281259        0.0425403        0.0542969        0.0605353        0.104942      0.2651        
0.4924    0.0494345       0.0311        0.6291          0.028996         0.0427623        0.0549869        0.0604894        0.315064      0.09871       
0.6615    0.0547259       0.0363596     0.6644          0.0300916        0.0429892        0.0559057        0.0604418        0.226414      0.1606        
0.8886    0.0633431       0.0449634     0.7098          0.031482         0.0432467        0.057149         0.0603896        0.141614      0.3175        
1.194     0.0778404       0.059058      0.7587          0.0332388        0.0435604        0.0590286        0.0603397        0.118823      0.497         
1.604     0.0932216       0.0817132     0.8765          0.0352841        0.043857         0.0578477        0.0603145        0.223195      0.3661        
2.1       0.135313        0.113063      0.8356          0.038144         0.0441459        0.0655776        0.0603506        0.330308      0.3423        
2.154     0.139609        0.116676      0.8357          0.038254         0.0441763        0.0662015        0.0603588        0.162525      0.7179        
2.463     0.165801        0.137574      0.8298          0.0399086        0.0443422        0.0699968        0.0604202        0.406767      0.3382        
2.826     0.195857        0.162665      0.8305          0.041755         0.0445378        0.0737849        0.0605224        0.257085      0.6327        
2.894     0.201324        0.167382      0.8314          0.042032         0.0445746        0.0744118        0.0605448        0.313242      0.5344        
3.189     0.225079        0.187843      0.8346          0.0434955        0.0447365        0.0770321        0.0606535        0.253269      0.7417        
3.553     0.253415        0.212748      0.8395          0.0452209        0.0449375        0.0799272        0.0608101        0.367409      0.579         
3.888     0.278677        0.235295      0.8443          0.0467038        0.0451229        0.0823521        0.0609747        0.269033      0.8746        
3.916     0.280997        0.237128      0.8439          0.0468144        0.0451383        0.0825516        0.060989         0.336906      0.7038        
4.279     0.307191        0.260815      0.849           0.04833          0.0453537        0.0849384        0.0611876        0.36553       0.7135        
4.642     0.332385        0.283701      0.8535          0.0498072        0.0455788        0.0871768        0.0614035        0.351858      0.8063        
5.005     0.356308        0.305723      0.858           0.0510988        0.0458241        0.0892585        0.0616345        0.376493      0.812         
5.223     0.370116        0.318518      0.8606          0.0518076        0.0459728        0.0904309        0.0617798        0.423357      0.7524        
5.368     0.379196        0.32685       0.862           0.052444         0.0460718        0.0912293        0.061879         0.428602      0.7626        
5.732     0.400899        0.347073      0.8657          0.0537872        0.04632          0.0930946        0.0621352        0.474152      0.732         
6.095     0.421586        0.366399      0.8691          0.0547885        0.0465689        0.0948513        0.0624019        0.528053      0.6939        
6.458     0.441204        0.384846      0.8723          0.0557501        0.0468183        0.0965019        0.0626778        0.480396      0.8011        
6.821     0.459794        0.402439      0.8753          0.0567022        0.0470683        0.0980839        0.0629619        0.510009      0.7891        
7.017     0.469482        0.411588      0.8767          0.0571531        0.0472034        0.0989157        0.0631183        0.488782      0.8421        
7.184     0.477537        0.419207      0.8779          0.0575345        0.0473187        0.0996065        0.0632532        0.454362      0.9226        
7.547     0.494331        0.435183      0.8803          0.0583027        0.0475696        0.101042         0.063551         0.575835      0.7557        
7.911     0.510251        0.450401      0.8827          0.059045         0.0478207        0.102407         0.0638545        0.582159      0.7737        
8.274     0.525333        0.464896      0.885           0.0597378        0.0480721        0.103715         0.0641631        0.503099      0.9241        
8.637     0.538426        0.478703      0.8891          0.0611797        0.0483236        0.105043         0.0644761        0.543378      0.881         
9         0.551995        0.491856      0.8911          0.0617752        0.0485752        0.106244         0.0647932        0.529504      0.9289        
9.427     0.567015        0.506521      0.8933          0.0624264        0.0488732        0.10758          0.0651702        0.536161      0.9447        
12.66     0.652448        0.594945      0.9119          0.0670413        0.0511851        0.115909         0.0681355        0.673039      0.884         
17.01     0.724166        0.670868      0.9264          0.0701088        0.0544233        0.123335         0.0722372        0.695011      0.9653        

Done.

===================================
Testing on folder: data/N=(3, 3)_4x3
===================================

=== Loading large system ED data ===
Large system Hilbert space dim: 4036

=== Building operator structure for large system (order=2) ===
  0.210559 seconds (1.58 M allocations: 77.623 MiB, 63.18% gc time)
Coordinate{2, Int64}[Coordinate(1, 1), Coordinate(1, 2), Coordinate(1, 3), Coordinate(2, 1), Coordinate(2, 2), Coordinate(2, 3), Coordinate(3, 1), Coordinate(3, 2), Coordinate(3, 3), Coordinate(4, 1), Coordinate(4, 2), Coordinate(4, 3)]
complete: 12.39%
complete: 24.78%
complete: 37.17%
complete: 49.57%
complete: 61.96%
complete: 74.35%
complete: 86.74%
complete: 99.13%
  3.275412 seconds (69.83 M allocations: 7.022 GiB, 29.69% gc time)

=== Evaluating adjoint_loss per U-index ===
U-va      Baseline loss   Pred loss     pred/baseline   MeanAbs Stored   MeanAbs Pred     RMS Stored       RMS Pred         Rand loss     pred/rand     
-----------------------------------------------------------------------------------------------------------------------------------------------------------
0.001     0.0197698       0.0297573     1.505           0.00381234       0.0217562        0.00924777       0.0342718        0.151523      0.1964        
0.001343  0.0322149       0.0299964     0.9311          0.00488037       0.0221035        0.0118382        0.0348059        0.134932      0.2223        
0.001805  0.0392461       0.0302883     0.7718          0.00539602       0.0224732        0.0130874        0.0353582        0.117472      0.2578        
0.002424  0.0472132       0.0306349     0.6489          0.00592947       0.0228694        0.01438          0.0359283        0.107737      0.2843        
0.003257  0.0588405       0.0310346     0.5274          0.00663808       0.0232753        0.0160957        0.0365154        0.107609      0.2884        
0.004375  0.0653028       0.0314781     0.482           0.00700405       0.0236934        0.0169803        0.0371181        0.175101      0.1798        
0.005878  0.0706062       0.0319443     0.4524          0.00729374       0.0241279        0.017678         0.0377338        0.227456      0.1404        
0.007897  0.0744468       0.0324035     0.4353          0.00749784       0.0245781        0.0181675        0.0383589        0.116469      0.2782        
0.01061   0.0770822       0.032825      0.4258          0.00763721       0.025042         0.0184978        0.0389889        0.147433      0.2226        
0.01425   0.0795352       0.0331832     0.4172          0.00776616       0.0255114        0.0188005        0.0396181        0.190551      0.1741        
0.01914   0.0823494       0.0334626     0.4063          0.00791341       0.025977         0.0191424        0.0402404        0.111194      0.3009        
0.02572   0.0843432       0.0336616     0.3991          0.00801863       0.0264294        0.0193801        0.0408494        0.132043      0.2549        
0.03455   0.0862013       0.0337995     0.3921          0.00811912       0.0268647        0.0195992        0.0414396        0.109259      0.3094        
0.04642   0.0876972       0.0339263     0.3869          0.00820438       0.0272965        0.0197718        0.042008         0.10362       0.3274        
0.06236   0.089232        0.0341365     0.3826          0.00829804       0.0277311        0.0199485        0.0425568        0.0984095     0.3469        
0.08377   0.0905177       0.0345829     0.3821          0.00840724       0.0281756        0.0201042        0.0430969        0.118106      0.2928        
0.1125    0.0915512       0.0354854     0.3876          0.00849591       0.0286497        0.020218         0.0436508        0.121457      0.2922        
0.1512    0.0926523       0.0371282     0.4007          0.00859703       0.0291593        0.0203321        0.0442555        0.136582      0.2718        
0.2031    0.093898        0.0398386     0.4243          0.00875536       0.0297542        0.0204712        0.0449639        0.148491      0.2683        
0.2728    0.0952505       0.043949      0.4614          0.00888271       0.030524         0.0205785        0.0458447        0.0924222     0.4755        
0.3665    0.0969209       0.0497613     0.5134          0.0090342        0.0315053        0.0206858        0.0469812        0.252826      0.1968        
0.4924    0.0990681       0.0575279     0.5807          0.00921778       0.0327653        0.0207886        0.0484698        0.186516      0.3084        
0.6615    0.103636        0.067461      0.6509          0.0095118        0.0343702        0.0210595        0.0504193        0.107318      0.6286        
0.8886    0.140887        0.079766      0.5662          0.0146417        0.0363826        0.02619          0.0529508        0.106181      0.7512        
1.194     0.159168        0.0946835     0.5949          0.0160587        0.0388804        0.0276978        0.0561998        0.141147      0.6708        
1.604     0.199501        0.112508      0.5639          0.0195198        0.0419774        0.0315014        0.060319         0.152257      0.7389        
2.1       0.247126        0.131613      0.5326          0.0229683        0.0454421        0.0353818        0.0649889        0.152534      0.8628        
2.154     0.25599         0.133577      0.5218          0.0237333        0.0458067        0.0362523        0.0654828        0.146135      0.9141        
2.463     0.284943        0.1443        0.5064          0.0255656        0.0478257        0.0383531        0.0682232        0.172711      0.8355        
2.826     0.313995        0.15612       0.4972          0.0271241        0.0501024        0.0401622        0.071326         0.23614       0.6611        
2.894     0.320998        0.158248      0.493           0.0275693        0.0505167        0.0406832        0.0718934        0.273457      0.5787        
3.189     0.342752        0.16722       0.4879          0.0286055        0.0522813        0.0419092        0.0743138        0.241866      0.6914        
3.553     0.371859        0.177707      0.4779          0.0301281        0.054382         0.0436948        0.0771994        0.172264      1.032         
3.888     0.391803        0.186928      0.4771          0.0308515        0.056259         0.0445809        0.0797842        0.238336      0.7843        
3.916     0.395454        0.187669      0.4746          0.0311152        0.056411         0.0448949        0.0799938        0.195012      0.9623        
4.279     0.421369        0.197175      0.4679          0.032364         0.0583747        0.0463831        0.0827059        0.246905      0.7986        
4.642     0.444456        0.206279      0.4641          0.0333908        0.0602796        0.0476186        0.0853433        0.254553      0.8104        
5.005     0.467113        0.215026      0.4603          0.0344362        0.0621313        0.0488659        0.0879122        0.301777      0.7125        
5.223     0.479896        0.220123      0.4587          0.0350074        0.0632195        0.0495543        0.0894244        0.292531      0.7525        
5.368     0.488957        0.223452      0.457           0.0354518        0.0639347        0.0500875        0.0904183        0.294927      0.7577        
5.732     0.509354        0.231587      0.4547          0.0364209        0.0656946        0.0512321        0.0928663        0.329949      0.7019        
6.095     0.526763        0.239455      0.4546          0.0371234        0.0674123        0.0520852        0.0952606        0.313825      0.763         
6.458     0.546577        0.247076      0.452           0.038135         0.0690947        0.0532903        0.0976046        0.312142      0.7916        
6.821     0.562136        0.254466      0.4527          0.0387654        0.0707428        0.0540641        0.0999018        0.315165      0.8074        
7.017     0.571236        0.258363      0.4523          0.0392043        0.071622         0.0545985        0.101123         0.342937      0.7534        
7.184     0.579231        0.261639      0.4517          0.0396238        0.072365         0.0551073        0.102155         0.294104      0.8896        
7.547     0.593143        0.268606      0.4529          0.0402077        0.0739575        0.0558221        0.104367         0.344499      0.7797        
7.911     0.610605        0.275378      0.451           0.0412399        0.0755228        0.0570494        0.106539         0.392347      0.7019        
8.274     0.623844        0.281963      0.452           0.0418645        0.0770617        0.0578144        0.108675         0.381364      0.7394        
8.637     0.636546        0.28837       0.453           0.042474         0.0785738        0.0585605        0.110776         0.425189      0.6782        
9         0.647482        0.294604      0.455           0.0429585        0.0800605        0.0591683        0.112843         0.485788      0.6064        
9.427     0.65899         0.301718      0.4578          0.0434327        0.0817769        0.0597659        0.115232         0.388327      0.777         
12.66     0.726115        0.349241      0.481           0.0460913        0.0938972        0.0631861        0.132149         0.486286      0.7182        
17.01     0.781457        0.400024      0.5119          0.0483792        0.108332         0.0662371        0.152315         0.506475      0.7898        

Done.

===================================
Testing on folder: data/N=(3, 3)_3x3
===================================

=== Loading large system ED data ===
Large system Hilbert space dim: 792

=== Building operator structure for large system (order=2) ===
  0.024594 seconds (497.93 k allocations: 24.346 MiB)
Coordinate{2, Int64}[Coordinate(1, 1), Coordinate(1, 2), Coordinate(1, 3), Coordinate(2, 1), Coordinate(2, 2), Coordinate(2, 3), Coordinate(3, 1), Coordinate(3, 2), Coordinate(3, 3)]
complete: 63.21%
  0.414681 seconds (6.06 M allocations: 627.543 MiB, 24.26% gc time)

=== Evaluating adjoint_loss per U-index ===
U-va      Baseline loss   Pred loss     pred/baseline   MeanAbs Stored   MeanAbs Pred     RMS Stored       RMS Pred         Rand loss     pred/rand     
-----------------------------------------------------------------------------------------------------------------------------------------------------------
0.001     0.0623859       0.000104362   0.001673        0.0267348        0.0270758        0.0445226        0.0449156        0.129644      0.000805      
0.001343  0.0627517       7.98763e-05   0.001273        0.0268318        0.027236         0.044682         0.0451481        0.271409      0.0002943     
0.001805  0.0630662       6.59956e-05   0.001046        0.0269135        0.0273846        0.0448164        0.0453567        0.372832      0.000177      
0.002424  0.0634619       5.87396e-05   0.0009256       0.0270037        0.027519         0.044966         0.0455464        0.249182      0.0002357     
0.003257  0.0638802       5.52085e-05   0.0008643       0.0271052        0.0276407        0.0451341        0.0457236        0.613391      9.001e-05     
0.004375  0.0642678       5.36679e-05   0.0008351       0.0272018        0.0277563        0.0452939        0.0458965        0.269076      0.0001995     
0.005878  0.0649643       5.33738e-05   0.0008216       0.0273667        0.0278703        0.0455614        0.0460743        0.25599       0.0002085     
0.007897  0.0654528       5.42396e-05   0.0008287       0.0274776        0.0279901        0.0457393        0.0462673        0.254549      0.0002131     
0.01061   0.0658902       5.64694e-05   0.000857        0.0275904        0.0281225        0.0459184        0.0464857        0.261474      0.000216      
0.01425   0.0665943       6.02161e-05   0.0009042       0.0277577        0.0282725        0.0461817        0.0467387        0.341674      0.0001762     
0.01914   0.0670802       6.53891e-05   0.0009748       0.0278731        0.0284459        0.0463681        0.0470343        0.26043       0.0002511     
0.02572   0.0676746       7.16919e-05   0.001059        0.0280163        0.0286456        0.0465946        0.0473777        0.28523       0.0002513     
0.03455   0.0686718       7.87726e-05   0.001147        0.0282588        0.0288743        0.0469764        0.0477716        0.236859      0.0003326     
0.04642   0.0699657       8.61663e-05   0.001232        0.0285744        0.0291333        0.0474692        0.0482151        0.20555       0.0004192     
0.06236   0.0711576       9.29518e-05   0.001306        0.0288677        0.029422         0.0479156        0.048704         0.358863      0.000259      
0.08377   0.0723554       9.75626e-05   0.001348        0.0291678        0.0297391        0.0483632        0.049231         0.215209      0.0004533     
0.1125    0.0737725       9.85078e-05   0.001335        0.0295203        0.0300874        0.048878         0.0497868        0.230756      0.0004269     
0.1512    0.0751156       9.60594e-05   0.001279        0.029874         0.0304728        0.049379         0.0503615        0.1856        0.0005176     
0.2031    0.0767236       9.37385e-05   0.001222        0.0302972        0.0309017        0.0499533        0.0509466        0.277589      0.0003377     
0.2728    0.0782121       9.8046e-05    0.001254        0.0306829        0.0313744        0.0504503        0.051539         0.27329       0.0003588     
0.3665    0.0798856       0.000116656   0.00146         0.0311122        0.031917         0.0510045        0.0521463        0.213115      0.0005474     
0.4924    0.0831029       0.000156916   0.001888        0.031956         0.032571         0.0520494        0.0527937        0.278403      0.0005636     
0.6615    0.0856771       0.000224653   0.002622        0.0326639        0.0334113        0.0528053        0.0535303        0.25657       0.0008756     
0.8886    0.0894633       0.000320439   0.003582        0.0336991        0.0344769        0.05385          0.0544344        0.487474      0.0006573     
1.194     0.0939308       0.000431188   0.00459         0.0348677        0.0358531        0.0548967        0.0556188        0.201116      0.002144      
1.604     0.100234        0.000520801   0.005196        0.0363347        0.0376008        0.0561852        0.0572328        0.321329      0.001621      
2.1       0.108908        0.000536745   0.004928        0.038199         0.039605         0.0579968        0.059238         0.36397       0.001475      
2.154     0.11025         0.000533499   0.004839        0.038467         0.0398187        0.0583295        0.0594606        0.470746      0.001133      
2.463     0.116825        0.000502289   0.004299        0.0397201        0.0410078        0.0596417        0.0607296        0.400252      0.001255      
2.826     0.124201        0.000449232   0.003617        0.04101          0.04236          0.0610112        0.0622311        0.311425      0.001443      
2.894     0.127451        0.00043871    0.003442        0.0415678        0.042608         0.0616903        0.0625124        0.437493      0.001003      
3.189     0.134265        0.000395323   0.002944        0.0426692        0.0436669        0.0629101        0.0637346        0.258776      0.001528      
3.553     0.142458        0.000355614   0.002496        0.0439259        0.0449316        0.0643325        0.0652344        0.203594      0.001747      
3.888     0.149788        0.000341689   0.002281        0.0449891        0.0460671        0.0655469        0.0666132        0.298591      0.001144      
3.916     0.151727        0.000341749   0.002252        0.0452762        0.0461593        0.065903         0.0667264        0.394645      0.000866      
4.279     0.160559        0.000361987   0.002255        0.0464961        0.047353         0.0673509        0.0682077        0.363359      0.0009962     
4.642     0.169389        0.00042174    0.00249         0.0476335        0.0485165        0.068702         0.0696762        0.36405       0.001158      
5.005     0.179088        0.000524179   0.002927        0.0488297        0.0496521        0.0701643        0.0711308        0.337988      0.001551      
5.223     0.185239        0.000606922   0.003276        0.0495922        0.0503218        0.0710968        0.0719973        0.436032      0.001392      
5.368     0.190621        0.000670919   0.00352         0.0502592        0.0507626        0.0719148        0.0725707        0.275445      0.002436      
5.732     0.200085        0.000862617   0.004311        0.0513705        0.0518506        0.0733098        0.0739954        0.307479      0.002805      
6.095     0.208012        0.00109941    0.005285        0.0522829        0.0529186        0.0744443        0.0754049        0.333397      0.003298      
6.458     0.217859        0.0013813     0.00634         0.0534778        0.0539672        0.0759811        0.0767989        0.274962      0.005024      
6.821     0.225186        0.00170841    0.007587        0.054312         0.0549958        0.0770497        0.0781778        0.428804      0.003984      
7.017     0.231397        0.00190378    0.008227        0.0550291        0.055543         0.0779509        0.0789156        0.555589      0.003427      
7.184     0.237461        0.00208099    0.008764        0.055743         0.0560055        0.0788545        0.0795415        0.376452      0.005528      
7.547     0.244801        0.00249974    0.01021         0.0565673        0.0569977        0.0799293        0.0808904        0.408295      0.006122      
7.911     0.252386        0.00296567    0.01175         0.0574133        0.0579743        0.0810323        0.0822249        0.406883      0.007289      
8.274     0.259803        0.00348013    0.0134          0.0582446        0.0589387        0.0821205        0.0835452        0.326135      0.01067       
8.637     0.266567        0.00404472    0.01517         0.0590245        0.0598884        0.0831343        0.0848517        0.660502      0.006124      
9         0.272905        0.00466134    0.01708         0.0598009        0.0608258        0.0841325        0.0861447        0.417518      0.01116       
9.427     0.280039        0.00545506    0.01948         0.0606203        0.0619115        0.0851391        0.087647         0.437122      0.01248       
12.66     0.313798        0.0142854     0.04552         0.0649034        0.0696643        0.0907568        0.0985117        0.464542      0.03075       
17.01     0.333531        0.0354642     0.1063          0.0679701        0.0790805        0.0950553        0.111884         0.514536      0.06892       

Done.

===================================
Testing on folder: data/N=(4, 4)_3x3_2
===================================

=== Loading large system ED data ===
Large system Hilbert space dim: 1764

=== Building operator structure for large system (order=2) ===
  0.024784 seconds (497.93 k allocations: 24.346 MiB)
Coordinate{2, Int64}[Coordinate(1, 1), Coordinate(1, 2), Coordinate(1, 3), Coordinate(2, 1), Coordinate(2, 2), Coordinate(2, 3), Coordinate(3, 1), Coordinate(3, 2), Coordinate(3, 3)]
complete: 28.36%
complete: 56.72%
complete: 85.08%
  0.642975 seconds (14.01 M allocations: 1.471 GiB, 18.65% gc time)

=== Evaluating adjoint_loss per U-index ===
U-va      Baseline loss   Pred loss     pred/baseline   MeanAbs Stored   MeanAbs Pred     RMS Stored       RMS Pred         Rand loss     pred/rand     
-----------------------------------------------------------------------------------------------------------------------------------------------------------
0.001     0.0698002       0.0468856     0.6717          0.0163201        0.0301259        0.024466         0.046274         0.589967      0.07947       
0.001343  0.139109        0.0455699     0.3276          0.0235168        0.0299288        0.0352549        0.0459787        0.520136      0.08761       
0.001805  0.158813        0.044203      0.2783          0.0252772        0.0297044        0.0378943        0.0456389        0.519175      0.08514       
0.002424  0.175232        0.0428174     0.2443          0.0266919        0.0294673        0.0400135        0.0452605        0.523387      0.08181       
0.003257  0.18799         0.0414471     0.2205          0.0277582        0.0292142        0.0416102        0.04485          0.431752      0.096         
0.004375  0.193371        0.0401236     0.2075          0.02821          0.0289437        0.0422858        0.0444136        0.757782      0.05295       
0.005878  0.204776        0.0388718     0.1898          0.0291445        0.0286569        0.0436827        0.0439571        0.410761      0.09463       
0.007897  0.218883        0.0377068     0.1723          0.0302781        0.0283598        0.0453774        0.0434859        0.646368      0.05834       
0.01061   0.229384        0.0366312     0.1597          0.0311133        0.0280539        0.0466203        0.0430054        0.527794      0.0694        
0.01425   0.238314        0.035636      0.1495          0.0318263        0.0277539        0.0476782        0.0425216        0.576862      0.06178       
0.01914   0.246331        0.034706      0.1409          0.0324547        0.0274556        0.0486086        0.0420409        0.62153       0.05584       
0.02572   0.252052        0.0338278     0.1342          0.032908         0.0271714        0.049268         0.0415701        0.540122      0.06263       
0.03455   0.256736        0.0329958     0.1285          0.0332912        0.0269005        0.0498151        0.0411167        0.476018      0.06932       
0.04642   0.261668        0.0322139     0.1231          0.0336951        0.0266482        0.0503846        0.0406877        0.577158      0.05581       
0.06236   0.266685        0.0314912     0.1181          0.0341043        0.0264223        0.0509534        0.0402898        0.41192       0.07645       
0.08377   0.271885        0.0308382     0.1134          0.0345446        0.0262286        0.0515513        0.0399279        0.516699      0.05968       
0.1125    0.276455        0.0302689     0.1095          0.0349509        0.0260702        0.0520818        0.0396054        0.590724      0.05124       
0.1512    0.281923        0.0298122     0.1057          0.035444         0.0259567        0.0527055        0.0393232        0.411126      0.07251       
0.2031    0.287052        0.0295376     0.1029          0.0359218        0.0258974        0.0532922        0.0390808        0.482047      0.06128       
0.2728    0.292977        0.0295972     0.101           0.036499         0.0258917        0.0539769        0.038876         0.488455      0.06059       
0.3665    0.299284        0.0302947     0.1012          0.0371131        0.0259393        0.0546674        0.0387065        0.559904      0.05411       
0.4924    0.308086        0.0321964     0.1045          0.0379522        0.026037         0.055632         0.0385708        0.618752      0.05203       
0.6615    0.316146        0.0363124     0.1149          0.039043         0.0261849        0.0564363        0.0384687        0.59294       0.06124       
0.8886    0.333019        0.0443843     0.1333          0.0409211        0.0263676        0.0581194        0.0384012        0.60566       0.07328       
1.194     0.370832        0.0592871     0.1599          0.0459031        0.0265825        0.0631734        0.0383708        0.403054      0.1471        
1.604     0.409518        0.0854159     0.2086          0.050765         0.0268201        0.0675934        0.0383842        0.478246      0.1786        
2.1       0.464788        0.123995      0.2668          0.0572649        0.0270705        0.0738662        0.0384451        0.626903      0.1978        
2.154     0.472553        0.128564      0.2721          0.0582009        0.0270964        0.0748581        0.0384539        0.613974      0.2094        
2.463     0.501744        0.155342      0.3096          0.0610513        0.0272383        0.0776473        0.0385097        0.631426      0.246         
2.826     0.540107        0.188083      0.3482          0.0650317        0.0273906        0.0817935        0.038587         0.59449       0.3164        
2.894     0.547282        0.194287      0.355           0.0657583        0.0274179        0.0826021        0.0386027        0.477328      0.407         
3.189     0.574079        0.2213        0.3855          0.0681242        0.0275328        0.085184         0.0386746        0.626082      0.3535        
3.553     0.605687        0.254262      0.4198          0.0711009        0.0276696        0.0885938        0.0387709        0.70303       0.3617        
3.888     0.631652        0.284012      0.4496          0.0732793        0.0277931        0.0912122        0.0388666        0.685603      0.4143        
3.916     0.634839        0.286422      0.4512          0.0736018        0.0278032        0.091626         0.0388748        0.641416      0.4465        
4.279     0.660796        0.317393      0.4803          0.076036         0.0279341        0.0946124        0.0389852        0.621868      0.5104        
4.642     0.68347         0.346923      0.5076          0.0780707        0.0280621        0.0971803        0.0391013        0.714686      0.4854        
5.005     0.703025        0.374867      0.5332          0.0799239        0.0281871        0.0995925        0.0392226        0.660699      0.5674        
5.223     0.714463        0.390856      0.5471          0.0810924        0.028261         0.101168         0.0392976        0.717225      0.545         
5.368     0.722226        0.40116       0.5554          0.0818275        0.02831          0.1022           0.0393483        0.737166      0.5442        
5.732     0.73817         0.425796      0.5768          0.08334          0.0284332        0.104349         0.0394782        0.66065       0.6445        
6.095     0.752426        0.44881       0.5965          0.0846879        0.0285548        0.106319         0.0396116        0.781695      0.5742        
6.458     0.765041        0.470265      0.6147          0.0859078        0.0286756        0.108149         0.0397482        0.807154      0.5826        
6.821     0.776452        0.490241      0.6314          0.0870875        0.028797         0.109986         0.0398878        0.687481      0.7131        
7.017     0.782472        0.500437      0.6396          0.0876978        0.0288626        0.110948         0.0399642        0.703457      0.7114        
7.184     0.787138        0.508825      0.6464          0.0882445        0.0289188        0.111783         0.0400299        0.793795      0.641         
7.547     0.796544        0.52611       0.6605          0.0892843        0.0290409        0.113279         0.0401744        0.815248      0.6453        
7.911     0.805022        0.54219       0.6735          0.0904969        0.0291626        0.114786         0.0403209        0.871693      0.622         
8.274     0.812729        0.557153      0.6855          0.0916265        0.0292839        0.11619          0.0404694        0.747682      0.7452        
8.637     0.819816        0.571086      0.6966          0.0927089        0.0294043        0.11753          0.0406195        0.829077      0.6888        
9         0.826574        0.584071      0.7066          0.0938601        0.0295241        0.118935         0.040771         0.838075      0.6969        
9.427     0.833462        0.598216      0.7177          0.0948544        0.0296644        0.120235         0.0409509        0.808085      0.7403        
12.66     0.863004        0.676343      0.7837          0.0991147        0.0307243        0.1263           0.0423555        0.838473      0.8066        
17.01     0.882648        0.734229      0.8318          0.102434         0.0321008        0.131409         0.044288         0.864831      0.849         

Done.

===================================
Testing on folder: data/N=(2, 2)_3x2
===================================

=== Loading large system ED data ===
Large system Hilbert space dim: 39

=== Building operator structure for large system (order=2) ===
  0.004590 seconds (94.18 k allocations: 4.623 MiB)
Coordinate{2, Int64}[Coordinate(1, 1), Coordinate(1, 2), Coordinate(2, 1), Coordinate(2, 2), Coordinate(3, 1), Coordinate(3, 2)]
  0.003024 seconds (93.00 k allocations: 9.709 MiB)

=== Evaluating adjoint_loss per U-index ===
U-va      Baseline loss   Pred loss     pred/baseline   MeanAbs Stored   MeanAbs Pred     RMS Stored       RMS Pred         Rand loss     pred/rand     
-----------------------------------------------------------------------------------------------------------------------------------------------------------
0.001     0.0226695       0.0140753     0.6209          0.0211056        0.0510855        0.0416874        0.079592         0.0962379     0.1463        
0.001343  0.0229485       0.0142809     0.6223          0.0212468        0.0522622        0.0419596        0.0814432        0.1009        0.1415        
0.001805  0.0233075       0.0145797     0.6255          0.0214171        0.0534903        0.0422917        0.0833663        0.130258      0.1119        
0.002424  0.0240283       0.0149448     0.622           0.0217558        0.0547419        0.0429634        0.0853603        0.12263       0.1219        
0.003257  0.0288629       0.0153465     0.5317          0.0239472        0.0560309        0.0472931        0.0874259        0.0531468     0.2888        
0.004375  0.0293654       0.0157678     0.5369          0.0241657        0.0573504        0.0477175        0.0895667        0.21702       0.07266       
0.005878  0.0307352       0.016205      0.5272          0.0247562        0.0586987        0.0488773        0.0917881        0.0669231     0.2421        
0.007897  0.0318009       0.0166592     0.5239          0.0252049        0.0600948        0.0497558        0.0940958        0.237224      0.07023       
0.01061   0.0358266       0.0171254     0.478           0.0268579        0.0615359        0.0530072        0.0964938        0.241463      0.07092       
0.01425   0.0372758       0.017585      0.4718          0.0274391        0.0630574        0.0541434        0.0989823        0.31978       0.05499       
0.01914   0.0391169       0.0180064     0.4603          0.0281608        0.0646085        0.055549         0.101556         0.125983      0.1429        
0.02572   0.0399937       0.0183529     0.4589          0.0285074        0.0662555        0.0562115        0.104202         0.0921718     0.1991        
0.03455   0.041274        0.0185947     0.4505          0.029013         0.0679868        0.057177         0.106904         0.233457      0.07965       
0.04642   0.0422337       0.0187142     0.4431          0.0294002        0.0697442        0.0578935        0.109642         0.153611      0.1218        
0.06236   0.0429615       0.0187036     0.4354          0.0297           0.0715219        0.0584155        0.112398         0.168974      0.1107        
0.08377   0.0437663       0.0185624     0.4241          0.0300513        0.073294         0.0590045        0.115171         0.109726      0.1692        
0.1125    0.0443791       0.0182971     0.4123          0.030333         0.0750646        0.0594393        0.117981         0.0857244     0.2134        
0.1512    0.0450406       0.0179233     0.3979          0.0306603        0.0769133        0.0599101        0.120889         0.0364132     0.4922        
0.2031    0.0458784       0.0174648     0.3807          0.0310658        0.0789099        0.0604734        0.124            0.162077      0.1078        
0.2728    0.0467126       0.0169507     0.3629          0.0314981        0.0811451        0.0610288        0.127471         0.13989       0.1212        
0.3665    0.0477807       0.0164105     0.3435          0.032038         0.0837952        0.0616687        0.131514         0.0894234     0.1835        
0.4924    0.0488856       0.0158714     0.3247          0.0325954        0.0871209        0.0622275        0.136391         0.042377      0.3745        
0.6615    0.0502372       0.0153585     0.3057          0.0332187        0.091303         0.0627869        0.142411         0.120353      0.1276        
0.8886    0.0812029       0.014906      0.1836          0.0347942        0.096682         0.0589234        0.149925         0.168029      0.08871       
1.194     0.0552035       0.0145954     0.2644          0.0348352        0.103861         0.0640566        0.159324         0.106113      0.1375        
1.604     0.0600282       0.0146496     0.244           0.0358754        0.113091         0.064839         0.171043         0.0976952     0.15          
2.1       0.067288        0.0154499     0.2296          0.0370427        0.123514         0.0658389        0.184184         0.067842      0.2277        
2.154     0.0686105       0.0155872     0.2272          0.0373226        0.124616         0.0662377        0.185568         0.100547      0.155         
2.463     0.073969        0.0165469     0.2237          0.0380161        0.130749         0.066951         0.19323          0.127473      0.1298        
2.826     0.0809195       0.0180533     0.2231          0.0388178        0.137695         0.0678635        0.201881         0.0937294     0.1926        
2.894     0.0827269       0.0183777     0.2221          0.0391347        0.138968         0.0683451        0.20346          0.189568      0.09695       
3.189     0.0889296       0.0199315     0.2241          0.0397699        0.144397         0.0691503        0.210193         0.328375      0.0607        
3.553     0.0970908       0.0221344     0.228           0.0405478        0.150858         0.0702005        0.218212         0.16809       0.1317        
3.888     0.10484         0.0244126     0.2329          0.0412031        0.156634         0.0711485        0.225392         0.0931494     0.2621        
3.916     0.103836        0.0246092     0.237           0.041769         0.157102         0.0721991        0.225974         0.151993      0.1619        
4.279     0.112551        0.0273025     0.2426          0.0425007        0.16315          0.0733177        0.23351          0.253116      0.1079        
4.642     0.121377        0.0301624     0.2485          0.0432093        0.169032         0.0744486        0.240843         0.199912      0.1509        
5.005     0.130359        0.0331405     0.2542          0.0438557        0.174821         0.0755429        0.247993         0.126425      0.2621        
5.223     0.132528        0.0349675     0.2638          0.0449754        0.178223         0.0775009        0.252207         0.128171      0.2728        
5.368     0.132205        0.0361936     0.2738          0.0467323        0.180473         0.0797622        0.254979         0.336816      0.1075        
5.732     0.140809        0.0392836     0.279           0.0474798        0.186006         0.0809299        0.261813         0.132934      0.2955        
6.095     0.149441        0.0423781     0.2836          0.0482139        0.191406         0.0821104        0.268509         0.108344      0.3911        
6.458     0.157406        0.0454503     0.2887          0.0491218        0.196682         0.0834853        0.275077         0.161099      0.2821        
6.821     0.165964        0.0484784     0.2921          0.0497836        0.201865         0.0846159        0.281525         0.200666      0.2416        
7.017     0.169475        0.0500879     0.2955          0.0505142        0.204618         0.0856391        0.284958         0.198364      0.2525        
7.184     0.171904        0.0514451     0.2993          0.0513193        0.206942         0.0867132        0.287861         0.136666      0.3764        
7.547     0.179187        0.0543374     0.3032          0.052197         0.211916         0.0880688        0.294092         0.166264      0.3268        
7.911     0.186993        0.0571461     0.3056          0.0528607        0.216803         0.0891823        0.300224         0.2283        0.2503        
8.274     0.193365        0.0598649     0.3096          0.0539408        0.22163          0.0907218        0.30626          0.257824      0.2322        
8.637     0.197973        0.0624904     0.3157          0.0555716        0.22637          0.0927926        0.312208         0.334058      0.1871        
9         0.204675        0.0650214     0.3177          0.0563158        0.231028         0.0939469        0.318069         0.350169      0.1857        
9.427     0.212317        0.0678756     0.3197          0.0571092        0.23644          0.0951978        0.324851         0.278697      0.2435        
12.66     0.264628        0.0860413     0.3251          0.0608851        0.27454          0.101932         0.37311          0.283745      0.3032        
17.01     0.314251        0.10675       0.3397          0.0642514        0.319561         0.108139         0.430924         0.356241      0.2997        

Done.

===================================
Testing on folder: data/N=(4, 4)_4x2
===================================

=== Loading large system ED data ===
Large system Hilbert space dim: 628

=== Building operator structure for large system (order=2) ===
  0.014814 seconds (306.52 k allocations: 14.963 MiB)
Coordinate{2, Int64}[Coordinate(1, 1), Coordinate(1, 2), Coordinate(2, 1), Coordinate(2, 2), Coordinate(3, 1), Coordinate(3, 2), Coordinate(4, 1), Coordinate(4, 2)]
complete: 79.74%
  0.329911 seconds (3.67 M allocations: 406.272 MiB, 31.10% gc time)

=== Evaluating adjoint_loss per U-index ===
U-va      Baseline loss   Pred loss     pred/baseline   MeanAbs Stored   MeanAbs Pred     RMS Stored       RMS Pred         Rand loss     pred/rand     
-----------------------------------------------------------------------------------------------------------------------------------------------------------
0.001     0.114709        0.0812261     0.7081          0.00923818       0.0334756        0.0249038        0.0470908        0.631243      0.1287        
0.001343  0.126496        0.0791274     0.6255          0.00975271       0.0334897        0.0262551        0.0471046        0.223811      0.3535        
0.001805  0.143674        0.0768587     0.535           0.0104385        0.0334836        0.0280828        0.0470845        0.812658      0.09458       
0.002424  0.15831         0.0744882     0.4705          0.0110067        0.0334437        0.0295989        0.047028         0.244008      0.3053        
0.003257  0.178131        0.072079      0.4046          0.0117336        0.0333622        0.0315526        0.0469338        0.31305       0.2302        
0.004375  0.233411        0.0697148     0.2987          0.013623         0.0332486        0.0366018        0.046802         0.464192      0.1502        
0.005878  0.255365        0.0675049     0.2643          0.0143311        0.0331092        0.0384945        0.0466347        0.376379      0.1794        
0.007897  0.273622        0.0655563     0.2396          0.0149125        0.0329688        0.0400494        0.0464363        0.888658      0.07377       
0.01061   0.29103         0.0639333     0.2197          0.0154865        0.0328167        0.0415389        0.0462138        0.854548      0.07482       
0.01425   0.309755        0.0626382     0.2022          0.0160558        0.0326625        0.0430845        0.0459758        0.530745      0.118         
0.01914   0.331664        0.0616222     0.1858          0.016715         0.0324927        0.0448631        0.0457317        0.339947      0.1813        
0.02572   0.352733        0.0608078     0.1724          0.0173626        0.0323351        0.0465583        0.0454903        0.31483       0.1931        
0.03455   0.37527         0.0601113     0.1602          0.0180372        0.032193         0.0482986        0.0452579        0.460281      0.1306        
0.04642   0.398816        0.0594668     0.1491          0.0187429        0.0320605        0.0501221        0.045038         0.288822      0.2059        
0.06236   0.424137        0.0588506     0.1388          0.0195032        0.0319387        0.0520465        0.0448315        0.249862      0.2355        
0.08377   0.449665        0.058301      0.1297          0.0202671        0.0318333        0.0539808        0.0446372        0.781643      0.07459       
0.1125    0.475265        0.0579256     0.1219          0.0210448        0.0317498        0.0559109        0.0444521        0.471909      0.1227        
0.1512    0.501415        0.057894      0.1155          0.0218662        0.0316928        0.0578815        0.0442718        0.547984      0.1056        
0.2031    0.529261        0.0584299     0.1104          0.0227399        0.0316504        0.0599138        0.0440909        0.266343      0.2194        
0.2728    0.557932        0.0598138     0.1072          0.0236676        0.0316359        0.061973         0.0439035        0.324794      0.1842        
0.3665    0.588135        0.0624132     0.1061          0.0246593        0.0316213        0.06408          0.043705         0.509465      0.1225        
0.4924    0.619596        0.0667614     0.1077          0.0256938        0.0316106        0.0662283        0.043493         0.557376      0.1198        
0.6615    0.654587        0.073711      0.1126          0.0268981        0.0315946        0.0685303        0.0432678        0.312136      0.2362        
0.8886    0.692842        0.0846974     0.1222          0.0283511        0.0315908        0.0710592        0.0430342        0.881592      0.09607       
1.194     0.743895        0.102117      0.1373          0.02956          0.0316005        0.0743332        0.0428034        0.220867      0.4623        
1.604     0.790545        0.129725      0.1641          0.032448         0.031627         0.0776459        0.0425952        0.329333      0.3939        
2.1       0.831507        0.168167      0.2022          0.036596         0.0316742        0.0811215        0.04245          0.357124      0.4709        
2.154     0.834454        0.172634      0.2069          0.0370562        0.0316818        0.081461         0.0424395        0.661874      0.2608        
2.463     0.854261        0.198623      0.2325          0.0394072        0.0317301        0.0833774        0.0423968        0.982604      0.2021        
2.826     0.87407         0.230131      0.2633          0.0418124        0.0318059        0.0854347        0.0423777        0.379773      0.606         
2.894     0.877289        0.236084      0.2691          0.0422467        0.0318213        0.0857801        0.0423773        0.87016       0.2713        
3.189     0.890972        0.261984      0.294           0.0439654        0.0318889        0.0872699        0.042386         0.500568      0.5234        
3.553     0.905741        0.293598      0.3242          0.0460637        0.0319742        0.0889777        0.0424167        0.360135      0.8152        
3.888     0.917911        0.322203      0.351           0.0478948        0.0320577        0.0904759        0.0424618        0.683472      0.4714        
3.916     0.918737        0.324524      0.3532          0.0480306        0.0320648        0.0905875        0.0424661        0.425939      0.7619        
4.279     0.93039         0.354434      0.381           0.0498759        0.0321633        0.0921507        0.0425311        0.481399      0.7363        
4.642     0.940531        0.383107      0.4073          0.0515855        0.0322659        0.0936766        0.0426092        0.603934      0.6344        
5.005     0.949394        0.410407      0.4323          0.053229         0.0323723        0.095165         0.0426987        0.501524      0.8183        
5.223     0.954115        0.426111      0.4466          0.0542831        0.0324396        0.0960309        0.0427572        0.607964      0.7009        
5.368     0.957018        0.436265      0.4559          0.0549547        0.0324853        0.0965982        0.0427979        0.523567      0.8333        
5.732     0.963529        0.460663      0.4781          0.0565588        0.0326007        0.0980265        0.0429054        0.523873      0.8793        
6.095     0.968991        0.483618      0.4991          0.0579919        0.0327191        0.0993688        0.0430203        0.569131      0.8497        
6.458     0.973605        0.505172      0.5189          0.0593349        0.0328408        0.100716         0.0431415        0.683825      0.7387        
6.821     0.977428        0.525383      0.5375          0.0605377        0.0329672        0.10198          0.0432683        0.612595      0.8576        
7.017     0.979188        0.535756      0.5471          0.061151         0.0330357        0.102644         0.0433387        0.748135      0.7161        
7.184     0.980593        0.54432       0.5551          0.0616704        0.0330947        0.103224         0.0433999        0.638447      0.8526        
7.547     0.983273        0.562055      0.5716          0.0627855        0.033224         0.104445         0.0435358        0.990912      0.5672        
7.911     0.985485        0.578663      0.5872          0.0638171        0.0333538        0.105639         0.0436755        0.703232      0.8229        
8.274     0.987339        0.594219      0.6018          0.0648351        0.0334847        0.106813         0.0438186        0.665886      0.8924        
8.637     0.988888        0.608794      0.6156          0.0658605        0.033618         0.107974         0.0439647        0.703907      0.8649        
9         0.990191        0.622457      0.6286          0.0668966        0.0337514        0.109128         0.0441134        0.853709      0.7291        
9.427     0.991473        0.637432      0.6429          0.0681087        0.033909         0.110484         0.0442911        0.970053      0.6571        
12.66     0.996579        0.721911      0.7244          0.100349         0.0351204        0.13483          0.0457098        0.93499       0.7721        
17.01     0.997687        0.786327      0.7881          0.102893         0.0367737        0.141835         0.0477025        0.871517      0.9023        

Done.

===================================
Testing on folder: data/N=(2, 2)_2x2
===================================

=== Loading large system ED data ===
Large system Hilbert space dim: 12

=== Building operator structure for large system (order=2) ===
  0.000959 seconds (17.94 k allocations: 896.242 KiB)
Coordinate{2, Int64}[Coordinate(1, 1), Coordinate(1, 2), Coordinate(2, 1), Coordinate(2, 2)]
  0.000850 seconds (10.42 k allocations: 1.036 MiB)

=== Evaluating adjoint_loss per U-index ===
U-va      Baseline loss   Pred loss     pred/baseline   MeanAbs Stored   MeanAbs Pred     RMS Stored       RMS Pred         Rand loss     pred/rand     
-----------------------------------------------------------------------------------------------------------------------------------------------------------
0.001     0.00279707      4.92005e-05   0.01759         0.07189          0.07166          0.100859         0.100211         0.257649      0.000191      
0.001343  0.00282467      3.14704e-05   0.01114         0.072272         0.0724056        0.101391         0.101456         0.118797      0.0002649     
0.001805  0.00283738      2.67817e-05   0.009439        0.072656         0.0730377        0.101922         0.102535         0.052957      0.0005057     
0.002424  0.00284357      2.81269e-05   0.009891        0.0729838        0.0735894        0.102374         0.103462         0.120073      0.0002342     
0.003257  0.00285617      3.03242e-05   0.01062         0.073231         0.0740653        0.102719         0.104256         0.107484      0.0002821     
0.004375  0.00287514      3.11523e-05   0.01084         0.0735753        0.0744913        0.103213         0.104935         0.177913      0.0001751     
0.005878  0.00287263      3.07718e-05   0.01071         0.0738673        0.0748884        0.103633         0.10552          0.190485      0.0001615     
0.007897  0.00289824      3.0357e-05    0.01047         0.0742464        0.0752709        0.104168         0.106033         0.182642      0.0001662     
0.01061   0.00290661      3.11783e-05   0.01073         0.0745643        0.0756452        0.10461          0.106499         0.236173      0.000132      
0.01425   0.00293886      3.42314e-05   0.01165         0.0749637        0.0760193        0.105173         0.106941         0.0553307     0.0006187     
0.01914   0.00296033      4.00976e-05   0.01354         0.0753832        0.0763992        0.105769         0.10738          0.520712      7.701e-05     
0.02572   0.00298495      4.90326e-05   0.01643         0.0757904        0.076772         0.10635          0.107832         0.165791      0.0002957     
0.03455   0.00301041      6.12669e-05   0.02035         0.0761276        0.0771389        0.106813         0.108311         0.137167      0.0004467     
0.04642   0.00304529      7.7031e-05    0.0253          0.0766156        0.0775224        0.107486         0.108824         0.20084       0.0003835     
0.06236   0.00305928      9.60109e-05   0.03138         0.0770559        0.0779103        0.108101         0.10938          0.0937263     0.001024      
0.08377   0.00307782      0.000116824   0.03796         0.0775965        0.0783092        0.108843         0.109981         0.252672      0.0004624     
0.1125    0.00310541      0.000137381   0.04424         0.0780772        0.0787259        0.109521         0.110629         0.324806      0.000423      
0.1512    0.00313259      0.000156262   0.04988         0.078601         0.0791616        0.110252         0.11132          0.211161      0.00074       
0.2031    0.00316028      0.000174382   0.05518         0.0792041        0.0796623        0.110976         0.112043         0.444361      0.0003924     
0.2728    0.00319146      0.000195852   0.06137         0.0800546        0.080535         0.111745         0.112784         0.0980058     0.001998      
0.3665    0.00326224      0.00022738    0.0697          0.0811392        0.0815816        0.112621         0.11353          0.158069      0.001438      
0.4924    0.00332931      0.00027634    0.083           0.0821881        0.0828803        0.113288         0.114275         0.128969      0.002143      
0.6615    0.00345437      0.00034768    0.1006          0.0834148        0.0844575        0.11399          0.115033         0.124551      0.002791      
0.8886    0.0036252       0.000440355   0.1215          0.0851497        0.0864596        0.114874         0.115852         0.128921      0.003416      
1.194     0.00392706      0.000544292   0.1386          0.0873505        0.088754         0.115922         0.116828         0.173159      0.003143      
1.604     0.0044154       0.000638077   0.1445          0.0901884        0.0914115        0.117527         0.118119         0.187701      0.003399      
2.1       0.00510333      0.000685559   0.1343          0.0933042        0.0942088        0.119502         0.119755         0.209345      0.003275      
2.154     0.00517173      0.000686889   0.1328          0.0937835        0.0944948        0.119934         0.11994          0.175478      0.003914      
2.463     0.00566395      0.000682046   0.1204          0.0956352        0.0960539        0.121274         0.121008         0.282239      0.002417      
2.826     0.00627537      0.000653604   0.1042          0.0976215        0.0977701        0.122775         0.122299         0.139735      0.004677      
2.894     0.0064074       0.000646082   0.1008          0.0980374        0.0980789        0.123118         0.122544         0.437132      0.001478      
3.189     0.00693255      0.000607395   0.08761         0.0995853        0.099381         0.124373         0.123618         0.214726      0.002829      
3.553     0.00761917      0.000550881   0.0723          0.101346         0.100904         0.125852         0.124956         0.29117       0.001892      
3.888     0.00828145      0.000496062   0.0599          0.102857         0.102245         0.127164         0.126202         0.281398      0.001763      
3.916     0.00831649      0.000491627   0.05911         0.103107         0.102353         0.127471         0.126305         0.465048      0.001057      
4.279     0.00898658      0.000437123   0.04864         0.104646         0.103738         0.128888         0.12766          0.105903      0.004128      
4.642     0.00972263      0.000394625   0.04059         0.106115         0.105066         0.130277         0.129017         0.182093      0.002167      
5.005     0.0104199       0.000371015   0.03561         0.107487         0.106345         0.131657         0.130372         0.159232      0.00233       
5.223     0.0108704       0.000368605   0.03391         0.10828          0.107091         0.132487         0.131183         0.201298      0.001831      
5.368     0.0111361       0.000372706   0.03347         0.108847         0.107579         0.133082         0.131721         0.21706       0.001717      
5.732     0.0118757       0.000405553   0.03415         0.110059         0.108774         0.134379         0.133064         0.204704      0.001981      
6.095     0.0126271       0.000474803   0.0376          0.111282         0.109933         0.135714         0.134398         0.212685      0.002232      
6.458     0.0133615       0.000585109   0.04379         0.112441         0.11106          0.137033         0.135722         0.459217      0.001274      
6.821     0.0140688       0.000740481   0.05263         0.113483         0.112157         0.138266         0.137036         0.236567      0.00313       
7.017     0.0145259       0.00084428    0.05812         0.114083         0.112738         0.138985         0.137741         0.300934      0.002806      
7.184     0.0149466       0.000944347   0.06318         0.114349         0.113227         0.139329         0.13834          0.260626      0.003623      
7.547     0.015581        0.00119955    0.07699         0.115297         0.114272         0.140517         0.139631         0.305176      0.003931      
7.911     0.016303        0.00150843    0.09252         0.116113         0.115293         0.141565         0.140911         0.228885      0.00659       
8.274     0.0168892       0.00187283    0.1109          0.116967         0.116293         0.142693         0.14218          0.469437      0.00399       
8.637     0.0175461       0.00229414    0.1307          0.117766         0.117273         0.143767         0.143436         0.329719      0.006958      
9         0.0180945       0.00277341    0.1533          0.118689         0.118234         0.14501          0.14468          0.397623      0.006975      
9.427     0.0188126       0.00341143    0.1813          0.11941          0.119341         0.146067         0.146128         0.201734      0.01691       
12.66     0.0229755       0.0108823     0.4736          0.123938         0.127091         0.153639         0.1566           0.359768      0.03025       
17.01     0.0266662       0.0276412     1.037           0.127089         0.136211         0.160719         0.169438         0.363396      0.07606       

Done.
