Submitting: opt_n44_random_u25_overlap
Submitted batch job 294416
Submitting: opt_n44_nn_2x2_u25_overlap
Submitted batch job 294417
Submitting: opt_n44_nn_pure_mild_u25_overlap
Submitted batch job 294418
Submitting: opt_n44_random_u25_energy
Submitted batch job 294419
Submitting: opt_n44_nn_2x2_u25_energy
Submitted batch job 294420
Submitting: opt_n44_nn_pure_mild_u25_energy
Submitted batch job 294421
Submitting: opt_n44_random_u39_overlap
Submitted batch job 294422
Submitting: opt_n44_nn_2x2_u39_overlap
Submitted batch job 294423
Submitting: opt_n44_nn_pure_mild_u39_overlap
Submitted batch job 294424
Submitting: opt_n44_random_u39_energy
Submitted batch job 294425
Submitting: opt_n44_nn_2x2_u39_energy
Submitted batch job 294426
Submitting: opt_n44_nn_pure_mild_u39_energy
Submitted batch job 294428
Submitting: opt_n44_random_u49_overlap
Submitted batch job 294429
Submitting: opt_n44_nn_2x2_u49_overlap
Submitted batch job 294435
Submitting: opt_n44_nn_pure_mild_u49_overlap
Submitted batch job 294436
Submitting: opt_n44_random_u49_energy
Submitted batch job 294438
Submitting: opt_n44_nn_2x2_u49_energy
Submitted batch job 294439
Submitting: opt_n44_nn_pure_mild_u49_energy
Submitted batch job 294440
Submitting: opt_n44_random_u53_overlap
Submitted batch job 294441
Submitting: opt_n44_nn_2x2_u53_overlap
Submitted batch job 294442
Submitting: opt_n44_nn_pure_mild_u53_overlap
Submitted batch job 294443
Submitting: opt_n44_random_u53_energy
Submitted batch job 294444
Submitting: opt_n44_nn_2x2_u53_energy
Submitted batch job 294445
Submitting: opt_n44_nn_pure_mild_u53_energy
Submitted batch job 294446
All 24 N=(4, 4)_3x3 jobs submitted successfully!
