magnitude: 0.14020807860129986
learning rate: 0.028041615720259972
  0.452682 seconds (241.07 k allocations: 11.422 MiB, 99.97% compilation time)
  0.700542 seconds (1.88 M allocations: 225.544 MiB, 9.72% gc time, 68.13% compilation time)
0.3251770653603695
0.3251770653603695
0.541811041952881
0.5418110419528808
0.2865055227115465
0.2865055227115465
0.28220310732945664
0.28220310732945664
0.2810069674530642
0.2810069674530642
0.28065898979616044
0.28065898979616044
0.28052868251146645
0.28052868251146645
0.28047691176460265
0.28047691176460265
0.2804326978289282
0.2804326978289282
0.28043062100104055
0.28043062100104055
0.28041775773566424
0.28041775773566424
0.2804171038469444
0.2804171038469444
0.28041651258127576
0.28041651258127576
0.28041630634001014
0.28041630634001014
0.2804162003208477
0.2804162003208477
0.280416180898845
0.280416180898845
0.2804161683518288
0.2804161683518288
0.28041615998157665
0.28041615998157665
0.28041616443416795
0.28041616443416795
0.2804161585479702
0.2804161585479702
2443.297085 seconds (54.06 M allocations: 161.463 GiB, 0.68% gc time, 1.10% compilation time)
Finished order 1
loss std: 0.05867303144769316
magnitude: 0.1402080792739851
learning rate: 0.02804161585479702
  0.002578 seconds (17.73 k allocations: 1.701 MiB)
  3.915684 seconds (45.39 M allocations: 4.674 GiB, 11.49% gc time)
0.6388635225795392
0.6388635225795394
0.49162414944392974
0.49162414944392985
0.20276879588108843
0.20276879588108843
0.108852619314048
0.108852619314048
0.05107739024587177
0.05107739024587177
0.026091449889948937
0.026091449889948937
0.015910352738768285
0.015910352738768285
0.010115571641439614
0.010115571641439614
0.007227254248769133
0.007227254248769355
0.005197922590494564
0.005197922590494786
0.00445053670283313
0.004450536702832908
0.0029983599407565897
0.0029983599407568118
0.0026429592403941493
0.0026429592403941493
0.0020356927421473214
0.0020356927421473214
0.0017523627197719716
0.0017523627197721936
0.0012811542552365607
0.0012811542552365607
0.0011204911373837723
0.0011204911373837723
0.00095577422180948
0.00095577422180948
0.0007379803472855606
0.0007379803472855606
0.0008124927807175997
0.0008124927807175997
0.0006261969776595322
0.0006261969776595322
0.0005153239014732414
0.0005153239014734634
0.00045041151629088283
0.0004504115162911049
0.0003847707589847982
0.0003847707589850202
0.00038848608533215145
0.0003884860853319294
0.0003507535839772924
0.0003507535839772924
0.0003102147703502034
0.0003102147703502034
0.0002780543178726447
0.0002780543178726447
0.0002494191505945098
0.0002494191505945098
0.00022115940424749514
0.00022115940424749514
0.00019894255588093213
0.00019894255588071008
0.00018141872398458325
0.00018141872398458325
0.00016780969181229288
0.00016780969181207084
0.00015829804209221976
0.00015829804209221976
0.0001384687917524996
0.00013846879175272164
0.0001341388366808971
0.0001341388366808971
0.00012005958732042021
0.00012005958732042021
0.00011209703577319541
0.00011209703577319541
0.00010387092002539511
0.00010387092002517306
9.140588308365061e-5
9.140588308365061e-5
0.00011336336906686562
0.00011336336906686562
8.556418142235955e-5
8.556418142235955e-5
7.483315883283215e-5
7.483315883283215e-5
6.859998536101752e-5
6.859998536146161e-5
6.070882259046062e-5
6.070882259046062e-5
5.9870718224330766e-5
5.9870718224330766e-5
5.252293262270058e-5
5.252293262270058e-5
4.96101053150122e-5
4.961010531523424e-5
4.5835963870533014e-5
4.5835963870533014e-5
4.172987338002532e-5
4.172987337980327e-5
3.837917373794575e-5
3.837917373794575e-5
3.579643364270968e-5
3.579643364270968e-5
3.3814248771801836e-5
3.381424877157979e-5
3.2061412627570895e-5
3.206141262734885e-5
3.0369486967884995e-5
3.036948696810704e-5
2.867163167341591e-5
2.8671631673637954e-5
2.78684563739251e-5
2.78684563739251e-5
2.6797750423912525e-5
2.6797750423912525e-5
2.650952772564885e-5
2.650952772564885e-5
2.4893754707489002e-5
2.4893754707266957e-5
2.442892169951527e-5
2.442892169951527e-5
2.3780308133214412e-5
2.3780308133436456e-5
2.2857925312202987e-5
2.2857925312202987e-5
2.3197404374175612e-5
2.3197404374175612e-5
2.2270504686283665e-5
2.2270504686283665e-5
2.1511308584742928e-5
2.1511308584742928e-5
2.0927240161117133e-5
2.0927240161117133e-5
2.0146625016814745e-5
2.014662501703679e-5
1.9600622112481147e-5
1.9600622112703192e-5
1.885574352589181e-5
1.885574352589181e-5
1.8350874185557586e-5
1.8350874185557586e-5
1.7908750710948773e-5
1.7908750710948773e-5
1.7353714263812492e-5
1.7353714263812492e-5
1.6672670808737244e-5
1.6672670808737244e-5
1.6351437854833506e-5
1.6351437854833506e-5
1.5941862169466248e-5
1.5941862169688292e-5
1.5565480166013224e-5
1.5565480165569134e-5
1.5160720480689172e-5
1.5160720480689172e-5
1.4907893247873005e-5
1.4907893247873005e-5
1.4653109497442252e-5
1.4653109497442252e-5
1.4407568096452827e-5
1.4407568096452827e-5
1.4135189145392246e-5
1.4135189145392246e-5
1.4004100653552953e-5
1.4004100653552953e-5
1.3750562242953457e-5
1.3750562242953457e-5
1.3650359738659468e-5
1.3650359738659468e-5
1.3455791757932545e-5
1.34557917577105e-5
1.3273216402431842e-5
1.3273216402431842e-5
1.304320377570889e-5
1.3043203775930934e-5
1.2848109509855377e-5
1.2848109510077421e-5
1.2615113121117183e-5
1.2615113121117183e-5
1.2433109220721938e-5
1.2433109220721938e-5
1.2302103427286326e-5
1.2302103427286326e-5
1.2034604043087427e-5
1.2034604043309471e-5
1.191026952496177e-5
1.191026952496177e-5
1.1750602410542932e-5
1.1750602410764976e-5
1.151576374835983e-5
1.151576374835983e-5
1.1402284836981025e-5
1.1402284836981025e-5
1.1273870517136686e-5
1.1273870517136686e-5
1.1107065107429648e-5
1.1107065107429648e-5
1.1008405383705622e-5
1.1008405383483577e-5
1.0802865241577031e-5
1.0802865241354986e-5
1.068221974653838e-5
1.0682219746316335e-5
1.058441824941525e-5
1.058441824941525e-5
1.052093015052602e-5
1.0520930150303975e-5
1.0422994521919193e-5
1.0422994522363282e-5
1.0304347169753925e-5
1.0304347169753925e-5
1.0193245565393028e-5
1.0193245565393028e-5
1.0122131073764251e-5
1.0122131073764251e-5
1.0039386037941078e-5
1.0039386037941078e-5
9.952261563528353e-6
9.952261563750397e-6
9.865204026460184e-6
9.865204026460184e-6
9.784047771521642e-6
9.784047771521642e-6
9.705505183976726e-6
9.705505183754681e-6
9.60234545421823e-6
9.602345453996186e-6
9.499352643382863e-6
9.499352643382863e-6
9.392723562928751e-6
9.392723562928751e-6
9.30819562561247e-6
9.30819562561247e-6
9.2018233120994e-6
9.2018233120994e-6
9.068576328763456e-6
9.068576328763456e-6
8.966207570182405e-6
8.966207570182405e-6
8.873567586054065e-6
8.87356758583202e-6
8.68916197349634e-6
8.68916197349634e-6
8.595334642591546e-6
8.595334642591546e-6
8.470422329320826e-6
8.470422329320826e-6
8.28572463773547e-6
8.28572463773547e-6
8.172397528372066e-6
8.172397528150022e-6
8.01671435590734e-6
8.01671435590734e-6
7.79998470978871e-6
7.79998470978871e-6
7.713858226621184e-6
7.713858226621184e-6
7.577430119809492e-6
7.577430119587447e-6
7.463064546353593e-6
7.463064546353593e-6
7.3161904627916385e-6
7.3161904627916385e-6
7.1784753791215294e-6
7.1784753791215294e-6
7.069792764990979e-6
7.069792764990979e-6
6.9571967249437705e-6
6.9571967249437705e-6
6.8518099815007005e-6
6.8518099815007005e-6
6.744496814037326e-6
6.744496813815282e-6
6.647616250465838e-6
6.647616250465838e-6
6.526045633448163e-6
6.526045633448163e-6
6.4251601011866555e-6
6.4251601011866555e-6
6.339681115519191e-6
6.3396811159632804e-6
6.243850612985824e-6
6.243850612985824e-6
6.156381663124932e-6
6.156381663124932e-6
6.086348130485142e-6
6.086348130485142e-6
6.001234156172153e-6
6.001234156172153e-6
5.912642929151168e-6
5.912642929373213e-6
5.81586582415472e-6
5.81586582415472e-6
5.737717994058755e-6
5.737717994058755e-6
5.679719557893925e-6
5.679719557893925e-6
5.584238461642244e-6
5.584238461642244e-6
5.559480651173843e-6
5.559480651173843e-6
5.444491838368926e-6
5.444491838368926e-6
5.400621601703293e-6
5.400621601703293e-6
5.354537812363169e-6
5.354537812363169e-6
5.285219934481056e-6
5.285219934481056e-6
5.281610664598091e-6
5.2816106648201355e-6
5.230956745982951e-6
5.230956745982951e-6
5.14575753063351e-6
5.14575753063351e-6
5.091387798916713e-6
5.091387798694669e-6
5.03378987104508e-6
5.03378987104508e-6
4.995625455195274e-6
4.995625455195274e-6
4.9417297139919825e-6
4.941729714214027e-6
4.886680468718652e-6
4.886680468718652e-6
4.8442224752642815e-6
4.8442224752642815e-6
4.77269404741687e-6
4.772694047194825e-6
4.7097708772980695e-6
4.7097708772980695e-6
4.6697739282119954e-6
4.6697739282119954e-6
4.608059594013447e-6
4.608059594013447e-6
4.56957422512172e-6
4.56957422512172e-6
4.521003670321377e-6
4.521003670543422e-6
4.466120387847106e-6
4.466120387847106e-6
4.429164572439248e-6
4.429164572439248e-6
4.379438868773455e-6
4.379438868773455e-6
4.315327870596519e-6
4.315327870374475e-6
4.2550249873540835e-6
4.2550249873540835e-6
4.227482175989117e-6
4.227482175989117e-6
4.178041873248439e-6
4.178041873248439e-6
4.1579983042216995e-6
4.1579983042216995e-6
4.1183580132830855e-6
4.118358013727175e-6
4.091500160008366e-6
4.091500159786321e-6
4.068935729684142e-6
4.068935729684142e-6
4.022786670998535e-6
4.022786670998535e-6
4.058334987289136e-6
4.0583349870670915e-6
3.9969304189702015e-6
3.9969304189702015e-6
3.9588656023381574e-6
3.9588656023381574e-6
3.9261803388424e-6
3.926180338620355e-6
3.890086024305184e-6
3.890086024305184e-6
3.854284571280786e-6
3.854284571724875e-6
3.8251214351525675e-6
3.8251214351525675e-6
3.78930917144249e-6
3.78930917144249e-6
3.756594587289719e-6
3.7565945870676742e-6
3.720953380415004e-6
3.7209533806370487e-6
3.676146317577178e-6
3.6761463173551334e-6
3.64383134032753e-6
3.64383134032753e-6
3.5895328456270192e-6
3.5895328456270192e-6
3.5464874054147444e-6
3.546487405636789e-6
3.509872389950708e-6
3.509872389950708e-6
3.458355965713089e-6
3.4583559654910445e-6
3.420672538667624e-6
3.4206725384455794e-6
3.378126087416611e-6
3.378126087194566e-6
3.335066222853733e-6
3.335066222853733e-6
3.304550250993188e-6
3.304550250993188e-6
3.2558219812406364e-6
3.2558219812406364e-6
3.2180333057185706e-6
3.218033305940615e-6
3.1850498256602577e-6
3.1850498256602577e-6
3.147877239206842e-6
3.147877239206842e-6
3.111079477924328e-6
3.1110794781463724e-6
55714.268057 seconds (1.07 G allocations: 122.657 TiB, 9.04% gc time, 0.01% compilation time)
Finished order 2
loss std: 2.394835148905226e-7
4
