magnitude: 0.5
learning rate: 0.1
  0.494389 seconds (241.07 k allocations: 11.422 MiB, 99.97% compilation time)
  0.620241 seconds (1.17 M allocations: 135.262 MiB, 10.13% gc time, 74.40% compilation time)
0.9990668325301975
0.9990668325301975
0.9769402829903253
0.9769402829903253
0.9947120992798599
0.9947120992798599
0.9936506230292327
0.9936506230292327
0.9959484136978255
0.9959484136978256
0.9983339819100779
0.9983339819100779
0.9906635994625695
0.9906635994625697
0.9930685197909684
0.9930685197909684
0.9800967305288896
0.9800967305288896
0.9992564802935543
0.9992564802935543
0.9801292203062407
0.9801292203062407
0.9791639763202048
0.9791639763202048
0.9825444633368147
0.9825444633368147
0.9734122355748762
0.9734122355748762
0.9612469645712642
0.9612469645712642
0.9442533495961783
0.9442533495961783
0.9194741869531955
0.9194741869531954
0.9500523858252163
0.9500523858252163
0.9032845418730211
0.9032845418730211
0.9205389975685334
0.9205389975685334
0.8965170091127234
0.8965170091127233
0.8872434709789556
0.8872434709789555
0.8822204943657626
0.8822204943657626
0.8689524902139909
0.8689524902139909
0.8644883925214969
0.8644883925214968
0.8577043140398654
0.8577043140398654
0.8512749852711302
0.8512749852711303
0.8503575671157774
0.8503575671157774
0.8477714123239045
0.8477714123239045
0.8439961175713506
0.8439961175713506
0.8414643793956147
0.8414643793956147
0.8377782196147101
0.8377782196147101
0.8331024681225805
0.8331024681225805
0.8295201496817067
0.8295201496817067
0.828787135730874
0.8287871357308741
0.8232699027070263
0.8232699027070263
0.8204718337095549
0.8204718337095549
0.8143302156216419
0.8143302156216419
0.8065560782513166
0.8065560782513166
0.797489853374207
0.797489853374207
0.7895118268175575
0.7895118268175575
0.8116652688162177
0.8116652688162176
0.7872605562047488
0.7872605562047487
0.7828278038446281
0.7828278038446281
0.7790991006815841
0.7790991006815842
0.7718504247308253
0.7718504247308253
0.7649821211567274
0.7649821211567274
0.7539808151507421
0.753980815150742
0.7438532051840334
0.7438532051840334
0.7414958704965935
0.7414958704965935
0.7342584965588561
0.734258496558856
0.7311055296617701
0.7311055296617701
0.7274428094692071
0.7274428094692071
0.7207687471740348
0.7207687471740348
0.7171802071037315
0.7171802071037316
0.7125226332692873
0.7125226332692873
0.7097272956740437
0.7097272956740436
0.7046352514271983
0.7046352514271986
0.6960523612449979
0.6960523612449978
0.690047181529734
0.6900471815297341
0.6855946463091287
0.6855946463091286
0.6802258593216299
0.6802258593216298
0.6773314844960128
0.6773314844960128
0.6748810848528104
0.6748810848528106
0.6712254796688735
0.6712254796688737
0.6654560642622339
0.665456064262234
0.6613814771978299
0.6613814771978301
0.6578548903890487
0.6578548903890487
0.6589210540903078
0.6589210540903078
0.6549544779980117
0.6549544779980117
0.652087604382938
0.652087604382938
0.6497852651109062
0.6497852651109063
0.6482129686981959
0.6482129686981961
0.6465460883399806
0.6465460883399805
0.644817147429728
0.644817147429728
0.643175619960734
0.6431756199607339
0.6421079432395103
0.6421079432395101
0.640112949744591
0.640112949744591
0.6383867721652415
0.6383867721652414
0.6369418404750335
0.6369418404750339
0.6355753056213189
0.6355753056213189
0.6349160926867943
0.6349160926867942
0.6342816828868283
0.6342816828868285
0.633773357266806
0.633773357266806
0.6327465137282934
0.6327465137282936
0.6319129150716962
0.6319129150716961
0.6312036037493016
0.6312036037493016
0.6302010945169958
0.6302010945169957
0.6290732564489537
0.6290732564489536
0.628854113233617
0.628854113233617
0.6279366982144743
0.6279366982144744
0.6277027823692007
0.6277027823692007
0.6273390752829628
0.6273390752829633
0.6266648406447717
0.6266648406447717
0.6263116497128012
0.626311649712801
0.6255347232256683
0.6255347232256685
0.625201177755158
0.6252011777551579
0.6247908834283731
0.6247908834283733
0.6242826475629679
0.6242826475629678
0.6236815269797238
0.6236815269797238
0.6232078829492477
0.6232078829492478
0.6228325649752775
0.6228325649752777
0.6223976278266825
0.6223976278266825
0.6221183136143134
0.6221183136143134
0.621440118815981
0.6214401188159813
0.6211539103485659
0.621153910348566
0.6208445980575005
0.6208445980575003
0.6205576284341051
0.620557628434105
0.6203358607416354
0.6203358607416356
0.6200608060340234
0.6200608060340231
0.6196525042038623
0.6196525042038625
0.6192213648023314
0.6192213648023317
0.6190765892349961
0.6190765892349961
0.6185626972397174
0.6185626972397174
0.6184349375724181
0.6184349375724181
0.6181772440526144
0.6181772440526143
0.6177109129421811
0.6177109129421811
0.6172770665368466
0.6172770665368466
0.6169012443917716
0.6169012443917714
0.6165980261652267
0.6165980261652271
0.6165811488662425
0.6165811488662425
0.6163744041041868
0.6163744041041868
0.6161267644502317
0.6161267644502315
0.615832755040851
0.615832755040851
0.6156060353191346
0.6156060353191346
0.6153809314930417
0.6153809314930418
0.615219351010778
0.6152193510107782
0.615078980613164
0.615078980613164
0.6148516349778641
0.6148516349778639
0.6148851553609777
0.6148851553609775
0.6147434466592114
0.6147434466592113
0.6146076370976885
0.6146076370976886
0.6145258661586172
0.6145258661586173
0.61441963435089
0.61441963435089
0.6142377085238074
0.6142377085238075
0.6143127050663791
0.6143127050663791
0.6141403020388083
0.6141403020388085
0.6140104131240981
0.614010413124098
0.6139417694790797
0.6139417694790799
0.6138609122672155
0.6138609122672154
0.6137481252562698
0.6137481252562698
0.6136555374913193
0.6136555374913193
0.6135662351641442
0.613566235164144
0.6135324219057467
0.6135324219057467
0.6134965548722242
0.6134965548722243
0.6134533980264607
0.6134533980264607
0.6134161073428273
0.6134161073428273
0.6133905400022612
0.613390540002261
0.6133684737065228
0.6133684737065229
0.6133484882542388
0.6133484882542388
0.6133370374404116
0.6133370374404117
0.6133111660557127
0.6133111660557127
0.6132995743453298
0.6132995743453296
0.613283870624318
0.6132838706243182
0.6132733900585867
0.6132733900585869
0.6132616008253036
0.6132616008253037
0.6132515523916844
0.6132515523916844
0.613245095489022
0.6132450954890218
0.613250140739731
0.613250140739731
0.6132412131858944
0.6132412131858944
0.6132358930888132
0.6132358930888131
0.6132320436654645
0.6132320436654645
0.6132270790519687
0.6132270790519689
0.6132216764532267
0.6132216764532267
0.6132165870614591
0.613216587061459
0.6132128458229991
0.6132128458229991
0.6132102495764263
0.6132102495764264
0.6132075584459447
0.6132075584459444
0.6132039722515348
0.6132039722515349
0.6131983863552699
0.6131983863552696
0.6131961548541436
0.6131961548541435
0.6131923871788301
0.6131923871788298
0.6131875524335273
0.6131875524335273
0.6131808068221858
0.6131808068221858
0.6131743738397675
0.6131743738397675
0.6131661403843123
0.6131661403843125
0.6131582107103377
0.6131582107103375
0.6131532748199833
0.6131532748199836
0.613145094636232
0.6131450946362319
0.6131369365303811
0.6131369365303811
0.6131276932121044
0.6131276932121043
0.6131038606685333
0.6131038606685336
0.6130919215732349
0.613091921573235
0.6130773126794082
0.6130773126794081
0.613062599302239
0.6130625993022392
0.6130560341353617
0.6130560341353617
0.6130472668463471
0.6130472668463471
0.6130360504091494
0.6130360504091492
0.6130257365527128
0.6130257365527126
0.6130110751956692
0.6130110751956692
0.6129938962227484
0.6129938962227485
0.6129729270555722
0.6129729270555722
0.612951148348843
0.612951148348843
0.6129306605282117
0.6129306605282119
0.6129221898262777
0.6129221898262777
0.6129037501853956
0.6129037501853953
0.6128936555315607
0.6128936555315606
0.6128794808051807
0.6128794808051808
0.6128645204438774
0.6128645204438774
0.6128640630870295
0.6128640630870292
0.6128507475535548
0.612850747553555
0.6128355558211904
0.6128355558211905
0.6128289778702649
0.6128289778702649
0.6128195012395751
0.6128195012395751
0.6128141444392551
0.612814144439255
0.6128098683353911
0.6128098683353911
0.6127952925742057
0.6127952925742055
0.6127768815080684
0.6127768815080683
0.6127686250791412
0.6127686250791414
0.612760441656366
0.612760441656366
0.6127513404860565
0.6127513404860562
0.6127450014059677
0.6127450014059679
0.6127384212129857
0.612738421212986
0.6127277426031217
0.6127277426031217
0.6127256716383842
0.6127256716383842
0.6127186211277075
0.6127186211277074
0.6127170161517947
0.6127170161517947
0.6127137045843017
0.6127137045843019
0.6127094604671408
0.6127094604671407
0.6127046689891233
0.6127046689891233
25032.453008 seconds (106.11 M allocations: 579.139 GiB, 0.44% gc time, 0.12% compilation time)
Finished order 1
loss std: 4.754250064594826e-5
magnitude: 0.3063523344945617
learning rate: 0.061270466898912336
  0.002676 seconds (17.73 k allocations: 1.701 MiB)
  2.263460 seconds (27.75 M allocations: 2.769 GiB, 12.40% gc time)
0.7483763931249507
0.7483763931249507
0.5936576065513757
0.5936576065513758
0.4690036432674869
0.4690036432674869
0.3609063994345201
0.3609063994345201
0.27267958275125626
0.27267958275125626
0.2195409134379659
0.21954091343796567
0.18596708474004686
0.18596708474004675
0.15680968991318966
0.15680968991318933
0.12860236271259762
0.12860236271259762
0.11432161924173168
0.11432161924173168
0.09635847781303741
0.09635847781303786
0.0857661303280205
0.08576613032802072
0.07384847968153652
0.07384847968153674
0.06297851199198246
0.06297851199198201
0.0513697252355122
0.05136972523551253
0.04587662624250688
0.045876626242506324
0.03759236472540062
0.03759236472540117
0.033481548891386326
0.033481548891386326
0.02780532882626463
0.02780532882626441
0.025081058321900995
0.02508105832190055
0.022119158022304797
0.022119158022304908
0.01914311642063804
0.01914311642063804
0.016216904166104995
0.01621690416610433
0.014399368516642697
0.014399368516642475
0.01257620984295249
0.012576209842952712
0.011124357739337176
0.011124357739337398
0.009570150419009438
0.009570150419009216
0.008306944046797216
0.008306944046797216
0.007435221942796666
0.007435221942796444
0.006319180874549746
0.006319180874549746
0.005470296663347751
0.005470296663347751
0.004820681884801115
0.004820681884801004
0.004245543583355604
0.004245543583355382
0.0037105361118229263
0.0037105361118231484
0.0032939550693045216
0.0032939550693049657
0.0030114649639332303
0.0030114649639332303
0.00268554564314738
0.002685545643147602
0.002299728865710282
0.002299728865710282
0.001950861688608141
0.001950861688608141
0.001783596756334327
0.0017835967563342159
0.0015567666227673804
0.0015567666227680466
0.0014396012461768137
0.0014396012461770358
0.00129722731871873
0.00129722731871873
0.0011546704016692777
0.0011546704016692777
0.0010640702704678429
0.001064070270468065
0.0008746881099900294
0.0008746881099895853
0.0008222044556894792
0.0008222044556894792
0.0006963560524521073
0.0006963560524526624
0.0006544429436344812
0.0006544429436344812
0.0005672889008486726
0.0005672889008486726
0.0004999982750060195
0.0004999982750063525
0.000430983584157163
0.00043098358415705196
0.00039433640077124466
0.0003943364007709116
0.00033907265945465337
0.0003390726594544313
0.000317879990463954
0.000317879990463954
0.0002791987986495714
0.0002791987986493494
0.00025286058288853663
0.00025286058288853663
0.00023346873999841034
0.0002334687399981883
0.00021442322757558863
0.00021442322757558863
0.00018772211180007048
0.00018772211179995946
0.00017307687193768295
0.0001730768719374609
0.00015756225731511364
0.0001575622573154467
0.00013479794549098312
0.00013479794549120516
0.00011706479920348123
0.00011706479920325918
0.00010509918088064119
0.00010509918088086323
9.47294036643953e-5
9.472940366417326e-5
8.564161195279141e-5
8.564161195279141e-5
7.459632144390937e-5
7.459632144368733e-5
6.668826108247039e-5
6.668826108247039e-5
6.035925433067746e-5
6.035925433023337e-5
5.464248499142954e-5
5.464248499176261e-5
4.889773616723048e-5
4.889773616723048e-5
4.396167099329773e-5
4.3961670993075685e-5
3.914926008108388e-5
3.9149260080861836e-5
3.515288260846905e-5
3.5152882608247005e-5
3.009299468215154e-5
3.009299468215154e-5
2.8957166383736244e-5
2.89571663835142e-5
2.5402236395355438e-5
2.5402236395355438e-5
2.360953213609296e-5
2.3609532136315003e-5
2.1362986627915248e-5
2.1362986627915248e-5
1.843542924229169e-5
1.8435429242069645e-5
2.7390501595170313e-5
2.7390501595170313e-5
1.7226534375081037e-5
1.7226534375081037e-5
1.495918232585769e-5
1.4959182326079734e-5
1.34648405288873e-5
1.34648405288873e-5
1.1829527135964746e-5
1.1829527136075768e-5
1.067438516544339e-5
1.0674385165776457e-5
9.88162358561695e-6
9.881623585838994e-6
8.667901078007745e-6
8.667901078007745e-6
7.934289111388715e-6
7.934289112054849e-6
7.0181280514836075e-6
7.018128052149741e-6
6.3621312076378445e-6
6.362131207859889e-6
5.79017709356755e-6
5.79017709356755e-6
5.048729331491586e-6
5.048729331269541e-6
4.565555868585314e-6
4.5655558681412245e-6
4.005564968490027e-6
4.005564968379005e-6
3.50070030041838e-6
3.500700300085313e-6
3.209501951983995e-6
3.209501951983995e-6
2.875458142703735e-6
2.8754581429257797e-6
2.5743940583744518e-6
2.5743940583744518e-6
2.2871485477748976e-6
2.2871485479969422e-6
2.0184608131579296e-6
2.0184608131579296e-6
1.7825526861248164e-6
1.7825526861248164e-6
1.6124081365642695e-6
1.6124081362312026e-6
1.4377010054689165e-6
1.4377010056909612e-6
1.2966500175792817e-6
1.2966500175792817e-6
1.1284213450313274e-6
1.128421345253372e-6
1.0545938013972744e-6
1.054593801619319e-6
9.077378907429434e-7
9.077378907429434e-7
8.1584554689762e-7
8.158455473417092e-7
7.381787994198419e-7
7.381787994198419e-7
6.283439999421603e-7
6.283440001642049e-7
5.658375534789428e-7
5.658375534789428e-7
4.923358577491044e-7
4.923358577491044e-7
4.6080287785521534e-7
4.6080287774419304e-7
4.1467719313903473e-7
4.146771929169901e-7
3.781366499922001e-7
3.781366497701555e-7
3.0946104190299195e-7
3.0946104190299195e-7
2.857128688082966e-7
2.857128692523858e-7
16945.880116 seconds (381.06 M allocations: 15.534 TiB, 4.04% gc time, 0.02% compilation time)
Finished order 2
loss std: 6.917144690297572e-7
magnitude: 1.428564344041483e-7
learning rate: 2.857128688082966e-8
  0.172186 seconds (194.54 k allocations: 24.923 MiB)
 26.136396 seconds (292.07 M allocations: 28.559 GiB, 13.08% gc time)
2.8570649046599783e-7
2.8570649068804244e-7
306.621200 seconds (20.19 M allocations: 813.911 GiB, 12.71% gc time)
Finished order 3
loss std: NaN
4
magnitude: 0.5
learning rate: 0.1
  0.000083 seconds (651 allocations: 42.953 KiB)
  0.141783 seconds (1.10 M allocations: 132.065 MiB, 31.95% gc time)
0.9987561964577637
0.9987561964577637
0.977334769041717
0.977334769041717
0.9997472255382657
0.9997472255382657
0.9997737189512691
0.9997737189512691
0.9771644540295275
0.9771644540295275
0.9678025423576914
0.9678025423576914
0.9976535362728249
0.9976535362728249
0.9469043890654465
0.9469043890654465
0.9285294040008785
0.9285294040008785
0.9990719716852108
0.9990719716852108
0.9162233062969951
0.9162233062969951
0.8974846102161103
0.8974846102161103
0.8807790149680623
0.8807790149680622
0.8577386638563006
0.8577386638563005
0.8464939551076605
0.8464939551076605
0.8271022811391073
0.8271022811391073
0.8174371943275834
0.8174371943275835
0.8028767239307969
0.8028767239307968
0.7917116716806896
0.7917116716806896
0.7799082921397592
0.7799082921397592
0.7712860146064803
0.7712860146064802
0.7573067887793211
0.757306788779321
0.7471175634709746
0.7471175634709746
0.7263170881598043
0.7263170881598043
0.7104861871900912
0.7104861871900912
0.6958161694208675
0.6958161694208675
0.6804394881685812
0.6804394881685812
0.6777012665079507
0.6777012665079506
0.6621699572627755
0.6621699572627755
0.6529271203915292
0.6529271203915292
0.6448162777661848
0.6448162777661848
0.6386529395501821
0.6386529395501821
0.6358379768170951
0.6358379768170951
0.6306127115501332
0.6306127115501332
0.628309070851123
0.628309070851123
0.6253643020555263
0.6253643020555263
0.6244807956623462
0.6244807956623462
0.6236577605328374
0.6236577605328375
0.6232385809758736
0.6232385809758734
0.6226099149702395
0.6226099149702395
0.6217856335958869
0.6217856335958867
0.6210634322571142
0.6210634322571142
0.620275006986785
0.6202750069867848
0.6192362507757933
0.6192362507757933
0.6182998081973209
0.618299808197321
0.6176824358960653
0.6176824358960653
0.6174685479294321
0.6174685479294322
0.6168737205254666
0.6168737205254666
0.6167612975279626
0.6167612975279626
0.616704721740844
0.616704721740844
0.6166378343676807
0.6166378343676807
0.6166146114538996
0.6166146114538996
0.6165938020923772
0.6165938020923772
0.6165784864268792
0.6165784864268793
0.6165646395191774
0.6165646395191774
0.6165470830186827
0.6165470830186826
0.6165839545418634
0.6165839545418634
0.6165415721067505
0.6165415721067504
0.616534852742807
0.6165348527428072
0.6165314888619794
0.6165314888619795
0.6165282004322515
0.6165282004322516
0.616525985944024
0.616525985944024
0.6165243761696875
0.6165243761696875
0.6165232686929384
0.6165232686929384
0.616522305889218
0.616522305889218
0.6165213839228487
0.6165213839228487
0.6165208367074027
0.6165208367074028
0.616520635817658
0.6165206358176581
0.6165204887224357
0.6165204887224357
0.6165204582733342
0.6165204582733341
0.6165204301891817
0.6165204301891818
0.6165204151192958
0.6165204151192958
0.6165203991842634
0.6165203991842633
0.6165203928107853
0.6165203928107853
0.6165203823660557
0.6165203823660557
0.6165203786103368
0.6165203786103368
0.6165203689780894
0.6165203689780894
0.6165203660111012
0.6165203660111013
8395.714799 seconds (21.66 M allocations: 204.002 GiB, 0.45% gc time)
Finished order 1
loss std: 4.171970041769071e-6
magnitude: 0.3082601830055506
learning rate: 0.06165203660111011
  0.002746 seconds (17.73 k allocations: 1.701 MiB)
  2.050203 seconds (27.75 M allocations: 2.769 GiB, 12.46% gc time)
0.8633626106040577
0.8633626106040577
0.5627168569300225
0.5627168569300225
0.9947312723226178
0.9947312723226179
0.46885724466452094
0.46885724466452117
0.3368628404260139
0.3368628404260139
0.23285929549302586
0.23285929549302586
0.15102145901957276
0.1510214590195723
0.11406255449855818
0.1140625544985584
0.08310003871961247
0.08310003871961247
0.056852279321699895
0.056852279321699895
0.040864213697982876
0.040864213697982876
0.03365875114451944
0.03365875114451922
0.02491695473963429
0.024916954739634067
0.018549109068709546
0.018549109068709546
0.013346324958448563
0.013346324958448563
0.010919406973510015
0.01091940697351057
0.008578759241313572
0.008578759241313794
0.00694539279589812
0.006945392795898564
0.005249436625749837
0.005249436625750059
0.0042154172109982735
0.0042154172109984955
0.0035162247774339628
0.0035162247774339628
0.0028330668023653915
0.0028330668023653915
0.002028878207817053
0.002028878207816942
0.0018090503551964066
0.0018090503551964066
0.0015291815938980324
0.0015291815938978104
0.0013323733002241767
0.0013323733002237326
0.001107369753822196
0.001107369753822196
0.0009417693924753667
0.0009417693924751447
0.0008499216596611348
0.0008499216596611348
0.0006255285229984642
0.0006255285229984642
0.0008815454748911655
0.0008815454748909435
0.0005671938002140831
0.000567193800213972
0.00048205161937175944
0.0004820516193715374
0.0004115227093328677
0.00041152270933297874
0.00035030741714892066
0.00035030741714892066
0.00029996157055145467
0.00029996157055145467
0.0002541341220769766
0.0002541341220769766
0.00022035978895029729
0.00022035978895007524
0.00018449057546621184
0.0001844905754659898
0.00015912950501695278
0.00015912950501673073
0.00013924184396951755
0.00013924184396951755
0.00012235914640224
0.00012235914640246204
0.00010570481782223862
0.00010570481782223862
9.396902874758695e-5
9.396902874803104e-5
8.225641417125562e-5
8.225641417125562e-5
7.267161107660236e-5
7.267161107660236e-5
6.427095089145407e-5
6.427095089145407e-5
5.7446679648243126e-5
5.744667964791006e-5
5.051774423425748e-5
5.051774423403543e-5
4.455485734045084e-5
4.455485734089493e-5
3.825847111182945e-5
3.8258471111607406e-5
3.422756030091456e-5
3.422756030069252e-5
2.9018880014497483e-5
2.9018880014608506e-5
2.6158699738210167e-5
2.6158699738210167e-5
2.3603345904454898e-5
2.3603345904232853e-5
2.2777075707081096e-5
2.2777075707081096e-5
1.8369355258229803e-5
1.8369355258451847e-5
1.708041423265083e-5
1.7080414232428787e-5
1.547953676295233e-5
1.547953676295233e-5
1.3203751200396852e-5
1.3203751200396852e-5
1.2395783583585285e-5
1.2395783583030173e-5
1.001081014728733e-5
1.0010810147176308e-5
9.300616727658806e-6
9.300616727658806e-6
7.92422694328998e-6
7.92422694328998e-6
6.757939106871724e-6
6.75793910664968e-6
5.580538763649834e-6
5.580538763871878e-6
4.988206464551226e-6
4.988206464551226e-6
4.231172221258461e-6
4.231172221147439e-6
3.798425435075359e-6
3.798425435075359e-6
3.3613043960434297e-6
3.3613043960434297e-6
2.8797003649438935e-6
2.879700364832871e-6
2.5996366781466662e-6
2.5996366781466662e-6
2.3634745827116888e-6
2.363474583155778e-6
1.7871507949074328e-6
1.7871507949074328e-6
1.6559214166544933e-6
1.6559214166544933e-6
1.351130680227186e-6
1.351130680227186e-6
1.654701970776884e-6
1.6547019708879063e-6
1.2117992700400038e-6
1.2117992698179592e-6
1.0393592514423844e-6
1.039359251331362e-6
8.951704357773593e-7
8.951704355553147e-7
7.554834468015414e-7
7.554834468015414e-7
6.368393771216674e-7
6.368393771216674e-7
5.388625194946428e-7
5.388625192725982e-7
4.6090048766433966e-7
4.6090048766433966e-7
4.121053240879746e-7
4.121053241989969e-7
3.6159071448160773e-7
3.615907140375185e-7
3.008200737397715e-7
3.008200737397715e-7
2.55323211795222e-7
2.553232123503335e-7
2.3112652836054792e-7
2.311265279164587e-7
1.930009765338525e-7
1.930009765338525e-7
1.7396562890237277e-7
1.7396562890237277e-7
1.5556489263435225e-7
1.5556489263435225e-7
1.2494019641096088e-7
1.2494019618891627e-7
13061.674869 seconds (294.24 M allocations: 12.139 TiB, 4.44% gc time)
Finished order 2
loss std: 5.558200166081733e-7
magnitude: 6.247009820548044e-8
learning rate: 1.2494019641096089e-8
  0.205219 seconds (194.54 k allocations: 24.923 MiB, 14.27% gc time)
 24.408655 seconds (292.07 M allocations: 28.559 GiB, 13.17% gc time)
1.249281461612739e-7
1.249281462722962e-7
315.320048 seconds (20.19 M allocations: 813.908 GiB, 13.63% gc time)
Finished order 3
loss std: NaN
4
magnitude: 0.5
learning rate: 0.1
  0.000234 seconds (651 allocations: 42.953 KiB)
  0.181120 seconds (1.10 M allocations: 132.065 MiB, 15.03% gc time)
0.9999444374181727
0.9999444374181727
0.9797615499343311
0.9797615499343311
0.9998163136093563
0.9998163136093563
0.9993777497544035
0.9993777497544035
0.9942623014451653
0.9942623014451653
0.9948262870859382
0.9948262870859382
0.9937429411529046
0.9937429411529046
0.9950319102999371
0.9950319102999371
0.9972571508958603
0.9972571508958603
0.992758586202925
0.992758586202925
0.9912777619678579
0.9912777619678579
0.9968070383243364
0.9968070383243364
0.9862839808655456
0.9862839808655456
0.9611803139365666
0.9611803139365666
0.9972045068369
0.9972045068369
0.9549978781015679
0.9549978781015679
0.9414103725633958
0.9414103725633958
0.9932027559413097
0.9932027559413097
0.9976137395728081
0.9976137395728081
0.920578321795674
0.920578321795674
0.9305874178649869
0.9305874178649869
0.9131396565416289
0.9131396565416289
0.8973709848610242
0.8973709848610242
0.9315595059803317
0.9315595059803317
0.8895089279312488
0.8895089279312489
0.8839418001932918
0.8839418001932918
0.8730818761401217
0.8730818761401218
0.8662426144251743
0.8662426144251743
0.860193436358552
0.8601934363585522
0.8549006590972819
0.8549006590972819
0.8512586601385181
0.8512586601385181
0.8465369490556014
0.8465369490556014
0.8411704726379772
0.8411704726379771
0.8351055701280575
0.8351055701280575
0.8277232852300453
0.8277232852300453
0.8215184215023308
0.8215184215023307
0.8148510621994518
0.8148510621994518
0.8149332817733329
0.8149332817733329
0.8109103975562413
0.8109103975562413
0.8108893444012522
0.8108893444012523
0.8058750391170588
0.8058750391170588
0.7994261160247668
0.7994261160247668
0.7929279955902565
0.7929279955902566
0.7897415262884621
0.7897415262884621
0.784657698125343
0.784657698125343
0.7781354826928812
0.7781354826928812
0.7714479671192376
0.7714479671192376
0.764457151885283
0.7644571518852828
0.7619412928018128
0.7619412928018129
0.7829179658455331
0.7829179658455331
0.7530208987375842
0.7530208987375842
0.7603604837372452
0.7603604837372452
0.7457935975170307
0.7457935975170307
0.7443091543849312
0.7443091543849314
0.7351956486792142
0.7351956486792144
0.7256442765997952
0.7256442765997952
0.7180620311485685
0.7180620311485685
0.7117631119087657
0.7117631119087657
0.7053003354834272
0.7053003354834273
0.7024021976992918
0.7024021976992918
0.6997596958643821
0.6997596958643821
0.6979947033567873
0.6979947033567873
0.6955874573089472
0.6955874573089471
0.6917689808013785
0.6917689808013785
0.6892260706736675
0.6892260706736674
0.687584597303607
0.687584597303607
0.6864740055033351
0.6864740055033349
0.6855250975769429
0.6855250975769431
0.6844512489169761
0.684451248916976
0.6834856815250718
0.6834856815250718
0.6829919629569889
0.6829919629569887
0.6824097564819338
0.6824097564819338
0.6819611000207125
0.6819611000207124
0.6815999576858582
0.6815999576858585
0.6813371491134215
0.6813371491134215
0.6808254455629945
0.6808254455629945
0.6805584695829926
0.6805584695829926
0.6801456241548638
0.6801456241548638
0.6797397459622743
0.6797397459622743
0.6795177721215507
0.6795177721215506
0.6792695093260701
0.6792695093260701
0.6791055547391085
0.6791055547391084
0.6789084949734995
0.6789084949734995
0.6786673129030031
0.678667312903003
0.6784339642704682
0.6784339642704681
0.6782768511299455
0.6782768511299455
0.6780562657558957
0.6780562657558957
0.6779906737827349
0.6779906737827348
0.6778690535281454
0.6778690535281455
0.6778065049909445
0.6778065049909445
0.677720699258488
0.677720699258488
0.6776467585323807
0.6776467585323807
0.6775638359761661
0.677563835976166
0.6775014730600976
0.6775014730600976
0.6774543762793421
0.6774543762793421
0.6773924389459282
0.6773924389459283
0.6773668671423005
0.6773668671423005
0.6772933118402156
0.6772933118402157
0.6772762542312101
0.6772762542312101
0.6772446665632086
0.6772446665632085
0.6772121442510378
0.6772121442510379
0.6771807822157204
0.6771807822157203
0.6771574908873695
0.6771574908873694
0.6771229308846322
0.6771229308846322
0.6770959688067737
0.6770959688067737
0.6770687014039032
0.6770687014039032
0.6770454743097223
0.6770454743097224
0.6770355855780111
0.677035585578011
0.6770227868989152
0.6770227868989152
0.6770071855686969
0.6770071855686969
0.6769991447299457
0.6769991447299457
0.6769826122875304
0.6769826122875305
0.6769670352356486
0.6769670352356486
0.6769545734064593
0.6769545734064593
0.6769341649659462
0.676934164965946
0.6769112732884236
0.6769112732884235
0.6768745427115026
0.6768745427115026
0.6768388956036323
0.6768388956036323
0.6767926003440548
0.6767926003440548
0.6767502777985116
0.6767502777985117
0.6767259313865936
0.6767259313865936
0.6766813679353885
0.6766813679353887
0.6766563616674149
0.6766563616674148
0.6766265048483433
0.6766265048483433
0.6766049858107008
0.6766049858107008
0.6765874379623951
0.6765874379623952
0.6765645307996813
0.6765645307996815
0.6765465666018743
0.6765465666018744
0.6764987269556053
0.6764987269556051
0.6764629050227415
0.6764629050227415
0.6765189903942468
0.6765189903942468
0.6764158049914409
0.6764158049914409
0.6763271158847937
0.6763271158847937
0.6765093295803507
0.6765093295803507
0.6762911536695244
0.6762911536695244
0.6762245699872838
0.6762245699872838
0.6761387244712539
0.6761387244712539
0.6760712569817982
0.6760712569817983
0.6759937856208942
0.6759937856208942
0.6759506247230456
0.6759506247230456
0.6759052132598589
0.6759052132598589
0.6758315822097908
0.6758315822097908
0.675775344501934
0.6757753445019339
0.6757247527661023
0.6757247527661021
0.6756473046597232
0.6756473046597233
0.6755954369771764
0.6755954369771764
0.6755568516547525
0.6755568516547525
0.6755111058274772
0.675511105827477
0.6754339291401394
0.6754339291401393
0.6753801232094433
0.6753801232094432
0.6753334118721394
0.6753334118721392
0.6753093460452443
0.6753093460452443
0.6752739610616286
0.6752739610616287
0.6752494911394552
0.6752494911394552
0.6752133859525589
0.6752133859525589
0.6751949051882236
0.6751949051882236
0.6751738263732113
0.6751738263732114
0.6751559833926326
0.6751559833926326
0.6751449832445959
0.6751449832445962
0.6751337511636653
0.6751337511636655
0.6751272870789655
0.6751272870789656
0.6751179819605488
0.6751179819605487
0.6751042154567141
0.6751042154567141
0.6751145675329129
0.675114567532913
0.675098366409541
0.6750983664095409
0.675091684904636
0.6750916849046358
0.6750867006703077
0.6750867006703078
0.6750809965600078
0.6750809965600075
0.6750726600179517
0.6750726600179517
0.6750656463680793
0.6750656463680795
0.6750585686179186
0.6750585686179186
0.6750561183383753
0.6750561183383753
0.6750532334265928
0.6750532334265928
0.6750488808674027
0.6750488808674024
0.6750435731076271
0.6750435731076272
0.6750352267792401
0.6750352267792401
0.6750345363870185
0.6750345363870185
0.6750308424035596
0.6750308424035597
0.6750290443875602
0.6750290443875602
0.6750268088464639
0.6750268088464639
0.675024987171363
0.6750249871713632
0.6750226746727503
0.6750226746727503
0.675019716456339
0.6750197164563391
0.6750173659267599
0.67501736592676
0.6750131994423866
0.6750131994423867
0.6750105771432844
0.6750105771432844
0.6750080305263616
0.6750080305263616
0.6750068928683446
0.6750068928683444
0.6750051002841491
0.6750051002841493
0.6750023849600908
0.675002384960091
0.6750005358846509
0.6750005358846507
0.6749983835321123
0.6749983835321123
0.6749964248175683
0.6749964248175683
0.6749946891763596
0.6749946891763596
0.6749919222027333
0.6749919222027333
0.6749900900533071
0.6749900900533071
0.6749887834350559
0.6749887834350559
0.6749879299519944
0.6749879299519943
0.6749870595737026
0.6749870595737025
0.6749861167689444
0.6749861167689443
0.6749852111186909
0.6749852111186909
0.6749848358514777
0.6749848358514777
0.6749842126545371
0.674984212654537
0.6749836350203433
0.6749836350203432
0.6749826104615386
0.6749826104615384
0.6749814118510388
0.6749814118510388
0.6749807718988222
0.6749807718988221
0.6749801515057472
0.6749801515057472
0.674979696643637
0.6749796966436368
0.6749792034509418
0.6749792034509418
0.6749787624573025
0.6749787624573025
0.6749784282091774
0.6749784282091773
0.6749778825306505
0.6749778825306505
0.6749777009253595
0.6749777009253595
0.6749766968504848
0.6749766968504848
0.6749760668025738
0.6749760668025738
0.6749754483059306
0.6749754483059306
0.6749743849249669
0.674974384924967
0.6749743292098691
0.6749743292098689
0.674973569856972
0.674973569856972
0.6749722489788842
0.6749722489788842
0.6749715290843264
0.6749715290843266
0.6749706999916213
0.6749706999916214
0.6749703229074315
0.6749703229074315
24766.645740 seconds (62.21 M allocations: 586.687 GiB, 0.42% gc time)
Finished order 1
loss std: 3.672531374338528e-6
magnitude: 0.33748516145371577
learning rate: 0.06749703229074315
  0.079068 seconds (17.73 k allocations: 1.701 MiB)
  2.946824 seconds (27.75 M allocations: 2.769 GiB, 26.43% gc time)
0.8889543076977205
0.8889543076977205
0.636027561104348
0.636027561104348
0.9947202532654643
0.9947202532654643
0.991460220129263
0.991460220129263
0.5432111779804097
0.5432111779804096
0.45176515296679176
0.45176515296679154
0.332918712617044
0.332918712617044
0.22134986265330492
0.22134986265330492
0.16063795977936413
0.16063795977936413
0.11917587399786289
0.11917587399786267
0.0778149947464577
0.0778149947464577
0.05541267186556864
0.05541267186556864
0.043852340037843884
0.043852340037843995
0.032813948435066354
0.0328139484350668
0.024824075953405855
0.024824075953405633
0.01932729039198189
0.01932729039198211
0.015332664712286226
0.015332664712286226
0.012210088762441451
0.012210088762441673
0.00940776128600751
0.009407761286007732
0.008676748234320186
0.008676748234320408
0.005943983506900619
0.0059439835069002855
0.00528699877202865
0.0052869987720288725
0.00411817235523293
0.004118172355232486
0.0042203370461015854
0.0042203370461015854
0.0035927826899386783
0.0035927826899391224
0.0029427395137403556
0.0029427395137401335
0.002452026752390979
0.002452026752391201
0.0020875736829255587
0.0020875736829253366
0.0017595661337891366
0.0017595661337893587
0.001417326053461343
0.001417326053461565
0.0012223000078817048
0.0012223000078812607
0.0010276809118844321
0.0010276809118848762
0.0008891436994156177
0.0008891436994156177
0.0007370275371409996
0.0007370275371409996
0.000618690675111444
0.000618690675111222
0.0005214222156006976
0.0005214222156011417
0.00043370871237102815
0.00043370871237058406
0.0003677127478307618
0.00036771274783098384
0.0002953339761018192
0.0002953339761018192
0.0002588552962531354
0.00025885529625335746
0.000229990106090594
0.00022999010609081605
0.00020603181126310766
0.0002060318112633297
0.00017654381815235265
0.00017654381815279674
0.00015196838856124106
0.00015196838856124106
0.00012462007676072862
0.00012462007676072862
0.0001118710255451072
0.0001118710255451072
9.385963830965682e-5
9.385963830899069e-5
8.1659862171235e-5
8.165986217167909e-5
6.727756444779853e-5
6.727756444735444e-5
5.9126711985268976e-5
5.912671198504693e-5
5.165229700676566e-5
5.165229700654361e-5
4.628804772577322e-5
4.628804772577322e-5
3.898105231170401e-5
3.898105231170401e-5
3.4218130577579053e-5
3.4218130577579053e-5
3.056160708636568e-5
3.0561607085921594e-5
2.5566908307461667e-5
2.5566908307017577e-5
2.1721822959230863e-5
2.1721822959452908e-5
1.9612728719975436e-5
1.9612728719975436e-5
1.754906955597768e-5
1.7549069555755636e-5
1.5474908682366895e-5
1.5474908681922805e-5
1.4140288802977352e-5
1.4140288802755308e-5
1.1271218844144393e-5
1.1271218844366437e-5
1.0505361866308682e-5
1.0505361866530727e-5
9.05254823457824e-6
9.052548234800284e-6
8.051619065696514e-6
8.051619065918558e-6
6.846467967891456e-6
6.846467967336345e-6
6.197193676560353e-6
6.197193676560353e-6
5.520784813972668e-6
5.520784813750623e-6
4.797477792140015e-6
4.797477792140015e-6
4.0587655280033275e-6
4.058765528225372e-6
3.58766143049305e-6
3.58766143049305e-6
3.30529073488961e-6
3.30529073488961e-6
2.9034225206281405e-6
2.903422520850185e-6
2.6831772044211277e-6
2.6831772046431723e-6
2.3770293945402088e-6
2.3770293945402088e-6
2.0718391525731406e-6
2.0718391525731406e-6
2.1334224512559175e-6
2.1334224512559175e-6
1.8253400202450365e-6
1.825340020467081e-6
1.4447696081720807e-6
1.4447696083941253e-6
1.2876230092162544e-6
1.2876230092162544e-6
1.123182760021102e-6
1.1231827602431466e-6
1.052397836098784e-6
1.0523978363208286e-6
9.14217971659248e-7
9.142179712151588e-7
8.199163642474971e-7
8.199163640254525e-7
7.458121643599824e-7
7.458121648040716e-7
6.090249957679816e-7
6.090249962120708e-7
1.1176001206703035e-6
1.117600120892348e-6
5.656137535003936e-7
5.656137535003936e-7
4.6623877547613546e-7
4.6623877547613546e-7
4.1214135781952876e-7
4.1214135781952876e-7
3.623439689404151e-7
3.623439694955266e-7
3.256893724712384e-7
3.256893724712384e-7
2.892043797775301e-7
2.892043802216193e-7
2.589074034053951e-7
2.589074034053951e-7
2.19577026006057e-7
2.19577026006057e-7
1.8123869416353244e-7
1.8123869416353244e-7
13604.726923 seconds (303.73 M allocations: 12.531 TiB, 4.35% gc time)
Finished order 2
loss std: 5.529944556940511e-7
magnitude: 9.061934708176622e-8
learning rate: 1.8123869416353244e-8
  0.172046 seconds (194.54 k allocations: 24.923 MiB)
 22.847765 seconds (292.07 M allocations: 28.559 GiB, 13.41% gc time)
1.8124786438367124e-7
1.8124786416162664e-7
297.770088 seconds (20.19 M allocations: 813.911 GiB, 14.43% gc time)
Finished order 3
loss std: NaN
4
magnitude: 0.5
learning rate: 0.1
  0.000254 seconds (651 allocations: 42.953 KiB)
  0.156954 seconds (1.10 M allocations: 132.065 MiB, 18.20% gc time)
0.9999617777461982
0.9999617777461982
0.9875392281262568
0.9875392281262568
0.9993833474620156
0.9993833474620156
0.9953810313406087
0.9953810313406087
0.9950977415585139
0.9950977415585139
0.9933527849552529
0.9933527849552529
0.9955007699357477
0.9955007699357477
0.9972790571181459
0.9972790571181459
0.9996428387235002
0.9996428387235002
0.9923657295151872
0.9923657295151872
0.9801623461907125
0.9801623461907125
0.9944603667242472
0.9944603667242472
0.9710005151133123
0.9710005151133123
0.9937853154436841
0.9937853154436841
0.9676943952268556
0.9676943952268556
0.9502531230915805
0.9502531230915805
0.9878320983120793
0.9878320983120793
0.9357683064636725
0.9357683064636725
0.9174106388256242
0.9174106388256242
0.9055355737831866
0.9055355737831866
0.9064551010135846
0.9064551010135846
0.8965216891615688
0.8965216891615688
0.8890432618212641
0.889043261821264
0.8782072484855538
0.8782072484855538
0.8753543247664277
0.8753543247664277
0.8627691111986489
0.8627691111986489
0.8461297428481249
0.8461297428481249
0.8316905352905789
0.8316905352905789
0.8188017740983309
0.8188017740983309
0.8123132352794805
0.8123132352794804
0.8056684507287948
0.8056684507287948
0.8015574941086715
0.8015574941086715
0.796217834239036
0.796217834239036
0.7922292034093015
0.7922292034093015
0.7873495348882571
0.7873495348882571
0.7836228605282288
0.7836228605282289
0.7783072530118876
0.7783072530118877
0.7742076556418918
0.7742076556418918
0.7667602340554314
0.7667602340554314
0.7608670818629193
0.7608670818629193
0.7547892590243137
0.7547892590243137
0.7485004779087714
0.7485004779087716
0.7441943398997543
0.7441943398997541
0.7410882239123072
0.7410882239123071
0.7359195831101548
0.7359195831101548
0.7326310524734243
0.7326310524734243
0.7296015302803751
0.7296015302803751
0.7263791304428061
0.7263791304428061
0.7215788257432945
0.7215788257432945
0.7173534917803106
0.7173534917803108
0.7172721420930374
0.7172721420930372
0.714734060361776
0.7147340603617759
0.7084799471777528
0.7084799471777528
0.7041787363666672
0.7041787363666672
0.7006458420148167
0.7006458420148166
0.6982756548152375
0.6982756548152375
0.6990353437767565
0.6990353437767566
0.6962743920599683
0.6962743920599681
0.6943264826180091
0.6943264826180091
0.6936010768675472
0.6936010768675472
0.693035794685045
0.693035794685045
0.6927179454504084
0.6927179454504083
0.6924727593885125
0.6924727593885125
0.6922778356295126
0.6922778356295126
0.6919647209813612
0.691964720981361
0.6916250014175445
0.6916250014175446
0.6912390799321629
0.6912390799321629
0.6909361409048942
0.6909361409048944
0.6907135640606475
0.6907135640606475
0.6905304315802074
0.6905304315802074
0.6903636351142162
0.6903636351142162
0.6900874212251404
0.6900874212251407
0.6898065872158624
0.6898065872158624
0.6895169925347004
0.6895169925347004
0.6892381197991582
0.6892381197991582
0.6890522257528107
0.6890522257528107
0.6887446047410037
0.6887446047410037
0.6884686560494306
0.6884686560494306
0.6881831138794019
0.6881831138794019
0.6879666296017982
0.6879666296017986
0.6877458259358729
0.6877458259358729
0.6875221977471283
0.6875221977471283
0.6873725256268091
0.6873725256268091
0.6872508476706695
0.6872508476706695
0.6870322451354575
0.6870322451354576
0.6869458127826853
0.6869458127826853
0.6868998029751947
0.6868998029751947
0.6866209424166275
0.6866209424166275
0.6865681550570526
0.6865681550570526
0.6864653303642972
0.6864653303642972
0.6862843206391875
0.6862843206391875
0.6860312306603854
0.6860312306603857
0.6858349386342194
0.6858349386342193
0.6855466181927001
0.6855466181927001
0.6854629905246075
0.6854629905246075
0.6853062231012969
0.6853062231012969
0.6851039598457378
0.685103959845738
0.6849047745825081
0.6849047745825084
0.6846027871123053
0.6846027871123053
0.6844544640605792
0.6844544640605792
0.6843018371860798
0.6843018371860795
0.6840803122837247
0.6840803122837247
0.6840700234469173
0.6840700234469171
0.6840028279504846
0.6840028279504847
0.684005346462512
0.684005346462512
0.6838879389602203
0.6838879389602203
0.6837008620576428
0.6837008620576428
0.6834828322616835
0.6834828322616833
0.6833118681864985
0.6833118681864983
0.683180189155558
0.683180189155558
0.6829776416484614
0.6829776416484614
0.6828552939374088
0.6828552939374088
0.6827441952873753
0.6827441952873754
0.682635327452509
0.682635327452509
0.6825249908337746
0.6825249908337746
0.682397284810861
0.6823972848108611
0.6822814580584878
0.6822814580584877
0.6821119676056285
0.6821119676056285
0.6820061346650595
0.6820061346650595
0.6819846706697957
0.6819846706697956
0.6818460136614581
0.6818460136614584
0.6818023418766432
0.681802341876643
0.6817464650190679
0.6817464650190679
0.6816040365224225
0.6816040365224225
0.6815765246115697
0.6815765246115696
0.6814861486826671
0.6814861486826671
0.6814271480865344
0.6814271480865343
0.6813769622838995
0.6813769622838997
0.6812923225727804
0.6812923225727804
0.6812302505909587
0.6812302505909587
0.6811657271504571
0.681165727150457
0.6811072480180793
0.6811072480180794
0.681075699768146
0.681075699768146
0.681024296328726
0.6810242963287261
0.6809856861603363
0.6809856861603362
0.6809351595195623
0.6809351595195621
0.6810134990602446
0.6810134990602448
0.6809046272089556
0.6809046272089556
0.6808433365427893
0.6808433365427893
0.6807942739362884
0.6807942739362887
0.6807164199131757
0.6807164199131758
0.6806584030790755
0.6806584030790754
0.6806862049391122
0.6806862049391122
0.6806166381478145
0.6806166381478144
0.6806011760916852
0.6806011760916852
0.6805776039852112
0.6805776039852112
0.6805662887156092
0.6805662887156092
0.6805472577992508
0.6805472577992508
0.6805250052551812
0.6805250052551811
0.6805207907683312
0.6805207907683312
0.6805082349066809
0.6805082349066808
0.6804834931779996
0.6804834931779995
0.6804685853047041
0.6804685853047039
0.6804508948681502
0.68045089486815
0.6804339943578905
0.6804339943578905
0.6804128541403256
0.6804128541403258
0.6803934409458243
0.6803934409458244
0.680383852100849
0.680383852100849
0.6803625830733684
0.6803625830733685
0.6803535714965359
0.6803535714965359
0.6803363035576682
0.6803363035576682
0.6803212988240686
0.6803212988240686
0.6803093778111853
0.6803093778111853
0.6803053563310104
0.6803053563310104
0.6802901298968171
0.6802901298968174
0.6802843794460548
0.6802843794460548
0.6802771075029126
0.6802771075029126
0.680263716579474
0.6802637165794743
0.6802470191140777
0.6802470191140777
0.6802357678260795
0.6802357678260795
0.6802198922100475
0.6802198922100475
0.6802153712748542
0.6802153712748542
0.6802049109717936
0.6802049109717936
0.680199425410631
0.6801994254106309
0.6801946350551311
0.6801946350551311
0.6801890115710416
0.6801890115710416
0.6801858325238137
0.6801858325238135
0.6801832195800633
0.6801832195800633
0.6801812069117104
0.6801812069117104
0.6801788115727412
0.6801788115727412
0.6801781236013926
0.6801781236013925
0.6801765571312897
0.6801765571312894
0.6801760681146469
0.6801760681146469
0.6801752391185718
0.6801752391185717
0.680174024444226
0.680174024444226
0.6801736665541653
0.6801736665541653
0.6801718433863565
0.6801718433863564
0.6801712719597945
0.6801712719597945
0.6801705351217907
0.6801705351217907
0.6801703515545654
0.6801703515545652
0.6801692665789041
0.6801692665789043
0.6801687768158721
0.6801687768158722
0.6801683567043351
0.6801683567043351
0.6801679090771583
0.6801679090771583
0.6801683648139172
0.6801683648139171
0.6801676951862844
0.6801676951862843
0.6801673823321283
0.6801673823321283
0.6801672992465468
0.6801672992465468
0.6801672166936581
0.6801672166936581
0.6801671508521653
0.6801671508521653
0.6801670757803426
0.6801670757803425
0.680166997106714
0.680166997106714
0.6801669329184196
0.6801669329184197
0.6801668281936866
0.6801668281936863
0.6801666959463928
0.6801666959463928
0.6801665601308966
0.6801665601308966
0.6801664755229336
0.6801664755229336
0.6801663712657383
0.6801663712657383
0.6801662954743416
0.6801662954743415
0.6801662130001425
0.6801662130001425
0.68016615359677
0.68016615359677
0.6801660880357021
0.6801660880357023
0.6801660183598881
0.6801660183598881
0.6801659225216667
0.6801659225216667
0.6801657978056423
0.6801657978056423
0.6801656512812737
0.6801656512812737
0.680165524898208
0.680165524898208
0.6801654312711385
0.6801654312711385
0.6801653655706402
0.6801653655706401
0.6801653302209457
0.6801653302209456
0.6801652410365298
0.6801652410365298
0.6801651672178988
0.680165167217899
24494.132600 seconds (61.66 M allocations: 581.409 GiB, 0.42% gc time)
Finished order 1
loss std: 5.487189595772825e-7
magnitude: 0.3400825836089494
learning rate: 0.06801651672178988
  0.075289 seconds (17.73 k allocations: 1.701 MiB)
  2.407698 seconds (27.75 M allocations: 2.769 GiB, 12.56% gc time)
0.9078697895558288
0.9078697895558288
0.636215632792038
0.636215632792038
0.9988656623003125
0.9988656623003125
0.542844691951514
0.542844691951514
0.4857874587080603
0.48578745870806017
0.25344112606283975
0.25344112606283975
0.18445272523761636
0.18445272523761636
0.13016375977284333
0.13016375977284378
0.09622693927260051
0.09622693927260051
0.06986198514523279
0.06986198514523301
0.05727449101925308
0.05727449101925308
0.04049857105968402
0.040498571059683686
0.034023094625247
0.03402309462524733
0.02616123504396861
0.02616123504396861
0.020805464442071098
0.020805464442070987
0.017102398162964327
0.017102398162964327
0.010878940080600641
0.010878940080600974
0.015098680513610296
0.015098680513610518
0.008830014374514472
0.008830014374514694
0.0069139818859221824
0.0069139818859221824
0.005322351476365839
0.005322351476365839
0.003975533539574472
0.003975533539574472
0.0029484975541707037
0.0029484975541709257
0.002179548439611878
0.0021795484396121
0.001813120527474621
0.001813120527474732
0.0014687296221731483
0.0014687296221731483
0.0011696692728483393
0.0011696692728483393
0.0009195228243447096
0.0009195228243444875
0.0007549129096812157
0.0007549129096812157
0.0006201804538837896
0.0006201804538835676
0.000566150055131831
0.000566150055131831
0.0003632739357132264
0.0003632739357136705
0.00032542203274255055
0.00032542203274255055
0.0002526064276826556
0.0002526064276824336
0.0002045860773690622
0.0002045860773690622
0.00015069220974628372
0.0001506922097461727
0.00012793009199296712
0.00012793009199318917
0.00010542562919624299
0.00010542562919657605
9.599498780488158e-5
9.599498780488158e-5
7.450450488311056e-5
7.450450488344362e-5
6.507607653971625e-5
6.507607653971625e-5
5.587879909751958e-5
5.587879909729754e-5
4.2680106888681735e-5
4.26801068890148e-5
3.588830909762031e-5
3.588830909739826e-5
2.9447726846432154e-5
2.944772684621011e-5
2.627954316825054e-5
2.627954316825054e-5
2.1721124666251868e-5
2.1721124666473912e-5
1.7334612224639834e-5
1.7334612224639834e-5
1.4315226548489157e-5
1.4315226548378135e-5
1.2274045900872999e-5
1.2274045901095043e-5
1.0322170937770991e-5
1.0322170937548947e-5
8.857298769204824e-6
8.857298769315847e-6
6.562299932011406e-6
6.562299932011406e-6
5.859716935896486e-6
5.859716935785464e-6
4.917624557676525e-6
4.917624557676525e-6
4.242885464744717e-6
4.242885464744717e-6
3.3227743481134553e-6
3.3227743477803884e-6
2.9141058818238363e-6
2.914105882045881e-6
2.6217319081256463e-6
2.621731908458713e-6
2.108210687801204e-6
2.1082106874681372e-6
2.9366687124277036e-6
2.936668712538726e-6
1.917588134614512e-6
1.9175881349475787e-6
1.5224614169362383e-6
1.5224614167141937e-6
1.2639156394822493e-6
1.2639156397042939e-6
1.0358059154835786e-6
1.0358059154835786e-6
8.901856075604897e-7
8.901856073384451e-7
7.722932453546605e-7
7.722932454656828e-7
6.141260010528171e-7
6.141260007197502e-7
5.217510049559948e-7
5.217510049559948e-7
4.199911755042862e-7
4.199911756153085e-7
3.490787164883713e-7
3.490787167104159e-7
2.854914068484149e-7
2.854914068484149e-7
2.3609482768804924e-7
2.3609482768804924e-7
1.9350984881150168e-7
1.935098492555909e-7
1.6222757692752054e-7
1.6222757714956515e-7
1.345752169701342e-7
1.345752168591119e-7
1.1558236012731982e-7
1.1558236023834212e-7
9.742729700779051e-8
9.742729678574591e-8
10826.317305 seconds (246.78 M allocations: 10.182 TiB, 4.46% gc time)
Finished order 2
loss std: 8.773843089403583e-7
magnitude: 4.871364850389526e-8
learning rate: 9.742729700779052e-9
  0.105945 seconds (194.54 k allocations: 24.923 MiB)
 24.242226 seconds (292.07 M allocations: 28.559 GiB, 15.72% gc time)
9.742993434258551e-8
9.742993434258551e-8
293.952218 seconds (20.19 M allocations: 813.908 GiB, 14.19% gc time)
Finished order 3
loss std: NaN
4
magnitude: 0.5
learning rate: 0.1
  0.000162 seconds (651 allocations: 42.953 KiB)
  0.140452 seconds (1.10 M allocations: 132.065 MiB, 14.91% gc time)
0.9993219554980304
0.9993219554980304
0.9787436703277578
0.9787436703277578
0.9977276025948991
0.9977276025948991
0.9990867434000748
0.9990867434000748
0.9930106809764233
0.9930106809764233
0.9804671712320736
0.9804671712320737
0.9986046116671061
0.998604611667106
0.9993001626686375
0.9993001626686375
0.9895802455762772
0.9895802455762772
0.9765778250285644
0.9765778250285644
0.9699456025844091
0.9699456025844091
0.9868537163919554
0.9868537163919554
0.9611230273262019
0.9611230273262019
0.9711408442825931
0.9711408442825931
0.9501943365283527
0.9501943365283527
0.949959603114882
0.949959603114882
0.9427164367118119
0.942716436711812
0.9302295455594191
0.9302295455594191
0.8985077472731913
0.8985077472731913
0.9054865022558275
0.9054865022558275
0.8759193652780181
0.8759193652780181
0.8502777609541982
0.8502777609541982
0.8680647999739379
0.8680647999739379
0.8276563075155525
0.8276563075155525
0.8167555986572747
0.8167555986572747
0.7956016758635505
0.7956016758635505
0.7821183756611058
0.7821183756611058
0.7620842379450302
0.7620842379450301
0.755765831856031
0.755765831856031
0.7493841517779044
0.7493841517779043
0.7407340685060763
0.7407340685060763
0.7366473307149936
0.7366473307149936
0.7335101121917109
0.7335101121917111
0.7309638699441855
0.7309638699441854
0.7274485243138114
0.7274485243138114
0.7252164477298385
0.7252164477298384
0.7227850705442187
0.7227850705442187
0.721261930555724
0.721261930555724
0.7187299395670643
0.7187299395670643
0.7167012512612247
0.7167012512612247
0.7145177431787478
0.7145177431787478
0.7124105555986003
0.7124105555986003
0.7098646835284204
0.7098646835284204
0.7072963242849657
0.7072963242849656
0.7041904292660113
0.7041904292660112
0.7035292436999816
0.7035292436999816
0.7023942170913596
0.7023942170913596
0.6995265274892482
0.6995265274892482
0.6984283257702321
0.698428325770232
0.696554523591548
0.696554523591548
0.6945689819906893
0.6945689819906893
0.6929892816626235
0.6929892816626237
0.6908910089225575
0.6908910089225575
0.6898192811605119
0.6898192811605119
0.6876089246193066
0.6876089246193064
0.6866181308675745
0.6866181308675745
0.6850307630567005
0.6850307630567005
0.6838055542820185
0.6838055542820185
0.6813933687025601
0.6813933687025602
0.6798416386237053
0.6798416386237052
0.6780067143014036
0.6780067143014037
0.676810076856017
0.676810076856017
0.6750631757012291
0.6750631757012292
0.6736828132564069
0.6736828132564068
0.6735397417192985
0.6735397417192985
0.6728186901926243
0.6728186901926243
0.6713227663183416
0.6713227663183419
0.669134264871408
0.6691342648714078
0.6668326998808307
0.6668326998808307
0.6644671676866303
0.6644671676866305
0.6656060131054456
0.6656060131054459
0.6630735626638459
0.6630735626638459
0.6595274116349579
0.6595274116349581
0.6556071157871481
0.6556071157871481
0.6532561760710704
0.6532561760710707
0.6567453505795904
0.6567453505795904
0.6516047696443417
0.6516047696443414
0.6511672243060487
0.6511672243060487
0.6488987037275489
0.6488987037275489
0.6482840733947266
0.6482840733947266
0.6471502397197437
0.6471502397197437
0.6461118486137425
0.6461118486137425
0.6453187481948849
0.6453187481948849
0.6447378681176268
0.6447378681176268
0.6442842206230579
0.6442842206230579
0.643689480353028
0.643689480353028
0.6429561616450372
0.6429561616450372
0.642460992870701
0.642460992870701
0.6421331618833972
0.6421331618833973
0.6418891680121908
0.6418891680121908
0.6416643274286972
0.6416643274286973
0.6414293915680693
0.6414293915680693
0.6411926911980383
0.6411926911980383
0.64100771518127
0.64100771518127
0.6408736516081208
0.640873651608121
0.6407963796708149
0.6407963796708149
0.6407098924494137
0.6407098924494136
0.6406207321506561
0.6406207321506563
0.6405035543565191
0.6405035543565191
0.6404401526889312
0.6404401526889314
0.6403510593249921
0.6403510593249919
0.6403220188010608
0.6403220188010608
0.6402598820476566
0.6402598820476565
0.64021453325804
0.64021453325804
0.6401735902695009
0.6401735902695007
0.6401531253927282
0.6401531253927284
0.6401357418946678
0.6401357418946676
0.6401160140423896
0.6401160140423896
0.6400943841767639
0.6400943841767639
0.6400763553270515
0.6400763553270514
0.6400603888996197
0.6400603888996197
0.6400384378452977
0.6400384378452975
0.6400162243980787
0.6400162243980787
0.6399893522869566
0.6399893522869566
0.6399603386585881
0.6399603386585881
0.6399285948770269
0.6399285948770268
0.6398947087184246
0.6398947087184246
0.639871666662706
0.639871666662706
0.639835775323017
0.639835775323017
0.6398005494034926
0.6398005494034927
0.6397537373901648
0.6397537373901648
0.639705857363098
0.6397058573630978
0.6396629670136526
0.6396629670136529
0.6396232182221295
0.6396232182221295
0.6396010880692963
0.6396010880692963
0.6395868847214783
0.6395868847214783
0.6395595897907432
0.6395595897907432
0.6395331211509803
0.6395331211509805
0.6395088200259256
0.6395088200259257
0.639456778517296
0.639456778517296
0.639456212340116
0.639456212340116
0.6394224360842984
0.6394224360842984
0.6393913480456674
0.6393913480456674
0.6393969639208952
0.6393969639208952
0.6393723477426639
0.639372347742664
0.6393276549660238
0.6393276549660241
0.6392890000406697
0.6392890000406697
0.6392272214853445
0.6392272214853445
0.6392020893547341
0.6392020893547341
0.6391856155020874
0.6391856155020874
0.6391297665886941
0.6391297665886941
0.6391067382608917
0.6391067382608915
0.6390803452296466
0.6390803452296465
0.6390464244436258
0.6390464244436258
0.6390343447569827
0.6390343447569827
0.6390254886071649
0.6390254886071649
0.6390133979710138
0.6390133979710139
0.6390015292978717
0.6390015292978717
0.6389802400613798
0.6389802400613798
0.6389695711090198
0.63896957110902
0.6389475645191429
0.6389475645191429
0.63892920199534
0.6389292019953399
0.6389163785251777
0.6389163785251777
0.6389076384953134
0.6389076384953134
0.6389035008899665
0.6389035008899664
0.6388971698526756
0.6388971698526756
0.6388905111455483
0.6388905111455483
0.6388817891502515
0.6388817891502516
0.6388739692041048
0.638873969204105
0.6388666606255912
0.6388666606255913
0.638858830627399
0.6388588306273991
0.6388526600864513
0.6388526600864513
0.6388489588075236
0.6388489588075236
0.6388461422661986
0.6388461422661988
0.6388448478107475
0.6388448478107474
0.6388432341191144
0.6388432341191144
0.6388402836196141
0.6388402836196141
0.6388394128113981
0.6388394128113981
0.6388372053014908
0.6388372053014908
0.6388366190869605
0.6388366190869605
0.6388358118505483
0.6388358118505483
0.6388349283555038
0.6388349283555038
0.6388340173439342
0.6388340173439344
0.6388334228180088
0.6388334228180088
0.6388329294615112
0.6388329294615112
0.6388326333475289
0.6388326333475287
0.6388323244372992
0.6388323244372992
0.638832190619644
0.638832190619644
0.638831991060041
0.638831991060041
0.6388319003703942
0.6388319003703942
0.638831700936519
0.6388317009365188
0.6388316121230316
0.6388316121230317
0.6388315405578999
0.6388315405578999
0.638831485925755
0.638831485925755
0.6388313841039116
0.6388313841039115
0.6388313233779506
0.6388313233779505
0.6388312681762847
0.6388312681762846
0.6388311438981131
0.6388311438981131
0.6388310189295483
0.6388310189295486
0.6388308368094164
0.6388308368094164
0.6388306870335304
0.6388306870335302
0.638830485642397
0.6388304856423973
0.6388301225627265
0.6388301225627266
0.6388305247020103
0.6388305247020103
0.6388299315090118
0.6388299315090118
0.6388296177443554
0.6388296177443554
0.6388293642553364
0.6388293642553364
0.6388291009563203
0.6388291009563203
0.6388289163796798
0.6388289163796796
0.6388287319934376
0.6388287319934375
0.638828599894977
0.638828599894977
0.638828446527255
0.6388284465272549
0.6388280628089574
0.6388280628089574
0.6388275778405259
0.6388275778405259
0.6388271027116731
0.6388271027116731
0.6388265999841908
0.6388265999841909
0.6388262330437624
0.6388262330437624
0.6388258869945388
0.6388258869945388
0.6388254170532457
0.6388254170532457
0.6388250429398852
0.6388250429398852
0.6388246690348481
0.6388246690348481
0.6388244008673819
0.6388244008673818
0.6388241889317163
0.6388241889317163
0.6388239610899494
0.6388239610899494
0.6388236457452067
0.6388236457452067
0.6388234023422255
0.6388234023422255
0.6388230334799303
0.6388230334799304
0.6388226319107846
0.6388226319107847
0.6388221100047066
0.6388221100047066
24236.760403 seconds (60.82 M allocations: 573.599 GiB, 0.42% gc time)
Finished order 1
loss std: 2.101713135411312e-6
magnitude: 0.3194110550023533
learning rate: 0.06388221100047066
  0.079097 seconds (17.73 k allocations: 1.701 MiB)
  2.389049 seconds (27.75 M allocations: 2.769 GiB, 12.56% gc time)
0.8762511473244832
0.8762511473244832
0.6167022708566823
0.6167022708566823
0.9968896264414455
0.9968896264414455
0.5282102832736082
0.5282102832736086
0.400301629036139
0.400301629036139
0.33059598686705605
0.33059598686705594
0.20050855914844457
0.20050855914844457
0.16282104122245544
0.16282104122245566
0.12007781611715007
0.12007781611714996
0.09193568702570953
0.09193568702570964
0.06823189379093098
0.06823189379093053
0.056814019606375554
0.056814019606375776
0.04115397372775287
0.04115397372775331
0.03985769356228819
0.03985769356228819
0.033706862666426085
0.03370686266642631
0.02629839028677483
0.026298390286775053
0.021216593675590034
0.02121659367558959
0.016862440720356475
0.016862440720356697
0.013178984621576628
0.013178984621576628
0.010221637850223675
0.010221637850223453
0.008664807955936937
0.008664807955936937
0.007155824075748551
0.007155824075748329
0.006057888310152526
0.006057888310152748
0.004798434721212885
0.004798434721212885
0.0042508950238336896
0.0042508950238334675
0.003629102143734686
0.003629102143734908
0.002894797112882541
0.002894797112882319
0.002344124320184937
0.002344124320185159
0.002032699944566896
0.002032699944566785
0.0017483776293222286
0.0017483776293217845
0.0014949530946535283
0.0014949530946535283
0.001206383768111774
0.001206383768112329
0.001053029878345213
0.001053029878345435
0.0009344987194839227
0.0009344987194841448
0.0007853173700138605
0.0007853173700138605
0.0006616791574152181
0.0006616791574152181
0.0005917148873715306
0.0005917148873713085
0.0005050022745590743
0.0005050022745590743
0.00046553021666095873
0.00046553021666095873
0.0004066452729166725
0.00040664527291633945
0.0003800244232586847
0.0003800244232581296
0.000313203016822472
0.000313203016822472
0.00028552437137829845
0.00028552437137829845
0.0002556252301484374
0.00025562523014865945
0.0002142139493706008
0.00021421394937048976
0.00023284283263758088
0.00023284283263780292
0.00019215639894309966
0.00019215639894365477
0.0001661121622257289
0.0001661121622252848
0.00014887745771252625
0.00014887745771241523
0.00013038680523713708
0.00013038680523702606
0.00012043457420296555
0.00012043457420340964
0.00010178986534237211
0.00010178986534237211
9.221376008461402e-5
9.221376008483606e-5
8.359899373344692e-5
8.359899373322488e-5
6.776092775073739e-5
6.776092775084841e-5
7.723009893279009e-5
7.723009893267907e-5
6.143629283839047e-5
6.143629283839047e-5
5.02513169990948e-5
5.025131699931684e-5
4.4776640272026214e-5
4.4776640272026214e-5
3.984750011054583e-5
3.984750011065685e-5
3.587197250431995e-5
3.587197250376484e-5
3.2265778661555444e-5
3.2265778661555444e-5
2.7833155986201064e-5
2.783315598597902e-5
2.568819077286566e-5
2.568819077330975e-5
2.253185088207932e-5
2.253185088207932e-5
2.219124317270893e-5
2.219124317270893e-5
2.0625517534011983e-5
2.0625517533567894e-5
1.827862043990436e-5
1.827862043990436e-5
1.6056032372091522e-5
1.60560323719805e-5
1.4386611209005196e-5
1.4386611208783151e-5
1.2721125365211527e-5
1.2721125365100505e-5
1.1642756180818559e-5
1.1642756181040603e-5
1.053640117487653e-5
1.0536401174765508e-5
9.788664965815208e-6
9.788664965815208e-6
9.049124731874691e-6
9.049124732096736e-6
7.714368069677846e-6
7.714368069455801e-6
7.572496349306235e-6
7.572496349306235e-6
6.736311045307808e-6
6.736311045307808e-6
6.3555590613662005e-6
6.355559060922111e-6
5.86394477419816e-6
5.8639447740871375e-6
5.242651316628155e-6
5.242651316961222e-6
5.220609242351237e-6
5.220609242129193e-6
4.766572042735895e-6
4.7665720429579395e-6
4.2363605323725295e-6
4.2363605327055964e-6
3.94762458033604e-6
3.94762458033604e-6
3.5096580307536485e-6
3.5096580310867154e-6
3.429607798421941e-6
3.429607798421941e-6
2.937372758360368e-6
2.937372758360368e-6
2.791161669901676e-6
2.791161669901676e-6
2.5783068181572943e-6
2.578306818379339e-6
2.369339986652008e-6
2.369339986652008e-6
2.1112715855586828e-6
2.111271586002772e-6
1.939205513945552e-6
1.9392055137235076e-6
1.822114266136765e-6
1.8221142665808543e-6
1.6267271942815853e-6
1.6267271940595407e-6
1.452595310258431e-6
1.4525953104804756e-6
1.351795311244075e-6
1.351795311244075e-6
1.2006439575884542e-6
1.2006439575884542e-6
1.142284121513626e-6
1.1422841217356705e-6
1.0465322621833195e-6
1.046532261961275e-6
9.568545769056414e-7
9.568545764615521e-7
8.93353559017207e-7
8.933535587951624e-7
7.729670878919848e-7
7.729670874478956e-7
7.234420161816857e-7
7.234420159596411e-7
6.50811983193833e-7
6.508119834158776e-7
6.222048565263094e-7
6.222048565263094e-7
5.644180808284105e-7
5.644180808284105e-7
5.089919894452066e-7
5.089919901113404e-7
4.3861336529449346e-7
4.3861336496142656e-7
4.0672903489635814e-7
4.0672903467431354e-7
15629.141795 seconds (348.02 M allocations: 14.359 TiB, 4.41% gc time)
Finished order 2
loss std: 5.901690389880557e-7
magnitude: 2.0336451744817907e-7
learning rate: 4.0672903489635814e-8
  0.093605 seconds (194.54 k allocations: 24.923 MiB)
 20.285221 seconds (292.07 M allocations: 28.559 GiB, 13.28% gc time)
4.0671322298901913e-7
4.0671322343310834e-7
301.364549 seconds (20.19 M allocations: 813.911 GiB, 15.48% gc time)
Finished order 3
loss std: NaN
4
magnitude: 0.5
learning rate: 0.1
  0.000120 seconds (651 allocations: 42.953 KiB)
  0.156976 seconds (1.10 M allocations: 132.065 MiB, 23.31% gc time)
0.9997794734565014
0.9997794734565014
0.983533381347717
0.983533381347717
0.9949289462795421
0.9949289462795421
0.9901069183083067
0.9901069183083067
0.9818803981193176
0.9818803981193176
0.9958082847117918
0.9958082847117918
0.9816823857643129
0.9816823857643129
0.9775116843685142
0.9775116843685142
0.9624208963535169
0.9624208963535169
0.9981920680936665
0.9981920680936665
0.9528504808089329
0.9528504808089329
0.9411465797454575
0.9411465797454575
0.9468832151832968
0.9468832151832968
0.9228240395129228
0.9228240395129228
0.9045574302169485
0.9045574302169486
0.8865475964467231
0.8865475964467231
0.8700950019339534
0.8700950019339533
0.8456921702029032
0.8456921702029032
0.8302392143013496
0.8302392143013495
0.810868522296945
0.810868522296945
0.7896933555048671
0.789693355504867
0.7821337677577824
0.7821337677577824
0.7497140864719953
0.7497140864719954
0.736015507532809
0.736015507532809
0.7286632164617134
0.7286632164617134
0.7234234918986038
0.7234234918986038
0.7188380293131269
0.7188380293131269
0.7154870144676608
0.7154870144676608
0.7092574062271602
0.7092574062271602
0.7038438538337879
0.7038438538337878
0.6968888053664226
0.6968888053664227
0.6891205321186392
0.6891205321186392
0.677689779743285
0.677689779743285
0.6703319860321656
0.6703319860321656
0.6670847005881284
0.6670847005881284
0.665547513300446
0.6655475133004458
0.6636510052293396
0.6636510052293396
0.6620697755633503
0.6620697755633503
0.6607300115325319
0.6607300115325319
0.6594760583762729
0.6594760583762729
0.6582251642178651
0.6582251642178654
0.6572639032204689
0.6572639032204688
0.6568377790840219
0.6568377790840219
0.6561468531365715
0.6561468531365715
0.6557257903038154
0.6557257903038152
0.6552404311485005
0.6552404311485006
0.6548396292161954
0.6548396292161955
0.6544339801032415
0.6544339801032415
0.6539169982910609
0.6539169982910611
0.6534456005325375
0.6534456005325375
0.6530670342728508
0.6530670342728508
0.6527303071159154
0.6527303071159153
0.6524996675826522
0.6524996675826525
0.6523407846936775
0.6523407846936775
0.6521742453498865
0.6521742453498865
0.6520857597944393
0.6520857597944393
0.6520186337374119
0.6520186337374119
0.6519831106216041
0.6519831106216041
0.6519636229087848
0.6519636229087848
0.6519550978022108
0.6519550978022108
0.6519524182484306
0.6519524182484304
0.6519498490546362
0.651949849054636
0.6519487906878063
0.6519487906878063
0.6519476320671145
0.6519476320671147
0.6519458734709858
0.6519458734709858
0.6519443522704158
0.6519443522704159
0.6519416707123094
0.6519416707123094
0.6519414279116462
0.6519414279116462
0.6519398385951427
0.6519398385951428
0.6519379833540041
0.6519379833540041
0.6519362898501684
0.6519362898501684
0.6519352307397548
0.6519352307397549
0.6519342780865893
0.6519342780865893
0.6519334585954965
0.6519334585954963
0.6519330202851443
0.6519330202851443
0.6519323994713788
0.6519323994713788
0.6519318612593327
0.6519318612593328
0.651931561091732
0.651931561091732
0.6519311638602708
0.651931163860271
0.6519308388924303
0.6519308388924301
0.6519306520240683
0.6519306520240683
0.651930546287568
0.651930546287568
0.6519304770884728
0.6519304770884731
0.6519303992336585
0.6519303992336585
0.6519303705700334
0.6519303705700334
0.6519302875846569
