magnitude: 0.5
learning rate: 0.1
  0.474820 seconds (241.07 k allocations: 11.420 MiB, 99.97% compilation time)
  0.589958 seconds (1.17 M allocations: 135.261 MiB, 4.85% gc time, 80.05% compilation time)
0.9999817440726743
0.9999817440726743
0.9951890157896947
0.9951890157896947
0.9989087385754437
0.9989087385754437
0.9957622287645312
0.9957622287645312
0.9937099073410005
0.9937099073410005
0.9985524711365688
0.9985524711365688
0.9937167441303459
0.9937167441303459
0.9936999566313848
0.9936999566313847
0.9917850409249582
0.9917850409249582
0.9824220750177748
0.9824220750177748
0.9731687553517816
0.9731687553517816
0.9666560264619701
0.9666560264619701
0.9952271561462409
0.9952271561462409
0.9611694485901261
0.9611694485901261
0.9406327359125058
0.9406327359125058
0.9949841294143722
0.9949841294143722
0.9174912660372381
0.9174912660372381
0.893876353835679
0.8938763538356789
0.8672332207628196
0.8672332207628196
0.8572335162244332
0.8572335162244332
0.8288830028507644
0.8288830028507644
0.8119115629732847
0.8119115629732848
0.793938911910868
0.793938911910868
0.7807600549976345
0.7807600549976345
0.7703057781019536
0.7703057781019536
0.7629449770339995
0.7629449770339995
0.7581716380065164
0.7581716380065164
0.75535435582703
0.75535435582703
0.7524524725628264
0.7524524725628265
0.7474068429625933
0.7474068429625933
0.7410836818810659
0.7410836818810659
0.737319306417819
0.737319306417819
0.7339309753563124
0.7339309753563124
0.7294198647555936
0.7294198647555936
0.7274246127422297
0.7274246127422296
0.7256740996388231
0.7256740996388231
0.7226276853983074
0.7226276853983071
0.7233476097588856
0.7233476097588856
0.7213877241253746
0.7213877241253748
0.7208469935091197
0.7208469935091198
0.7199113676619854
0.7199113676619853
0.7188703897189238
0.7188703897189238
0.718049650712375
0.718049650712375
0.7172763170606269
0.7172763170606268
0.7167536787681645
0.7167536787681648
0.7161789198392123
0.7161789198392123
0.7157213790963375
0.7157213790963376
0.7152202580450593
0.7152202580450593
0.7148941896978729
0.7148941896978731
0.7145371494544746
0.7145371494544746
0.7136434430611867
0.7136434430611867
0.7128249169620724
0.7128249169620724
0.7112105631252612
0.7112105631252612
0.7102545629632007
0.7102545629632007
0.7094719497019302
0.7094719497019302
0.7079934206004626
0.7079934206004627
0.7063940937332209
0.7063940937332209
0.7077762380007302
0.7077762380007301
0.7059707622430251
0.7059707622430252
0.7043092244009621
0.7043092244009619
0.7029717236991851
0.7029717236991851
0.7019693296542571
0.7019693296542572
0.7014183013833643
0.7014183013833641
0.7005339831257635
0.7005339831257635
0.6993106602623369
0.6993106602623368
0.6979109834095627
0.6979109834095627
0.6965511075514896
0.6965511075514896
0.6957192889637478
0.6957192889637478
0.694582616400339
0.694582616400339
0.6938460097373137
0.6938460097373137
0.6933688344243087
0.6933688344243087
0.6928741190721677
0.6928741190721677
0.6928638065916994
0.6928638065916994
0.6926559862584105
0.6926559862584105
0.6924558616010847
0.6924558616010846
0.6922362717920765
0.6922362717920765
0.691962784457615
0.691962784457615
0.691739811341264
0.691739811341264
0.6915025867967913
0.6915025867967913
0.6913845834537227
0.6913845834537227
0.6912686308549338
0.6912686308549338
0.6911683434126215
0.6911683434126217
0.6910266198031803
0.6910266198031803
0.6908764801687954
0.6908764801687954
0.6907576377740037
0.6907576377740036
0.6906716244395308
0.6906716244395308
0.6905765582719408
0.690576558271941
0.6905232000680362
0.6905232000680362
0.6904596891223849
0.6904596891223849
0.69035280119888
0.69035280119888
0.6902685597118643
0.6902685597118643
0.6901646772506764
0.6901646772506764
0.6900032207041027
0.6900032207041027
0.6899387933616801
0.6899387933616801
0.6898250155579413
0.6898250155579413
0.6897355213668113
0.689735521366811
0.6896159997311869
0.6896159997311869
0.6894226147924125
0.6894226147924125
0.6898835524611505
0.6898835524611504
0.6893071282151381
0.6893071282151381
0.6891631386289783
0.6891631386289783
0.6889989212633517
0.6889989212633518
0.6889027022174296
0.6889027022174297
0.6887729460202874
0.6887729460202873
0.6886228355924944
0.6886228355924943
0.6885162729623557
0.6885162729623557
0.688433264724776
0.688433264724776
0.688307532757731
0.688307532757731
0.6882663874146449
0.6882663874146446
0.6881770450522484
0.6881770450522482
0.6881215711861273
0.688121571186127
0.6880072750063267
0.6880072750063266
0.687876622073666
0.687876622073666
0.6878172468655028
0.6878172468655028
0.6877612901372518
0.6877612901372518
0.6876986981933586
0.6876986981933586
0.6876557754694113
0.6876557754694113
0.6876128377303142
0.6876128377303142
0.6875535014594533
0.6875535014594534
0.6874998488035677
0.6874998488035677
0.6874558208995182
0.6874558208995183
0.6874432893391715
0.6874432893391715
0.6874242475765426
0.6874242475765426
0.6874115979796847
0.6874115979796847
0.6873982333034796
0.6873982333034796
0.6873783606483819
0.6873783606483819
0.6873884748959178
0.6873884748959178
0.6873714686153545
0.6873714686153545
0.6873623967649365
0.6873623967649366
0.6873547984499858
0.6873547984499859
0.6873503721913
0.6873503721913001
0.6873461705590591
0.6873461705590591
0.6873431311932422
0.6873431311932422
0.6873393384626814
0.6873393384626814
0.6873348181832792
0.6873348181832792
0.6873288523288861
0.6873288523288859
0.687320486920338
0.687320486920338
0.6873182518104959
0.687318251810496
0.6873048970266977
0.6873048970266977
0.6872994715279185
0.6872994715279186
0.6872905099247035
0.6872905099247035
0.6872804811062956
0.6872804811062956
0.6872827619493045
0.6872827619493045
0.6872716589054384
0.6872716589054384
0.687258931790176
0.687258931790176
0.6872482786557199
0.6872482786557199
0.6872418782090488
0.6872418782090488
0.687223065687795
0.687223065687795
0.6872083074106736
0.6872083074106736
0.6871942837717069
0.6871942837717069
0.6871817949837451
0.687181794983745
0.6871691604054062
0.6871691604054062
0.687162632480367
0.687162632480367
0.6871576728373237
0.6871576728373237
0.6871428408761222
0.6871428408761223
0.687122501221131
0.687122501221131
0.6871055363363421
0.6871055363363421
0.6870867274412464
0.6870867274412464
0.6870706924227519
0.6870706924227519
0.6870615699287073
0.6870615699287074
0.6870550543265899
0.6870550543265899
0.6870507339528179
0.6870507339528179
0.6870484042478876
0.6870484042478876
0.6870447012049709
0.6870447012049707
0.6870414413841259
0.6870414413841259
0.6870370209313968
0.6870370209313968
0.6870334566624012
0.6870334566624011
0.6870278552537352
0.6870278552537354
0.6870257779436096
0.6870257779436098
0.6870241311212595
0.6870241311212595
0.6870221472113105
0.6870221472113107
0.6870200017697011
0.6870200017697011
0.6870168721901457
0.6870168721901457
0.6870130551108689
0.6870130551108689
0.6870084720337957
0.6870084720337957
0.6870038667861038
0.6870038667861036
0.6870011156299836
0.6870011156299834
0.6869990306385414
0.6869990306385417
0.6869975141734574
0.6869975141734574
0.6869959954660843
0.6869959954660843
0.6869947319176308
0.6869947319176308
0.6869936802764113
0.6869936802764114
0.6869923623265712
0.6869923623265712
0.686991039614606
0.686991039614606
0.6869899063973819
0.6869899063973819
0.6869893932061651
0.6869893932061651
0.6869887962575381
0.6869887962575378
0.6869882594987637
0.6869882594987637
0.686987566477705
0.686987566477705
0.686986862484646
0.686986862484646
0.6869863082935665
0.6869863082935664
0.6869858493609031
0.6869858493609031
0.6869854793870791
0.6869854793870791
0.6869849687856686
0.6869849687856686
0.6869844397245681
0.6869844397245679
0.6869837107897538
0.6869837107897537
0.6869826951194438
0.6869826951194438
0.6869819407824567
0.6869819407824567
0.6869814019810117
0.6869814019810117
0.6869808664058534
0.6869808664058534
0.6869804739480992
0.6869804739480991
0.6869799503818971
0.6869799503818971
0.6869795298839889
0.686979529883989
0.6869791800639768
0.6869791800639768
0.686978564810349
0.686978564810349
0.686977897319994
0.6869778973199939
0.6869772952697151
0.6869772952697152
0.6869767167954373
0.6869767167954373
0.686976521312352
0.6869765213123518
0.6869761871937763
0.6869761871937764
0.686976030587078
0.686976030587078
0.6869759530475853
0.6869759530475853
0.6869759134551559
0.686975913455156
0.6869758446777693
0.6869758446777694
0.6869758165665107
0.6869758165665109
0.686975783679732
0.686975783679732
0.6869757483615977
0.6869757483615977
0.686975707583307
0.686975707583307
23860.272018 seconds (105.55 M allocations: 572.302 GiB, 0.43% gc time, 0.12% compilation time)
Finished order 1
loss std: 1.9835202081253187e-6
magnitude: 0.3434878537916535
learning rate: 0.06869757075833069
  0.002909 seconds (17.73 k allocations: 1.701 MiB)
  2.633573 seconds (27.75 M allocations: 2.769 GiB, 25.62% gc time)
0.9207805365520397
0.9207805365520397
0.6330893400184177
0.6330893400184179
0.9936008867397832
0.9936008867397832
0.5395871915535468
0.5395871915535466
0.43283146240774917
0.43283146240774917
0.2801863675890317
0.2801863675890317
0.15485864154155005
0.15485864154154982
0.11235695273987778
0.11235695273987778
0.06871792965060886
0.06871792965060886
0.06948768877875477
0.06948768877875477
0.05239839847297012
0.0523983984729699
0.03690835602505771
0.0369083560250576
0.026605256695745094
0.026605256695745094
0.019666420376019178
0.019666420376018956
0.015250237487494323
0.015250237487494323
0.010284896525436071
0.010284896525436182
0.008821844354320207
0.008821844354320652
0.006417366038998007
0.006417366038998118
0.005994759030600427
0.005994759030600205
0.004167513500501707
0.004167513500501929
0.0036438580910460594
0.0036438580910460594
0.003010228097867773
0.003010228097867773
0.0022108980281820845
0.0022108980281815294
0.002459992462975902
0.002459992462976235
0.0018477498425039096
0.0018477498425039096
0.00129440916589596
0.00129440916589596
0.0010738197548805228
0.0010738197548803008
0.0008673050742343813
0.0008673050742344923
0.0007252181791825851
0.0007252181791831402
0.0006051010841506832
0.0006051010841504612
0.0004756334842892507
0.00047563348428902863
0.00039794442317730994
0.00039794442317697687
0.0003237951034468223
0.00032379510344660023
0.0002542912594052371
0.0002542912594056812
0.00020687909438699137
0.00020687909438699137
0.00017607057685542493
0.00017607057685564698
0.00013534643486257103
0.00013534643486279307
0.00011451216298552502
0.00011451216298530298
9.470166002234492e-5
9.470166002256697e-5
7.263603922502693e-5
7.263603922469386e-5
6.282348596287068e-5
6.282348596309273e-5
5.185227839443751e-5
5.185227839465956e-5
4.430798826704496e-5
4.430798826682292e-5
3.576266894300684e-5
3.576266894267377e-5
3.2688892089849375e-5
3.268889209007142e-5
2.4572682844059557e-5
2.45726828442816e-5
2.661112751400907e-5
2.6611127513453958e-5
2.1759139751997836e-5
2.1759139751997836e-5
1.8539152216945354e-5
1.8539152216945354e-5
1.4937858665353687e-5
1.4937858665353687e-5
1.2616124540620888e-5
1.2616124540620888e-5
1.0570427530831594e-5
1.0570427530831594e-5
9.163543219115056e-6
9.163543219115056e-6
7.568504201138637e-6
7.568504201138637e-6
6.471563747112441e-6
6.471563746668352e-6
5.608051276473347e-6
5.608051276251302e-6
4.562815769104667e-6
4.562815768882622e-6
4.0858731058524e-6
4.0858731058524e-6
3.5660445723006973e-6
3.5660445727447865e-6
3.1671435123392655e-6
3.16714351256131e-6
2.589681006082145e-6
2.5896810058601005e-6
2.41804141776214e-6
2.41804141776214e-6
1.9062750009624096e-6
1.9062750009624096e-6
2.0376837164270967e-6
2.037683716205052e-6
1.7099174766110892e-6
1.7099174768331338e-6
1.5082747290007248e-6
1.5082747290007248e-6
1.1975819330656279e-6
1.1975819330656279e-6
1.0452839351859922e-6
1.0452839351859922e-6
8.789670864484123e-7
8.789670866704569e-7
7.3837597236448e-7
7.3837597236448e-7
6.309016181704763e-7
6.309016179484317e-7
5.612860298764843e-7
5.61286030098529e-7
4.2314612813676433e-7
4.231461276926751e-7
3.78097321895865e-7
3.7809732145177577e-7
3.285046769052613e-7
3.28504676794239e-7
3.1684495827022374e-7
3.1684495815920144e-7
2.4988099156519894e-7
2.4988099145417664e-7
2.209580677314804e-7
2.2095806784250271e-7
11130.292141 seconds (251.34 M allocations: 10.182 TiB, 4.19% gc time, 0.03% compilation time)
Finished order 2
loss std: 1.0263510418095873e-6
magnitude: 1.104790338657402e-7
learning rate: 2.2095806773148043e-8
  0.181099 seconds (194.54 k allocations: 24.923 MiB)
 23.803671 seconds (292.07 M allocations: 28.559 GiB, 13.36% gc time)
2.2096486496092638e-7
2.2096486507194868e-7
0.19496745422853712
0.19496745422853712
5.464710839397924e-8
5.464710839397924e-8
940.720799 seconds (60.56 M allocations: 2.384 TiB, 14.80% gc time)
Finished order 3
loss std: 0.11256443261976917
4
magnitude: 0.5
learning rate: 0.1
  0.000088 seconds (651 allocations: 42.953 KiB)
  0.152180 seconds (1.10 M allocations: 132.065 MiB, 26.98% gc time)
0.99997773479043
0.99997773479043
0.9904384743980973
0.9904384743980973
0.9966536983163456
0.9966536983163456
0.9849738979243953
0.9849738979243953
0.9835477515620996
0.9835477515620996
0.9834677639861105
0.9834677639861105
0.9971353700601604
0.9971353700601604
0.9834466841027723
0.9834466841027723
0.9795895509585524
0.9795895509585524
0.9628355156037494
0.9628355156037494
0.9650903971400787
0.9650903971400787
0.9450303127738421
0.945030312773842
0.9565970234317678
0.9565970234317678
0.9321665080082597
0.9321665080082597
0.8997125040727699
0.8997125040727699
0.8964173258001408
0.8964173258001408
0.880053434768527
0.880053434768527
0.8716728721262175
0.8716728721262175
0.835978392074807
0.8359783920748068
0.8169650709372008
0.8169650709372007
0.7937561245030785
0.7937561245030785
0.7828328037133773
0.7828328037133773
0.7593707691805498
0.7593707691805498
0.7484441747463186
0.7484441747463186
0.7402193770765482
0.7402193770765482
0.7282702405792583
0.7282702405792585
0.7200478922267051
0.7200478922267048
0.7083102537076813
0.7083102537076814
0.7042390807003052
0.7042390807003053
0.7016125547223669
0.7016125547223668
0.6987401848608756
0.6987401848608756
0.6961279649050425
0.6961279649050424
0.6941567813777497
0.6941567813777498
0.6930678763582464
0.6930678763582465
0.6914321372377003
0.6914321372377004
0.6904383677101167
0.6904383677101167
0.6893698376652
0.6893698376652
0.688933903508191
0.688933903508191
0.6886110312330229
0.6886110312330228
0.6883359280214907
0.6883359280214907
0.688214819128568
0.6882148191285679
0.6881459442490198
0.6881459442490196
0.6880911434651412
0.6880911434651412
0.6880468139215947
0.6880468139215947
0.6880043182741353
0.6880043182741353
0.6879692843054686
0.6879692843054684
0.6879107497234537
0.6879107497234537
0.6878731050055273
0.6878731050055273
0.6878398554238386
0.6878398554238386
0.6878230798324009
0.6878230798324009
0.6878018919150823
0.6878018919150823
0.6877859591355926
0.6877859591355926
0.6877711753601512
0.6877711753601513
0.6877610904486544
0.6877610904486544
0.6877563225314394
0.6877563225314394
0.6877512639978722
0.6877512639978722
0.6877469984509917
0.6877469984509916
0.6877436761175189
0.6877436761175187
0.6877407088772581
0.6877407088772581
0.6877395420226255
0.6877395420226257
0.687738297876721
0.687738297876721
0.6877374426636125
0.6877374426636125
0.6877365067343578
0.6877365067343577
0.6877350181248937
0.6877350181248938
0.6877338745179402
0.6877338745179402
0.6877323651424061
0.687732365142406
0.6877296860073283
0.6877296860073283
0.6877261632961889
0.6877261632961889
0.6877181606881553
0.6877181606881553
0.687714031098781
0.687714031098781
0.6877104845881673
0.6877104845881674
0.687694373590573
0.687694373590573
0.6876636759403177
0.6876636759403177
0.6876287596507238
0.6876287596507239
0.68758328696902
0.6875832869690202
0.687581108913643
0.687581108913643
0.6875452265511391
0.6875452265511391
0.6874964250946574
0.6874964250946574
0.6874303994241866
0.6874303994241864
0.6874260708586825
0.6874260708586825
0.6873987919677644
0.6873987919677644
0.687358143052864
0.687358143052864
0.687316069745575
0.687316069745575
0.6872902445181752
0.6872902445181752
0.6872547703804497
0.6872547703804497
0.6872245801185762
0.6872245801185762
0.6872019842095304
0.6872019842095304
0.6871886439170849
0.687188643917085
0.6871493010729286
0.6871493010729286
0.6871258888749361
0.6871258888749362
0.6870950160622675
0.6870950160622675
0.6870765798131083
0.6870765798131083
0.6870583217798447
0.6870583217798448
0.6870311999045896
0.6870311999045895
0.6870329538298827
0.6870329538298827
0.687017177980703
0.6870171779807029
0.6870041895449582
0.6870041895449581
0.6869978878109249
0.6869978878109249
0.6869932674048652
0.6869932674048653
0.6869889366144564
0.6869889366144564
0.6869849509039438
0.6869849509039438
0.6869828020731477
0.6869828020731475
0.6869811044606213
0.6869811044606213
0.6869809090714266
0.6869809090714266
0.6869800027297857
0.6869800027297857
0.6869787666553522
0.6869787666553523
0.686978314417286
0.6869783144172861
0.6869776554145877
0.6869776554145877
0.6869773821527576
0.6869773821527576
0.686976978152829
0.6869769781528292
0.68697681921965
0.68697681921965
0.6869767342113519
0.6869767342113517
0.6869766321591766
0.6869766321591766
0.68697666197949
0.68697666197949
0.6869765958720563
0.6869765958720563
0.6869765665024704
0.6869765665024704
0.6869765423662058
0.6869765423662058
0.6869765269424113
0.6869765269424113
0.6869765010383407
0.6869765010383407
0.6869764813909165
0.6869764813909165
0.6869764590077632
0.6869764590077632
0.686976411600021
0.686976411600021
0.6869764670479672
0.6869764670479672
0.686976385799323
0.686976385799323
0.6869763471452413
0.6869763471452413
0.686976325070811
0.686976325070811
0.6869763126443853
0.6869763126443853
0.6869763031551025
0.6869763031551025
0.6869762970186053
0.6869762970186053
14067.190801 seconds (35.83 M allocations: 337.381 GiB, 0.40% gc time)
Finished order 1
loss std: 1.824027093971157e-7
magnitude: 0.34348814850930265
learning rate: 0.06869762970186052
  0.079161 seconds (17.73 k allocations: 1.701 MiB)
  1.904104 seconds (27.75 M allocations: 2.769 GiB, 11.18% gc time)
0.9116076098260506
0.9116076098260506
0.6321028052514532
0.6321028052514532
0.9933026387523736
0.9933026387523736
0.5364801045277399
0.53648010452774
0.46104466765527863
0.46104466765527863
0.22907618751956704
0.22907618751956704
0.15477197656215502
0.15477197656215524
0.1087312813433059
0.1087312813433059
0.06787046178636258
0.06787046178636236
0.05758773764613667
0.05758773764613667
0.03953543023520334
0.03953543023520356
0.03257522920810518
0.03257522920810496
0.0253042311361793
0.025304231136179633
0.01731385428709964
0.01731385428709986
0.01486898930361158
0.014868989303611357
0.010959581388557349
0.01095958138855746
0.009333959706552264
0.009333959706552486
0.006965983851081603
0.006965983851081603
0.0044459484209724565
0.0044459484209726785
0.006910623797009796
0.006910623797009796
0.0037135769109521988
0.003713576910952421
0.0026484648940598987
0.0026484648940596767
0.0021578644829656213
0.0021578644829655103
0.0016691148899738995
0.0016691148899741215
0.0014116177371191752
0.0014116177371193972
0.0012104165917865561
0.0012104165917865561
0.0010189937312392594
0.0010189937312390374
0.0008663801334213295
0.0008663801334216625
0.0007528348119976158
0.0007528348119980599
0.0005924412656885814
0.0005924412656884703
0.0005248068525587346
0.0005248068525585126
0.00044196659660877824
0.00044196659660877824
0.00037203502038174463
0.0003720350203819667
0.00027627182836220676
0.0002762718283619847
0.00024307950413482438
0.00024307950413482438
0.00020127180727280702
0.00020127180727280702
0.00018060403235276024
0.00018060403235298228
0.00014210518128532357
0.00014210518128532357
0.0001233623960323893
0.00012336239603216725
0.0001086622899616474
0.00010866228996198046
8.296486093395394e-5
8.296486093439803e-5
8.73145167776812e-5
8.73145167776812e-5
7.111948822724479e-5
7.111948822724479e-5
5.2859215951217564e-5
5.285921595099552e-5
4.4892669844642796e-5
4.4892669844642796e-5
3.737899983125015e-5
3.737899983147219e-5
3.186458325266095e-5
3.186458325277197e-5
2.7001252975722423e-5
2.7001252975944467e-5
2.2018860687866848e-5
2.2018860688088893e-5
1.8500360326356713e-5
1.8500360326356713e-5
1.560633578789883e-5
1.560633578789883e-5
1.2497879656292454e-5
1.2497879656514499e-5
1.0610815148970332e-5
1.0610815148970332e-5
8.812629524013182e-6
8.812629524235227e-6
7.114745299574565e-6
7.114745299574565e-6
6.117592195375998e-6
6.1175921954870205e-6
5.139202945980692e-6
5.139202945980692e-6
4.045865594215492e-6
4.045865593882425e-6
3.5387958006172227e-6
3.5387958006172227e-6
2.926676496262104e-6
2.926676496262104e-6
2.3490782856683268e-6
2.3490782860013937e-6
2.0321703908532385e-6
2.0321703908532385e-6
1.7641043466021245e-6
1.764104346824169e-6
1.3729524471761678e-6
1.3729524471761678e-6
1.258791873182119e-6
1.2587918734041637e-6
1.1010013618584225e-6
1.1010013618584225e-6
9.557214948330284e-7
9.557214948330284e-7
8.440866567926975e-7
8.440866567926975e-7
6.577910847127555e-7
6.577910844907109e-7
9.028125236287821e-7
9.028125238508267e-7
5.653428808427563e-7
5.653428809537786e-7
4.4531589016294504e-7
4.4531589060703425e-7
3.751566817200569e-7
3.751566817200569e-7
3.00220768800763e-7
3.002207686897407e-7
2.466592450289795e-7
2.466592453620464e-7
2.0486722451806827e-7
2.0486722462909057e-7
1.7375157224108762e-7
1.73751572019043e-7
10864.476916 seconds (243.61 M allocations: 10.051 TiB, 4.46% gc time)
Finished order 2
loss std: 1.1400710660401053e-6
magnitude: 8.687578612054381e-8
learning rate: 1.737515722410876e-8
  0.169300 seconds (194.54 k allocations: 24.923 MiB)
 20.942569 seconds (292.07 M allocations: 28.559 GiB, 13.64% gc time)
1.737556158953879e-7
1.737556156733433e-7
0.23516532736457274
0.23516532736457285
5.102096223286168e-8
5.1020962121839375e-8
926.188760 seconds (60.56 M allocations: 2.384 TiB, 16.11% gc time)
Finished order 3
loss std: 0.13577270017060747
4
magnitude: 0.5
learning rate: 0.1
  0.000238 seconds (651 allocations: 42.953 KiB)
  0.158132 seconds (1.10 M allocations: 132.065 MiB, 25.67% gc time)
0.9995535981051229
0.9995535981051229
0.9827772504333988
0.9827772504333988
0.9980501945242917
0.9980501945242917
0.9920334839801066
0.9920334839801066
0.9729369531306622
0.9729369531306621
0.9989953847733136
0.9989953847733136
0.9710342141136937
0.9710342141136937
0.9687644407555259
0.9687644407555259
0.9992398473364005
0.9992398473364005
0.966764518699351
0.966764518699351
0.9971966180921467
0.9971966180921467
0.962990931732729
0.962990931732729
0.961545765036396
0.961545765036396
0.9461156684227994
0.9461156684227994
0.9552622116414602
0.9552622116414602
0.9326411747714995
0.9326411747714995
0.9148558802023423
0.9148558802023422
0.887507957234382
0.887507957234382
0.8805593984634765
0.8805593984634765
0.8544857186375587
0.8544857186375587
0.847469416993135
0.847469416993135
0.8295340995932167
0.8295340995932167
0.8232621887283477
0.8232621887283478
0.8104766372575797
0.8104766372575797
0.8068086751365657
0.8068086751365656
0.7988905312405564
0.7988905312405563
0.7954225774683954
0.7954225774683953
0.7873693422409592
0.7873693422409593
0.7800052196641996
0.7800052196641996
0.7717560416822755
0.7717560416822755
0.762605916076069
0.762605916076069
0.7541140233486912
0.7541140233486912
0.7505061391134411
0.7505061391134412
0.7470935653849513
0.7470935653849513
0.7435714709688019
0.7435714709688019
0.740733491017438
0.7407334910174379
0.7362676925454217
0.7362676925454217
0.731354428394817
0.731354428394817
0.7280313070952372
0.7280313070952372
0.7255632178801177
0.7255632178801177
0.7228577133120115
0.7228577133120115
0.7213491513140851
0.7213491513140848
0.7199843296658529
0.7199843296658529
0.7172724558701864
0.7172724558701864
0.7157438924438875
0.7157438924438876
0.712904905148196
0.7129049051481962
0.7116902365009321
0.7116902365009321
0.71075024438996
0.71075024438996
0.7101395686818359
0.7101395686818358
0.7092351466517106
0.7092351466517106
0.7086581123955125
0.7086581123955125
0.7078707546437872
0.7078707546437875
0.7075266327064709
0.7075266327064711
0.707243830115621
0.7072438301156208
0.7069864672743833
0.7069864672743831
0.7067273264362601
0.7067273264362601
0.7065188840532337
0.7065188840532337
0.7063337296237715
0.7063337296237713
0.7060829977737799
0.7060829977737799
0.7057520826435149
0.7057520826435149
0.7055533964241214
0.7055533964241216
0.7053949136361766
0.7053949136361766
0.7052138574156683
0.7052138574156683
0.705097645218129
0.7050976452181288
0.7050281036932042
0.7050281036932041
0.7049676225369785
0.7049676225369785
0.7048534530940557
0.7048534530940556
0.7048058801496697
0.7048058801496697
0.7047344707862928
0.7047344707862928
0.7046929531312545
0.7046929531312545
0.7046436281880355
0.7046436281880353
0.704578962047306
0.7045789620473061
0.7045179222704292
0.7045179222704291
0.704457573840537
0.704457573840537
0.7044080333996201
0.7044080333996199
0.7043703277490914
0.7043703277490914
0.7043172204033712
0.704317220403371
0.7042596736683416
0.7042596736683415
0.704193893069901
0.7041938930699009
0.7041378478175402
0.7041378478175403
0.704042225312407
0.7040422253124067
0.7039355361321603
0.7039355361321603
0.7037935071089966
0.7037935071089966
0.7036739591457053
0.7036739591457053
0.7037034023933899
0.7037034023933899
0.7036021015253517
0.7036021015253517
0.7034593066512295
0.7034593066512294
0.7033544846093347
0.7033544846093347
0.70325568786528
0.70325568786528
0.7032629324117452
0.703262932411745
0.7032023132133174
0.7032023132133172
0.7031397910901547
0.7031397910901547
0.7030945377363336
0.7030945377363336
0.7030328717235581
0.7030328717235581
0.7029789232727339
0.7029789232727339
0.7029063007939185
0.7029063007939185
0.7028555333996211
0.7028555333996211
0.7027931646790516
0.7027931646790517
0.7027416661326689
0.7027416661326688
0.7027022272843757
0.7027022272843757
0.7026831379964968
0.702683137996497
0.7026471511778339
0.7026471511778339
0.7026040129938159
0.7026040129938158
0.7025610839882926
0.7025610839882926
0.7025275707291743
0.7025275707291743
0.702498107157081
0.702498107157081
0.7024811886482356
0.7024811886482356
0.7024510619849781
0.702451061984978
0.7024326215711587
0.7024326215711586
0.7023988371547525
0.7023988371547523
0.7023768447538223
0.7023768447538223
0.7023594645423636
0.7023594645423636
0.7023284872635343
0.7023284872635343
0.7023115187921268
0.702311518792127
0.702277825882637
0.702277825882637
0.7022620051935103
0.7022620051935103
0.7022416362425061
0.7022416362425061
0.7022149303617566
0.7022149303617566
0.7021810907160722
0.7021810907160722
0.7021561014003724
0.7021561014003724
0.7021370168004408
0.7021370168004408
0.7021204082639396
0.7021204082639396
0.7021045893165047
0.7021045893165043
0.7020825811609741
0.7020825811609742
0.7020648269306654
0.7020648269306653
0.702041970040634
0.702041970040634
0.7020266536111305
0.7020266536111305
0.7020102388750548
0.7020102388750548
0.7019929738922076
0.7019929738922076
0.7019785032617567
0.7019785032617567
0.7019628077624506
0.7019628077624506
0.7019484664462035
0.7019484664462035
0.701925236391906
0.701925236391906
0.701909273497741
0.701909273497741
0.7018927907457981
0.7018927907457979
0.7018734167097092
0.701873416709709
0.7018609057678258
0.701860905767826
0.7018429864963032
0.7018429864963032
0.7018170350630197
0.7018170350630197
0.7017978099998179
0.7017978099998179
0.7017808519978532
0.7017808519978532
0.7017513684858286
0.7017513684858285
0.7017388759018923
0.7017388759018923
0.7017287731115002
0.7017287731115003
0.7017059448753584
0.7017059448753584
0.7016931830526796
0.7016931830526796
0.7016763783318646
0.7016763783318646
0.7016575428314265
0.7016575428314267
0.7016358013973519
0.701635801397352
0.7016167823866745
0.7016167823866746
0.7015903413576393
0.7015903413576393
0.701568693006303
0.701568693006303
0.7015305252162845
0.7015305252162845
0.7014885606023347
0.7014885606023347
0.7014673877779141
0.7014673877779141
0.7014341756135789
0.7014341756135789
0.7014045128082078
0.7014045128082078
0.7013781829357708
0.701378182935771
0.7013316848677865
0.7013316848677865
0.7012833438733275
0.7012833438733275
0.7012096177265701
0.70120961772657
0.7011421836275231
0.7011421836275231
0.7010961215795493
0.7010961215795491
0.7010769601913474
0.7010769601913472
0.7010374673604988
0.7010374673604988
0.7010026659139983
0.7010026659139983
0.7009614322126392
0.7009614322126392
0.7009160303077502
0.7009160303077502
0.7008685527885068
0.700868552788507
0.7008075905208224
0.7008075905208224
0.7007835372152142
0.7007835372152142
0.700717809021359
0.700717809021359
0.700676526546917
0.7006765265469168
0.7006149512270502
0.7006149512270502
0.7005845591588999
0.7005845591588997
0.7005472795860096
0.7005472795860097
0.7005235630044999
0.7005235630044999
0.7005078338636161
0.7005078338636161
0.7004786218270032
0.7004786218270033
0.7004546643982261
0.7004546643982261
0.7004165549349086
0.7004165549349086
0.7003817542015774
0.7003817542015774
0.7003400736300129
0.700340073630013
0.7015440144714404
0.7015440144714404
0.7003167173219863
0.7003167173219863
0.7002550548636595
0.7002550548636595
0.7001423090950845
0.7001423090950845
0.7000649334299184
0.7000649334299184
0.7001455782033543
0.7001455782033543
0.7000131497184794
0.7000131497184796
0.6999518167409473
0.6999518167409474
0.6998729494132416
0.6998729494132416
0.6997598033201692
0.6997598033201692
0.6996089101225136
0.6996089101225136
0.7025153607588874
0.7025153607588877
0.6995561539239398
0.6995561539239397
0.6994081624038418
0.6994081624038417
0.6991245424509374
0.6991245424509376
0.6989909179931038
0.6989909179931038
0.6988928323985819
0.6988928323985817
0.6988070984267913
0.6988070984267911
0.6987280409106871
0.6987280409106871
0.6986485198411616
0.6986485198411616
0.6985249666393522
0.6985249666393522
0.6983086721478777
0.6983086721478777
0.6981166069085399
0.6981166069085399
0.6980282796787911
0.6980282796787913
0.6979980596251132
0.6979980596251133
0.6977443521705451
0.6977443521705451
0.6976295121317344
0.6976295121317344
0.6974965775929735
0.6974965775929735
0.6971592876856862
0.6971592876856862
0.6970387255086988
0.6970387255086988
0.6966956593467555
0.6966956593467555
24032.920577 seconds (59.43 M allocations: 560.492 GiB, 0.43% gc time)
Finished order 1
loss std: 0.0012393246626503577
magnitude: 0.34834782967337774
learning rate: 0.06966956593467555
  0.082915 seconds (17.73 k allocations: 1.701 MiB)
  1.922764 seconds (27.75 M allocations: 2.769 GiB, 12.23% gc time)
0.9109847807750353
0.9109847807750352
0.6438298658663616
0.6438298658663616
0.9987861644095976
0.9987861644095976
0.5249890455806449
0.5249890455806447
0.6206000261573293
0.6206000261573293
0.45636832184748377
0.45636832184748366
0.2649165483171976
0.2649165483171976
0.17484906981520187
0.17484906981520165
0.11892435135128743
0.11892435135128743
0.08545920955468078
0.08545920955468111
0.06518440048309737
0.06518440048309782
0.041079534904262416
0.041079534904262416
0.030365307582414958
0.030365307582414958
0.02106741576580684
0.02106741576580684
0.016177321314800985
0.016177321314800985
0.012012113230052579
0.012012113230052579
0.009381407892977922
0.009381407892977922
0.007431677386803948
0.007431677386803948
0.0061656420805731305
0.0061656420805731305
0.00503201153161803
0.005032011531617808
0.0040704727425964204
0.004070472742596198
0.003169600899268321
0.003169600899268765
0.0027135047625009845
0.0027135047625012065
0.002193929899481084
0.002193929899481306
0.001834212038317573
0.0018342120383180172
0.0015244598667384368
0.0015244598667386589
0.001293777870204238
0.001293777870204016
0.001097947741342531
0.0010979477413423089
0.000977737192918271
0.000977737192918271
0.0007004264487148193
0.0007004264487145972
0.0006312333676343762
0.0006312333676343762
0.0005099550463913971
0.0005099550463913971
0.0004353211329740647
0.0004353211329740647
0.000337413290355304
0.0003374132903557481
0.0002922479169999992
0.0002922479169999992
0.0002514307660045345
0.00025143076600475656
0.0002157439706634845
0.00021574397066326245
0.00017184855728269444
0.00017184855728269444
0.00014694845962914815
0.0001469484596289261
0.00012560385569626575
0.00012560385569670984
0.00012532611036308872
0.00012532611036286667
0.00011015612633857863
0.00011015612633835659
9.101459180260729e-5
9.101459180238525e-5
7.56202288262342e-5
7.56202288262342e-5
6.422579498988057e-5
6.422579499010261e-5
5.1937420720182814e-5
5.1937420720626903e-5
4.208358881097052e-5
4.208358881119256e-5
3.616289635277603e-5
3.6162896352998075e-5
2.9963457663040316e-5
2.9963457663040316e-5
2.5645819884734244e-5
2.5645819884290155e-5
2.0328849366313406e-5
2.032884936609136e-5
1.580575778070692e-5
1.580575778070692e-5
1.2749215567153804e-5
1.2749215567153804e-5
1.0725862721105983e-5
1.0725862720883939e-5
8.367145912790974e-6
8.367145912346885e-6
7.29605179305981e-6
7.296051793281855e-6
6.139382234704449e-6
6.139382234704449e-6
4.428717473303756e-6
4.428717473303756e-6
3.6953140422069097e-6
3.6953140422069097e-6
2.755502012230515e-6
2.7555020120084706e-6
2.233586767319551e-6
2.2335867670975063e-6
1.801393486378089e-6
1.801393486378089e-6
1.5004977770294303e-6
1.5004977770294303e-6
1.2659944699233705e-6
1.2659944701454151e-6
1.0949193584020023e-6
1.0949193586240469e-6
8.796255261955821e-7
8.796255259735375e-7
7.26011853635633e-7
7.260118540797222e-7
6.295390218014063e-7
6.295390218014063e-7
5.074588333986441e-7
5.074588333986441e-7
4.376749882517572e-7
4.376749880297126e-7
3.5585700131068876e-7
3.5585700153273336e-7
2.9822594826978133e-7
2.9822594826978133e-7
2.6681439468934087e-7
2.668143949113855e-7
2.1196940602763448e-7
2.1196940624967908e-7
1.6896747412342705e-7
1.6896747412342705e-7
1.4778639867429888e-7
1.4778639823020967e-7
10829.734806 seconds (240.45 M allocations: 9.921 TiB, 4.53% gc time)
Finished order 2
loss std: 1.6339000585244707e-6
magnitude: 7.389319933714944e-8
learning rate: 1.4778639867429888e-8
  0.169045 seconds (194.54 k allocations: 24.923 MiB)
 21.708844 seconds (292.07 M allocations: 28.559 GiB, 13.41% gc time)
1.4779082124771747e-7
1.4779082124771747e-7
304.668759 seconds (20.19 M allocations: 813.911 GiB, 15.15% gc time)
Finished order 3
loss std: NaN
4
magnitude: 0.5
learning rate: 0.1
  0.000138 seconds (651 allocations: 42.953 KiB)
  0.125780 seconds (1.10 M allocations: 132.065 MiB)
0.9999963656893844
0.9999963656893844
0.9973943677287378
0.9973943677287378
0.9960920599778904
0.9960920599778904
0.9990540633926408
0.9990540633926408
0.9887756481402428
0.9887756481402428
0.9988892529291298
0.9988892529291298
0.9870965215966074
0.9870965215966074
0.9870843150051705
0.9870843150051705
0.998394143393025
0.998394143393025
0.9885930798018296
0.9885930798018296
0.9870825660086492
0.9870825660086492
0.9847686064985521
0.9847686064985521
0.9742193698554541
0.9742193698554541
0.9477164703334026
0.9477164703334026
0.9307605344949454
0.9307605344949454
0.9247062837392128
0.9247062837392128
0.8901829721333989
0.890182972133399
0.9380866780872275
0.9380866780872275
0.8836702763069921
0.8836702763069921
0.8702468304668725
0.8702468304668725
0.8588576785527897
0.8588576785527895
0.8493538346307086
0.8493538346307086
0.8409665015270873
0.8409665015270873
0.8347304288532593
0.8347304288532592
0.8282113476386253
0.8282113476386253
0.8200115704934012
0.8200115704934012
0.8137500400253732
0.8137500400253732
0.8116280828627169
0.8116280828627169
0.8054181300139067
0.8054181300139067
0.8064406971942206
0.8064406971942205
0.7995770719485857
0.7995770719485857
0.794667099362719
0.794667099362719
0.7919235789769032
0.7919235789769032
0.7890577359441585
0.7890577359441584
0.7864192868941782
0.7864192868941782
0.7841520543467809
0.7841520543467809
0.7816541482386304
0.7816541482386304
0.7799261362565992
0.7799261362565991
0.7772735439276435
0.7772735439276435
0.7743051673691145
0.7743051673691146
0.7722948079663979
0.7722948079663979
0.770325451835519
0.770325451835519
0.7688485075142314
0.7688485075142314
0.7673364312761924
0.7673364312761923
0.7675129519480366
0.7675129519480366
0.7662977272976863
0.7662977272976863
0.7654327544115225
0.7654327544115226
0.7640583325017818
0.7640583325017818
0.763633797863029
0.7636337978630291
0.762872557485358
0.7628725574853579
0.7616979392649443
0.7616979392649446
0.7610596736157687
0.7610596736157685
0.7600237562917282
0.760023756291728
0.7595915467040684
0.7595915467040681
0.7591209791179202
0.7591209791179203
0.758450889176699
0.758450889176699
0.7578849863073516
0.7578849863073513
0.7575669778741485
0.7575669778741485
0.757206821756214
0.757206821756214
0.7567843494145172
0.7567843494145172
0.756070470099278
0.756070470099278
0.7554734685163694
0.7554734685163694
0.7549762644834254
0.7549762644834255
0.7545494441030607
0.7545494441030607
0.7540763755992144
0.7540763755992144
0.7535013501779027
0.7535013501779027
0.7528722142613868
0.7528722142613868
0.752179152797691
0.752179152797691
0.7514705460767817
0.7514705460767817
0.7512292956970391
0.7512292956970391
0.7510055719919101
0.7510055719919101
0.752200483160949
0.752200483160949
0.750610604787866
0.7506106047878661
0.7500373393817751
0.7500373393817752
0.7496254100230898
0.7496254100230897
0.749242688564931
0.749242688564931
0.7488643980012593
0.7488643980012593
0.74832686350436
0.7483268635043601
0.7480482591766876
0.7480482591766877
0.747692036483441
0.747692036483441
0.7469599156247377
0.7469599156247377
0.7465980906914123
0.7465980906914123
0.7461678223671542
0.7461678223671542
0.7457548979691012
0.7457548979691012
0.7453038849929685
0.7453038849929685
0.7450984681970256
0.7450984681970256
0.7447537784592041
0.7447537784592041
0.7445362408468765
0.7445362408468765
0.7442870804433226
0.7442870804433226
0.7440833478666402
0.7440833478666401
0.7438430824791389
0.7438430824791389
0.7436482136425273
0.7436482136425274
0.7434413666836026
0.7434413666836026
0.7433004771659295
0.7433004771659296
0.7431524606750333
0.7431524606750333
0.7430799346690888
0.7430799346690888
0.7429805220926377
0.7429805220926378
0.742945879156427
0.7429458791564267
0.7427633662095601
0.7427633662095601
0.7426414239183251
0.7426414239183251
0.742436275706393
0.7424362757063931
0.7423435947811399
0.7423435947811399
0.7422788583760457
0.7422788583760457
0.7419773796802946
0.7419773796802946
0.741803373645093
0.741803373645093
0.7418227003898124
0.7418227003898124
0.7417061396985718
0.7417061396985718
0.7416206379188406
0.7416206379188406
0.741550638562402
0.741550638562402
0.7414299091028878
0.7414299091028878
0.7413036775706359
0.7413036775706358
0.7410842761480981
0.7410842761480981
0.7409288793211626
0.7409288793211628
0.7407918005580567
0.7407918005580567
0.7407780076561581
0.7407780076561582
0.7407410788411795
0.7407410788411795
0.7406738502705763
0.7406738502705763
0.7405863798112431
0.7405863798112431
0.7404676200691693
0.7404676200691692
0.7403495640977644
0.7403495640977644
0.7402552905601506
0.7402552905601506
0.7401744944781319
0.7401744944781319
0.7401246647649884
0.7401246647649882
0.7400461009164432
0.7400461009164433
0.7400153564417402
0.7400153564417402
0.7399551055256381
0.7399551055256381
0.7398846097505831
0.7398846097505831
0.7398072092143904
0.7398072092143902
0.7397525695741414
0.7397525695741414
0.7396893425151683
0.7396893425151683
0.7396017384050534
0.7396017384050534
0.7395067282484926
0.7395067282484926
0.739388303167071
0.739388303167071
0.7392939236877711
0.7392939236877711
0.739183042423717
0.7391830424237171
0.7390598048226189
0.7390598048226189
0.7388854278881409
0.738885427888141
0.7386924030798021
0.7386924030798021
0.738440800502761
0.7384408005027608
0.7384004993531788
0.7384004993531788
0.7383158161933795
0.7383158161933796
0.7385186607168933
0.7385186607168933
0.7380801700689176
0.7380801700689177
0.7379317426344967
0.7379317426344967
0.7377920043691053
0.7377920043691054
0.7375932471596189
0.7375932471596189
0.7374482565321061
0.7374482565321061
0.7372640912643011
0.7372640912643011
0.7370691411021186
0.7370691411021186
0.7368041670747145
0.7368041670747145
0.7366132789412496
0.7366132789412498
0.7361688436939113
0.7361688436939113
0.7355362468251583
0.7355362468251583
0.7343360072253874
0.7343360072253873
0.7329416672834846
0.7329416672834846
0.7326450394194591
0.7326450394194591
0.73042058585109
0.73042058585109
0.7286111231735963
0.7286111231735964
0.725285907417704
0.725285907417704
0.737728811393294
0.737728811393294
0.7239659966958789
0.7239659966958789
0.721712513492983
0.7217125134929832
0.7201215541250825
0.7201215541250825
0.7154224097992279
0.7154224097992281
0.7126980207199339
0.7126980207199339
0.7102100104523008
0.7102100104523008
0.7059717753733573
0.7059717753733574
0.7018472394600632
0.7018472394600632
0.6977430795597861
0.6977430795597861
0.6967184701089494
0.6967184701089495
0.6951767906482382
0.6951767906482381
0.6933716239603376
0.6933716239603376
0.6915203561502932
0.6915203561502932
0.6897282441501507
0.6897282441501507
0.6880751235374468
0.6880751235374468
0.6862043282464058
0.6862043282464056
0.6847403011633056
0.6847403011633056
0.6833766846540932
0.6833766846540934
0.6816141488723759
0.6816141488723759
0.6801353134542383
0.6801353134542385
0.6787667513086759
0.6787667513086759
0.6776068825471941
0.6776068825471943
0.6763359193866804
0.6763359193866804
0.674866880218272
0.674866880218272
0.6733534587943719
0.6733534587943719
0.6721118495690089
0.6721118495690088
0.6706789337426226
0.6706789337426227
0.6688111028245032
0.6688111028245033
0.6676229729976942
0.6676229729976942
0.6666567543069615
0.6666567543069614
0.6657562322191649
0.6657562322191648
0.66516871577954
0.6651687157795401
0.6647668128989717
0.6647668128989717
0.6641119427158494
0.6641119427158495
0.6637065840943568
0.6637065840943568
0.6629178665734484
0.6629178665734484
0.6623529081764741
0.6623529081764739
0.6617036543049026
0.6617036543049027
0.6612877130350657
0.6612877130350656
0.6608758592117268
0.6608758592117268
0.6606707220639727
0.6606707220639726
0.6604606451541587
0.6604606451541586
0.6602343686555115
0.6602343686555117
0.6600020802649033
0.6600020802649031
0.6597793418525641
0.6597793418525643
0.6595986618941697
0.65959866189417
0.659463817164252
0.6594638171642522
0.6593249084877978
0.6593249084877977
0.6592495580792908
0.6592495580792908
0.6591536263234985
0.6591536263234985
0.6591154167008697
0.6591154167008698
0.6590603342911499
0.6590603342911499
0.6589837901764277
0.6589837901764277
0.6588869173164382
0.6588869173164381
0.6587724515193436
0.6587724515193436
0.6586356895756651
0.658635689575665
0.6585111314783566
0.6585111314783566
0.6584017203042463
0.6584017203042463
0.6582882623900723
0.6582882623900723
0.6582438581356718
0.6582438581356719
0.6582019883574188
0.6582019883574188
0.6581353276340802
0.6581353276340803
0.6580940024120285
0.6580940024120284
25045.759148 seconds (61.93 M allocations: 584.075 GiB, 0.43% gc time)
Finished order 1
loss std: 0.0005736168115787897
magnitude: 0.32904700120601427
learning rate: 0.06580940024120285
  0.079057 seconds (17.73 k allocations: 1.701 MiB)
  2.087720 seconds (27.75 M allocations: 2.769 GiB, 13.37% gc time)
0.8497997852224664
0.8497997852224664
0.6084542418130325
0.6084542418130326
0.9999533325210084
0.9999533325210084
0.6084429050396066
0.6084429050396067
0.5019476041802716
0.5019476041802716
0.40089583314991994
0.40089583314991994
0.3480970499052236
0.3480970499052236
0.17531401818342973
0.17531401818343006
0.13953916350346418
0.13953916350346418
0.10543116190923607
0.10543116190923629
0.06870035758125281
0.06870035758125281
0.06366300008969783
0.06366300008969816
0.045267317666380924
0.045267317666380924
0.03800468449157879
0.038004684491578455
0.031224381858827033
0.031224381858827366
0.022563647662334985
0.022563647662334985
0.019778706995378093
0.01977870699537876
0.014591793642799056
0.014591793642799389
0.013024679123328387
0.013024679123328053
0.010594137896692168
0.010594137896691835
0.010068679000158398
0.010068679000158731
0.0072388857109733085
0.0072388857109733085
0.006502970904154859
0.006502970904154859
0.005521087308319572
0.005521087308319572
0.004465716298794886
0.004465716298794664
0.0035997926684880888
0.0035997926684882
0.0030156536038599135
0.0030156536038599135
0.0024692064060076735
0.0024692064060081176
0.0020291281281259455
0.0020291281281257234
0.0016063881399186464
0.0016063881399182023
0.0013421839642924205
0.0013421839642925315
0.0011444969076016553
0.0011444969076013223
0.0009546655539136584
0.0009546655539134363
0.0007773094651848389
0.0007773094651850609
0.0006671912471118979
0.000667191247112231
0.0005832841048755144
0.0005832841048750703
0.00048813754535625975
0.0004881375453560377
0.0004378441209219597
0.0004378441209219597
0.00034655417423468116
0.00034655417423468116
0.00031706803308617637
0.0003170680330863984
0.0002702634515399094
0.0002702634515400204
0.00024536687185672257
0.0002453668718569446
0.00019649054848236425
0.00019649054848203118
0.00017716485480023803
0.00017716485479990496
0.0001552591875866316
0.0001552591875866316
0.00012936046657885392
0.0001293604665787429
0.00010706015524375445
0.00010706015524386547
9.461678152167252e-5
9.461678152167252e-5
8.046082647039654e-5
8.046082647061858e-5
7.058099470702572e-5
7.058099470680368e-5
6.0916982968839406e-5
6.091698296861736e-5
4.916353738437795e-5
4.916353738437795e-5
4.314034090513452e-5
4.314034090491248e-5
3.83979684823732e-5
3.83979684823732e-5
2.8651823080316774e-5
2.865182308009473e-5
2.731641676922969e-5
2.731641676922969e-5
2.2980932875671378e-5
2.2980932875671378e-5
2.0416635680531314e-5
2.041663568030927e-5
1.755571947481549e-5
1.7555719474149356e-5
1.4140633329495778e-5
1.4140633329384755e-5
1.7682060072354844e-5
1.7682060072354844e-5
1.2291935443942137e-5
1.2291935444164181e-5
1.0211840947516038e-5
1.0211840947293993e-5
9.003872929902457e-6
9.00387293056859e-6
7.326944967966931e-6
7.326944968077953e-6
6.809088395232088e-6
6.809088395232088e-6
5.4157663393894495e-6
5.415766339833539e-6
4.893397484773132e-6
4.8933974845510875e-6
4.298871755459288e-6
4.298871755459288e-6
3.471304400259889e-6
3.471304400148867e-6
3.0842294851396446e-6
3.0842294851396446e-6
2.494523384299896e-6
2.494523384743985e-6
2.246526838334262e-6
2.2465268378901726e-6
1.949010204782553e-6
1.9490102045605084e-6
1.5534511630388437e-6
1.5534511634829329e-6
1.2829999351815502e-6
1.2829999354035948e-6
1.1095717127318494e-6
1.109571712953894e-6
9.816565929021692e-7
9.816565926801246e-7
8.412981137295716e-7
8.412981137295716e-7
7.282982656953152e-7
7.28298265251226e-7
5.780095909679872e-7
5.780095909679872e-7
5.236672259156805e-7
5.236672260267028e-7
4.61622307712517e-7
4.616223079345616e-7
3.6219586285746175e-7
3.6219586285746175e-7
4.00629021957144e-7
4.00629021957144e-7
3.1143420098356245e-7
3.1143420087254015e-7
2.54032112012581e-7
2.540321116795141e-7
12546.481021 seconds (275.25 M allocations: 11.357 TiB, 4.49% gc time)
Finished order 2
loss std: 1.3987988734576901e-6
magnitude: 1.270160560062905e-7
learning rate: 2.5403211201258102e-8
  0.196758 seconds (194.54 k allocations: 24.923 MiB, 9.67% gc time)
 25.708648 seconds (292.07 M allocations: 28.559 GiB, 15.57% gc time)
2.540406052187194e-7
2.54040605440764e-7
308.290670 seconds (20.19 M allocations: 813.911 GiB, 15.24% gc time)
Finished order 3
loss std: NaN
4
magnitude: 0.5
learning rate: 0.1
  0.000253 seconds (651 allocations: 42.953 KiB)
  0.201071 seconds (1.10 M allocations: 132.065 MiB, 23.88% gc time)
0.9999437454417821
0.9999437454417821
0.990657313655893
0.990657313655893
0.9993741403374624
0.9993741403374624
0.998771790731953
0.998771790731953
0.9976468924238727
0.9976468924238727
0.9991270710242438
0.9991270710242438
0.9974894538934309
0.9974894538934309
0.9968148805434338
0.9968148805434338
0.999168709641212
0.999168709641212
0.9998576819485692
0.9998576819485692
0.9998062660464168
0.9998062660464168
0.9975691037106112
0.9975691037106112
0.994343255157366
0.9943432551573661
0.9978440614591575
0.9978440614591574
0.9993044241466454
0.9993044241466454
0.9998388020255277
0.9998388020255277
0.9985221315238274
0.9985221315238274
0.9997320567197326
0.9997320567197326
0.9937059895946698
0.9937059895946698
0.9990134791473201
0.9990134791473201
0.992513383106246
0.9925133831062459
0.9914591214561504
0.9914591214561504
0.9995114046275863
0.9995114046275863
0.9898631912512436
0.9898631912512436
0.9862433150397055
0.9862433150397056
0.9993470445629137
0.9993470445629136
0.9829834866188488
0.9829834866188488
0.98092870734968
0.98092870734968
0.9870604175282799
0.9870604175282798
0.9787887403090578
0.9787887403090578
0.9777605407020371
0.977760540702037
0.9755776506592813
0.9755776506592814
0.9737657872869862
0.9737657872869862
0.9707604747831599
0.9707604747831597
0.9678141981938384
0.9678141981938385
0.9662033890502548
0.9662033890502547
0.9636913351568285
0.9636913351568284
0.963031158367625
0.9630311583676249
0.9617475959216284
0.9617475959216284
0.9588068929551603
0.9588068929551601
0.9586355109267373
0.9586355109267372
0.9558150782676385
0.9558150782676385
0.9625292253207989
0.9625292253207989
0.9531150126964023
0.9531150126964023
0.9488543040105781
0.948854304010578
0.9502126789817603
0.9502126789817602
0.9463989836922853
0.9463989836922853
0.944943025104853
0.9449430251048531
0.9435115218303283
0.9435115218303283
0.9416934078990797
0.9416934078990795
0.9401721034991483
0.9401721034991481
0.938607219621188
0.9386072196211881
0.9365950750393384
0.9365950750393384
0.9334325499998536
0.9334325499998537
0.9329732449590126
0.9329732449590125
0.9313386950514434
0.9313386950514433
0.9290538097178793
0.9290538097178792
0.9278704395789992
0.9278704395789995
0.9256695779033353
0.9256695779033353
0.9248692478880395
0.9248692478880394
0.9232918981062918
0.9232918981062914
0.9224502929116606
0.9224502929116607
0.9208976765064264
0.9208976765064265
0.917703818712087
0.917703818712087
0.9136104191233556
0.9136104191233556
0.9096806740828602
0.9096806740828602
0.9052201826520249
0.9052201826520248
0.9028777412682201
0.90287774126822
0.9031618724008487
0.9031618724008484
0.9014800390935709
0.9014800390935712
0.9046272405558253
0.9046272405558254
0.9000490746420169
0.9000490746420167
0.8988731907863109
0.8988731907863107
0.896942680231045
0.8969426802310448
0.8933147254804363
0.8933147254804362
0.8924975298503355
0.8924975298503353
0.890180239246
0.890180239246
0.8891138014792869
0.8891138014792868
0.8879695136427181
0.8879695136427185
0.8862405460454092
0.8862405460454095
0.8853674927984126
0.8853674927984126
0.8843686478762671
0.8843686478762671
0.8836682955976753
0.8836682955976751
0.8829621466377736
0.8829621466377735
0.8820093330245689
0.882009333024569
0.8802550786545645
0.8802550786545643
0.8767669570863372
0.8767669570863372
0.8737301107757189
0.8737301107757188
0.8744399875422
0.8744399875421998
0.8718686068853834
0.8718686068853831
0.8725920781502426
0.8725920781502425
0.871227638688725
0.871227638688725
0.869816364089525
0.869816364089525
0.8687201110736147
0.8687201110736147
0.864850320780179
0.864850320780179
0.8748216617600437
0.8748216617600437
0.8624873953459506
0.8624873953459506
0.8584654685592262
0.8584654685592258
0.8613873480236325
0.8613873480236325
0.8545169617935843
0.8545169617935839
0.8560056962572355
0.8560056962572354
0.8529133177511298
0.8529133177511292
0.8532343769127773
0.853234376912777
0.850900147325285
0.850900147325285
0.847993153872
0.847993153872
0.8446039206812124
0.8446039206812122
0.8407275874566957
0.8407275874566955
0.8378198817725278
0.8378198817725282
0.8353999398718319
0.8353999398718316
0.8361264029135264
0.8361264029135261
0.8335205503794221
0.8335205503794224
0.8299534372677797
0.8299534372677801
0.8267424317807169
0.8267424317807166
0.8248667993797194
0.8248667993797194
0.8225458148225971
0.822545814822597
0.8214288507824863
0.8214288507824861
0.8189264321012185
0.8189264321012186
0.8175352063480981
0.8175352063480977
0.8151250874107454
0.8151250874107455
0.8146655690905227
0.8146655690905231
0.8126635077527755
0.8126635077527755
0.8118811890327138
0.811881189032714
0.8106071508344017
0.8106071508344015
0.8093041948373246
0.8093041948373249
0.8087096907352873
0.8087096907352878
0.8080082542934035
0.8080082542934035
0.8075371576580584
0.8075371576580586
0.8067863376661041
0.8067863376661042
0.8057867483934518
0.8057867483934524
0.8049993853007769
0.8049993853007766
0.8038111805372269
0.8038111805372266
0.8019477997224047
0.8019477997224049
0.8009182556450132
0.8009182556450133
0.8016997179574714
0.8016997179574714
0.8003392515747919
0.8003392515747919
0.7995993323588428
0.7995993323588428
0.798871442766609
0.798871442766609
0.7979339801397045
0.7979339801397047
0.7969209855977438
0.7969209855977438
0.796306520216194
0.7963065202161942
0.7959356439301314
0.7959356439301314
0.7953430040290206
0.7953430040290208
0.7942350381999039
0.7942350381999037
0.7932818765622812
0.7932818765622811
0.7922295204861538
0.7922295204861537
0.7916345734718093
0.7916345734718093
0.7908273184763985
0.7908273184763985
0.7897804452655613
0.7897804452655605
0.7887174135267379
0.788717413526738
0.7877874415780516
0.7877874415780516
0.7874423071183041
0.7874423071183043
0.7871491155072619
0.7871491155072619
0.7868092552961801
0.78680925529618
0.7862534962552548
0.7862534962552548
0.7853599778034872
0.7853599778034874
0.7845959106138871
0.7845959106138871
0.784292683345666
0.784292683345666
0.7832787271819355
0.7832787271819358
0.7824594780195
0.7824594780194998
0.7816771830989088
0.7816771830989084
0.7813085117679917
0.7813085117679921
0.7805176063586972
0.7805176063586969
0.7802396338523521
0.7802396338523517
0.7797961668731096
0.7797961668731102
0.7788436531846455
0.7788436531846457
0.7780517343032336
0.7780517343032337
0.7773963178846062
0.7773963178846061
0.7771513311772775
0.7771513311772771
0.7768760865180947
0.7768760865180948
0.776456371638736
0.7764563716387358
0.7758611588904073
0.7758611588904072
0.7750373244990653
0.7750373244990654
0.7743812293403046
0.7743812293403045
0.7741408373684278
0.774140837368428
0.7740035706862094
0.7740035706862091
0.7737785861445677
0.7737785861445678
0.773516259492306
0.773516259492306
0.7732573142130075
0.7732573142130074
0.7729007604846465
0.7729007604846462
0.7724884470402129
0.7724884470402131
0.771967700867685
0.7719677008676848
0.7716120929953587
0.7716120929953584
0.7715033409573195
0.7715033409573195
0.7712248449070449
0.7712248449070448
0.7709682620717424
0.7709682620717423
0.7705760963319507
0.7705760963319503
0.770017082548505
0.7700170825485044
0.7717340797029679
0.7717340797029681
0.7698641072538002
0.7698641072537996
0.7696139771409649
0.7696139771409646
0.7694021138622092
0.7694021138622094
0.7691204211484819
0.7691204211484819
0.7679667793086229
0.7679667793086233
0.7675353197106907
0.7675353197106909
0.7669379251860373
0.7669379251860371
0.7666162740006883
0.7666162740006877
0.7663372753710649
0.7663372753710644
0.7658793570799467
0.7658793570799473
0.7650354146911076
0.7650354146911076
0.7677771429798189
0.7677771429798186
0.7643664649912135
0.7643664649912136
0.7634719006926385
0.7634719006926387
0.7627658785888014
0.7627658785888013
0.7626269576543929
0.7626269576543929
0.7623450744375642
0.7623450744375639
0.7620498804615954
0.7620498804615957
0.7613501848012336
0.7613501848012334
0.7604144118330874
0.7604144118330876
0.7597316068654802
0.75973160686548
0.7597004192789839
0.7597004192789837
0.7594433891243882
0.7594433891243875
0.7591653031386686
0.759165303138668
0.7588590457724693
0.7588590457724688
0.7583851117090566
0.758385111709057
0.7579589465463701
0.7579589465463704
0.7576982486521947
0.7576982486521948
0.7575124040803969
0.7575124040803971
0.7573402103033737
0.7573402103033736
0.7572086322673375
0.7572086322673375
0.7569629379968121
0.7569629379968122
0.7566531389098996
0.7566531389098996
0.7563290581853399
0.7563290581853397
0.7559736417491281
0.7559736417491283
0.7555466736756763
0.7555466736756765
0.7551023575107023
0.7551023575107024
0.7547175406898459
0.7547175406898458
0.7543034502023536
0.7543034502023536
0.7540345173986622
0.7540345173986625
0.7535667266463373
0.7535667266463375
0.753217380785765
0.7532173807857647
0.7529233918841941
0.7529233918841947
0.7527570374257115
0.7527570374257115
0.7526277064864181
0.7526277064864182
0.7522540209385284
0.7522540209385287
0.7518499430070215
0.7518499430070215
0.7513387601977002
0.7513387601977
29396.713685 seconds (65.55 M allocations: 621.517 GiB, 0.42% gc time)
Finished order 1
loss std: 0.0019976005038043034
magnitude: 0.3756693800988501
learning rate: 0.07513387601977002
  0.043183 seconds (17.73 k allocations: 1.701 MiB)
  2.413680 seconds (27.75 M allocations: 2.769 GiB, 12.93% gc time)
0.8192389498653394
0.8192389498653396
0.7172985844890608
0.7172985844890608
0.684492014746334
0.6844920147463348
0.6313603728880213
0.6313603728880208
0.6059433785548637
0.6059433785548632
0.583684409230323
0.5836844092303223
0.5482882373959997
0.5482882373959994
0.5282875931028588
0.5282875931028579
0.502857740445805
0.5028577404458051
0.4850188475832252
0.48501884758322433
0.4659550392027899
0.465955039202791
0.4544254315838814
0.45442543158388116
0.4284044929890466
0.4284044929890465
0.4141859143298414
0.41418591432983987
0.3981122925273548
0.3981122925273548
0.3782875727180661
0.37828757271806723
0.3493838399566619
0.34938383995666134
0.33544199168807864
0.33544199168807864
0.31622799695630965
0.3162279969563101
0.3159360226139273
0.3159360226139267
0.3042462208725095
0.3042462208725091
0.28966354070105205
0.2896635407010515
0.27780652433452335
0.27780652433452335
0.2657932148287119
0.26579321482871254
0.25464517761931793
0.2546451776193185
0.24535745337766335
0.2453574533776639
0.23573651090833148
0.2357365109083327
0.22562130081403908
0.22562130081403842
0.21193891570507473
0.21193891570507428
0.20499460840245753
0.20499460840245676
0.19600224989830306
0.19600224989830306
0.18830539434731985
0.1883053943473184
0.18028310640365586
0.1802831064036562
0.168907167333064
0.16890716733306377
0.16515828972029423
0.1651582897202929
0.15521340605885214
0.15521340605885137
0.15083244425257647
0.15083244425257558
0.14437908904478258
0.1443790890447837
0.14036595006729957
0.1403659500672989
0.13386032806877157
0.1338603280687718
0.13023999065238945
0.13023999065238878
0.12578860686972027
0.12578860686972126
0.12098131445949423
0.12098131445949267
0.11479279717131485
0.11479279717131519
0.1113822987639852
0.11138229876398453
0.10744402155684529
0.10744402155684474
0.1024042906611482
0.10240429066114765
0.10184799143965184
0.10184799143965095
0.09889345070913469
0.0988934507091348
0.09484451044628983
0.09484451044629061
0.09105911234562869
0.0910591123456278
0.08774223560420669
0.08774223560420491
0.08528725801082415
0.08528725801082504
0.08060074308658804
0.08060074308658705
0.07853480382023748
0.07853480382023625
0.07591908114237522
0.07591908114237567
0.07396487164990873
0.07396487164991028
0.07031417289154818
0.07031417289154773
0.06831642748971678
0.06831642748971833
0.0662443704642135
0.06624437046421416
0.06306871995255536
0.06306871995255336
0.0644755811002864
0.06447558110028728
0.06125820066545673
0.06125820066545784
0.05882688253264812
0.058826882532650226
0.05718457105184849
0.05718457105184971
0.05501167981628374
0.05501167981628441
0.05306873838110904
0.05306873838110793
0.05117453121647397
0.05117453121647253
0.04924081647532419
0.04924081647532441
0.047965719786867034
0.0479657197868667
0.04622911918354533
0.046229119183545664
0.044434514188623986
0.044434514188625096
0.0428799410198315
0.04287994101983228
0.04142681170575102
0.041426811705749245
0.03980059840837025
0.039800598408368804
0.03840887971290752
0.03840887971290907
0.03686483210932123
0.03686483210932112
0.03555713991070597
0.03555713991070519
0.03436879879595289
0.03436879879595167
0.03340967090022606
0.03340967090022817
0.032238090100259575
0.03223809010025924
0.031082623130002762
0.03108262313000376
0.030191574607148164
0.030191574607148608
0.029287756558477707
0.029287756558478595
0.028514104059133127
0.028514104059133016
0.027465076663623966
0.027465076663626742
0.02750245824343689
0.027502458243437
0.026890016038987996
0.026890016038986553
0.02620677760949841
0.0262067776094973
0.025310432167824026
0.025310432167823915
0.024536525942629117
0.024536525942628562
0.023672143329823037
0.02367214332982248
0.02290295143728227
0.02290295143728338
0.022178667198673785
0.02217866719867212
0.021524811756319484
0.02152481175631704
0.02088644853170407
0.02088644853170496
0.020354345295576226
0.020354345295577336
0.019721205381473816
0.019721205381475482
0.01915189045032184
0.01915189045032184
0.01851082829635764
0.01851082829635664
0.01800024684707968
0.018000246847081014
0.017458679412229117
0.017458679412227673
0.01692849021772358
0.016928490217724912
0.01637090991885981
0.016370909918858034
0.01583001932394712
0.015830019323946343
0.01524546866597798
0.015245468665977424
0.01474127806022929
0.014741278060231622
0.014292669784036538
0.014292669784038203
0.013882934081674736
0.01388293408167307
0.013566487335668787
0.013566487335670674
0.013000436636684931
0.013000436636688262
0.012650181201403043
0.012650181201404265
0.012152022731849454
0.012152022731849899
0.011823832855680894
0.011823832855680894
0.011533727678710304
0.011533727678709083
0.011366077271824926
0.011366077271825148
0.01097571315358914
0.01097571315358914
0.010729982181453268
0.010729982181453934
0.010520048557761452
0.010520048557761785
0.010144150754391346
0.0101441507543919
0.010366907677846204
0.010366907677847315
0.009905068093397196
0.009905068093397307
0.00958848549699598
0.009588485496996979
0.009383862947853316
0.009383862947852872
0.00911564814874477
0.00911564814874588
0.00897524527799276
0.008975245277994093
0.008678852896462086
0.008678852896463196
0.008502487078941634
0.008502487078942744
0.00831477174172024
0.008314771741721239
0.008071478061221549
0.008071478061223214
0.007829593829713266
0.007829593829715709
0.007670648015278392
0.007670648015278836
0.0074399178843786995
0.007439917884378255
0.007252560745485526
0.007252560745488301
0.0070505197767873895
0.007050519776786723
0.00683562482338429
0.006835624823384179
0.006661565913898659
0.0066615659138992145
0.006520726907342178
0.006520726907341401
0.006329315317559758
0.00632931531755998
0.00619727935351766
0.006197279353519214
0.005990723041543244
0.0059907230415436885
0.005857992340116969
0.005857992340116636
0.005587457861382594
0.005587457861380818
0.005484028920494266
0.005484028920493045
0.005365958538023907
0.005365958538023463
0.005226580790031354
0.0052265807900322425
0.005063710180316816
0.005063710180317482
0.004944873439471031
0.004944873439472142
0.004825815472830786
0.0048258154728302305
0.004721190936121333
0.004721190936120889
0.004586244492795544
0.004586244492795988
0.004472883051759413
0.004472883051757748
0.0043800995616278815
0.004380099561626105
0.004259359445185851
0.004259359445186628
0.004121586060909399
0.004121586060907512
0.004025014903212387
0.004025014903212609
0.0039191280575012755
0.003919128057500609
0.0038492228405235807
0.0038492228405223594
0.0037432357856153065
0.003743235785617416
0.0036730065456150873
0.0036730065456132
0.00358900788410077
0.0035890078840996598
0.0034400474132443293
0.003440047413242331
0.0034897074777091586
0.003489707477710491
0.003362480142370061
0.0033624801423705053
0.003269131122185409
0.003269131122184854
0.003202967673944457
0.003202967673946233
0.0031234553135661702
0.0031234553135676135
0.0030367780242527287
0.0030367780242512854
0.0029562393941788834
0.002956239394177995
0.0028636547973370785
0.00286365479733508
0.002797668103871165
0.002797668103872608
0.002731056464129855
0.002731056464130188
0.002628638756817292
0.002628638756816404
0.0025651324428426214
0.0025651324428416222
0.0025261185014964216
0.0025261185014969767
0.0024503517290842547
0.002450351729085698
0.002371081027675359
0.002371081027675137
0.00227547265916328
0.0022754726591640573
0.0022311681929331195
0.0022311681929318983
0.002187132806771297
0.002187132806770964
0.002141841749277673
0.002141841749277229
0.002080273591830273
0.002080273591831605
0.0020143832513863646
0.0020143832513843662
0.0019394137230068775
0.0019394137230080988
0.0018865046164124877
0.0018865046164115995
0.001827815657329368
0.0018278156573302562
0.0017796456192497034
0.0017796456192502585
0.0017447911703729613
0.0017447911703722951
0.0016916263419066713
0.0016916263419071154
0.0016638169325392527
0.0016638169325422503
0.001634717410043507
0.0016347174100430628
0.0015545391417294274
0.0015545391417303156
0.001521998828110549
0.0015219988281133245
0.0014777394041392
0.001477739404139533
0.0014097750226584882
0.001409775022657378
0.0013689406567645168
0.001368940656765516
0.0013410744628901128
0.0013410744628898907
0.0013049993269940163
0.0013049993269945714
0.0012654927623345635
0.0012654927623341194
0.0012444002172369295
0.0012444002172353752
0.001191173891041175
0.0011911738910397318
0.0011738685857024533
0.0011738685857014541
0.0011515884803825482
0.0011515884803838805
0.001128761057702543
0.0011287610577030982
0.0010999654032002315
0.0010999654031994544
0.001071432671174155
0.0010714326711755984
0.0010543559641921219
0.0010543559641916778
32148.686173 seconds (654.92 M allocations: 27.023 TiB, 4.51% gc time)
Finished order 2
loss std: 0.00022193084346863292
magnitude: 0.0005271779820960609
learning rate: 0.00010543559641921219
  0.177417 seconds (194.54 k allocations: 24.923 MiB)
 25.365290 seconds (292.07 M allocations: 28.559 GiB, 14.36% gc time)
0.0010553032998176226
0.0010553032998157352
0.019592221568500268
0.019592221568499824
0.0007625175942106432
0.0007625175942118645
0.0006517781216324181
0.0006517781216306417
0.0005655882938031542
0.0005655882938028212
0.00048456630334947626
0.0004845663033495873
0.00042006954977336086
0.00042006954977380495
0.00035807345345395536
