magnitude: 0.10166347182452479
learning rate: 0.02033269436490496
  0.490379 seconds (241.07 k allocations: 11.421 MiB, 99.97% compilation time)
  0.633745 seconds (1.17 M allocations: 135.261 MiB, 4.47% gc time, 82.00% compilation time)
0.22796608655956418
0.22796608655956418
0.5035230301082765
0.5035230301082765
0.2071015349432902
0.2071015349432902
0.20449317022350988
0.20449317022350988
0.20367768510060935
0.20367768510060935
0.20342818873732127
0.20342818873732127
0.203349426360257
0.203349426360257
0.20333149207119727
0.20333149207119727
0.20332879895049683
0.20332879895049683
0.20332711808790815
0.20332711808790815
0.20332699408472155
0.20332699408472155
0.20332673559677306
0.20332673559677306
0.20332670915407602
0.20332670915407602
0.20332667560659
0.20332667560659
0.2033266442567797
0.2033266442567797
0.20332657865716275
0.20332657865716275
0.20332645294974427
0.20332645294974427
0.2033258528158839
0.2033258528158839
0.20332402999939336
0.20332402999939336
0.2033047698801912
0.2033047698801912
0.20331138712135222
0.20331138712135222
0.20330167400873134
0.20330167400873134
0.20437798935223495
0.20437798935223495
0.20329894343490118
0.20329894343490118
0.20326074263185023
0.20326074263185023
0.2312158280963098
0.2312158280963098
0.2032394197876466
0.2032394197876466
0.20319009596391613
0.20319009596391613
0.20304495463583405
0.20304495463583405
0.20263782169360356
0.20263782169360356
0.20080823265005088
0.20080823265005088
0.19843421150414298
0.1984342115041431
0.1956821703509073
0.1956821703509073
0.19706106575024862
0.19706106575024895
0.1951886257197999
0.1951886257198001
0.1947717998964389
0.194771799896439
0.19450634340035633
0.19450634340035633
0.19436394230377652
0.19436394230377652
0.1943156395092297
0.1943156395092297
0.19423087095953084
0.19423087095953084
0.19425646586628587
0.19425646586628587
0.19421816412850978
0.1942181641285099
0.19420598013053358
0.19420598013053358
0.19420236307715788
0.19420236307715788
0.19420165182570193
0.19420165182570193
0.19420135756198165
0.19420135756198165
0.19420125242419672
0.19420125242419672
0.19420120876891356
0.19420120876891356
0.1942011868801944
0.1942011868801944
0.19420118141920983
0.19420118141920983
0.19420117473745047
0.19420117473745013
0.19420117397489123
0.194201173974891
5270.875705 seconds (59.45 M allocations: 136.645 GiB, 0.62% gc time, 0.57% compilation time)
Finished order 1
loss std: 0.0007122420573072577
magnitude: 0.09710058698744561
learning rate: 0.019420117397489122
  0.002915 seconds (17.73 k allocations: 1.701 MiB)
  2.514368 seconds (27.75 M allocations: 2.769 GiB, 14.09% gc time)
0.3291715109982112
0.3291715109982112
0.23008025371152574
0.23008025371152563
0.04550126621139561
0.04550126621139561
0.028305524919587377
0.028305524919587377
0.013165213355779137
0.013165213355779137
0.007317815447790865
0.007317815447790865
0.004233813115266383
0.004233813115266383
0.0033931270607392428
0.0033931270607392428
0.0022996864069247946
0.0022996864069247946
0.0014772964519645937
0.0014772964519644827
0.0016680876270619427
0.0016680876270621647
0.0011538387705889441
0.0011538387705889441
0.0008477129141415407
0.0008477129141415407
0.0006552327822872961
0.000655232782287074
0.0005061856318522295
0.0005061856318520075
0.00039978225046088944
0.00039978225046088944
0.000342342796215811
0.000342342796215811
0.0002670528817088069
0.0002670528817088069
0.00022256262289876982
0.00022256262289876982
0.00018346898137400203
0.000183468981373891
0.00015910708589661482
0.00015910708589639277
0.00014262444310109146
0.00014262444310086941
0.00012296434782999022
0.00012296434782999022
0.00010096904732836975
0.00010096904732825873
9.24917146196691e-5
9.24917146196691e-5
7.986826729311503e-5
7.986826729333707e-5
7.635332156663566e-5
7.635332156719077e-5
6.508774580749055e-5
6.508774580749055e-5
5.9856160242510725e-5
5.9856160242510725e-5
5.4602278628301804e-5
5.4602278628301804e-5
4.726881154648588e-5
4.726881154648588e-5
5.759695857054936e-5
5.759695857054936e-5
4.446628911258799e-5
4.446628911258799e-5
3.945256665893737e-5
3.945256665893737e-5
3.678900269910024e-5
3.678900269932228e-5
3.380368136784995e-5
3.380368136784995e-5
3.1686755451398874e-5
3.168675545117683e-5
2.9584824971840007e-5
2.9584824971840007e-5
2.7531960797633204e-5
2.753196079741116e-5
2.6225197795270994e-5
2.6225197795270994e-5
2.425646548842586e-5
2.425646548842586e-5
2.2272054181149414e-5
2.2272054181149414e-5
2.1157923284831348e-5
2.1157923284609303e-5
1.9603944140467178e-5
1.9603944140467178e-5
1.8516306656946036e-5
1.8516306656946036e-5
1.7177676876478642e-5
1.7177676876700687e-5
1.578475525265688e-5
1.578475525265688e-5
1.4830915431418568e-5
1.4830915431418568e-5
1.4091978086772095e-5
1.4091978086661072e-5
1.229643743583253e-5
1.2296437436054575e-5
1.1847528211816893e-5
1.1847528211816893e-5
1.1098239419027323e-5
1.1098239418805278e-5
1.0460723841476671e-5
1.0460723841809738e-5
9.620742735472199e-6
9.620742735472199e-6
9.04531746748205e-6
9.04531746748205e-6
8.586083115158516e-6
8.586083114936471e-6
8.04602913440089e-6
8.046029134289867e-6
7.483075197822764e-6
7.483075197822764e-6
7.135391926871293e-6
7.135391927315382e-6
6.763159164924204e-6
6.763159164924204e-6
6.468848863683263e-6
6.468848863683263e-6
6.228200151392471e-6
6.228200151170427e-6
5.798185226613128e-6
5.798185226613128e-6
5.790766501201361e-6
5.790766500757272e-6
5.6041693285990846e-6
5.6041693285990846e-6
5.377074562273876e-6
5.37707456249592e-6
4.9864549070965936e-6
4.986454906985571e-6
4.811520520453527e-6
4.811520520453527e-6
4.6165928806463086e-6
4.616592880868353e-6
4.441864805304618e-6
4.4418648057487076e-6
4.304099153307206e-6
4.304099153196184e-6
4.149351268578627e-6
4.149351268578627e-6
4.000127550085608e-6
4.0001275498635636e-6
3.870724897936384e-6
3.870724897825362e-6
3.765835734137468e-6
3.7658357339154236e-6
3.6353161136926104e-6
3.635316113470566e-6
3.5757567802274792e-6
3.5757567803385015e-6
3.4885908515303043e-6
3.4885908516413267e-6
3.4247655861241455e-6
3.424765586013123e-6
3.371814001673634e-6
3.371814001673634e-6
3.2771379909757314e-6
3.277137990753687e-6
3.2699988945505964e-6
3.2699988945505964e-6
3.216286160290238e-6
3.216286159846149e-6
3.159061901292226e-6
3.159061901292226e-6
3.103871711762629e-6
3.103871711762629e-6
3.0477540728934827e-6
3.0477540728934827e-6
2.9825799211513626e-6
2.9825799211513626e-6
2.9253425606334815e-6
2.9253425606334815e-6
2.8703082983749795e-6
2.8703082984860018e-6
2.817829020562712e-6
2.817829020895779e-6
2.7555546888713423e-6
2.755554689093387e-6
2.688271161011002e-6
2.6882711607889576e-6
2.6257147852648544e-6
2.6257147850428098e-6
2.5501256687432416e-6
2.5501256687432416e-6
2.4761196562028687e-6
2.4761196562028687e-6
2.404771909825243e-6
2.4047719097142206e-6
2.349848860938586e-6
2.3498488610496082e-6
2.2589984922660733e-6
2.258998492488118e-6
2.2207859189382617e-6
2.2207859189382617e-6
2.144460152453398e-6
2.1444601523423756e-6
2.0867979898531175e-6
2.086797989742095e-6
2.027143819693933e-6
2.0271438195829106e-6
1.937960983133813e-6
1.9379609833558575e-6
1.8520135744992672e-6
1.8520135744992672e-6
1.8071910181660655e-6
1.807191017944021e-6
1.737233803478233e-6
1.737233803478233e-6
1.695667209755669e-6
1.695667209755669e-6
1.6463813210521039e-6
1.6463813210521039e-6
1.591890070318236e-6
1.591890070318236e-6
1.5564868602879756e-6
1.5564868602879756e-6
1.5276224722970966e-6
1.5276224722970966e-6
1.4559189305263232e-6
1.4559189305263232e-6
1.4351085684261022e-6
1.4351085682040576e-6
1.3973481258755527e-6
1.3973481260975973e-6
1.3677383392529663e-6
1.3677383390309217e-6
1.3251950508053056e-6
1.3251950508053056e-6
1.296115164861611e-6
1.296115164861611e-6
1.27067920852042e-6
1.27067920852042e-6
1.2277019054707239e-6
1.2277019054707239e-6
1.1977070802915435e-6
1.1977070804025658e-6
1.1614953250305149e-6
1.1614953248084703e-6
1.1366466633466743e-6
1.1366466633466743e-6
1.1118741147786437e-6
1.1118741150006883e-6
1.075399400751742e-6
1.0753994008627643e-6
1.029497328941531e-6
1.029497328941531e-6
1.0041872335886382e-6
1.0041872335886382e-6
9.731145326208335e-7
9.731145322877666e-7
9.467593342638025e-7
9.467593340417579e-7
9.149237343297756e-7
9.149237347738648e-7
8.862516043262048e-7
8.862516041041602e-7
8.614126192352245e-7
8.614126192352245e-7
8.367712216461598e-7
8.367712214241152e-7
8.133434290513719e-7
8.133434290513719e-7
7.840990355889588e-7
7.840990361440703e-7
7.672077757536755e-7
7.672077757536755e-7
7.47013038093769e-7
7.470130378717244e-7
7.262039836142264e-7
7.262039833921818e-7
7.146572300609222e-7
7.146572302829668e-7
7.006987744473392e-7
7.0069877400325e-7
6.821832255754501e-7
6.821832255754501e-7
6.704404964530397e-7
6.704404962309951e-7
6.62882917890073e-7
6.62882917890073e-7
19943.513940 seconds (453.94 M allocations: 18.535 TiB, 4.54% gc time, 0.02% compilation time)
Finished order 2
loss std: 1.4138666895592224e-7
magnitude: 3.314414589450365e-7
learning rate: 6.62882917890073e-8
  0.093217 seconds (194.54 k allocations: 24.923 MiB, 34.36% gc time)
 25.370614 seconds (292.07 M allocations: 28.559 GiB, 16.37% gc time)
6.628620732307411e-7
6.628620732307411e-7
0.31508862558937434
0.31508862558937434
1.1735975480320349e-7
1.1735975480320349e-7
4.7078826170832144e-8
4.7078826170832144e-8
1.3626413108980273e-8
1.3626413108980273e-8
1631.608762 seconds (100.93 M allocations: 3.974 TiB, 18.19% gc time)
Finished order 3
loss std: 0.14091182313270711
4
