magnitude: 0.5
learning rate: 0.1
  0.487630 seconds (241.07 k allocations: 11.421 MiB, 99.97% compilation time)
  0.746310 seconds (1.88 M allocations: 225.544 MiB, 9.66% gc time, 68.65% compilation time)
0.9947714383826995
0.9947714383826995
0.9059237794079569
0.9059237794079568
0.9810142052890004
0.9810142052890004
0.9984095440095397
0.9984095440095397
0.9845065269439087
0.9845065269439087
0.9696177744471814
0.9696177744471814
0.9995110068377664
0.9995110068377664
0.9293485494270936
0.9293485494270936
0.9364634343536862
0.9364634343536862
0.9019387716850435
0.9019387716850435
0.8588334265586062
0.8588334265586062
0.8333183823331481
0.8333183823331483
0.8173040371153564
0.8173040371153564
0.8070376650887925
0.8070376650887925
0.7947563417965341
0.794756341796534
0.7868363577660833
0.7868363577660833
0.7787644067487365
0.7787644067487365
0.7729814959855543
0.7729814959855543
0.7678123073178407
0.7678123073178408
0.7588861507629978
0.7588861507629977
0.7459073486707974
0.7459073486707974
0.7260559836099072
0.7260559836099071
0.7034888082091528
0.7034888082091529
0.6629697991598806
0.6629697991598807
0.6309222342945218
0.6309222342945218
0.6016720684899997
0.6016720684899997
0.6694108043715501
0.6694108043715499
0.5928079887155331
0.5928079887155332
0.577632855180242
0.5776328551802421
0.5617896695011131
0.5617896695011131
0.5534003589749119
0.553400358974912
0.5436037287143685
0.5436037287143686
0.5340459536753671
0.5340459536753672
0.5268333347557893
0.5268333347557892
0.5199359474171904
0.5199359474171904
0.5133301003847682
0.5133301003847682
0.504823731863603
0.5048237318636031
0.5078356674560933
0.5078356674560933
0.49728287077177535
0.4972828707717757
0.4900312229955216
0.4900312229955216
0.4782475147635802
0.4782475147635802
0.4702164503913854
0.4702164503913856
0.4674609790033972
0.4674609790033971
0.46123942338068147
0.46123942338068147
0.4569199511244709
0.4569199511244708
0.4525734874298968
0.4525734874298968
0.4474115601738422
0.4474115601738422
0.44317017871069564
0.44317017871069564
0.4383253419098264
0.43832534190982664
0.4363611045871172
0.4363611045871172
0.433614408430961
0.433614408430961
0.4303940909040529
0.4303940909040528
0.427686440048757
0.4276864400487571
0.42488916778883135
0.42488916778883135
0.42246896039614423
0.42246896039614423
0.42048178980457107
0.42048178980457107
0.4187359159044288
0.4187359159044286
0.4187777470248266
0.41877774702482684
0.4165202030695585
0.4165202030695587
0.4146661595599852
0.4146661595599852
0.4134051950819244
0.4134051950819244
0.4124748784849246
0.4124748784849246
0.4119415251711971
0.4119415251711971
0.41163317077792627
0.41163317077792627
0.41124102190473755
0.41124102190473744
0.41091851383583433
0.41091851383583433
0.4107096815125303
0.41070968151253007
0.41061940702157507
0.41061940702157507
0.41053458343180016
0.41053458343180016
0.41046492565173254
0.41046492565173254
0.4104182687667317
0.4104182687667317
0.41038616614491064
0.4103861661449105
0.4103442071106784
0.41034420711067865
0.4103268736347344
0.4103268736347344
0.4103083785456464
0.4103083785456465
0.4102982632686013
0.4102982632686015
0.4102907350900392
0.4102907350900392
0.4102790999121918
0.4102790999121916
0.4102701837009979
0.4102701837009981
0.4102664690876129
0.41026646908761255
0.4102619039005251
0.4102619039005252
0.41025847678286687
0.41025847678286687
0.4102547071482162
0.4102547071482162
0.4102505870209542
0.4102505870209542
0.4102483533033019
0.41024835330330167
0.4102456104567259
0.41024561045672625
0.41024435809712145
0.41024435809712145
0.410243539028047
0.4102435390280468
0.41024311775606515
0.4102431177560656
0.41024263948080353
0.4102426394808033
0.41024237055494184
0.4102423705549416
0.410241924770526
0.410241924770526
0.41024164496040505
0.41024164496040505
0.4102413217198724
0.4102413217198725
0.41024087470994663
0.41024087470994686
0.4102421711108297
0.41024217111082995
0.41024078074758463
0.41024078074758474
0.4102406486591911
0.4102406486591911
0.410240603601309
0.410240603601309
0.4102405576143232
0.4102405576143231
0.4102405359145004
0.4102405359145007
0.41024049642080185
0.41024049642080185
0.4102404663381721
0.41024046633817224
0.41024044266365056
0.41024044266365045
0.4102404060482414
0.4102404060482412
0.41024044573346485
0.41024044573346485
0.4102403953576448
0.41024039535764445
0.4102403878470623
0.4102403878470623
0.410240384546958
0.41024038454695777
15113.152946 seconds (94.92 M allocations: 885.593 GiB, 0.73% gc time, 0.19% compilation time)
Finished order 1
loss std: 7.498584297003562e-7
magnitude: 0.205120192273479
learning rate: 0.0410240384546958
  0.002723 seconds (17.73 k allocations: 1.701 MiB)
  4.398753 seconds (45.39 M allocations: 4.674 GiB, 10.95% gc time)
0.6534667325188639
0.6534667325188637
0.5710894818986749
0.5710894818986749
0.35680919370180886
0.3568091937018092
0.24745250355170412
0.24745250355170412
0.16189302639584957
0.16189302639584957
0.09204036461659171
0.09204036461659171
0.06769832495336447
0.06769832495336447
0.046320445389723464
0.046320445389723464
0.0330916544643608
0.0330916544643608
0.024804109356666104
0.02480410935666555
0.019297686677831827
0.019297686677831605
0.013574834592238183
0.013574834592238183
0.010764570536878182
0.010764570536878404
0.008088182822325818
0.00808818282232604
0.006619340832542342
0.006619340832542564
0.005629717331465778
0.005629717331465667
0.0049147537332017155
0.0049147537332017155
0.004155445779972622
0.004155445779972511
0.0035529137103906816
0.0035529137103906816
0.003109051948152586
0.0031090519481524748
0.00268205251206477
0.002682052512064881
0.0023580204487776424
0.0023580204487776424
0.0020701612804314706
0.0020701612804319147
0.001865731193607223
0.001865731193607445
0.001697241685509665
0.001697241685509887
0.0015118703184384685
0.0015118703184384685
0.0013439256201661642
0.0013439256201659422
0.0012052186451050328
0.0012052186451048108
0.0010771694306228596
0.0010771694306228596
0.0009717617514469756
0.0009717617514468646
0.000890352605312339
0.0008903526053121169
0.0008135995740088386
0.0008135995740086166
0.0007445856277312757
0.0007445856277312757
0.0006774364674055899
0.000677436467405812
0.0006318735952406396
0.0006318735952410837
0.0005804552569933508
0.0005804552569934618
0.0005399536525065862
0.0005399536525068083
0.0004956811327779809
0.000495681132778425
0.00046164520904645734
0.0004616452090466794
0.00043188096716606506
0.0004318809671663981
0.00039459413924236575
0.00039459413924236575
0.0003629149335990789
0.0003629149335990789
0.00034102782345302174
0.0003410278234532438
0.00031644511881268045
0.0003164451188124584
0.00029965095587214385
0.0002996509558719218
0.00027712999305240515
0.00027712999305240515
0.00026542405872165276
0.0002654240587214307
0.00024994258807231606
0.00024994258807231606
0.00023360294169005869
0.00023360294169028073
0.00021517608507926056
0.00021517608507926056
0.0002047916323975052
0.0002047916323975052
0.0001929957624861034
0.00019299576248621442
0.0001859046584149482
0.0001859046584149482
0.00017353816153176105
0.00017353816153165003
0.00016559119150505452
0.00016559119150472146
0.00015933334572260094
0.00015933334572260094
0.00014900613922630424
0.00014900613922641526
0.0001460176818799397
0.0001460176818794956
0.0001362156120069402
0.0001362156120069402
0.0001326985025003058
0.0001326985025003058
0.0001265513204209423
0.00012655132042072026
0.00012002146166079086
0.00012002146166079086
0.000114305184848007
0.00011430518484767394
0.00011114651468002723
0.00011114651468002723
0.00010734571761150669
0.00010734571761150669
0.00010417672327656113
0.00010417672327633909
9.961875104469442e-5
9.961875104491646e-5
9.795319303407268e-5
9.795319303373962e-5
9.312126891813932e-5
9.312126891825034e-5
9.121420616420295e-5
9.1214206164425e-5
8.753658580085144e-5
8.753658580085144e-5
8.317270949431688e-5
8.317270949453892e-5
8.957475853044183e-5
8.957475853033081e-5
8.105306917394195e-5
8.1053069174164e-5
7.728340599366668e-5
7.728340599388872e-5
7.496954894858909e-5
7.496954894825603e-5
7.250638047484603e-5
7.250638047495706e-5
7.01585708646757e-5
7.01585708646757e-5
6.818281699727535e-5
6.818281699705331e-5
6.565477358688732e-5
6.565477358688732e-5
6.373527277814262e-5
6.373527277814262e-5
6.178302027093352e-5
6.178302027093352e-5
5.888332623660286e-5
5.888332623660286e-5
5.7047488825290316e-5
5.704748882495725e-5
5.550203481519134e-5
5.550203481541338e-5
5.3358040158490994e-5
5.335804015871304e-5
5.214247397766769e-5
5.214247397744565e-5
5.1102336024455575e-5
5.1102336024455575e-5
4.815681931402693e-5
4.815681931402693e-5
4.733319077576681e-5
4.733319077576681e-5
4.595143809549285e-5
4.595143809549285e-5
4.5462560964049104e-5
4.546256096393808e-5
4.3699102601602036e-5
4.369910260171306e-5
4.28412130274447e-5
4.284121302766675e-5
4.2039346855426984e-5
4.2039346855426984e-5
4.0783576278347056e-5
4.078357627868012e-5
3.9801235393044365e-5
3.980123539326641e-5
3.760132077079703e-5
3.760132077079703e-5
3.6818104990121725e-5
3.681810498989968e-5
3.595403163725308e-5
3.595403163714206e-5
3.488327295353422e-5
3.488327295375626e-5
3.483652701385953e-5
3.483652701374851e-5
3.3915063327727424e-5
3.3915063327727424e-5
3.273515433943608e-5
3.27351543395471e-5
3.1932504584775145e-5
3.1932504584775145e-5
3.113937309118242e-5
3.1139373090960376e-5
3.0146747488135617e-5
3.0146747488135617e-5
2.9111686110194768e-5
2.9111686110194768e-5
2.820148239668363e-5
2.820148239668363e-5
2.75586309352871e-5
2.75586309352871e-5
2.6828590026672927e-5
2.682859002678395e-5
2.6046013388736355e-5
2.6046013388736355e-5
2.5265993322975966e-5
2.5265993322864944e-5
2.4700979520231314e-5
2.470097952045336e-5
2.3950895857716148e-5
2.3950895857716148e-5
2.342314897596509e-5
2.342314897596509e-5
2.2945995854284362e-5
2.2945995854062318e-5
2.235586486776242e-5
2.235586486776242e-5
2.201380758992677e-5
2.201380758992677e-5
2.146652947865313e-5
2.146652947876415e-5
2.155526054137269e-5
2.155526054137269e-5
2.1071670742056625e-5
2.1071670742056625e-5
2.0552901485615394e-5
2.0552901485726416e-5
2.0266873811625175e-5
2.026687381184722e-5
1.9803170971277595e-5
1.980317097105555e-5
1.944009158205695e-5
1.944009158250104e-5
1.903416489423826e-5
1.9034164894460304e-5
1.867466846949828e-5
1.867466846949828e-5
1.840095766469929e-5
1.8400957664921336e-5
1.7958701819864586e-5
1.7958701819864586e-5
1.750590101545768e-5
1.750590101545768e-5
1.7248959423454835e-5
1.724895942323279e-5
1.6907578205604956e-5
1.6907578205604956e-5
1.6627797438051317e-5
1.6627797438273362e-5
1.6321312394929066e-5
1.6321312395262133e-5
1.592442916575898e-5
1.5924429165647958e-5
1.5651582091491534e-5
1.565158209126949e-5
1.544407755105226e-5
1.5444077550830215e-5
1.4967337612858955e-5
1.4967337613081e-5
1.5087227864585273e-5
1.5087227864696295e-5
1.4781023635279666e-5
1.4781023635279666e-5
1.4582247083505528e-5
1.4582247083505528e-5
1.421217084951465e-5
1.421217084951465e-5
1.3961780393589862e-5
1.3961780393367818e-5
1.3637155217516295e-5
1.363715521729425e-5
1.3339972124493116e-5
1.333997212471516e-5
1.3010408806191087e-5
1.3010408806080065e-5
1.273557031278294e-5
1.273557031278294e-5
1.2459790837304752e-5
1.2459790837748841e-5
1.2175259910152114e-5
1.2175259909819047e-5
1.193630608242735e-5
1.1936306082649395e-5
1.1712769880656282e-5
1.1712769880656282e-5
1.1523696967108421e-5
1.1523696966997399e-5
1.1302411072833252e-5
1.1302411073499385e-5
1.1109517381369116e-5
1.1109517381258094e-5
1.0966955538926904e-5
1.0966955538926904e-5
1.0744384126626372e-5
1.0744384126404327e-5
1.0609834702024479e-5
1.0609834702135501e-5
1.0483644246273016e-5
1.0483644246050972e-5
1.0240063568422997e-5
1.0240063568422997e-5
1.0084182416880694e-5
1.0084182416658649e-5
9.98318859279923e-6
9.983188592688208e-6
9.792014521448067e-6
9.792014521226022e-6
9.676757399601499e-6
9.676757399379454e-6
9.544757512913726e-6
9.54475751258066e-6
9.363920178806495e-6
9.36392017858445e-6
9.25952389696505e-6
9.259523896631983e-6
9.126481652188545e-6
9.126481652743657e-6
9.04564791670559e-6
9.045647916927635e-6
8.878727363326178e-6
8.878727363326178e-6
8.772866291195669e-6
8.772866290973624e-6
8.665500752291777e-6
8.665500752291777e-6
8.492609727461797e-6
8.492609727683842e-6
8.337560797877508e-6
8.33756079798853e-6
8.243213688086115e-6
8.24321368830816e-6
8.126003181674335e-6
8.12600318189638e-6
8.031482404913248e-6
8.031482404913248e-6
7.913116279345545e-6
7.913116279345545e-6
7.772834856645261e-6
7.772834856534239e-6
7.682264766550873e-6
7.682264766772917e-6
7.598341273618026e-6
7.598341273618026e-6
7.4531405659383765e-6
7.453140565827354e-6
7.362275181499456e-6
7.362275181943545e-6
7.231764141524266e-6
7.231764141413244e-6
7.138418625318721e-6
7.138418625318721e-6
7.059325146219209e-6
7.059325146663298e-6
6.94725823668918e-6
6.947258236800202e-6
7.070400435904567e-6
7.070400435904567e-6
6.882879121539176e-6
6.882879121428154e-6
6.780354254609655e-6
6.780354254609655e-6
6.699397009146679e-6
6.699397008813612e-6
6.6185897251713754e-6
6.61858972539342e-6
6.536661763090201e-6
6.53666176253509e-6
6.443186308935367e-6
6.443186309046389e-6
6.3565908414719985e-6
6.356590841694043e-6
6.270119052853573e-6
6.270119052853573e-6
6.200312011817033e-6
6.200312011706011e-6
6.100815247656044e-6
6.100815247878089e-6
6.02254256187873e-6
6.0225425617677075e-6
5.938271916305915e-6
5.938271916305915e-6
5.852446788301435e-6
5.852446788412458e-6
5.787000089130245e-6
5.7870000895743345e-6
5.689296365352092e-6
5.689296365574137e-6
5.611251104431503e-6
5.61125110476457e-6
5.547700557273494e-6
5.5477005574955385e-6
5.4729995682123445e-6
5.4729995682123445e-6
55685.019371 seconds (1.06 G allocations: 122.068 TiB, 8.95% gc time, 0.01% compilation time)
Finished order 2
loss std: 4.959857061830448e-7
4
