magnitude: 0.5
learning rate: 0.1
  0.488550 seconds (241.07 k allocations: 11.421 MiB, 99.97% compilation time)
  0.658984 seconds (1.17 M allocations: 135.262 MiB, 7.29% gc time, 78.51% compilation time)
0.9998414347289518
0.9998414347289518
0.976486472584401
0.976486472584401
0.9982408877943315
0.9982408877943315
0.9979057366255372
0.9979057366255372
0.999419664429746
0.999419664429746
0.9999232243297032
0.9999232243297032
0.9984794329008884
0.9984794329008884
0.9954768481935938
0.9954768481935938
0.9974746181863404
0.9974746181863404
0.9941399694813691
0.9941399694813691
0.9994721070641703
0.9994721070641703
0.9959097647363091
0.9959097647363091
0.9938330254107443
0.9938330254107443
0.9846664326493612
0.9846664326493612
0.9976063551193343
0.9976063551193343
0.9813168978325332
0.9813168978325332
0.9729165053454693
0.9729165053454693
0.9672075370471062
0.9672075370471062
0.9556791477745539
0.9556791477745539
0.9453625076669465
0.9453625076669465
0.9333566719733684
0.9333566719733682
0.9282825615895309
0.928282561589531
0.9223237710052763
0.9223237710052763
0.9113677555905438
0.9113677555905438
0.9073737563131893
0.9073737563131893
0.9038493339736833
0.9038493339736833
0.9001063201621473
0.9001063201621473
0.895888290727111
0.895888290727111
0.8932502376208901
0.8932502376208901
0.8907409758153819
0.8907409758153819
0.8878169776961736
0.8878169776961737
0.885992415479021
0.885992415479021
0.8846933236057545
0.8846933236057545
0.8840173514519521
0.8840173514519523
0.8833602368206493
0.8833602368206493
0.8818366375593322
0.8818366375593322
0.8798776600772857
0.8798776600772857
0.8780620166302832
0.8780620166302833
0.8773355451872067
0.8773355451872067
0.8767061782733837
0.8767061782733838
0.8762551601040949
0.8762551601040948
0.8753247720112105
0.8753247720112105
0.8748348101383141
0.8748348101383143
0.8740962676802738
0.8740962676802738
0.8731815955513921
0.8731815955513921
0.8724640454566328
0.8724640454566328
0.871617570191277
0.871617570191277
0.8700723877369161
0.8700723877369161
0.8687340650212181
0.8687340650212179
0.8677959178386614
0.8677959178386614
0.8675590075940343
0.8675590075940344
0.866247802768745
0.866247802768745
0.8655730378316009
0.8655730378316007
0.8639016089646977
0.8639016089646976
0.8618301969191098
0.8618301969191097
0.8629532324004576
0.8629532324004574
0.8607030658028632
0.8607030658028632
0.8597715364060825
0.8597715364060825
0.8578158849854934
0.8578158849854935
0.8562095146691607
0.8562095146691608
0.8540799974536899
0.8540799974536899
0.851924854512202
0.851924854512202
0.8529467345430771
0.8529467345430772
0.8508171160531893
0.8508171160531894
0.8501680597917917
0.8501680597917916
0.848160889616016
0.8481608896160161
0.8467267575700843
0.8467267575700843
0.8446635503140925
0.8446635503140925
0.8421971444555227
0.8421971444555227
0.8402848200148112
0.8402848200148112
0.838150296258453
0.838150296258453
0.8383621912931633
0.8383621912931631
0.837401992844379
0.8374019928443789
0.8360672472926465
0.8360672472926466
0.8338005607880536
0.8338005607880538
0.8322657915046541
0.8322657915046541
0.8306768772564352
0.8306768772564352
0.8285915852752019
0.828591585275202
0.826947374138506
0.8269473741385062
0.8261704671948065
0.8261704671948065
0.8253986453355414
0.8253986453355413
0.8244359337115483
0.8244359337115483
0.8234501778700669
0.8234501778700668
0.8224544993393839
0.8224544993393837
0.821567861290743
0.821567861290743
0.8204135538577421
0.8204135538577422
0.8194446633505728
0.8194446633505726
0.8183426070238468
0.8183426070238469
0.8173137985150608
0.8173137985150609
0.8159657233317642
0.8159657233317643
0.8146447273861341
0.8146447273861341
0.8131399995710367
0.8131399995710366
0.8123201517663854
0.8123201517663855
0.811304436903665
0.8113044369036653
0.8104654914840458
0.8104654914840457
0.8089730398633954
0.8089730398633954
0.8080143623205189
0.8080143623205189
0.8068313547780339
0.8068313547780338
0.8057353923821129
0.8057353923821129
0.8049421560343107
0.8049421560343106
0.8039300469152906
0.8039300469152907
0.8039900656472737
0.8039900656472736
0.8033145052406395
0.8033145052406395
0.8024732062799383
0.8024732062799382
0.8017188461109093
0.8017188461109093
0.8011787138794466
0.8011787138794468
0.8006633926262127
0.8006633926262126
0.8001862704416693
0.8001862704416693
0.7995725106594925
0.7995725106594924
0.7992692938485488
0.7992692938485488
0.7988422551755296
0.7988422551755296
0.7986055997624135
0.7986055997624136
0.7983729289710457
0.7983729289710457
0.7980421302826133
0.7980421302826133
0.7975536406966002
0.7975536406966002
0.7968717403603998
0.7968717403604
0.7964233826771846
0.7964233826771845
0.7960368856234655
0.7960368856234654
0.7958453344035941
0.7958453344035941
0.7956933729070537
0.7956933729070538
0.7954498931393579
0.7954498931393579
0.7951066482946417
0.7951066482946417
0.7947557616257173
0.7947557616257173
0.7945383023073335
0.7945383023073335
0.7943931001584041
0.794393100158404
0.7941390583346071
0.7941390583346073
0.7938695096893068
0.7938695096893068
0.7935944656210963
0.7935944656210963
0.7934189778095315
0.7934189778095315
0.7930219292333059
0.793021929233306
0.7927072649710203
0.7927072649710203
0.792319738504101
0.792319738504101
0.7920667759241236
0.7920667759241236
0.7919587082247709
0.7919587082247709
0.7915630934187405
0.7915630934187404
0.7912294817545332
0.7912294817545333
0.7910235686831941
0.791023568683194
0.7905141252856904
0.7905141252856904
0.789679760614136
0.7896797606141361
0.7891230318064814
0.7891230318064814
0.7911903511098708
0.7911903511098707
0.7885587080517872
0.7885587080517873
0.7879981246046376
0.7879981246046375
0.7875030201023682
0.7875030201023682
0.7871966176378091
0.787196617637809
0.7865786879603447
0.7865786879603448
0.7862109965849902
0.78621099658499
0.7855213977917417
0.7855213977917417
0.7853065719736718
0.7853065719736718
0.7849954823266376
0.7849954823266376
0.7844990569375289
0.784499056937529
0.7838556587720822
0.7838556587720824
0.7832235860298047
0.7832235860298047
0.7828588276648123
0.7828588276648124
0.7824314085118986
0.7824314085118986
0.7817275271072174
0.7817275271072173
0.7809416757625324
0.7809416757625324
0.7801756394784889
0.780175639478489
0.7796961920526169
0.7796961920526169
0.7792514259227173
0.7792514259227172
0.7785446387267093
0.7785446387267094
0.778219933420942
0.7782199334209421
0.7777620276412436
0.7777620276412436
0.7772312308479118
0.7772312308479119
0.776722715861089
0.776722715861089
0.776096540078251
0.7760965400782511
0.7754813718977964
0.7754813718977964
0.7745699046207684
0.7745699046207686
0.7750555653712198
0.7750555653712198
0.7741881410490057
0.7741881410490057
0.7738417507192227
0.7738417507192227
0.773409004172644
0.773409004172644
0.7730536087350561
0.7730536087350564
0.7727402639987678
0.7727402639987677
0.7720692919042127
0.7720692919042127
0.7712170406957755
0.7712170406957755
0.7707293888886491
0.7707293888886491
0.7704931138774769
0.7704931138774769
0.7705476921947152
0.7705476921947152
0.7703330528087129
0.7703330528087129
0.7701731782466951
0.7701731782466952
0.7696950560174682
0.7696950560174682
0.7695554071408313
0.7695554071408313
0.7693319413019202
0.7693319413019202
0.7691693554603496
0.7691693554603494
0.7689744120762159
0.7689744120762158
0.7686420614400458
0.7686420614400458
0.7683637951299591
0.7683637951299591
0.7678619657055882
0.7678619657055882
0.7675058282710353
0.7675058282710352
0.7672140462194537
0.7672140462194537
0.7670156632253571
0.767015663225357
0.7667496524760411
0.7667496524760411
0.7664949608562922
0.7664949608562923
0.7662859027301561
0.7662859027301558
0.7660264416660483
0.7660264416660483
0.7661596339794228
0.7661596339794228
0.7658869452862428
0.7658869452862427
0.7657146872468157
0.7657146872468155
0.7655943766074581
0.7655943766074581
0.7655037991586753
0.7655037991586753
0.765416396625046
0.7654163966250459
0.7651794617276344
0.7651794617276344
0.7650277752564971
0.7650277752564972
0.7648675938294148
0.7648675938294149
0.7646979935954172
0.7646979935954171
0.7644479142328243
0.7644479142328243
0.7641227300795191
0.764122730079519
0.7646052654766017
0.7646052654766017
0.7639793624538737
0.7639793624538737
0.7637370268439563
0.7637370268439562
0.7636400251455943
0.7636400251455943
0.7635235948760088
0.7635235948760088
0.7634389777201835
0.7634389777201835
0.7633632039534742
0.7633632039534741
0.7631719518118762
0.7631719518118762
0.7631177433243428
0.7631177433243428
0.7629562204802403
0.7629562204802403
0.7628607289077889
0.7628607289077889
0.7627595996056844
0.7627595996056845
0.7627775885370974
0.7627775885370974
0.7626797842235686
0.7626797842235686
0.7625551707275464
0.7625551707275465
25095.346696 seconds (106.94 M allocations: 587.468 GiB, 0.65% gc time, 0.12% compilation time)
Finished order 1
loss std: 0.0007880101095735844
magnitude: 0.3812775853637732
learning rate: 0.07625551707275464
  0.002965 seconds (17.73 k allocations: 1.701 MiB)
  2.423074 seconds (27.75 M allocations: 2.769 GiB, 14.43% gc time)
0.8600768941896221
0.860076894189622
0.7180843608882076
0.7180843608882075
0.9424534682732674
0.9424534682732673
0.6371849596372579
0.6371849596372579
0.5553337579051949
0.5553337579051947
0.47135783802948006
0.4713578380294796
0.41433033276715947
0.41433033276715936
0.3583255958522493
0.3583255958522491
0.3141722349762128
0.3141722349762127
0.26804790138650525
0.2680479013865056
0.23191174419540816
0.23191174419540794
0.20375348071524924
0.2037534807152488
0.1717853216559979
0.17178532165599814
0.1521466488622618
0.15214664886226137
0.13180308091434778
0.131803080914348
0.1089536492789085
0.10895364927890872
0.09584113895037427
0.09584113895037427
0.08120420198532607
0.08120420198532563
0.06839527471032192
0.06839527471032214
0.06158454498274657
0.06158454498274646
0.0527321435130228
0.05273214351302302
0.04718777270251939
0.04718777270251939
0.04124693582340089
0.04124693582340089
0.03713439878813585
0.03713439878813607
0.03271061269631059
0.03271061269631048
0.02657504314049408
0.026575043140494525
0.02526830288755555
0.025268302887556215
0.020044024371566938
0.020044024371566938
0.01836635370676598
0.018366353706765315
0.015576824894780072
0.015576824894780072
0.014290511943379713
0.01429051194337938
0.011666765809088098
0.011666765809087654
0.010481217018724509
0.010481217018724287
0.009436293080591796
0.009436293080592462
0.007551270688035183
0.007551270688035627
0.010855364399994016
0.010855364399994016
0.006782370456583697
0.006782370456583808
0.005633505620971979
0.005633505620972201
0.004812736503689852
0.00481273650368963
0.0038907768020244315
0.0038907768020245426
0.0035095601685797284
0.0035095601685806166
0.0029715145712068125
0.0029715145712070345
0.002559989347750369
0.002559989347750369
0.0022266242675481607
0.0022266242675480497
0.0022184444865773756
0.0022184444865774866
0.0019794554590688573
0.0019794554590684132
0.0016721258916821968
0.0016721258916818638
0.0014487294325427058
0.0014487294325427058
0.0012622808419425757
0.0012622808419422427
0.0011212374518410062
0.0011212374518406731
0.0009966787695863122
0.0009966787695860901
0.0008658707463179427
0.0008658707463182758
0.0007831748920170689
0.000783174892017291
0.0006560054411678395
0.0006560054411675065
0.0005919138803083257
0.0005919138803077706
0.0005314737867190278
0.0005314737867196939
0.00046973374361458653
0.00046973374361414244
0.0004146576561376847
0.00041465765613790673
0.00038124995998256583
0.00038124995998212174
0.0003180987788828915
0.0003180987788828915
0.00029421286253028534
0.0002942128625305074
0.00026012563652921816
0.00026012563652955123
0.0002476703489053822
0.0002476703489053822
0.00020736553327305174
0.0002073655332723856
0.0001913887950616422
0.00019138879506108708
0.0001739306115711159
0.00017393061157133793
0.00015016164656356246
0.00015016164656356246
0.00014859359665964078
0.00014859359665930771
0.0001344521884635297
0.00013445218846275253
0.00011907429924407076
0.00011907429924373769
0.00010788708908038291
0.00010788708908016087
9.64817965054543e-5
9.648179650567634e-5
8.750240658295105e-5
8.750240658228492e-5
7.95648563591822e-5
7.956485635940425e-5
7.219896156973604e-5
7.219896156929195e-5
6.625234179336026e-5
6.625234179313821e-5
6.340791772219134e-5
6.340791772219134e-5
5.113249991883784e-5
5.113249991861579e-5
4.8361059563295505e-5
4.836105956318448e-5
4.36806114916255e-5
4.368061149206959e-5
3.951151291592403e-5
3.951151291547994e-5
3.494977596141258e-5
3.494977596196769e-5
3.170467574664659e-5
3.170467574642455e-5
2.8430673056023537e-5
2.8430673055468425e-5
2.585287699830019e-5
2.5852876998189167e-5
2.3623126533478533e-5
2.3623126533589556e-5
2.0427672678735576e-5
2.0427672678069442e-5
1.864028256881589e-5
1.864028256870487e-5
1.742476430899309e-5
1.7424764308549e-5
1.4674488047039524e-5
1.4674488046484413e-5
1.598255640922197e-5
1.5982556408888904e-5
1.372316349823599e-5
1.3723163498458035e-5
1.2747561341286406e-5
1.274756134095334e-5
1.058994794100876e-5
1.0589947940009559e-5
9.802730210006771e-6
9.802730209673705e-6
8.810550560789387e-6
8.810550561011432e-6
7.476931716432489e-6
7.4769317166545335e-6
6.660867835739381e-6
6.660867836405515e-6
6.173465553871438e-6
6.173465553427349e-6
4.992306435358529e-6
4.99230643491444e-6
4.632542645266469e-6
4.632542645044424e-6
4.10819498752879e-6
4.108194987750835e-6
3.894778285218337e-6
3.8947782844411805e-6
3.2616247316319402e-6
3.2616247312988733e-6
3.006925919701864e-6
3.006925919812886e-6
2.7591852880259893e-6
2.7591852880259893e-6
2.352537023853074e-6
2.3525370240751187e-6
2.725818432414151e-6
2.725818432081084e-6
2.1373567108406988e-6
2.137356710951721e-6
1.838071465920521e-6
1.838071465920521e-6
1.6684446337844605e-6
1.6684446340065051e-6
1.4449318976872405e-6
1.4449318977982628e-6
1.436841247315357e-6
1.436841247315357e-6
1.3288941684841404e-6
1.3288941689282296e-6
1.1718771921742643e-6
1.1718771925073312e-6
1.0313905540737522e-6
1.0313905538517076e-6
9.24057034890069e-7
9.240570352231359e-7
8.116098528798688e-7
8.116098532129357e-7
7.035394393728467e-7
7.035394393728467e-7
6.107117053177902e-7
6.107117056508571e-7
5.403270997295095e-7
5.403270998405318e-7
4.92856559120014e-7
4.928565582318356e-7
4.0712855398084e-7
4.071285537587954e-7
3.7118009488246173e-7
3.7118009488246173e-7
3.367308696322624e-7
3.367308694102178e-7
17915.909612 seconds (400.16 M allocations: 16.318 TiB, 4.41% gc time, 0.02% compilation time)
Finished order 2
loss std: 7.78380069469956e-7
4
