magnitude: 0.5
learning rate: 0.1
  0.319094 seconds (241.07 k allocations: 11.423 MiB, 99.97% compilation time)
  0.706391 seconds (1.88 M allocations: 225.544 MiB, 36.53% gc time, 47.58% compilation time)
0.9900848905524859
0.9359805675942505
0.8911444251132958
0.8637327710390581
0.8410110601189291
0.8207600703773437
0.8009889564195255
0.77857901802043
0.7513428717761275
0.721060307128941
0.6916959878191347
0.6684016420154688
0.6519118853999066
0.6389802058728247
0.6252836317742946
0.610116923515732
0.5964254257770899
0.5848185179869457
0.5755651094033842
0.5691938833727531
0.5655354321629755
0.562844616395241
0.5597837072798013
0.5551201935254944
0.5480086949880184
0.5391029584035143
0.5309395215121593
0.5248300061771416
0.5194616835143654
0.5142585950465391
0.510085561354918
0.5071018700176197
0.5046469964183372
0.5025509727971456
0.5009015742623308
0.499338219966866
0.4970176491345665
0.493064795871176
0.48760960781356055
0.48169294732842527
0.4759729972190644
0.47066216816726303
0.4659158934218397
0.46160210026249715
0.45734604272990675
0.45272174309790014
0.4476782794148634
0.44249801628490193
0.43735570739083984
0.4325180170761911
0.42841759276627955
0.42525539854634264
0.4230212966685376
0.42149306477377935
0.4203922730695343
0.4196175567348778
0.41910342836677483
0.4186222418377963
0.417975936319644
0.4171998929396856
0.4163759596998905
0.4156111550330235
0.41507596363044885
0.41475722920763003
0.41444595130932194
0.4140554324802834
0.4136517974417945
0.41330440501970955
0.41307859806748803
0.4129805427179123
0.412921449883085
0.412835602463428
0.41274334789275047
0.41266485502043704
0.41259975577458263
0.41251780986895703
0.41239120598792045
0.41224032536177513
0.41207938245867126
0.4118987817626105
0.4116985931638646
0.4114930428868733
0.4113080693581195
0.4111536890912798
0.41102723031139254
0.41094103871194954
0.410889904019078
0.4108561254175518
0.4108215857590065
0.4107708884959269
0.4107100178743861
0.4106499933888622
0.4105883259656873
0.41052555915294475
0.41046845943074817
0.41042229159016386
0.4103887651846989
0.4103624119173541
0.41034295192476433
0.41033429260580434
0.41033429260580434
16298.736217 seconds (91.86 M allocations: 813.133 GiB, 0.35% gc time, 0.11% compilation time)
0.4103342926058041
Finished order 1
magnitude: 0.20516714630290206
learning rate: 0.041033429260580415
  0.002282 seconds (17.73 k allocations: 1.701 MiB)
  2.269773 seconds (45.39 M allocations: 4.674 GiB, 13.51% gc time)
0.6516299075862639
0.6665082671627114
0.36659648087105523
0.30815235221238635
0.2400427055990355
0.19208797362442764
0.16825152213899297
0.15470421260647216
0.12796674347629744
0.11156240731341571
0.103553673010782
0.09161398572559598
0.07743558398878692
0.06735771753556508
0.06639652375121408
0.062131017412165646
0.05182437918468752
0.043696442648736844
0.03960669986305665
0.03832484281106585
0.03639526274228955
0.030712637136406373
0.02520075758762541
0.0244586291695974
0.024454774477865593
0.02144730106603554
0.017869586079616417
0.016294846098347415
0.01585679973188081
0.014318094981204066
0.01260090591023777
0.01197625294659388
0.010578569136886262
0.00897048025537428
0.00853577781527759
0.008138769732344064
0.0069818104508265755
0.006110237392586759
0.0059786685285285746
0.005449654609602561
0.004858664856341122
0.004362719549652283
0.0038945736504630846
0.0038769147443920016
0.0036090369213775952
0.003050237884472673
0.0027606704249794056
0.0026185552595222594
0.0022683040869256876
0.0021643801296017395
0.0020100432531937606
0.0017758802596035128
0.0016229789761841307
0.0015407170334712506
0.001410896669764683
0.0013068015650196108
0.0011764389255993768
0.0010041707694063984
0.0010111489484545544
0.000942333067972978
0.0008048950905051866
0.000791112294075691
0.0007308988954299878
0.0006550280796501218
0.0006385594929059213
0.0005890446376455305
0.0005354370550043619
0.000511802028306807
0.0004631041202672881
0.00041137751440767367
0.00041246120728177793
0.0003912769773595226
0.000334386901024164
0.0003308106334487526
0.0003136601425165475
0.00029532866116055434
0.00028385327171776
0.00025996312911336084
0.00025684302308093265
0.0002317854385789353
0.00021883186557336565
0.00021189533988275056
0.0002033107567456227
0.00019458220753043598
0.00018527242866395177
0.00017421037098486192
0.0001664649169484944
0.00016200392716037015
0.00015285439947265722
0.0001490864425394145
0.00014405723201449394
0.0001378867946787432
0.00013159252323147186
0.00012942155800532706
0.00012424836639590708
0.00011942442084766913
0.00011577844344790034
0.00011476049483882811
0.00011591298421620433
0.00012046151853861709
0.00011476049483882811
26008.239502 seconds (523.15 M allocations: 59.840 TiB, 5.96% gc time, 0.01% compilation time)
0.00011476049483905015
Finished order 2
0
1
2
3
4
Hey
done
