magnitude: 0.060216256887571484
learning rate: 0.012043251377514297
  0.352488 seconds (241.07 k allocations: 11.422 MiB, 99.97% compilation time)
  0.453602 seconds (1.17 M allocations: 135.261 MiB, 5.02% gc time, 83.03% compilation time)
0.1274487603219111
0.12292639046295906
0.12172772235942819
0.12201022704139552
0.12239740160385304
0.12231321346746082
0.12194216769674271
0.1216137120788029
0.12139718285678247
0.12122700921084051
0.12108110779210679
0.12100330306796636
0.1210047394720063
0.12102792289485609
0.12101029247503625
0.12093988227130725
0.12084990294511977
0.12078309752306393
0.12074971208293217
0.12072820689888841
0.12069832270026926
0.12065993514626183
0.12062837428835704
0.12061495434242431
0.12061489315710261
0.12061442058949412
0.12060242489469242
0.12057646272182376
0.12054464476427529
0.12051989228952853
0.12051034551796203
0.12051464719458294
0.12052252023776866
0.12052232353122683
0.12051059032028899
0.12049225765778382
0.12047546010126009
0.12046710826384921
0.12046893584273743
0.1204759472877931
0.12047948943098918
0.12047431355083549
0.12046283588483819
0.12045236660585634
0.1204487193560122
0.12045137622541335
0.1204552301875772
0.12045572983424668
0.12045195679471532
0.12044659823170711
0.12044287100007378
0.12044188077523599
0.12044255107663993
0.12044321683932846
0.12044292809569768
0.12044161461634562
0.12043988767159208
0.12043836960908672
0.12043738120050096
0.12043714926375881
0.12043757248785503
0.12043784656723411
0.12043716115947756
0.12043590180409358
0.12043508898945843
0.12043499894640797
0.1204351871416981
0.12043520418896381
0.12043489861968493
0.12043442957765482
0.12043412166995426
0.12043407477452539
0.12043404622302445
0.12043382420362847
0.12043355038414327
0.12043344336580586
0.12043350576638767
0.12043355888145435
0.1204334322525743
0.12043315863982296
0.12043295078880256
0.12043296329672526
0.12043310121622197
0.12043314461257082
0.12043301537650142
0.120432839739538
0.12043275317638014
0.1204327713481913
0.12043282335489147
0.1204328367926849
0.12043277995934465
0.12043269212840679
0.12043264905982898
0.12043266991611734
0.12043269637930543
0.12043267885935993
0.120432633347757
0.12043260179797233
0.12043260071195039
0.12043261435501706
0.1204326133349174
0.12043259162629416
0.12043256945341152
0.12043256492672005
0.12043257103874327
0.1204325701555683
0.12043255977888545
0.12043255068814895
0.12043254826127792
0.1204325478526147
0.120432544460645
0.12043253868518211
0.12043253531765397
0.1204325360922942
0.12043253627888784
0.12043253266834975
0.12043252818201944
0.1204325259348058
0.12043252602933108
0.12043252651725511
0.12043252573309926
0.12043252396844506
0.12043252180903752
0.12043251992336002
0.12043251979927483
0.12043252106779612
0.12043252117637782
0.1204325190938097
0.12043251698346802
std: 9.64398726760211e-9
11377.071502 seconds (81.47 M allocations: 326.172 GiB, 0.36% gc time, 0.18% compilation time)
Finished order 1
loss std: 9.64398726760211e-9
magnitude: 0.06021625849173401
learning rate: 0.012043251698346802
  0.001972 seconds (17.73 k allocations: 1.701 MiB)
  1.460692 seconds (27.75 M allocations: 2.769 GiB, 17.46% gc time)
0.1884907555575629
0.12349761221590327
0.08515600442272675
0.06342577031327212
0.050185875613441566
0.0412794991540838
0.03692883480716869
0.03401645060357861
0.030336222859937312
0.026523670706867786
0.023121247594046213
0.019801720278137425
0.016349814098532867
0.013069473202870108
0.010447234618529144
0.008897325820524715
0.008408091236549287
0.008398051764571979
0.008284886358508992
0.007978567822287674
0.0075949413590146175
0.007112996688927731
0.006427541137707271
0.005542896166160882
0.004617729293671657
0.0038323981678396457
0.0033210800660491424
0.003126404859887577
0.0031487529334288666
0.003240590439268942
0.0032956284040225325
0.0032519413093712313
0.0030789584264273584
0.0027707746337333194
0.0023639371632817596
0.0019309060720463789
0.0015444998451076275
0.0012421795452852713
0.0010260358571737571
0.0008835721529608653
0.0007936630610460016
0.000733903981362527
0.000686990086030681
0.0006455953038612128
0.0005972513788345957
0.0005287828202892308
0.00045763361706108174
0.00040959120067884935
0.0003837126694272719
0.00037205627190861623
0.00037582228490218306
0.00038636700944827407
0.0003830294401480083
0.0003547675005960427
0.0003118414200561359
0.0002670274547021956
0.00022477933570808073
0.00018973587154880178
0.00016550613422161575
0.00014600368751516157
0.00012884058124162934
0.00011768495108455124
0.00010840289583602392
9.486394999702608e-5
7.957843155748101e-5
6.582395282872522e-5
5.383782012680083e-5
4.640384054721558e-5
4.540225665661257e-5
4.674312834063166e-5
4.773873785413052e-5
4.88562190620323e-5
4.7922973784197964e-5
4.378838614504943e-5
3.8688836109135316e-5
3.375044363007618e-5
2.8803932201060256e-5
2.479216191209055e-5
2.3114582608729783e-5
2.249665217879393e-5
2.0495624024841064e-5
1.766167479821945e-5
1.4986392368965262e-5
1.2175613836706844e-5
9.664532654829472e-6
8.050062555553517e-6
7.051291212700761e-6
6.5489663735318615e-6
6.585529095493037e-6
6.780137243866946e-6
6.650031390664779e-6
6.029820915687267e-6
5.25806308249166e-6
4.777414352119536e-6
4.68309924461785e-6
4.63674731376873e-6
4.462151550477245e-6
4.269676662782551e-6
3.852133187431939e-6
3.0889255662192028e-6
2.3468027051665175e-6
1.832568612303298e-6
1.4640825554135262e-6
1.250156854482043e-6
1.2018392522294974e-6
1.228991846513594e-6
1.2530300744773015e-6
1.1861759925402282e-6
1.055574698205497e-6
9.782553748172162e-7
9.243546849058148e-7
8.589963037541892e-7
8.024600749445554e-7
7.626792306592023e-7
7.135850800255028e-7
6.339221685358609e-7
5.473628571506239e-7
4.75645474784514e-7
4.2249391229987054e-7
3.852457566289047e-7
3.605840575016117e-7
3.274110418338694e-7
2.8837926013824955e-7
2.524879213483544e-7
2.10816229362365e-7
1.7631710058640948e-7
1.6281526704631233e-7
1.6491876697610763e-7
1.7131373353240775e-7
1.7960977083397722e-7
1.7938750351831345e-7
1.6725746332379998e-7
1.519367548441508e-7
1.337523187761036e-7
1.1719035586388316e-7
1.0474340617072642e-7
9.426252722821715e-8
8.531703976633054e-8
7.66413258412868e-8
6.813834452223944e-8
6.253595574712278e-8
5.9351248693495506e-8
5.7211167026061105e-8
5.705476913142604e-8
5.653639723046666e-8
5.439895534031791e-8
5.0777155036207944e-8
4.6828605881898966e-8
4.372413031639155e-8
4.135630071733232e-8
3.9652292005420975e-8
3.8634001886528324e-8
3.697506179012322e-8
3.466667364282472e-8
3.178592100638866e-8
2.8879480251653433e-8
2.6745501036096186e-8
2.5339515041800098e-8
2.43543376576838e-8
2.3557994000000804e-8
2.2719679693139483e-8
2.190157821768679e-8
2.134752741245194e-8
2.0728011973503158e-8
2.002002563727956e-8
1.9496050440714896e-8
1.8826941006189202e-8
std: 9.97842750523236e-9
21486.125849 seconds (533.08 M allocations: 21.792 TiB, 3.06% gc time, 0.01% compilation time)
Finished order 2
loss std: 9.97842750523236e-9
