magnitude: 0.06021625688757276
learning rate: 0.012043251377514552
  0.457242 seconds (241.07 k allocations: 11.421 MiB, 99.97% compilation time)
  0.921110 seconds (1.17 M allocations: 135.261 MiB, 39.02% gc time, 51.69% compilation time)
0.13024467278798224
0.13024467278798224
0.45529328701302507
0.45529328701302507
0.1219753896850645
0.1219753896850645
0.12068892693126987
0.12068892693126987
0.12047586093609164
0.12047586093609164
0.1204464085594017
0.1204464085594017
0.1204369144386741
0.1204369144386741
0.12043442212526667
0.12043442212526667
0.12043313482936546
0.12043313482936546
0.12043283964442741
0.12043283964442741
0.12043260776561993
0.12043260776561993
0.12043257233030014
0.12043257233030014
0.12043253023982858
0.12043253023982858
0.12043252859260278
0.12043252859260278
1257.780357 seconds (48.79 M allocations: 37.796 GiB, 0.58% gc time, 2.16% compilation time)
Finished order 1
loss std: 0.0892932775616796
magnitude: 0.06021626429630139
learning rate: 0.012043252859260278
  0.002902 seconds (17.73 k allocations: 1.701 MiB)
  2.257818 seconds (27.75 M allocations: 2.769 GiB, 14.19% gc time)
0.18196490220607586
0.18196490220607564
0.2350209932334032
0.2350209932334033
0.09342849028884381
0.09342849028884381
0.05872039716391664
0.05872039716391686
0.037799382275645166
0.03779938227564539
0.023623271370605714
0.023623271370605714
0.015141595476747982
0.01514159547674776
0.010743583611952157
0.0107435836119526
0.006592193869986662
0.006592193869986884
0.0036256392304109264
0.0036256392304107044
0.0016384677915092238
0.0016384677915092238
0.0008413865299420342
0.0008413865299420342
0.0005096899745300476
0.0005096899745302697
0.0002902264562126833
0.0002902264562126833
0.00018908633119896212
0.00018908633119896212
0.00012948220667274857
0.0001294822066729706
9.521966576631069e-5
9.521966576631069e-5
5.838709528416253e-5
5.838709528438457e-5
5.676425826606213e-5
5.676425826628417e-5
4.118698520660935e-5
4.118698520660935e-5
2.8569657865906706e-5
2.8569657865906706e-5
2.2000347526085484e-5
2.2000347526085484e-5
1.738432381237498e-5
1.738432381237498e-5
1.4657354166836e-5
1.4657354166836e-5
1.1562696545563966e-5
1.1562696545341922e-5
9.667916458511172e-6
9.667916458511172e-6
7.326604028912165e-6
7.32660402869012e-6
6.932599510900417e-6
6.932599511122461e-6
4.072862402781929e-6
4.0728624032260186e-6
3.4168932281364306e-6
3.4168932281364306e-6
2.614014428248268e-6
2.614014428248268e-6
1.6422716249131497e-6
1.6422716251351943e-6
3.476612090880238e-6
3.476612090880238e-6
1.3241338454594853e-6
1.3241338454594853e-6
7.471739665865229e-7
7.471739665865229e-7
5.521561875498904e-7
5.52156187771935e-7
4.3282146755529993e-7
4.3282146733325533e-7
4.324507918429532e-7
4.324507918429532e-7
4.002089976085088e-7
4.002089976085088e-7
3.7506296535205763e-7
3.7506296535205763e-7
3.4523394121244166e-7
3.4523394121244166e-7
3.3144252487016246e-7
3.3144252487016246e-7
3.169908063815896e-7
3.169908068256788e-7
5527.865609 seconds (140.72 M allocations: 5.613 TiB, 4.64% gc time, 0.06% compilation time)
Finished order 2
loss std: 4.278661743372763e-6
4
