magnitude: 0.5
learning rate: 0.1
  0.527640 seconds (241.07 k allocations: 11.423 MiB, 99.97% compilation time)
  0.686633 seconds (1.17 M allocations: 135.261 MiB, 6.87% gc time, 79.75% compilation time)
0.9999643710999333
0.9999643710999333
0.995922871076206
0.995922871076206
0.9996769910930149
0.9996769910930149
0.9971950981999285
0.9971950981999285
0.9979816132461624
0.9979816132461624
0.9995849209189277
0.9995849209189277
0.996266811023295
0.996266811023295
0.9960609007453849
0.9960609007453849
0.9986816934223269
0.9986816934223269
0.9978304358848603
0.9978304358848603
0.9959900884999556
0.9959900884999556
0.9801745359216407
0.9801745359216407
0.9880394920368493
0.9880394920368494
0.9776454304436188
0.9776454304436188
0.9671748879281244
0.9671748879281244
0.9954044960840231
0.9954044960840231
0.9612581929613075
0.9612581929613075
0.9776570513840825
0.9776570513840825
0.9552174747852523
0.9552174747852523
0.9511816672897804
0.9511816672897804
0.946967502151752
0.946967502151752
0.9397565647632087
0.9397565647632088
0.9252790164357272
0.9252790164357272
0.9276378096505171
0.9276378096505171
0.9186702319481816
0.9186702319481816
0.9106823464721372
0.9106823464721373
0.9028678979995375
0.9028678979995375
0.8949473526338119
0.894947352633812
0.8853511559245888
0.8853511559245889
0.8699331330029443
0.8699331330029443
0.8598624599388823
0.8598624599388823
0.8554662135257972
0.8554662135257971
0.8501053977695993
0.8501053977695993
0.8418338542694682
0.8418338542694682
0.834624436392785
0.8346244363927852
0.8245287378644687
0.8245287378644686
0.8162325294927298
0.8162325294927297
0.8096158056801558
0.8096158056801558
0.8019737385115622
0.8019737385115622
0.7848382752089751
0.7848382752089751
0.7791900451361903
0.7791900451361903
0.7649334920435856
0.7649334920435856
0.7578575099077611
0.7578575099077614
0.7508180340218608
0.7508180340218608
0.7403754757924498
0.7403754757924499
0.73501313465157
0.7350131346515698
0.7228281513159639
0.722828151315964
0.7163214025548703
0.7163214025548703
0.7100249080269356
0.7100249080269357
0.7045775970577074
0.7045775970577071
0.6997513968152468
0.6997513968152468
0.6935574112100011
0.6935574112100011
0.6909590840108466
0.6909590840108467
0.6837317881985878
0.683731788198588
0.6801865534596965
0.6801865534596967
0.6762277997560594
0.6762277997560595
0.671428150353004
0.671428150353004
0.6681932199602846
0.6681932199602848
0.6625990761452248
0.6625990761452247
0.6622929070509251
0.6622929070509254
0.6579173135606298
0.6579173135606295
0.6559625662791564
0.6559625662791561
0.6528829079594055
0.6528829079594055
0.6502964661544757
0.6502964661544757
0.649072279609081
0.6490722796090811
0.6483790190466581
0.6483790190466581
0.6475031624979187
0.6475031624979186
0.646002599700684
0.6460025997006839
0.6433948889178022
0.6433948889178023
0.6412517335600127
0.641251733560013
0.6399245431913089
0.6399245431913089
0.6391308389953263
0.6391308389953263
0.6381822388640034
0.6381822388640032
0.6371442702107399
0.6371442702107399
0.6357183720001092
0.6357183720001089
0.6348365741742101
0.63483657417421
0.6342171295188623
0.6342171295188622
0.6337087419862871
0.6337087419862871
0.6331543386366889
0.6331543386366891
0.632615924281628
0.6326159242816278
0.6317611635746389
0.6317611635746387
0.6313944561896049
0.6313944561896049
0.6311088394322513
0.631108839432251
0.6304526604064598
0.6304526604064598
0.6300244515949058
0.630024451594906
0.6295198517604138
0.6295198517604139
0.6290505400891397
0.62905054008914
0.628604962505305
0.6286049625053048
0.6283273479381638
0.6283273479381635
0.6279119379191908
0.6279119379191906
0.6273173934212355
0.6273173934212357
0.6269305260318951
0.6269305260318954
0.6263002759280452
0.6263002759280452
0.6259995155806125
0.6259995155806125
0.6256203181788993
0.6256203181788993
0.6251536459938005
0.6251536459938007
0.6246272428712227
0.6246272428712227
0.6240166375870229
0.6240166375870229
0.6235007069641646
0.6235007069641646
0.6234016999822483
0.6234016999822481
0.6227987547576448
0.6227987547576449
0.6219918106102237
0.6219918106102237
0.6213744940646135
0.6213744940646135
0.6204342972299818
0.6204342972299818
0.6196123679106003
0.6196123679106
0.6189171545558356
0.6189171545558354
0.6180729061539614
0.6180729061539613
0.6172216851913241
0.6172216851913241
0.6163905109893196
0.6163905109893194
0.6149465808734638
0.6149465808734638
0.614535061405064
0.614535061405064
0.6135317047029569
0.6135317047029571
0.6123956922382705
0.6123956922382705
0.6121837747829793
0.6121837747829795
0.6109201911711257
0.6109201911711257
0.6103501589470403
0.6103501589470401
0.6096372137048944
0.6096372137048942
0.6085341751661993
0.6085341751661995
0.6079913268951185
0.6079913268951183
0.6069681344852242
0.6069681344852244
0.6069406716626984
0.6069406716626982
0.6066114381559504
0.6066114381559502
0.6059575623378692
0.605957562337869
0.6052131338746574
0.6052131338746574
0.6042001695956272
0.6042001695956274
0.6037692122918537
0.6037692122918537
0.6033420454010103
0.6033420454010103
0.6029132843822472
0.6029132843822472
0.6021141466057325
0.6021141466057323
0.6043624077861058
0.6043624077861056
0.6017947376431801
0.6017947376431805
0.6012423105252164
0.6012423105252165
0.6008751061509767
0.6008751061509768
0.6007011380601956
0.6007011380601956
0.6005213288690607
0.6005213288690607
0.6001610794576884
0.6001610794576886
0.5997911656478514
0.5997911656478514
0.5997514918889555
0.5997514918889554
0.5994855587519703
0.5994855587519703
0.5990639834944992
0.5990639834944991
0.5987704933638807
0.5987704933638804
0.5984210043734567
0.5984210043734567
0.5980499013077389
0.5980499013077389
0.597613703520608
0.5976137035206082
0.5974729336192218
0.5974729336192222
0.5973053323921458
0.5973053323921454
0.5971321156465705
0.5971321156465705
0.5969014615094294
0.5969014615094295
0.5966847447638635
0.5966847447638636
0.5964663495454275
0.5964663495454279
0.596556373700873
0.596556373700873
0.5963746809856543
0.5963746809856543
0.5962721392078209
0.5962721392078209
0.5961595842064348
0.5961595842064347
0.5960597608957887
0.5960597608957887
0.5959460733410816
0.5959460733410817
0.5957587574897913
0.5957587574897913
0.5955837592436891
0.595583759243689
0.5954308238047059
0.5954308238047056
0.5953362369062926
0.5953362369062924
0.5952669344153297
0.5952669344153296
0.5952096021157568
0.5952096021157568
0.5950797180321177
0.5950797180321177
0.595013577719582
0.595013577719582
0.5949253164030499
0.5949253164030497
0.59484595343222
0.5948459534322202
0.5947589848981782
0.594758984898178
0.5947145304749074
0.5947145304749074
0.5946412286408518
0.5946412286408516
0.5945425676218447
0.5945425676218445
0.594434691787731
0.594434691787731
0.5943313555182652
0.5943313555182654
0.5942228380186867
0.5942228380186867
0.5941302799515356
0.5941302799515356
0.5940109035633999
0.5940109035633998
0.5939381640851262
0.5939381640851265
0.5938856377245425
0.5938856377245425
0.5938099218933721
0.5938099218933722
0.5937292754047254
0.5937292754047255
0.5935970978037878
0.5935970978037878
0.5935212186167655
0.5935212186167655
0.5934478689285139
0.5934478689285136
0.5933500294784847
0.5933500294784847
0.5932915399038186
0.5932915399038186
0.5931770821064506
0.5931770821064506
0.5931114672716746
0.5931114672716746
0.593070763319314
0.5930707633193141
0.5930245478433243
0.5930245478433245
0.5929697221095358
0.5929697221095358
0.5928936321558494
0.5928936321558496
0.5928219943373153
0.5928219943373153
0.592760202924526
0.5927602029245258
0.5926976205614973
0.5926976205614972
0.5926643352327725
0.5926643352327724
0.5926305297780405
0.5926305297780405
0.5925874697722664
0.5925874697722661
0.5925598849607902
0.59255988496079
0.5925142146328102
0.5925142146328102
0.5924704888802368
0.5924704888802368
0.5924295850279511
0.5924295850279508
0.5923868106488753
0.5923868106488753
0.5923388852539516
0.5923388852539516
0.5922981849870662
0.5922981849870662
0.5922454081071512
0.5922454081071513
0.592200044983037
0.5922000449830369
0.5921567048942953
0.5921567048942951
0.5921255931291769
0.5921255931291769
0.5920558491394898
0.5920558491394898
0.5920142840564724
0.5920142840564724
0.5919734037910858
0.5919734037910855
0.5919483196254176
0.5919483196254175
0.5919260641009376
0.5919260641009376
0.5918621100399932
0.5918621100399932
0.5918413161472271
0.5918413161472273
0.5917787053581132
0.5917787053581132
0.5917435538559181
0.5917435538559185
0.5916841559954171
0.5916841559954171
0.591636358702091
0.5916363587020912
0.5915994090932968
0.5915994090932966
0.5915620805261999
0.5915620805262001
0.5914501572391919
0.5914501572391917
25629.168405 seconds (106.38 M allocations: 581.759 GiB, 0.44% gc time, 0.12% compilation time)
Finished order 1
loss std: 0.0002595954993168006
magnitude: 0.29572507861959596
learning rate: 0.05914501572391919
  0.002984 seconds (17.73 k allocations: 1.701 MiB)
  2.387916 seconds (27.75 M allocations: 2.769 GiB, 11.85% gc time)
0.7667272771993651
0.7667272771993652
0.5461898419157245
0.5461898419157243
0.6071630083778236
0.6071630083778236
0.43241053937384943
0.43241053937384943
0.32232684195968986
0.32232684195968986
0.24432891518487898
0.2443289151848792
0.20243694757782094
0.20243694757782138
0.15311447871354855
0.15311447871354855
0.12953794446450384
0.12953794446450384
0.11089827305754785
0.11089827305754785
0.08645640212360706
0.08645640212360728
0.07603992573518326
0.07603992573518337
0.06437741457050294
0.06437741457050317
0.053747830943959185
0.05374783094395874
0.04732783658273343
0.04732783658273365
0.03860535916306851
0.038605359163068065
0.031958263454277214
0.031958263454277436
0.0280676580733219
0.02806765807332212
0.02326490266187542
0.02326490266187531
0.020036226661683587
0.020036226661683587
0.017668056565245616
0.017668056565245838
0.01537755720913303
0.01537755720913303
0.013602394651462069
0.013602394651461958
0.011397101793666264
0.011397101793666486
0.009788504216717953
0.009788504216718619
0.008745190406702297
0.008745190406702519
0.007500572600687927
0.007500572600687927
0.006909577350957652
0.00690957735095743
0.005847911210639545
0.005847911210639545
0.005327225740528463
0.005327225740528019
0.004769912809315824
0.004769912809315824
0.003908652771726695
0.003908652771726695
0.004856914010405999
0.004856914010405888
0.003565294252509399
0.003565294252509177
0.0030819438573200797
0.0030819438573198576
0.0027354337550234975
0.0027354337550231644
0.002288625089763019
0.002288625089763019
0.0021477966287458683
0.0021477966287459793
0.0016885873807598317
0.0016885873807594987
0.0015252203174676016
0.0015252203174676016
0.001342185674113705
0.001342185674113927
0.0012354837172894317
0.0012354837172892097
0.0010393602607472463
0.0010393602607468022
0.0009300087307106963
0.0009300087307104743
0.0008479011828155247
0.0008479011828157468
0.0006981182370010552
0.0006981182370010552
0.0009779498684776566
0.0009779498684772125
0.0006468287952462459
0.0006468287952460239
0.0005533505187439447
0.0005533505187439447
0.0004956034781558039
0.0004956034781560259
0.0004233028352267354
0.00042330283522651335
0.00037985649568916813
0.00037985649568916813
0.0003411656758548487
0.0003411656758548487
0.0002961179222845667
0.0002961179222847887
0.00026692096632408013
0.0002669209663238581
0.00023022201079325733
0.00023022201079347937
0.0002010443041975396
0.00020104430419776165
0.00018254332328715428
0.00018254332328748735
0.0001598886509308617
0.0001598886509308617
0.0001452677938866831
0.00014526779388635003
0.0001267481434417128
0.0001267481434417128
0.00011607298775662134
0.00011607298775684338
0.00010442441150471105
0.00010442441150460002
9.39886740126683e-5
9.398867401300137e-5
7.807600961196037e-5
7.807600961196037e-5
7.222650546190312e-5
7.222650546145903e-5
6.476254056031472e-5
6.476254056042574e-5
5.9594030938914244e-5
5.9594030938914244e-5
5.1478569723650835e-5
5.14785697229847e-5
4.6130098015906285e-5
4.613009801568424e-5
4.191575744483256e-5
4.191575744483256e-5
3.55375886942344e-5
3.553758869379031e-5
3.221261399222186e-5
3.221261399266595e-5
2.8174210222720042e-5
2.8174210222720042e-5
2.610396874058729e-5
2.6103968740809336e-5
2.3231678169310932e-5
2.3231678168644798e-5
2.118669751938196e-5
2.118669751938196e-5
1.747201194624015e-5
1.7472011946462196e-5
1.6228853745858807e-5
1.6228853745858807e-5
1.4492190528070381e-5
1.449219052851447e-5
1.266743636241241e-5
1.2667436362856499e-5
1.084298248366089e-5
1.0842982483438846e-5
9.652472540810919e-6
9.652472540477852e-6
8.433233545046548e-6
8.433233545046548e-6
7.4663238448513525e-6
7.466323843963174e-6
6.655350780149227e-6
6.655350780149227e-6
5.708341946797368e-6
5.708341946575324e-6
5.361721498786665e-6
5.361721499230754e-6
4.8164215293855506e-6
4.816421529163506e-6
4.359053216607123e-6
4.359053216718145e-6
3.9340979340884985e-6
3.934097934310543e-6
3.3091641761240354e-6
3.3091641765681246e-6
3.517397264563016e-6
3.5173972643409712e-6
2.961105767917971e-6
2.9611057676959263e-6
2.6328511412154754e-6
2.632851141104453e-6
2.4116899922654866e-6
2.4116899918213974e-6
2.096099613435598e-6
2.096099613435598e-6
1.853279689822962e-6
1.853279689822962e-6
1.6423716849844894e-6
1.6423716853175563e-6
1.4740857892103776e-6
1.4740857892103776e-6
1.342613281218874e-6
1.342613281218874e-6
1.2478492769085747e-6
1.247849277352664e-6
9.62119636294112e-7
9.621196365161566e-7
8.915991559499403e-7
8.915991559499403e-7
8.02739557159704e-7
8.027395569376594e-7
6.915327058765186e-7
6.915327060985632e-7
6.900962660205678e-7
6.900962656875009e-7
6.154435653327184e-7
6.154435653327184e-7
5.350375779089589e-7
5.350375780199812e-7
15747.175723 seconds (349.42 M allocations: 14.229 TiB, 4.08% gc time, 0.02% compilation time)
Finished order 2
loss std: 1.1980982107470099e-6
magnitude: 2.6751878895447945e-7
learning rate: 5.350375779089589e-8
  0.146967 seconds (194.54 k allocations: 24.923 MiB)
 24.391208 seconds (292.07 M allocations: 28.559 GiB, 12.55% gc time)
5.350279788096657e-7
5.350279790317103e-7
0.09867913733405276
0.0986791373340532
1.857435311114486e-7
1.857435313334932e-7
935.377862 seconds (60.56 M allocations: 2.384 TiB, 14.63% gc time)
Finished order 3
loss std: 0.056972218434670444
4
magnitude: 0.5
learning rate: 0.1
  0.000086 seconds (651 allocations: 42.984 KiB)
  0.163380 seconds (1.10 M allocations: 132.065 MiB, 45.87% gc time)
0.9998508093895168
0.9998508093895168
0.9872189289277902
0.9872189289277902
0.9995993089511789
0.9995993089511789
0.9970389294836302
0.9970389294836302
0.9946829423100505
0.9946829423100505
0.9940832617078214
0.9940832617078214
0.995612759033979
0.995612759033979
0.990761286045731
0.990761286045731
0.9973620313851668
0.9973620313851668
0.9973776032518082
0.9973776032518082
0.9849340900556786
0.9849340900556786
0.9996230955806098
0.9996230955806098
0.9988828567841187
0.9988828567841187
0.9827545915043252
0.9827545915043252
0.9710029686613215
0.9710029686613215
0.9999520404894762
0.9999520404894762
0.9979507972902063
0.9979507972902063
0.9585553388255748
0.9585553388255748
0.9877584975320095
0.9877584975320095
0.9531100547000673
0.9531100547000673
0.9911928246378111
0.9911928246378111
0.9459720336368526
0.9459720336368526
0.9340871337075355
0.9340871337075355
0.8957438840691618
0.8957438840691618
0.8797132474897309
0.8797132474897309
0.8242868824143367
0.8242868824143367
0.8388797721755025
0.8388797721755025
0.8014396023047848
0.8014396023047847
0.793898755623377
0.7938987556233771
0.767181898584093
0.7671818985840931
0.7621763190305146
0.7621763190305145
0.7474485134313421
0.747448513431342
0.7401854896307158
0.740185489630716
0.7295958384419404
0.7295958384419403
0.7227267543424025
0.7227267543424025
0.7186093516300132
0.718609351630013
0.7149537867216682
0.7149537867216682
0.7127099330994706
0.7127099330994708
0.7109844556375796
0.7109844556375796
0.7092538798883594
0.7092538798883593
0.7082749314317403
0.7082749314317403
0.7074577349602073
0.7074577349602073
0.7068114837203751
0.7068114837203752
0.7059582641478948
0.7059582641478948
0.7051474669445705
0.7051474669445706
0.704226950509866
0.7042269505098658
0.703690235978816
0.703690235978816
0.7031853027051755
0.7031853027051755
0.7026280076962302
0.7026280076962302
0.7016521736002614
0.7016521736002613
0.7006940342495195
0.7006940342495195
0.6991069499198308
0.6991069499198308
0.7031913343501937
0.7031913343501934
0.6974797771171489
0.6974797771171486
0.6960547625761411
0.6960547625761413
0.6954437480512046
0.6954437480512046
0.6901395886773621
0.6901395886773621
0.6826066275202372
0.6826066275202373
0.6787084351328811
0.6787084351328811
0.6843858011336577
0.6843858011336577
0.6745050787994049
0.6745050787994049
0.6705382518339299
0.6705382518339298
0.6674721720291186
0.6674721720291188
0.6640241011077126
0.6640241011077126
0.6611463661527329
0.6611463661527329
0.6568180199323681
0.656818019932368
0.6526880592995976
0.6526880592995978
0.6496283397967761
0.6496283397967761
0.6456936381463293
0.6456936381463293
0.6435101782339525
0.6435101782339526
0.6389475021335989
0.6389475021335989
0.6359832653521951
0.6359832653521951
0.6320731160300239
0.632073116030024
0.6260651695939756
0.6260651695939754
0.6201951165652779
0.6201951165652779
0.6151299286991767
0.6151299286991767
0.6159076904925558
0.6159076904925558
0.6120822202978327
0.6120822202978327
0.610274729933612
0.610274729933612
0.6094504596530126
0.6094504596530125
0.6085947094182592
0.6085947094182591
0.6082413591077653
0.6082413591077653
0.6079495894471001
0.6079495894471001
0.6078223675752223
0.6078223675752223
0.607713932233122
0.6077139322331219
0.6076154407848515
0.6076154407848516
0.607519811420271
0.607519811420271
0.607491233614138
0.6074912336141378
0.6074536208716885
0.6074536208716885
0.6074190930263463
0.6074190930263463
0.6073959703719172
0.6073959703719173
0.6073768685783372
0.6073768685783372
0.6073649224433455
0.6073649224433455
0.6073533874798702
0.6073533874798702
0.6073547086169193
0.6073547086169191
0.6073470883620921
0.6073470883620921
0.6073415697548206
0.6073415697548206
0.6073382213142615
0.6073382213142617
0.6073355982523572
0.6073355982523572
0.6073338135728402
0.6073338135728403
0.6073328578960215
0.6073328578960215
0.6073319695203572
0.6073319695203572
0.6073314057830315
0.6073314057830315
0.6073310303101478
0.6073310303101478
0.6073308451244007
0.6073308451244007
0.6073307539765009
0.6073307539765012
0.6073307195862472
0.6073307195862473
0.6073306608927911
0.6073306608927911
0.6073306494537459
0.6073306494537459
0.6073306207933404
0.6073306207933403
0.6073305954971476
0.6073305954971475
0.6073305660328354
0.6073305660328354
0.6073305343850317
0.6073305343850317
0.6073305064032766
0.6073305064032766
0.6073304742600139
0.6073304742600136
0.6073304394139731
0.6073304394139729
0.6073304170967578
0.607330417096758
0.6073303820543008
0.6073303820543008
0.607330338126082
0.6073303381260817
0.6073302742031685
0.6073302742031685
0.6073301658493205
0.6073301658493203
0.6073300852230544
0.6073300852230544
0.6073299997872859
0.6073299997872859
0.6073298701009359
0.6073298701009358
0.6073297602934651
0.6073297602934651
0.6073296247401645
0.6073296247401646
0.6073292942062456
0.6073292942062456
0.6073289715239392
0.6073289715239389
0.6073284678667589
0.6073284678667589
0.6073278540763664
0.6073278540763661
0.6073266922383245
0.6073266922383247
0.6073256145250535
0.6073256145250536
0.60732513859603
0.60732513859603
0.6073230932028044
0.6073230932028046
0.6073219281831326
0.6073219281831326
0.6073209016738339
0.6073209016738339
0.6073205627335755
0.6073205627335754
0.607318600755445
0.6073186007554449
0.6073169322576446
0.6073169322576444
0.6073161587141742
0.6073161587141742
0.6073139525830802
0.6073139525830802
0.607311921655622
0.607311921655622
0.6073106955531998
0.6073106955531998
0.6073087561665911
0.6073087561665913
0.6073081344580897
0.6073081344580895
0.6073071398421819
0.6073071398421817
0.6073064635903487
0.6073064635903485
0.6073056100360676
0.6073056100360676
0.6073048162345835
0.6073048162345835
0.6073036743836888
0.6073036743836888
0.6073026235455379
0.6073026235455379
0.607301251524252
0.6073012515242523
0.6073002589079103
0.6073002589079104
0.6072985465687146
0.6072985465687146
0.6072975804041947
0.6072975804041947
0.6072965548954299
0.6072965548954299
0.6072952982503989
0.607295298250399
0.6072941867094444
0.6072941867094444
0.6072929016042625
0.6072929016042625
0.6072918476245526
0.6072918476245526
0.6072916744766363
0.6072916744766363
0.6072911309763459
0.6072911309763459
0.6072902923836724
0.6072902923836724
0.6072896707180535
0.6072896707180537
0.6072889260135792
0.6072889260135793
0.6072879963410511
0.6072879963410511
0.6072889562337835
0.6072889562337835
0.6072875527158519
0.6072875527158519
0.6072866917155609
0.6072866917155609
0.6072859907353363
0.6072859907353361
0.6072851446825754
0.6072851446825754
0.6072846830040572
0.607284683004057
0.6072843298918864
0.6072843298918864
0.6072837648534793
0.6072837648534795
0.6072853958690754
0.6072853958690753
0.607283496642461
0.607283496642461
0.6072829296481395
0.6072829296481395
0.6072821481780863
0.6072821481780863
0.6072816265711756
0.6072816265711756
0.6072810668400384
0.6072810668400384
0.6072813526207074
0.6072813526207074
0.6072806202186422
0.6072806202186422
0.6072799745314296
0.6072799745314295
0.6072793709479413
0.6072793709479413
0.607278812433288
0.6072788124332881
0.6072784108710949
0.6072784108710949
0.6072782594614994
0.6072782594614994
0.6072777217940379
0.6072777217940379
0.6072775367916985
0.6072775367916983
0.607277435175362
0.607277435175362
0.6072772365088377
0.6072772365088379
0.6072769503203428
0.6072769503203428
0.6072767344426523
0.6072767344426522
0.6072768835096117
0.6072768835096116
0.6072765593982199
0.6072765593982199
0.6072763462372129
0.6072763462372129
0.6072762105067158
0.6072762105067158
0.6072759387995492
0.6072759387995492
0.607275824323823
0.607275824323823
0.6072756711247357
0.6072756711247356
0.6072755608965804
0.6072755608965803
0.6072754126570103
0.6072754126570103
0.6072762013467052
0.607276201346705
0.6072753493761621
0.6072753493761622
0.6072752021326432
0.6072752021326432
0.6072751693551446
0.6072751693551443
0.6072750850949037
0.6072750850949037
0.6072750439266037
0.6072750439266039
0.6072749952582711
0.6072749952582712
0.6072748815445529
0.6072748815445529
0.6072747980454123
0.6072747980454123
0.6072747026505627
0.6072747026505627
0.6072746026508635
0.6072746026508635
0.6072745145139278
0.6072745145139278
0.6072745078703914
0.6072745078703914
0.607274463779466
0.607274463779466
0.6072744036072595
0.6072744036072595
0.607274389392869
0.6072743893928689
0.6072743736782416
0.6072743736782416
0.6072743610960853
0.6072743610960853
0.6072743478856237
0.6072743478856235
0.6072743264878733
0.607274326487873
0.607274301497942
0.6072743014979423
0.6072742765117507
0.6072742765117507
0.607274252014829
0.607274252014829
0.6072742212164246
0.6072742212164248
0.6072742004960953
0.6072742004960954
25017.461515 seconds (63.04 M allocations: 593.818 GiB, 0.45% gc time)
Finished order 1
loss std: 2.5720774390897597e-7
magnitude: 0.30363710024804763
learning rate: 0.06072742004960953
  0.075527 seconds (17.73 k allocations: 1.701 MiB)
  2.815652 seconds (27.75 M allocations: 2.769 GiB, 11.68% gc time)
0.8749115846002051
0.8749115846002051
0.5902500437233782
0.5902500437233783
0.894992709838379
0.894992709838379
0.5081598207861437
0.5081598207861437
0.3450617691629859
0.34506176916298603
0.2587876694234751
0.2587876694234751
0.11833399336495753
0.11833399336495753
0.08371277908047647
0.0837127790804768
0.05618164504883161
0.0561816450488315
0.036611746167193204
0.036611746167193315
0.028135291490066106
0.02813529149006655
0.021153261094169373
0.021153261094169373
0.01580326951816169
0.01580326951816169
0.012181860359406937
0.012181860359406715
0.008795355822830198
0.008795355822830198
0.006175813000164454
0.006175813000164454
0.0051884694031637535
0.0051884694031639755
0.004183825552556808
0.004183825552556586
0.003115987562341216
0.003115987562341438
0.0026700230184220075
0.0026700230184224516
0.0019847984277540087
0.0019847984277540087
0.001687721233694206
0.001687721233694428
0.001345182376909504
0.001345182376909393
0.0012075505738589065
0.0012075505738586845
0.0008474883141537104
0.0008474883141540435
0.0007712044731394974
0.0007712044731392753
0.000670720920594059
0.000670720920594059
0.0005502482000055986
0.0005502482000053766
0.0004658578553096149
0.00046585785531017
0.0003857818169157312
0.0003857818169152871
0.0003405274185065421
0.00034052741850676416
0.0002885857747756404
0.0002885857747756404
0.00025655654162526353
0.00025655654162526353
0.00020658644732363118
0.00020658644732385323
0.00018843220003472716
0.00018843220003472716
0.00016229726523109278
0.00016229726523131482
0.00014593784054439674
0.00014593784054461878
0.00011486024987228394
0.00011486024987228394
0.0001044066155858614
0.00010440661558597242
9.201121132640377e-5
9.201121132629275e-5
7.634428819514039e-5
7.634428819514039e-5
7.727931673495725e-5
7.727931673495725e-5
6.730280917277565e-5
6.730280917277565e-5
5.8689548019685844e-5
5.8689548019685844e-5
5.258117053819067e-5
5.2581170538412714e-5
4.630748516776251e-5
4.630748516776251e-5
4.026529742606755e-5
4.026529742606755e-5
3.59703828254343e-5
3.59703828254343e-5
3.1502851544629173e-5
3.1502851544740196e-5
2.8396621229442864e-5
2.8396621228998775e-5
2.4953075712152994e-5
2.4953075712041972e-5
2.1062970073204568e-5
2.106297007276048e-5
1.815247788405916e-5
1.8152477884170182e-5
1.6410461428972845e-5
1.6410461429083867e-5
1.309063781484987e-5
1.309063781484987e-5
1.1876627436624432e-5
1.1876627436402387e-5
1.0444998392866722e-5
1.0444998392866722e-5
8.63731084654873e-6
8.637310846992818e-6
7.628939444503935e-6
7.628939444503935e-6
5.754599772034297e-6
5.754599772034297e-6
5.6573033163642705e-6
5.6573033163642705e-6
4.809008427697492e-6
4.809008427697492e-6
4.296530847325286e-6
4.296530846992219e-6
3.6998777394048332e-6
3.6998777394048332e-6
3.294640538054061e-6
3.294640538054061e-6
2.777569662604229e-6
2.777569662604229e-6
2.3663482370261946e-6
2.3663482370261946e-6
2.0842923850183936e-6
2.0842923850183936e-6
1.8062162507881396e-6
1.806216250899162e-6
1.4766839457891479e-6
1.4766839461222148e-6
1.3404759993118631e-6
1.3404759993118631e-6
1.127992975136216e-6
1.1279929753582607e-6
1.0393083768045486e-6
1.0393083764714817e-6
8.411140179909182e-7
8.411140177688736e-7
7.519509188647078e-7
7.519509188647078e-7
6.822270388617824e-7
6.822270389728047e-7
5.623146012156965e-7
5.623146012156965e-7
6.446532889725631e-7
6.446532889725631e-7
5.056094802835531e-7
5.056094807276423e-7
4.1949274520725055e-7
4.1949274520725055e-7
3.7069722369498237e-7
3.7069722369498237e-7
3.129244903199435e-7
3.129244904309658e-7
2.7882803066425765e-7
2.7882803066425765e-7
2.479266938415492e-7
2.479266938415492e-7
11833.343719 seconds (265.76 M allocations: 10.965 TiB, 4.50% gc time)
Finished order 2
loss std: 8.911841620518314e-7
magnitude: 1.239633469207746e-7
learning rate: 2.4792669384154918e-8
  0.192210 seconds (194.54 k allocations: 24.923 MiB, 10.45% gc time)
 24.138160 seconds (292.07 M allocations: 28.559 GiB, 13.51% gc time)
2.4791428832049434e-7
2.4791428809844973e-7
0.20716527456591716
0.20716527456591716
5.665172841951005e-8
5.665172841951005e-8
918.018013 seconds (60.56 M allocations: 2.384 TiB, 16.17% gc time)
Finished order 3
loss std: 0.11960683911677736
4
magnitude: 0.5
learning rate: 0.1
  0.000390 seconds (651 allocations: 42.984 KiB)
  0.143715 seconds (1.10 M allocations: 132.065 MiB, 21.04% gc time)
0.9999034884698392
0.9999034884698392
0.991043147291152
0.991043147291152
0.9994285906732435
0.9994285906732435
0.9863154569590816
0.9863154569590816
0.9846907539824191
0.9846907539824191
0.9845893762925918
0.9845893762925918
0.9973913840837492
0.9973913840837492
0.9845446368961892
0.9845446368961892
0.9797472763638445
0.9797472763638445
0.9596623521795241
0.9596623521795241
0.9938002503451138
0.9938002503451138
0.951858473573518
0.951858473573518
0.9808381511456504
0.9808381511456504
0.9409597426500644
0.9409597426500644
0.9123897065789964
0.9123897065789964
0.9020528848885939
0.9020528848885939
0.8885949427474775
0.8885949427474775
0.8591565769241812
0.8591565769241813
0.8288105032701627
0.8288105032701627
0.8113639366762854
0.8113639366762854
0.797990713034384
0.797990713034384
0.7884566989640862
0.7884566989640862
0.7792223623734048
0.7792223623734048
0.7684551420675085
0.7684551420675085
0.7608154270061911
0.7608154270061911
0.7523805202378672
0.7523805202378672
0.7437669871404964
0.7437669871404963
0.737271642813402
0.737271642813402
0.7316658697513049
0.7316658697513049
0.7232010162969806
0.7232010162969806
0.7166915223448851
0.7166915223448851
0.7094039852301137
0.7094039852301137
0.7076620849785369
0.7076620849785369
0.7035436539997147
0.7035436539997147
0.6971488714726879
0.6971488714726879
0.6886333153889261
0.688633315388926
0.6860048567449338
0.6860048567449338
0.6838128191344823
0.6838128191344823
0.681666920250092
0.6816669202500921
0.6800147016548859
0.6800147016548859
0.6789232650740233
0.6789232650740232
0.6772621313870137
0.6772621313870136
0.6764773638238561
0.6764773638238561
0.6755405836015977
0.6755405836015977
0.6749937992643017
0.6749937992643018
0.6743685113590681
0.6743685113590681
0.6738034645966636
0.6738034645966635
0.6731935996585354
0.6731935996585354
0.6728626066481944
0.6728626066481944
0.6725694214348076
0.6725694214348076
0.6722677605596703
0.6722677605596703
0.6719212580264917
0.6719212580264917
0.6715747043881035
0.6715747043881034
0.6713422865002294
0.6713422865002294
0.6711976508536082
0.6711976508536082
0.6710301383418062
0.6710301383418062
0.6708964676714693
0.6708964676714693
0.6708003141339001
0.6708003141339001
0.6707449280906713
0.6707449280906714
0.6706933146886868
0.6706933146886866
0.6706559691700191
0.6706559691700191
0.6706252729525359
0.670625272952536
0.6705600257191
0.6705600257191001
0.6705444850556801
0.6705444850556801
0.6705064189291869
0.6705064189291869
0.6704949144448176
0.6704949144448176
0.670486056999134
0.6704860569991339
0.6704763945771679
0.6704763945771679
0.6704669656065121
0.6704669656065122
0.6704590154972921
0.6704590154972921
0.6704503576387592
0.6704503576387592
0.6704417476098848
0.6704417476098848
0.6704358061378338
0.6704358061378339
0.6704321775254833
0.6704321775254832
0.6704304510069673
0.6704304510069672
0.6704292209631104
0.6704292209631104
0.6704280080085849
0.6704280080085849
0.6704272866036454
0.6704272866036454
0.6704266100542338
0.6704266100542338
0.6704255189749143
0.6704255189749142
0.6704247826142267
0.6704247826142266
0.6704255813829774
0.6704255813829776
0.6704243975192026
0.6704243975192026
0.6704239148859071
0.6704239148859071
0.6704237780688198
0.6704237780688198
0.6704235548111089
0.6704235548111089
0.6704233834295665
0.6704233834295665
0.6704232058244233
0.6704232058244233
0.6704229982329495
0.6704229982329493
0.6704228415203403
0.6704228415203403
0.6704226570963912
0.6704226570963912
0.670422399498876
0.670422399498876
0.6704221784494324
0.6704221784494324
0.6704220481126932
0.6704220481126932
0.6704218654145587
0.6704218654145587
0.6704217327002452
0.6704217327002453
0.6704216118783624
0.6704216118783624
0.6704214984790202
0.6704214984790203
0.6704214009392409
0.6704214009392409
0.6704212347601605
0.6704212347601604
0.6704211917283258
0.6704211917283259
0.6704209737789449
0.670420973778945
0.6704208837630463
0.6704208837630464
0.67042072912429
0.6704207291242898
0.6704204792101167
0.6704204792101167
0.6704205126634715
0.6704205126634714
0.6704202942276785
0.6704202942276785
0.6704200256618101
0.6704200256618101
0.670419783794596
0.670419783794596
0.670419556496948
0.6704195564969482
0.6704192967107657
0.6704192967107656
0.6704189854820705
0.6704189854820706
0.6704185417730846
0.6704185417730847
0.6704181091782745
0.6704181091782745
0.6704172009508915
0.6704172009508914
0.6704159412856503
0.6704159412856503
0.6704137722810848
0.6704137722810847
0.6704105252203699
0.6704105252203699
0.6704100105757449
0.6704100105757449
0.6704043006749859
0.6704043006749859
0.6704025721844573
0.6704025721844573
0.6703935959646745
0.6703935959646746
0.6704030269391835
0.6704030269391835
0.6703898174411009
0.6703898174411009
0.6703766191339501
0.6703766191339501
0.6703419796164294
0.6703419796164293
0.6702851210985343
0.6702851210985343
0.6711510969677048
0.6711510969677048
0.6702237492872213
0.6702237492872213
0.6703666206180374
0.6703666206180374
0.6700311229169971
0.6700311229169972
0.6698460441142755
0.6698460441142755
0.6742290576581793
0.6742290576581792
0.6697601482634036
0.6697601482634035
0.6697593875787358
0.6697593875787358
0.6696786160104091
0.669678616010409
0.6695662095093158
0.6695662095093158
0.6694598706078522
0.6694598706078522
0.6694982549913562
0.6694982549913562
0.6693616357818837
0.6693616357818836
0.669267399311253
0.669267399311253
0.669140887500657
0.669140887500657
0.669061905562103
0.669061905562103
0.668950004284435
0.6689500042844347
0.6688394354812772
0.6688394354812771
0.668770083921898
0.668770083921898
0.6687250919589667
0.6687250919589667
0.6686751938933337
0.6686751938933339
0.6686485011976637
0.6686485011976637
0.6686264056073827
0.6686264056073827
0.6686040726516458
0.6686040726516458
0.6685860292524131
0.6685860292524132
0.6685745731302424
0.6685745731302424
0.6685664832761457
0.6685664832761457
0.6685589616413588
0.6685589616413588
0.6685528550052957
0.6685528550052957
0.668548184492084
0.6685481844920839
0.6685452384185597
0.6685452384185597
0.6685417051622708
0.668541705162271
0.6685408753642834
0.6685408753642833
0.6685375708134776
0.6685375708134778
0.6685367804654533
0.6685367804654534
0.6685357520903873
0.6685357520903873
0.6685344856383102
0.6685344856383102
0.6685331133178096
0.6685331133178098
0.6685320088945346
0.6685320088945346
0.6685305146329474
0.6685305146329474
0.6685295839484673
0.6685295839484675
0.6685288550799813
0.6685288550799813
0.668527611179025
0.668527611179025
0.6685269224734324
0.6685269224734323
0.6685259930765971
0.668525993076597
0.6685254203342224
0.6685254203342224
0.6685246769887474
0.6685246769887474
0.6685242834930127
0.6685242834930127
0.6685237566595383
0.6685237566595383
0.6685234028134877
0.6685234028134878
0.6685227933512402
0.6685227933512403
0.6685223622918481
0.6685223622918481
0.6685218129284161
0.6685218129284161
0.6685210543245768
0.6685210543245768
0.6685209394638953
0.6685209394638951
0.6685202036705821
0.6685202036705821
0.6685200472361975
0.6685200472361974
0.6685197555485933
0.6685197555485932
0.6685192266390421
0.6685192266390421
0.6685184607303403
0.6685184607303403
0.6685175145766968
0.668517514576697
0.668516357865641
0.668516357865641
0.6685155415157689
0.6685155415157691
0.6685147864034168
0.6685147864034168
0.6685135531829687
0.6685135531829687
0.6685128984346176
0.6685128984346176
0.6685122722090264
0.6685122722090264
0.6685116463453478
0.6685116463453478
0.6685113047867652
0.6685113047867652
0.6685109854434779
0.6685109854434779
0.6685106323524352
0.6685106323524352
0.6685104405431006
0.6685104405431006
0.6685103060432042
0.6685103060432039
0.6685100842859747
0.6685100842859746
0.6685099883372286
0.6685099883372286
0.6685098102738924
0.6685098102738926
0.6685096900154304
0.6685096900154303
0.668509599247231
0.668509599247231
0.6685094157907043
0.6685094157907043
0.6685092822273705
0.6685092822273705
0.6685091288797484
0.6685091288797484
0.668509044384602
0.6685090443846021
0.668508929752091
0.668508929752091
0.6685087702680821
0.6685087702680823
0.6685085965556499
0.6685085965556499
0.6685084496758036
0.6685084496758036
0.6685083399383746
0.6685083399383746
0.6685082398401141
0.6685082398401141
0.6685081679721707
0.6685081679721707
0.6685081145480036
0.6685081145480036
0.6685080550145849
0.668508055014585
0.6685080100957858
0.6685080100957858
0.668507889002973
0.668507889002973
0.6685078543115116
0.6685078543115116
24192.790386 seconds (61.38 M allocations: 578.012 GiB, 0.42% gc time)
Finished order 1
loss std: 6.921993454918095e-7
magnitude: 0.3342539271557558
learning rate: 0.06685078543115117
  0.079034 seconds (17.73 k allocations: 1.701 MiB)
  2.166701 seconds (27.75 M allocations: 2.769 GiB, 13.27% gc time)
0.8869723773177414
0.8869723773177414
0.590349713557625
0.590349713557625
0.9988703488018942
0.9988703488018942
0.5133871751468504
0.5133871751468504
0.35856159344950966
0.35856159344950966
0.2660864296656553
0.26608642966565543
0.13336147683018562
0.13336147683018562
0.09784508536920133
0.09784508536920145
0.05876361013313569
0.05876361013313558
0.045057266519101136
0.045057266519101136
0.02660659691011813
0.02660659691011813
0.022254979619745763
0.02225497961974532
0.015827929482743364
0.015827929482743364
0.01295926509781753
0.01295926509781764
0.008563310956245851
0.008563310956245851
0.0074504720407462255
0.0074504720407463365
0.005552897362689935
0.005552897362689935
0.004374281135956171
0.004374281135956171
0.003134503070209904
0.003134503070209904
0.002691547782925685
0.002691547782925241
0.0021105925323430252
0.0021105925323432473
0.0019133319403029647
0.0019133319403029647
0.0014016597644077589
0.0014016597644076478
0.001202185239949305
0.001202185239949527
0.0010301437520636725
0.0010301437520636725
0.00079904607603698
0.000799046076037202
0.0007207520110461552
0.0007207520110457111
0.0005646184192643622
0.0005646184192643622
0.0005122273859097248
0.0005122273859099469
0.0004209320894631441
0.0004209320894631441
0.00040864629891390614
0.00040864629891346205
0.0002897534240094979
0.0002897534240090538
0.00025973935158263295
0.00025973935158263295
0.0002221589922399847
0.0002221589922399847
0.00017629542092367778
0.0001762954209232337
0.0002206265830320131
0.00022062658303223515
0.00015463708101826068
0.00015463708101814966
0.00011984016523836072
0.0001198401652382497
0.00010182904432709527
0.0001018290443272063
8.146225255967199e-5
8.146225255967199e-5
7.194798715337569e-5
7.194798715337569e-5
5.998303953536066e-5
5.9983039535138616e-5
5.101679405716819e-5
5.101679405716819e-5
4.4114796865057926e-5
4.411479686516895e-5
4.330500276550353e-5
4.330500276550353e-5
3.808441932773299e-5
3.80844193272889e-5
3.0169145107228346e-5
3.016914510745039e-5
2.5544782179087733e-5
2.5544782179087733e-5
2.134579835899597e-5
2.134579835888495e-5
1.823599092842798e-5
1.823599092842798e-5
1.573703833279705e-5
1.5737038333130116e-5
1.2979256687195573e-5
1.2979256687195573e-5
1.1477612118726555e-5
1.1477612118615532e-5
9.727090063527122e-6
9.727090063527122e-6
7.87154177672722e-6
7.871541777060287e-6
6.622149013368883e-6
6.6221490131468386e-6
5.921991418134098e-6
5.921991418134098e-6
4.790007913091365e-6
4.790007913646477e-6
4.195581088772826e-6
4.195581088994871e-6
3.5179519340955423e-6
3.5179519337624754e-6
2.8388617063779265e-6
2.838861706599971e-6
2.504645144618678e-6
2.5046451448407225e-6
2.1473493292401002e-6
2.147349329129078e-6
1.8122699323441793e-6
1.8122699321221347e-6
1.5198379967884534e-6
1.5198379966774311e-6
1.3528883613389553e-6
1.3528883613389553e-6
1.0940876724596649e-6
1.0940876724596649e-6
9.687972986061055e-7
9.687972988281501e-7
8.474701018723607e-7
8.474701018723607e-7
7.290314797403497e-7
7.290314794072827e-7
5.750819855876443e-7
5.750819856986666e-7
5.143396732965044e-7
5.143396732965044e-7
4.3451296338758993e-7
4.3451296316554533e-7
4.0503094422827957e-7
4.0503094411725726e-7
3.2061414345641026e-7
3.2061414323436566e-7
2.8654133765737555e-7
2.8654133765737555e-7
10750.964835 seconds (240.45 M allocations: 9.920 TiB, 4.50% gc time)
Finished order 2
loss std: 1.6424049578857805e-6
magnitude: 1.4327066882868777e-7
learning rate: 2.8654133765737556e-8
  0.170410 seconds (194.54 k allocations: 24.923 MiB)
 22.357986 seconds (292.07 M allocations: 28.559 GiB, 13.60% gc time)
2.8654959172147443e-7
2.8654959172147443e-7
0.19619866297197663
0.19619866297197674
6.54117651155417e-8
6.541176444940788e-8
913.966481 seconds (60.56 M allocations: 2.384 TiB, 16.49% gc time)
Finished order 3
loss std: 0.11327524927907728
4
magnitude: 0.5
learning rate: 0.1
  0.000327 seconds (651 allocations: 42.984 KiB)
  0.141660 seconds (1.10 M allocations: 132.065 MiB, 20.07% gc time)
0.9999591691365876
0.9999591691365876
0.994425112648
0.994425112648
0.9984132897243381
0.9984132897243381
0.9932191877386729
0.9932191877386729
0.9922671422298673
0.9922671422298673
0.9969171214433336
0.9969171214433336
0.9951341925830042
0.9951341925830042
0.9922510320572795
0.9922510320572795
0.9899097796785346
0.9899097796785346
0.978038288178717
0.978038288178717
0.9921420083339906
0.9921420083339906
0.9668224989136809
0.9668224989136809
0.9997386003852999
0.9997386003852999
0.988526798816862
0.988526798816862
0.9628867795443711
0.9628867795443711
0.9450641614645334
0.9450641614645334
0.9243197993877075
0.9243197993877075
0.8912257730117914
0.8912257730117914
0.9302620740147626
0.9302620740147626
0.8629632761393256
0.8629632761393254
0.8432330866228714
0.8432330866228714
0.8262458314315309
0.8262458314315309
0.8141909911988592
0.8141909911988591
0.8058391492736028
0.8058391492736028
0.7928939091016972
0.7928939091016973
0.7831987027824239
0.7831987027824239
0.7699415177229995
0.7699415177229995
0.7587730813853918
0.7587730813853918
0.7478990163296522
0.7478990163296519
0.7425988870233293
0.7425988870233293
0.7387594692573196
0.7387594692573196
0.7362072970938383
0.7362072970938383
0.7310063009012449
0.7310063009012449
0.7162944369561095
0.7162944369561093
0.9640994772511224
0.9640994772511224
0.7113933617441979
0.7113933617441979
0.7116883252725017
0.7116883252725017
0.6918109615600616
0.6918109615600616
0.6700104924246152
0.6700104924246151
0.6448369046533118
0.6448369046533118
0.6362364354887862
0.6362364354887862
0.6365914312988413
0.6365914312988413
0.6311795826456075
0.6311795826456075
0.6212985704866925
0.6212985704866922
0.6155380292224779
0.6155380292224781
0.6065816585840758
0.6065816585840758
0.6029248822497316
0.6029248822497316
0.6005902264940717
0.6005902264940717
0.5988882364583623
0.5988882364583623
0.59805998162372
0.5980599816237198
0.5976354276076898
0.5976354276076897
0.5972420251029702
0.5972420251029702
0.5970930513388264
0.5970930513388264
0.5969077353139267
0.5969077353139267
0.5968091225543903
0.5968091225543906
0.5966501481211569
0.596650148121157
0.5966022925048258
0.5966022925048258
0.5965629517425441
0.5965629517425441
0.5965334154995053
0.5965334154995053
0.5965009373092884
0.5965009373092884
0.5964823856538449
0.596482385653845
0.596463393030713
0.596463393030713
0.5964549419168923
0.5964549419168925
0.5964433812616083
0.5964433812616083
0.5964394997557085
0.5964394997557083
0.5964364261735118
0.596436426173512
0.5964333890100413
0.5964333890100413
0.5964331661632816
0.5964331661632816
0.5964318837397841
0.5964318837397841
0.596431654520472
0.596431654520472
0.5964310164632574
0.5964310164632575
0.5964307491430159
0.5964307491430156
0.5964305186179979
0.5964305186179979
0.5964304564934433
0.5964304564934432
0.5964304124495403
0.5964304124495401
0.5964303932321564
0.5964303932321564
0.5964303807743814
0.5964303807743813
0.5964303756447684
0.5964303756447684
0.596430371925071
0.5964303719250709
0.5964303691372634
0.5964303691372634
0.5964303650047422
0.5964303650047422
8796.542473 seconds (22.49 M allocations: 211.842 GiB, 0.42% gc time)
Finished order 1
loss std: 9.022604092498214e-6
magnitude: 0.2982151825023711
learning rate: 0.05964303650047422
  0.002835 seconds (17.73 k allocations: 1.701 MiB)
  2.133912 seconds (27.75 M allocations: 2.769 GiB, 13.86% gc time)
0.9353562599185536
0.9353562599185536
0.6390789706407386
0.6390789706407387
0.9939357384780143
0.9939357384780143
0.5322117073569681
0.5322117073569683
0.4622234368687117
0.4622234368687117
0.22978616765897386
0.22978616765897386
0.1347805719890609
0.1347805719890609
0.09507475012215749
0.09507475012215738
0.0510431809469577
0.05104318094695759
0.0387752605639925
0.03877526056399261
0.02515747730939122
0.02515747730939122
0.020243031511323784
0.02024303151132345
0.014527599872929509
0.014527599872929065
0.01014607462213557
0.01014607462213557
0.007400093843051625
0.007400093843051958
0.0059401097329561114
0.0059401097329564445
0.004965193855715255
0.004965193855715255
0.003841787824122478
0.0038417878241227
0.003658090489956689
0.003658090489956911
0.0026306030826451776
0.0026306030826451776
0.0023742175381702424
0.0023742175381700203
0.0019830758002230553
0.0019830758002234994
0.0015206481682144002
0.0015206481682145112
0.002017919878977814
0.002017919878978036
0.0013360128014262562
0.0013360128014261452
0.001058562889632686
0.001058562889632686
0.0009104818478808951
0.0009104818478811172
0.0007421528946039979
0.0007421528946039979
0.0006349135981928988
0.0006349135981928988
0.0005444987645244481
0.0005444987645247812
0.00046172884713890916
0.00046172884713890916
0.0004100070110313325
0.0004100070110313325
0.00035611565808735257
0.0003561156580874636
0.0002877587732111886
0.0002877587732111886
0.0002635192929971719
0.0002635192929971719
0.00022294506879916298
0.00022294506879905196
0.00021666851501689344
0.00021666851501744855
0.00017177596609263546
0.00017177596609252443
0.00015777934743721467
0.0001577793474374367
0.0001388321664327341
0.0001388321664327341
0.00011226886099302558
0.00011226886099291455
0.0001429254158233917
0.0001429254158233917
0.00010060551026636055
0.00010060551026613851
7.968817342429713e-5
7.968817342429713e-5
6.873794427253443e-5
6.873794427231239e-5
5.845129889492373e-5
5.845129889492373e-5
5.0419568017878724e-5
5.0419568017878724e-5
4.5619172469035796e-5
4.5619172469035796e-5
3.7161563772203365e-5
3.716156377209234e-5
3.587064105370352e-5
3.587064105370352e-5
3.0823493307186034e-5
3.0823493306741945e-5
2.7975375043620687e-5
2.7975375043620687e-5
2.515827482019173e-5
2.5158274819969684e-5
2.1216803890222735e-5
2.121680389044478e-5
2.2114719906651814e-5
2.2114719906762836e-5
1.8876903650988375e-5
1.887690365121042e-5
1.5484124062048465e-5
1.5484124062048465e-5
1.370181274651383e-5
1.3701812746291786e-5
1.185108038237459e-5
1.1851080382152546e-5
1.0405012624281618e-5
1.0405012624281618e-5
9.073739355880406e-6
9.073739355880406e-6
7.779277025776743e-6
7.779277025776743e-6
6.509748433081164e-6
6.509748433192186e-6
5.472228670311274e-6
5.472228670311274e-6
4.6519201961636725e-6
4.651920196385717e-6
3.962291460046785e-6
3.96229146026883e-6
3.3646110239038407e-6
3.3646110241258853e-6
2.764100519581092e-6
2.7641005196921142e-6
2.406032757251708e-6
2.406032757140686e-6
2.0765031149005964e-6
2.0765031149005964e-6
1.7791824866719708e-6
1.7791824864499262e-6
1.5557919946784793e-6
1.5557919946784793e-6
1.398115452744264e-6
1.3981154529663087e-6
1.0722064258672503e-6
1.072206425756228e-6
9.778829904716346e-7
9.77882990582657e-7
8.025907288766732e-7
8.025907286546285e-7
7.593281026174736e-7
7.593281028395182e-7
5.977042855098702e-7
5.977042855098702e-7
5.407940277812884e-7
5.407940282253776e-7
4.7018905680040746e-7
4.7018905724449667e-7
3.828769992164638e-7
3.828769992164638e-7
3.663962274691457e-7
3.663962274691457e-7
2.910445977555298e-7
2.910445977555298e-7
2.7246629741295436e-7
2.7246629763499897e-7
2.3786295633154708e-7
2.3786295633154708e-7
2.123453164415423e-7
2.1234531688563152e-7
1.7558345966062205e-7
1.7558345988266666e-7
1.572968048035861e-7
1.572968048035861e-7
12385.207476 seconds (278.42 M allocations: 11.487 TiB, 4.49% gc time)
Finished order 2
loss std: 6.794083635602548e-7
magnitude: 7.864840240179305e-8
learning rate: 1.572968048035861e-8
  0.173369 seconds (194.54 k allocations: 24.923 MiB)
 24.008120 seconds (292.07 M allocations: 28.559 GiB, 13.57% gc time)
1.5728707392081986e-7
1.5728707336570835e-7
0.21455508096341447
0.21455508096341425
3.541151305519463e-8
3.541151327723924e-8
924.064101 seconds (60.56 M allocations: 2.384 TiB, 16.77% gc time)
Finished order 3
loss std: 0.12387337812295375
4
magnitude: 0.5
learning rate: 0.1
  0.000363 seconds (651 allocations: 42.984 KiB)
  0.146935 seconds (1.10 M allocations: 132.065 MiB, 23.05% gc time)
0.9999135603666425
0.9999135603666425
0.9934264219412179
0.9934264219412179
0.9968841287026811
0.9968841287026811
0.994811357477878
0.994811357477878
0.9911760075798723
0.9911760075798723
0.9965678846306619
0.9965678846306619
0.9912421338593794
0.9912421338593794
0.9911327399631862
0.9911327399631862
0.9878976744956997
0.9878976744956997
0.9718866201841372
0.9718866201841372
0.9731764715990414
0.9731764715990414
0.9524546794778518
0.9524546794778518
0.9998669500209927
0.9998669500209927
0.9445342766733895
0.9445342766733895
0.9273841309748945
0.9273841309748945
0.9052789720257601
0.90527897202576
0.8819923706615294
0.8819923706615294
0.8601614803445263
0.8601614803445264
0.8423306025342358
0.8423306025342358
0.8249697812720103
0.8249697812720104
0.8057025625411959
0.8057025625411959
0.7897770028661839
0.7897770028661839
0.7779900270740506
0.7779900270740506
0.7673654152381038
0.7673654152381038
0.7637767617770284
0.7637767617770284
0.7606441343678962
0.7606441343678962
0.7567064043788135
0.7567064043788136
0.7522561664070421
0.7522561664070422
0.7460305236030765
0.7460305236030764
0.7360362628332521
0.7360362628332521
0.7294273794920298
0.7294273794920298
0.7241049180843608
0.7241049180843608
0.7363288112785608
0.7363288112785609
0.7213688714951918
0.7213688714951918
0.7170501880709355
0.7170501880709356
0.7138514711681534
0.7138514711681534
0.7109426037995537
0.7109426037995534
0.7084008281652958
0.7084008281652958
0.7070382175684453
0.7070382175684453
0.7054848162347775
0.7054848162347777
0.7047591403728211
0.7047591403728212
0.7034502199934547
0.7034502199934547
0.7027232174496737
0.702723217449674
0.7020334794535353
0.7020334794535353
0.7011375029722722
0.7011375029722722
0.7004998459243228
0.7004998459243228
0.699799647811149
0.699799647811149
0.699341241595929
0.699341241595929
0.6987780286766827
0.6987780286766827
0.6979908334067408
0.6979908334067408
0.6974423810531838
0.6974423810531838
0.6970407047905147
0.6970407047905147
0.6967820432651832
0.6967820432651832
0.696466768299468
0.6964667682994679
0.6962017382228898
0.6962017382228898
0.6957979395666917
0.6957979395666917
0.6953361472194861
0.6953361472194861
0.6947597243126997
0.6947597243126997
0.6938700798162634
0.6938700798162634
0.6934086931391117
0.6934086931391117
0.693309951815823
0.693309951815823
0.6940778039827609
0.6940778039827606
0.6927819310833371
0.6927819310833371
0.6924910359141498
0.6924910359141498
0.6923167900880938
0.6923167900880938
0.6915236240933891
0.6915236240933891
0.6906918289820634
0.6906918289820632
0.6894109995000175
0.6894109995000175
0.689307486421372
0.689307486421372
0.6877567359741423
0.6877567359741423
0.6861716075799131
0.6861716075799131
0.6853179920324777
0.6853179920324777
0.7176519384398912
0.7176519384398913
0.6800082486257699
0.6800082486257699
0.6717887862683336
0.6717887862683336
0.6727001370424961
0.6727001370424961
0.6656018902197574
0.6656018902197575
0.6651480410084065
0.6651480410084065
0.6547339247355191
0.6547339247355191
0.6378654831106025
0.6378654831106025
0.6280616453423795
0.6280616453423795
0.6163455797600332
0.6163455797600331
0.6083124316912762
0.6083124316912762
0.6038894431356001
0.6038894431356001
0.5957755177319058
0.5957755177319057
0.5892253468207325
0.5892253468207325
0.5809823776977817
0.5809823776977817
0.5723666544062641
0.5723666544062642
0.5627099592454493
0.5627099592454493
0.5547023217060941
0.5547023217060941
0.5558852966227386
0.5558852966227387
0.5517335009580697
0.5517335009580695
0.5464294461419024
0.5464294461419025
0.5418425587550602
0.5418425587550602
0.5381401253724472
0.5381401253724473
0.5337211034388682
0.5337211034388682
0.5306315954388027
0.5306315954388028
0.5274415823195315
0.5274415823195315
0.526040212507819
0.526040212507819
0.5237632306565252
0.5237632306565253
0.5213511146368508
0.5213511146368508
0.5182777292564632
0.5182777292564633
0.5145195289277392
0.5145195289277391
0.510734058832921
0.510734058832921
0.507940345655725
0.5079403456557249
0.5127239580959796
0.5127239580959797
0.5055605881071145
0.5055605881071144
0.5033922577463188
0.5033922577463188
0.5017363537031548
0.5017363537031547
0.5008175081994655
0.5008175081994652
0.4999606384063502
0.4999606384063502
0.4992831519173695
0.4992831519173695
0.49864647669500606
0.49864647669500584
0.498228962896046
0.498228962896046
0.49766369652982667
0.49766369652982667
0.49711624784802066
0.49711624784802055
0.49681291474569467
0.49681291474569467
0.49656394048279584
0.49656394048279584
0.49636781092958415
0.49636781092958415
0.49613460100785456
0.49613460100785467
0.4957563628377165
0.4957563628377165
0.4954380157685554
0.4954380157685556
0.49526308509297734
0.49526308509297734
0.49493009789843
0.4949300978984301
0.49478407609905917
0.49478407609905917
0.49465263846066576
0.49465263846066576
0.49459024332115387
0.49459024332115387
0.49450712318495726
0.4945071231849574
0.49442543053611754
0.49442543053611754
0.49426534555757207
0.4942653455575722
0.4941024609398845
0.4941024609398843
0.4938916842081389
0.4938916842081388
0.4935877829868639
0.493587782986864
0.4933944230320215
0.4933944230320215
0.49332683528625443
0.49332683528625443
0.49315128295894994
0.49315128295895005
0.49303537183399926
0.49303537183399904
0.4928855467991098
0.4928855467991098
0.49274009753259074
0.4927400975325906
0.4924926683319616
0.4924926683319616
0.4922198877663465
0.4922198877663465
0.4920242414783115
0.4920242414783118
0.4916652749837064
0.4916652749837065
0.4914511591298135
0.4914511591298134
0.4909286237025703
0.4909286237025703
0.49058478635972813
0.49058478635972835
0.49088064979670254
0.49088064979670254
0.49015181861094603
0.49015181861094603
0.4897107919834851
0.4897107919834851
0.48941213012077533
0.4894121301207751
0.4891226418039527
0.4891226418039527
0.48876479454401545
0.48876479454401534
0.4884534487113217
0.4884534487113217
0.488243775731828
0.488243775731828
0.4878979255332583
0.48789792553325817
0.48738880160777376
0.48738880160777376
0.48719407675143656
0.48719407675143656
0.4875117974736587
0.4875117974736587
0.48702361286963836
0.48702361286963836
0.4867846385801117
0.4867846385801118
0.4866662925382186
0.48666629253821825
0.4864859871068814
0.4864859871068814
0.486449987251913
0.48644998725191313
0.48639853185108495
0.48639853185108484
0.4863683035608789
0.4863683035608789
0.486333798031823
0.486333798031823
0.4862826546869786
0.48628265468697873
0.4862391265793833
0.4862391265793832
0.4861912965703614
0.4861912965703614
0.48615439486396583
0.4861543948639657
0.4861239081301434
0.4861239081301434
0.48610821247950364
0.48610821247950364
0.4860749853317945
0.4860749853317945
0.48606736682257456
0.4860673668225748
0.48605282402968597
0.48605282402968586
0.4860427365403246
0.4860427365403245
0.48602926661188417
0.48602926661188417
0.48602226963553874
0.48602226963553885
0.48601651615738106
0.48601651615738073
0.48600581913617247
0.48600581913617247
0.48599627084092434
0.48599627084092434
0.4859822787094398
0.4859822787094398
0.48597454795730965
0.4859745479573092
0.48596743578611945
0.48596743578611945
0.48596419563062254
0.48596419563062254
0.4859590525666395
0.4859590525666395
0.485956812349741
0.48595681234974086
0.4859557590228645
0.4859557590228645
0.4859541143391911
0.4859541143391911
0.4859536395899957
0.4859536395899957
0.48595248224897536
0.48595248224897536
0.48595210034159475
0.48595210034159475
0.48595128971256907
0.48595128971256885
0.4859507142477355
0.4859507142477354
0.4859499904217416
0.4859499904217416
0.4859496218088395
0.4859496218088395
0.485949271240981
0.4859492712409812
0.48594897752591404
0.48594897752591404
0.48594858516172823
0.48594858516172823
0.48594845895747696
0.48594845895747696
0.4859482930066422
0.4859482930066422
0.4859481750291498
0.4859481750291499
0.4859480853467323
0.4859480853467323
0.4859480441119438
0.4859480441119437
0.48594799331178273
0.48594799331178284
0.4859479394764552
0.4859479394764552
0.4859478690539645
0.4859478690539645
0.4859478029114249
0.4859478029114249
0.4859477439391965
0.48594774393919626
0.48594771274227233
0.4859477127422722
0.48594769184984155
0.48594769184984155
0.4859476732715876
0.4859476732715873
0.4859476622135448
0.4859476622135448
0.48594765179959
0.4859476517995899
0.485947635346895
0.485947635346895
0.48594763245908656
0.48594763245908656
0.4859476231118719
0.4859476231118719
0.4859476170625979
0.4859476170625979
0.48594761030377553
0.48594761030377553
0.48594759992299497
0.48594759992299497
0.48594759523680475
0.48594759523680475
24316.140483 seconds (61.38 M allocations: 578.059 GiB, 0.42% gc time)
Finished order 1
loss std: 1.835362545257065e-7
magnitude: 0.24297379761840238
learning rate: 0.048594759523680475
  0.079015 seconds (17.73 k allocations: 1.701 MiB)
  2.198162 seconds (27.75 M allocations: 2.769 GiB, 13.00% gc time)
0.759837428406759
0.759837428406759
0.4622705633738885
0.4622705633738886
0.3945150887718085
0.3945150887718085
0.1825164661040941
0.18251646610409422
0.11974099107817737
0.11974099107817737
0.08108873628528457
0.08108873628528479
0.04381350203432555
0.043813502034325214
0.029123314296105485
0.029123314296105485
0.02229456123074458
0.022294561230744137
0.015176539514881071
0.015176539514881293
0.011581747099037476
0.011581747099037587
0.008514905349910618
0.008514905349910062
0.006676639366299919
0.00667663936630003
0.005181854808645747
0.005181854808645525
0.003874187942872531
0.003874187942872531
0.003209530858715781
0.003209530858716003
0.002436065206424809
0.002436065206424809
0.0021083859179180653
0.0021083859179180653
0.0016369488332221849
0.001636948833222296
0.001635120876028795
0.001635120876029017
0.0013977603474907285
0.0013977603474908395
0.0011093123699177365
0.0011093123699180696
0.0009277434605449164
0.0009277434605450274
0.0007775568295773638
0.0007775568295775859
0.000662031784249062
0.0006620317842486179
0.000573576308918522
0.0005735763089184109
0.0004840797129660457
0.00048407971296593466
0.00043865124797626276
0.00043865124797615174
0.0003944513140738959
0.00039445131407434
0.00032548753734018554
0.0003254875373400745
0.0002981382976671165
0.00029813829766767164
0.0002674624649359192
0.0002674624649359192
0.00022560579037578243
0.00022560579037600448
0.00020437039616671981
0.00020437039616683084
0.00017949664521710318
0.00017949664521699216
0.0001547728075617094
0.00015477280756193146
0.00013335834921524015
0.00013335834921535117
0.00012401393249450443
0.00012401393249494852
0.0001040181066223056
0.0001040181066223056
9.810267988530352e-5
9.810267988530352e-5
8.493092337902297e-5
8.493092337957808e-5
7.620886379555714e-5
7.62088637958902e-5
6.796122092800339e-5
6.796122092800339e-5
5.61814553159401e-5
5.618145531605112e-5
5.873871147032972e-5
5.8738711470662786e-5
4.993247653395372e-5
4.9932476533842696e-5
4.46984395346961e-5
4.46984395346961e-5
4.0654083112157124e-5
4.06540831120461e-5
3.614395451934094e-5
3.614395451934094e-5
3.1637966321329536e-5
3.163796632144056e-5
2.8307352813117248e-5
2.8307352813117248e-5
2.5149143278113684e-5
2.514914327800266e-5
2.283603629549269e-5
2.2836036295159623e-5
2.0225954755703768e-5
2.022595475581479e-5
1.8804974583952472e-5
1.8804974583730427e-5
1.689589260789326e-5
1.6895892607671215e-5
1.5823747552046186e-5
1.582374755182414e-5
1.4159071778152565e-5
1.4159071778152565e-5
1.3172649067749731e-5
1.3172649067971776e-5
1.1532551000503766e-5
1.1532551001058877e-5
1.0491305831639153e-5
1.0491305831639153e-5
9.58287057839513e-6
9.58287057839513e-6
8.169588848971898e-6
8.169588848527809e-6
1.1385843668998419e-5
1.1385843668998419e-5
7.623013274726809e-6
7.623013274615786e-6
6.515905772497277e-6
6.5159057727193215e-6
5.850129912055024e-6
5.850129912277069e-6
5.245300362388683e-6
5.245300362388683e-6
4.748592743020197e-6
4.748592743020197e-6
4.328398180097892e-6
4.328398180541981e-6
3.6607267013266664e-6
3.6607267013266664e-6
3.324068613030917e-6
3.3240686131419395e-6
3.078516201626691e-6
3.078516201626691e-6
2.6416855909427994e-6
2.6416855909427994e-6
2.4102198186159995e-6
2.410219818727022e-6
2.1148813145188683e-6
2.114881314407846e-6
1.8410194166929017e-6
1.841019416470857e-6
1.5732957576730655e-6
1.5732957572289763e-6
1.456978815372878e-6
1.4569788155949226e-6
1.2358999177397578e-6
1.2358999177397578e-6
1.1238898772747419e-6
1.1238898776078088e-6
9.954257040867276e-7
9.954257040867276e-7
9.094918649310557e-7
9.094918647090111e-7
8.239133278964417e-7
8.239133281184863e-7
7.849896380696109e-7
7.849896378475663e-7
6.615904222240232e-7
6.615904222240232e-7
6.188099908044364e-7
6.188099908044364e-7
5.691530615692386e-7
5.691530614582163e-7
4.887305745659987e-7
4.887305745659987e-7
6.2499150288442e-7
6.249915024403307e-7
4.5485630950636846e-7
4.5485630995045767e-7
3.9849459199103876e-7
3.9849459176899416e-7
3.6281707938012886e-7
3.6281707971319577e-7
3.173901219621911e-7
3.1739012151810186e-7
2.874301039401672e-7
2.874301042732341e-7
2.607933102805049e-7
2.607933100584603e-7
2.2901900265104302e-7
2.2901900287308763e-7
13637.145242 seconds (306.89 M allocations: 12.662 TiB, 4.55% gc time)
Finished order 2
loss std: 3.990886583111853e-7
magnitude: 1.1450950132552151e-7
learning rate: 2.2901900265104302e-8
  0.178550 seconds (194.54 k allocations: 24.923 MiB)
 23.171823 seconds (292.07 M allocations: 28.559 GiB, 13.57% gc time)
2.2901021135002253e-7
2.2901021146104483e-7
0.18075483253171765
0.18075483253171765
4.792447860779703e-8
4.792447838575242e-8
922.648618 seconds (60.56 M allocations: 2.384 TiB, 17.29% gc time)
Finished order 3
loss std: 0.1043587712753933
4
magnitude: 0.5
learning rate: 0.1
  0.000290 seconds (651 allocations: 42.984 KiB)
  0.129767 seconds (1.10 M allocations: 132.065 MiB, 18.07% gc time)
0.9999532040068245
0.9999532040068245
0.9944956596835135
0.9944956596835135
0.9965270239615803
0.9965270239615803
0.9928827327492116
0.9928827327492116
0.9915144402633168
0.9915144402633168
0.9916195846383904
0.9916195846383904
0.9912353287509117
0.9912353287509117
0.971727612072086
0.971727612072086
0.9978860431051388
0.9978860431051388
0.9871674901742702
0.9871674901742702
0.9622946436134495
0.9622946436134495
0.9500035989366293
0.9500035989366293
0.9431323833863574
0.9431323833863574
0.9504456464059172
0.9504456464059172
0.9286318316276979
0.9286318316276979
0.8857590233205722
0.8857590233205723
0.9832089120681057
0.9832089120681057
0.8539293149067524
0.8539293149067524
0.8093823373180328
0.8093823373180328
0.7747266575632683
0.7747266575632683
0.7562910107607455
0.7562910107607455
0.7469259117387116
0.7469259117387116
0.7270457042829903
0.7270457042829903
0.7137753048755355
0.7137753048755355
0.6787113058329273
0.6787113058329273
0.6520890982578871
0.6520890982578871
0.6259107170440734
0.6259107170440733
0.616205416205915
0.616205416205915
0.6052917169795637
0.6052917169795637
0.6043669809342153
0.6043669809342151
0.6001547834755698
0.6001547834755698
0.5958021751261514
0.5958021751261514
0.5936086593265766
0.5936086593265764
0.5924204660420874
0.5924204660420873
0.5917911238992223
0.5917911238992224
0.5913717138620602
0.5913717138620603
0.5908177071558547
0.5908177071558547
0.5905580970737285
0.5905580970737285
0.5901520224464598
0.5901520224464599
0.5900029488492706
0.5900029488492706
0.5898589103612679
0.5898589103612679
0.5897491201790008
0.5897491201790007
0.5896141520411878
0.5896141520411878
0.5895747772350064
0.5895747772350065
0.5895292925038644
0.5895292925038642
0.5895035448537169
0.5895035448537166
0.5894746929227312
0.5894746929227312
0.5894659220339826
0.5894659220339824
0.5894579742764314
0.5894579742764314
0.5894529007349173
0.5894529007349173
0.5894449996055752
0.5894449996055752
0.5894415841149344
0.5894415841149344
0.5894392567231015
0.5894392567231015
0.5894371700369472
0.5894371700369472
0.5894372681743394
0.5894372681743394
0.5894364621084305
0.5894364621084305
0.5894362226346854
0.5894362226346854
0.5894359032739208
0.5894359032739209
0.5894356863506226
0.5894356863506226
0.5894354941269262
0.5894354941269262
0.5894353833498862
0.5894353833498861
0.5894352762967441
0.5894352762967441
0.589435224324508
0.5894352243245082
0.5894351777187701
0.5894351777187704
0.5894351504144204
0.5894351504144204
0.5894351315919777
0.5894351315919777
0.5894351104068377
0.5894351104068378
0.5894350906013959
0.5894350906013958
0.5894350830116524
0.5894350830116524
0.589435073650638
0.589435073650638
0.589435065153439
0.589435065153439
0.5894350583917609
0.5894350583917609
0.5894350555226092
0.5894350555226092
7960.029186 seconds (20.27 M allocations: 190.924 GiB, 0.44% gc time)
Finished order 1
loss std: 6.98109263781649e-7
magnitude: 0.2947175277613046
learning rate: 0.058943505552260925
  0.079195 seconds (17.73 k allocations: 1.701 MiB)
  2.647255 seconds (27.75 M allocations: 2.769 GiB, 28.35% gc time)
0.8721282143434644
0.8721282143434645
0.5408348255903073
0.5408348255903073
0.9925890638897157
0.9925890638897157
0.9535238352981615
0.9535238352981615
0.44235179814288894
0.44235179814288894
0.3372403984115516
0.3372403984115516
0.20150992255929023
0.20150992255929046
0.10902382591308368
0.10902382591308368
0.06515409672199801
0.06515409672199779
0.048592890841072434
0.048592890841072434
0.03067724975428665
0.03067724975428665
0.03033314577726043
0.03033314577726065
0.02292048045141848
0.02292048045141848
0.0177571300797551
0.0177571300797551
0.011598384711792975
0.011598384711792975
0.009532034485892793
0.009532034485893015
0.00732542530445901
0.00732542530445901
0.005749257408599329
0.005749257408599107
0.004683396673974993
0.004683396673975215
0.0033061658260884474
0.0033061658260888915
0.002617447675473561
0.002617447675473561
0.0021323494101165297
0.0021323494101165297
0.0018791526619656995
0.0018791526619656995
0.0014781336687909041
0.0014781336687909041
0.0013769640755014745
