magnitude: 0.5
learning rate: 0.1
  0.358125 seconds (241.07 k allocations: 11.422 MiB, 99.97% compilation time)
  0.782818 seconds (1.88 M allocations: 225.544 MiB, 37.46% gc time, 48.67% compilation time)
0.998220445898051
0.9515423083266048
0.8855164224624601
0.8283845045586429
0.79361934228549
0.7740231597473404
0.756814116888139
0.7382790525720698
0.7180142493756789
0.6955581257697964
0.6736915993019306
0.6543540384928609
0.6357097134139431
0.616795318365051
0.5991787236194764
0.5852372328015504
0.575126616413913
0.5673303436946485
0.5615776416340839
0.5567404011769916
0.5507751377897181
0.5431845612068378
0.5350167466765362
0.5277439216996027
0.5215036932006378
0.5153655852931894
0.509182168792226
0.5027981431325785
0.4960289630799539
0.4896245747610647
0.4835958382615986
0.4771012757765998
0.47036355096851235
0.4645749483324777
0.4608039190017649
0.4585093490190535
0.45603793752882316
0.4529063407239696
0.4495955329742194
0.44647169497069805
0.44390476742490725
0.4423137047097273
0.44130888119396416
0.4398362448946783
0.4375950687754637
0.43499691913700045
0.43233858757645094
0.42960972109752615
0.42698218416808287
0.42487488094641646
0.4233876834078062
0.42226801378120826
0.4212385587056382
0.4201670610022963
0.4190194768784077
0.41790217495258497
0.4171261431385813
0.41678040027844454
0.41650886078336213
0.4161094096765191
0.4157571366582683
0.41550436123410106
0.41528784319110223
0.41519370626067575
0.4152075505155689
0.4151281457932453
0.4149158546232755
0.41471003008458684
0.4145184890153162
0.4143077987143603
0.41410171472888524
0.4138933736447945
0.41365286866029183
0.4133791541779803
0.4130931725929924
0.4128119229955074
0.41255509729939255
0.4123315199622912
0.4121292928114916
0.4119368542992067
0.4117586418283462
0.4116026283252776
0.4114647523081184
0.4113501089218059
0.41125463512423843
0.4111622009752641
0.411074304018333
0.41099527686725856
0.4109190855773054
0.4108475708292496
0.4107853573104232
0.4107265817801339
0.41066913346886835
0.4106147401203979
0.41056370716441193
0.4105183969146825
0.41047979238451326
0.410445369782802
0.4104119934936412
0.41038087793723654
0.4103536425619847
0.41033014641184085
0.4103105403348113
0.4102952183958777
0.41028263045199886
0.41027178812791587
0.4102636995220166
0.4102591076395755
0.41025671424988697
0.4102551300563977
0.41025418651211265
0.4102536784875308
0.41025369274308454
0.4102536383846135
0.4102530173225145
0.4102524109669109
0.4102522266182924
0.41025220346935554
0.4102522935281441
0.41025248666804803
0.4102527973890917
0.41025304717153666
0.41025316896505093
0.41025319499575774
0.41025303967260074
0.41025278235534635
0.4102524622089365
0.41025199903585396
0.41025138074433387
0.41025063912689963
0.41024990710155496
0.41024912960364013
0.4102483515347931
0.4102476210820104
0.41024684485879404
0.4102460891143944
0.4102454145972545
0.41024476487705297
0.4102441733396127
0.4102436227382996
0.41024314161206454
0.41024275652928643
0.41024241248739
0.4102421205874436
0.41024187746650986
0.4102416623755176
0.41024148897029067
0.41024131298444244
0.4102411418837405
0.41024100636935923
0.41024088324560104
0.4102407871769932
0.4102407114801443
0.41024063873294203
0.4102405810501305
0.4102405437432769
0.41024052430947333
0.4102405154036447
0.41024050570507287
0.4102405003081834
0.41024050033968884
0.41024050334933115
0.41024050926238464
0.41024050726588124
0.41024050117910016
0.41024049808312
0.4102404952095767
0.41024049433195586
0.4102404931742828
0.4102404906312205
0.4102404865104162
0.41024048098184196
0.4102404772269854
0.4102404735624525
0.41024046833574335
0.4102404633145227
0.4102404580227622
0.41024045370031903
0.4102404508083419
0.41024044646342506
0.4102404403396974
0.4102404340964567
0.410240428301741
0.4102404225655032
0.41024041679580714
0.4102404109567215
0.4102404055824779
0.4102404009826677
0.4102403971368235
0.4102403939920518
0.41024039144281865
0.4102403892514709
0.41024038737435453
0.4102403861490277
0.4102403852412513
0.41024038443670496
0.4102403837751386
0.41024038336517477
0.41024038314163047
0.41024038305099
0.41024038305099
32073.692802 seconds (137.71 M allocations: 1.577 TiB, 0.41% gc time, 0.07% compilation time)
Finished order 1
loss std: 1.867290199006268e-8
magnitude: 0.205120191525495
learning rate: 0.041024038305099
  0.002007 seconds (17.73 k allocations: 1.701 MiB)
  2.668986 seconds (45.39 M allocations: 4.674 GiB, 13.69% gc time)
0.6824770346908806
0.7973634825708595
0.42698459917847853
0.4047228642723625
0.3081541193041758
0.18477574723838663
0.21730547281180435
0.20695215106801879
0.1394885774628436
0.1270666682863658
0.13071351979413037
0.1092472349170116
0.08750059015254452
0.0858769445571903
0.0823236301220911
0.06642567946807698
0.05698835538831215
0.055248708705936234
0.05223373644551599
0.04491520641165525
0.03903957788838097
0.03739990114995839
0.034756266476206554
0.030162332775047318
0.02507367485152079
0.02394727684978215
0.02404148264968864
0.02108421407355543
0.018175748962732996
0.016155947531314996
0.014286628758206188
0.013195967391763874
0.012966156146127505
0.011855607104801824
0.010317587989082888
0.009529327346553318
0.008516447294340868
0.007558506056863701
0.00730923630595548
0.006895995294276203
0.005706287837489166
0.005032037956063551
0.004966116254674358
0.004623496206529132
0.004113011166556824
0.0037949102819190283
0.003352440938014789
0.0030771799801927457
0.0029341694708759913
0.0026389029815103715
0.002361579439622785
0.002108486581292368
0.0019278589823716885
0.0018541071421003252
0.0016869192335393635
0.0015228954841217668
0.0013863572098471444
0.0013432141871551062
0.0012530266064775253
0.0011034137716350312
0.000992574963038284
0.0009559437103647817
0.0008837057984756314
0.0008287388340233459
0.0007527518320120663
0.0006780546388496234
0.0006653023618634624
0.000628902165879186
0.0005513627225141038
0.0005288387991899679
0.0005166569159695822
0.000468887725672662
0.0004358556758290444
0.0004137176647364127
0.0003835689371687323
0.00036264269949581873
0.00034998992110035765
0.00031750398229157817
0.00030852581286100467
0.0003028369476254511
0.00027384764159976704
0.0002650882895269824
0.00025139268064899856
0.00023234491537160729
0.00023362441265639688
0.00022062085805174547
0.00020758215551763826
0.00020405089348995986
0.00018976243088819622
0.00018607983886509416
0.00018135822090870057
0.000170281597991373
0.0001662979184222646
0.00016063198567495274
0.00015506132587117527
0.00015061417813666544
0.0001462233628133358
0.00014109922511762463
0.000135820878986892
0.00013357451328066539
0.00012975835480311115
0.00012658198640735918
0.00012246910877089512
0.00011802849184550102
0.00011687911302837861
0.000113804954479102
0.0001104600087125096
0.00010871247629329339
0.00010525390762705644
0.0001035958418480476
0.00010122494060560427
9.8817534606499e-5
9.732259423334e-5
9.529836896060573e-5
9.366822857803658e-5
9.253779621387626e-5
9.269020312285825e-5
9.505212425053866e-5
0.00010347185250536572
0.00012790946325336172
0.00019448925111831272
0.00037713698528896167
0.0008803108704422691
0.0022356748997018894
0.005560553442482519
0.011801460741262426
0.017651272555765818
0.01435487770163224
0.004056803897071193
0.001163392554971554
0.007086577270841943
0.009123921172547456
0.003655383186895067
0.00152194923025184
0.004885477861588328
0.00498652418328116
0.0016228705488470219
0.002042654267119026
0.004134696095382195
0.0023466372234361987
0.00048691299846881364
0.002225258433818711
0.0030859714465005794
0.0009644111146192014
0.00025290693402979514
0.0019000731962861561
0.0020264869042053713
0.0004691481727550073
0.0003916144090736484
0.0013828656613126267
0.0011219120364232005
0.00032269206331725364
0.0005467772148903816
0.0009706034072800573
0.0005680768390435853
0.00018388868970609096
0.0005108384259033816
0.0007560549972827069
0.00039474059779021076
9.238443071712954e-5
0.00029554234497730647
0.0005167915012571633
0.00036541612730534023
0.0001500476165239295
0.00018905308556682598
0.00030658049110598995
0.00025421850673201796
0.00013048530204495812
0.00013491273942745075
0.00022878863301145635
0.00024338345982111154
0.00015295428170369885
8.026600740695944e-5
9.637033958176389e-5
0.00014462941770987392
0.00014785400861005993
0.0001088418808250502
8.455995893852375e-5
0.00010239193881478315
0.00013225952053352863
0.0001335175034413716
0.00010458015290304434
7.742916796227295e-5
7.759269260132484e-5
9.941837286708832e-5
0.00012139354414575365
0.00013647532352267788
0.00016749443861496793
0.0002642412540232453
0.0005058724270938786
0.00104022307220486
0.0021829722070410007
0.004515938530126995
0.008772560968103305
0.014413897985452007
0.017816351348144854
0.014056198190187441
0.006438274853566739
0.003314821292830006
0.006394599516673205
7.742916796227295e-5
52117.163580 seconds (1.04 G allocations: 119.088 TiB, 5.98% gc time, 0.01% compilation time)
Finished order 2
loss std: 0.005520540466074786
