magnitude: 0.14020807860129986
learning rate: 0.028041615720259972
  0.320293 seconds (241.07 k allocations: 11.422 MiB, 99.97% compilation time)
  0.641450 seconds (1.88 M allocations: 225.543 MiB, 33.33% gc time, 52.04% compilation time)
0.3217031715616038
0.29411467043294026
0.29132615610927415
0.2925638310002917
0.2911734399542487
0.2886132911718313
0.28680708439667224
0.28637764608355776
0.28645124636038255
0.28606257107227795
0.2851516199608686
0.2842343593456055
0.2836860612951623
0.283473550667073
0.283359575316275
0.2831376483167475
0.2827972354756595
0.28249607872259275
0.282324026764991
0.2821955097712099
0.2819902641962112
0.2817085432059847
0.28148279316181657
0.28142375515066376
0.28147703705407745
0.2814850119968523
0.28136518479559824
0.2811795334612921
0.2810414030101329
0.28100011521102664
0.2810095578029608
0.2809877640123746
0.2809022086288264
0.2807903663308525
0.2807126907328811
0.2807003717738392
0.2807323137146627
0.2807518747181428
0.280720330139578
0.28065386684924487
0.28059909682361805
0.2805807242143714
0.28058335988558947
0.28057933360139975
0.2805600392902715
0.28053683680836217
0.280523051556555
0.28052135549266655
0.2805213228354375
0.28050892203409716
0.2804849337101709
0.2804673807311264
0.2804686556138355
0.2804788852959722
0.28047991764584246
0.28046862886504764
0.28045616123515393
0.28044959241844314
0.28044689014300894
0.28044569164152755
0.2804453545714297
0.2804438674147536
0.28043983190457356
0.2804349140450233
0.2804320121192462
0.280432115016942
0.2804331853229767
0.2804321937605925
0.28042867179185715
0.2804255824106976
0.2804253340304018
0.28042632486953245
0.2804256735238073
0.2804234254161142
0.28042173957833727
0.28042149077298884
0.2804217455560788
0.2804216868732634
0.2804211772050922
0.28042031177362836
0.2804195598222563
0.2804193103237178
0.28041924820506237
0.2804188897882258
0.2804183307287349
0.2804180563394697
0.2804181856916951
0.2804183172230612
0.28041808699643433
0.28041758143431705
0.2804171854781401
0.2804171231790962
0.2804172635523434
0.28041731682666304
0.2804171502533379
0.28041689738058717
0.2804167517065067
0.2804167530489542
0.2804167853348063
0.28041674319130894
0.28041674319130894
11691.584088 seconds (91.86 M allocations: 794.990 GiB, 0.33% gc time, 0.16% compilation time)
0.28041674319130894
Finished order 1
magnitude: 0.14020837159565447
learning rate: 0.028041674319130894
  0.002211 seconds (17.73 k allocations: 1.701 MiB)
  2.274005 seconds (45.39 M allocations: 4.674 GiB, 12.75% gc time)
0.6011056270636432
0.459112331645541
0.23367646242444184
0.19997057473707602
0.17572288765591337
0.15056860792213766
0.12238246024126742
0.11121688812443842
0.1070104657516111
0.09008275778978692
0.07787695801554695
0.06983307470871492
0.05632648141863095
0.0493124050831627
0.04946152530753023
0.04491017033859657
0.04007170695229434
0.03765742111464587
0.03214758461215672
0.026947923872484902
0.025285634335164286
0.023267353124630574
0.020512722713009746
0.01896843090136313
0.01812474942368192
0.016974988219412346
0.014720959992848504
0.012090424937915234
0.010727126778836693
0.01037977170385318
0.009630958318948335
0.008535959605573296
0.007871764311454976
0.0071641690735552155
0.006438424669824805
0.006119257158284652
0.005502410462101426
0.004463705418832342
0.0037643281768626746
0.0037818498234740705
0.0037610715856974952
0.0033237525191897044
0.0030446071109029305
0.0026755973174568126
0.0022372074455337954
0.0021015091854702517
0.001945765543918232
0.001819148298571438
0.0017411759234158275
0.0014488422887651842
0.0012317058161923633
0.001185065396073881
0.0011683745619792685
0.001031217165359144
0.0009250418968276275
0.000823910241948056
0.000686145490150003
0.0007185360041568334
0.0006759317360872652
0.0005686740906333254
0.0005112488679445137
0.00045432313068294317
0.00043143742398943363
0.00040705528757589704
0.0003826990195793245
0.00033516505033548416
0.00030438502312224447
0.0002741416529769003
0.0002588231750009218
0.0002502082197843869
0.00021406700627812913
0.00020085823331283947
0.00018988775199768604
0.0001772523192633546
0.00016842850272158483
0.0001477813045449583
0.00013413807313367165
0.000130541704321252
0.00012296018774105022
0.00011582033270662873
0.0001113478414328517
9.83748233467363e-5
9.512303388181653e-5
9.344816283118895e-5
8.539214756808633e-5
8.082144673637881e-5
7.763291183560117e-5
7.264745418456009e-5
7.06846052783705e-5
6.922731515623948e-5
6.496367106745282e-5
6.221907335635102e-5
5.9414487073694566e-5
5.794733703823329e-5
5.6719542792738054e-5
5.445456598018872e-5
5.258070555491656e-5
5.1690790700664735e-5
4.966267878436792e-5
4.893544153428131e-5
4.893544153428131e-5
24668.470503 seconds (523.15 M allocations: 59.839 TiB, 6.10% gc time, 0.01% compilation time)
4.893544153428131e-5
Finished order 2
0
1
2
3
4
Hey
done
