magnitude: 0.08223613945691771
learning rate: 0.01644722789138354
  0.465032 seconds (241.07 k allocations: 11.421 MiB, 99.97% compilation time)
  0.771977 seconds (2.21 M allocations: 267.853 MiB, 9.94% gc time, 63.65% compilation time)
0.1818764506793623
0.1818764506793623
0.575419449675094
0.575419449675094
0.1689491059290643
0.1689491059290643
0.16559347748427922
0.16559347748427922
0.16471965571670322
0.16471965571670322
0.16456986563586207
0.16456986563586207
0.16452213193027387
0.16452213193027387
0.1645055177973851
0.1645055177973851
0.1644927371501682
0.1644927371501682
0.16448176439031303
0.16448176439031303
0.1644804221995131
0.1644804221995131
0.16447459848270463
0.16447459848270463
0.16447385996139696
0.16447385996139696
0.16447294381642596
0.16447294381642596
0.1644726003141469
0.1644726003141469
0.1644726613891816
0.1644726613891816
0.1644725079051309
0.1644725079051309
0.16447244843713194
0.16447244843713194
0.16447239191509644
0.16447239191509644
0.16447234472272942
0.16447234472272942
0.16447230029893767
0.16447230029893767
0.16447228672199676
0.16447228672199676
0.16447228099187583
0.16447228099187583
0.164472281863841
0.164472281863841
0.16447227978652001
0.16447227978652001
2975.398089 seconds (58.77 M allocations: 297.423 GiB, 0.78% gc time, 0.97% compilation time)
Finished order 1
loss std: 2.4250327034243937e-5
magnitude: 0.08223613989326001
learning rate: 0.016447227978652
  0.003193 seconds (17.73 k allocations: 1.701 MiB)
  6.605386 seconds (53.73 M allocations: 5.620 GiB, 16.33% gc time)
0.3343378623067573
0.3343378623067573
0.6785095708465008
0.6785095708465008
0.23474673253464007
0.23474673253464007
0.1925075238356403
0.1925075238356403
0.16705272197331789
0.16705272197331789
0.1526708932270202
0.1526708932270202
0.1463267507772693
0.1463267507772693
0.14050230162392274
0.14050230162392274
0.13886740340615578
0.13886740340615578
0.13687970382884806
0.13687970382884762
0.13594193488471906
0.1359419348847195
0.13515447534972858
0.13515447534972858
0.13456552249860687
0.13456552249860687
0.13369582506805344
0.13369582506805344
0.1332588268577558
0.13325882685775559
0.13272855037930542
0.1327285503793052
0.13170945307346227
0.13170945307346205
0.1306856540877901
0.1306856540877901
0.12874691610243838
0.12874691610243838
0.12627247468286928
0.12627247468286928
0.12124002663430311
0.12124002663430311
0.11510491180096805
0.11510491180096805
0.104305329701461
0.104305329701461
0.0868618190020225
0.0868618190020225
0.07060242962709418
0.07060242962709418
0.06317816581924329
0.06317816581924329
0.05462153858932184
0.054621538589321394
0.04567080070363416
0.045670800703634384
0.0396285624339886
0.0396285624339886
0.034378592554388354
0.034378592554388354
0.03160319773867881
0.03160319773867881
0.026455490220555933
0.026455490220556155
0.02420062712591764
0.02420062712591764
0.021523556217002193
0.021523556217002193
0.01828051724168067
0.01828051724168067
0.015796284265025773
0.01579628426502555
0.014440222169471384
0.014440222169471384
0.01283750196207567
0.012837501962075892
0.011573120109758861
0.011573120109759083
0.010240384181738338
0.01024038418173856
0.00949730073625854
0.009497300736259096
0.008891317660449483
0.008891317660449372
0.008257702971165015
0.008257702971165015
0.007683373724937437
0.007683373724936993
0.007202859539654716
0.007202859539654605
0.006940490098148788
0.006940490098148455
0.0063954749619636875
0.0063954749619639095
0.006443534231557302
0.006443534231557302
0.006090755486104604
0.006090755486104604
0.005749514262247457
0.005749514262247235
0.005464166155487504
0.005464166155487504
0.005237202825697285
0.005237202825697507
0.004990368628548292
0.004990368628548514
0.004758540118250831
0.004758540118250831
0.004578684495071372
0.004578684495071483
0.004498751350039076
0.004498751350039076
0.004185202640917929
0.004185202640917929
0.004082246455930694
0.00408224645593025
0.003918908593490644
0.003918908593490644
0.003715596262943932
0.003715596262943932
0.003537311359586681
0.003537311359586459
0.0034011927381178975
0.0034011927381185636
0.003268850762321973
0.003268850762322195
0.00315257123208057
0.003152571232080126
0.003027363300719399
0.003027363300719843
0.002895630315050246
0.002895630315050024
0.0028296725249455923
0.0028296725249458143
0.0027326704045036454
0.0027326704045038674
0.002698100236369072
0.00269810023636885
0.0025610454443771857
0.0025610454443774078
0.0025071077134963815
0.0025071077134959374
0.002448234017029205
0.002448234017029205
0.002355466062070155
0.002355466062069711
0.0023475823111933636
0.0023475823111933636
0.002291147353722711
0.002291147353722489
0.00222088935611664
0.002220889356116418
0.002168070879436157
0.002168070879436157
0.0021016053217112196
0.0021016053217112196
0.0020349129571706204
0.0020349129571706204
0.0019802393384636963
0.0019802393384639183
0.0019224464616205417
0.0019224464616205417
0.0018710961497878653
0.0018710961497878653
0.0018275643663950847
0.0018275643663946406
0.001756042405747782
0.0017560424057473378
0.001738709393650062
0.001738709393650062
0.0016896961159259538
0.0016896961159255097
0.0016571726478693538
0.0016571726478693538
0.0016216311145903495
0.0016216311145903495
0.001570905207219253
0.001570905207219253
0.0015569225704430423
0.0015569225704434864
0.0014884527900450584
0.0014884527900452804
0.0014684725881198846
0.0014684725881197735
0.0014312723242033698
0.0014312723242029257
0.0014135905110079783
0.0014135905110077562
0.001366062675074553
0.001366062675074331
0.0013430253565924755
0.0013430253565930306
0.0013156028537015807
0.0013156028537018027
0.0012721440072989143
0.0012721440072989143
0.0013299818823990783
0.0013299818823990783
0.0012483023399131321
0.0012483023399131321
0.0012015138461527464
0.0012015138461523023
0.0011661609000735984
0.0011661609000735984
0.0011285217845701245
0.0011285217845705686
0.0010975624577002074
0.0010975624577004295
0.0010691301876767367
0.0010691301876769588
0.0010260056990478716
0.0010260056990478716
0.0009982432043255107
0.0009982432043257328
0.0009742720821469542
0.0009742720821465101
0.0009335869508575456
0.0009335869508575456
0.0009089592971953664
0.0009089592971955884
0.0008787348299122977
0.0008787348299125197
0.0008562736505356439
0.0008562736505356439
0.0008426990211588548
0.0008426990211585217
0.0008196760688369276
0.0008196760688369276
0.0007954996566675865
0.0007954996566673644
0.0007732294500157888
0.0007732294500160108
0.0007574587348584405
0.0007574587348584405
0.0007383112632690647
0.0007383112632688427
0.0007249017736923324
0.0007249017736925545
0.0007072355168513678
0.0007072355168517008
0.0006870597570316495
0.0006870597570312054
0.0006738735243358995
0.0006738735243354554
0.0006602860578280856
0.0006602860578280856
0.000641707778268441
0.000641707778268441
0.0006316984611599574
0.0006316984611597354
0.000619486175192363
0.0006194861751918079
0.0006066487476577009
0.0006066487476577009
0.0005963897899555759
0.0005963897899555759
0.0005794612434143476
0.0005794612434144586
0.0005640446241834685
0.0005640446241839125
0.0005532331221351772
0.0005532331221350661
0.0005422520798221697
0.0005422520798221697
0.0005327161622386001
0.0005327161622386001
0.0005171894264968113
0.0005171894264968113
0.0005059789581405294
0.0005059789581406404
0.000496813360930215
0.000496813360930215
0.0004848345012185007
0.0004848345012189448
0.0004761201456014996
0.0004761201456008335
0.0004660069501214448
0.0004660069501214448
0.0004526921517616911
0.00045269215176191313
0.0004439989265541122
0.0004439989265541122
0.0004332329261104162
0.00043323292611019415
0.0004219734629293814
0.00042197346292960347
0.0004126570616694858
0.00041265706166970784
0.00040213904168751036
0.00040213904168751036
0.00039064215426687365
0.00039064215426687365
0.0003815129947520868
0.00038151299475253087
0.0003742418468493103
0.00037424184684919926
0.00036377561686307125
0.0003637756168628492
0.0003531060616598358
0.0003531060616598358
0.0003415324945429399
0.00034153249454327295
0.00033361284386956847
0.00033361284386956847
0.0003253228642188244
0.0003253228642184913
0.00031801507633810733
0.00031801507633821835
0.00030987843058638553
0.0003098784305861635
0.00030326633155075555
0.0003032663315509776
0.00029777471979286485
0.00029777471979242076
0.0002909232622255731
0.000290923262225129
0.0002853203155963602
0.00028532031559613813
0.0002790612271584836
0.0002790612271581505
0.00027318877701687505
0.0002731887770170971
0.00026624312107559334
0.00026624312107559334
0.00026125262380105596
0.000261252623801167
0.0002571143985936608
0.00025711439859377183
0.00024994681997270174
0.00024994681997225765
0.00024503990377855445
0.00024503990377855445
0.00023982774141662055
0.00023982774141673158
0.00023483412377056645
0.00023483412377056645
0.00023039992026396838
0.00023039992026396838
0.000226239753362667
0.000226239753362667
0.0002216683459217439
0.00022166834592141083
0.00021833360139744684
0.00021833360139744684
0.00021491218274616308
0.00021491218274616308
0.00020990407629406516
0.0002099040762942872
0.00020685792491736965
0.0002068579249171476
0.0002035758005040078
0.0002035758005040078
0.0001979054415909287
0.00019790544159103973
0.00019536624150617854
0.00019536624150617854
0.00019238421689882212
0.00019238421689860008
0.00018896948509683487
0.00018896948509639078
0.0001865862784525829
0.00018658627845236087
0.00018147650866295884
0.0001814765086627368
0.00018069677738674628
0.00018069677738663525
0.00017491217264964387
0.00017491217264942183
0.00017327053165661077
0.0001732705316562777
0.00017024512729890695
0.00017024512729846286
0.0001670032763328999
0.00016700327633312195
0.00016360762270994922
0.00016360762270994922
0.00016044638224177454
0.00016044638224177454
0.00015704741445865533
0.00015704741445865533
0.0001541823213222493
0.00015418232132202725
0.00015033162890421004
0.00015033162890443208
0.00014937404655523956
0.00014937404655523956
0.000145795327862408
0.000145795327862408
0.00014433998514717938
0.0001443399851467353
0.00014241659291747144
0.00014241659291747144
0.00014000705766337163
0.00014000705766292754
0.0001439012966112374
0.00014390129661157047
0.00013823698503157011
0.0001382369850314591
0.0001352798242119091
0.00013527982421224216
0.00013273676972713755
0.00013273676972680448
0.00013068728451792744
0.00013068728451781642
0.00012873243370625786
0.0001287324337059248
0.00012646104325775287
0.00012646104325775287
0.0001245052189198237
0.00012450521891960165
0.0001227486602491945
0.00012274866024930553
80564.167394 seconds (1.34 G allocations: 226.021 TiB, 8.79% gc time, 0.00% compilation time)
Finished order 2
loss std: 1.3198780570042411e-5
4
