magnitude: 0.021445623792518576
learning rate: 0.004289124758503715
  0.363313 seconds (241.07 k allocations: 11.422 MiB, 99.96% compilation time)
  0.427539 seconds (542.06 k allocations: 57.672 MiB, 3.59% gc time, 90.93% compilation time)
0.043926185111330396
0.0432305968703518
0.04309771537903484
0.04312853332530742
0.04316510845131738
0.043158880511241504
0.04311337703660156
0.043057585927208764
0.043014619318566094
0.04299119934661866
0.04298263705106886
0.04298072879145065
0.042978460466195134
0.042974400149351166
0.04296994793520548
0.04296499883194849
0.04295769843892683
0.04294667845696598
0.04293386569878932
0.042923888873283134
0.04291982053127574
0.04292099635943836
0.04292446172295461
0.042926607801598404
0.04292450178216001
0.04291768287671305
0.04290913970148236
0.042903353039921543
0.04290267363792899
0.04290561738786636
0.042908415773756925
0.04290814201019244
0.042904771234856476
0.04290070345584762
0.04289833404991661
0.04289802470450199
0.042898508364529575
0.042898679546025886
0.04289835571435818
0.04289768274266437
0.042896688068207456
0.04289553978064653
0.04289467375100986
0.04289442915621944
0.04289467421399418
0.042894857799488206
0.04289452869116872
0.042893819200888306
0.04289327437141455
0.04289316718489955
0.04289320965371812
0.04289303599754357
0.042892698856301426
0.04289250433956193
0.04289253142065008
0.04289255353882637
0.04289239429603264
0.042892135820740585
0.0428919504948182
0.04289189785533842
0.04289192452542767
0.042891941404331946
0.04289188838361513
0.04289178216180578
0.042891685794717804
0.04289163500556692
0.04289161627887583
0.042891592220766994
0.04289154263065875
0.04289149578393259
0.04289148712519819
0.042891498895953006
0.042891488197972394
0.04289144475296924
0.04289139178768575
0.04289136039797725
0.042891365906347456
0.04289138949354632
0.04289139402245867
0.042891363372855595
0.04289132085419278
0.04289130260018914
0.0428913126421856
0.042891322789348596
0.0428913173923523
0.04289130691586718
0.042891299712686126
0.04289129131038505
0.04289128069956871
0.042891275535258844
0.04289127893446465
0.042891283483058706
0.042891281331154496
0.042891273216908
0.04289126536340737
0.04289126164452073
0.04289126201469695
0.04289126483656336
0.04289126657608189
0.04289126411944466
0.04289126164452073
1313.614020 seconds (58.92 M allocations: 38.310 GiB, 1.07% gc time, 1.58% compilation time)
0.04289126164452073
Finished order 1
magnitude: 0.021445630822260364
learning rate: 0.0042891261644520725
  0.015208 seconds (17.73 k allocations: 1.701 MiB)
  0.810144 seconds (12.01 M allocations: 1.159 GiB, 30.74% gc time)
0.04801533347904341
0.02055687876588408
0.010835786736382969
0.009635632502517866
0.009761120468178897
0.008759284702076542
0.006794655893543666
0.004909650298588808
0.0037813377816856564
0.003468164368746529
0.003735915350975838
0.004247250324774465
0.004661311816854696
0.004756735500060505
0.004468119502589962
0.0038288178188438104
0.0029497261335740266
0.0020247018716954557
0.0012778887379222281
0.0008682976069104287
0.00081434196176422
0.0009811843987900248
0.0011631673707503953
0.0012124317998187806
0.0011101006301634797
0.0009433172826616154
0.0008274866296493766
0.0008246238773570447
0.0009004417046705182
0.000951065016481234
0.00088351201643877
0.0006842886616318378
0.00042443002960734777
0.0002076635443176711
0.00010569382261238491
0.00012414496880441828
0.00021243671959803034
0.000301886139300267
0.0003449922617381196
0.00033265652107572485
0.00028530750145105976
0.00023076115068010328
0.00018689710470354282
0.00015812218913746623
0.00013996347517397645
0.00012527547624430202
0.00010847396020319255
8.741598750372503e-5
6.532280775550792e-5
5.016039942007389e-5
4.941507478506413e-5
6.338861470889245e-5
8.222135902102856e-5
9.189656270547353e-5
8.4475226815095e-5
6.304961709757695e-5
3.904065302329229e-5
2.3464361752156826e-5
1.9445341473800504e-5
2.22355728527468e-5
2.472463768021793e-5
2.368343571179654e-5
2.1016778588234253e-5
1.9912372559049984e-5
2.1260577237613987e-5
2.303276278303734e-5
2.2552882979143263e-5
1.884284861153329e-5
1.3193474654338289e-5
8.050737470788327e-6
5.184610980202287e-6
4.900965478338293e-6
6.231783581167605e-6
7.758444349637017e-6
8.439662070203191e-6
7.974453157699735e-6
6.794488875749849e-6
5.629217949221221e-6
4.9519191945845975e-6
4.607330429617917e-6
4.013883808107188e-6
2.9262381030514817e-6
1.7543187759150314e-6
1.2264739154277393e-6
1.6395706138316868e-6
2.517809744140287e-6
3.0790801119895406e-6
2.888882330576159e-6
2.157809582015169e-6
1.40286499838993e-6
9.728624836835564e-7
8.673369267242492e-7
8.793158444708737e-7
8.5597490306899e-7
7.939200875606289e-7
7.519588784976605e-7
7.566372586254033e-7
7.897755907038118e-7
7.976700597822628e-7
7.280987334157274e-7
7.280987334157274e-7
1615.710641 seconds (196.44 M allocations: 1018.888 GiB, 4.70% gc time, 0.18% compilation time)
7.280987334157274e-7
Finished order 2
