magnitude: 0.0822361394569171
learning rate: 0.01644722789138342
  0.321751 seconds (241.07 k allocations: 11.422 MiB, 99.97% compilation time)
  0.472105 seconds (2.21 M allocations: 267.852 MiB, 4.99% gc time, 71.48% compilation time)
0.184284464835205
0.1715987160718132
0.16830430125919194
0.1693819416428599
0.17009711120693372
0.16925529658670913
0.16809168710767675
0.1675333518674197
0.1672671764727348
0.16687851053543534
0.16649118799805795
0.16629847865733127
0.16616213542828817
0.16594902133596068
0.1657847391424222
0.1657579780222036
0.16572600957203
0.16556692357121605
0.1653661505645796
0.1652401495442012
0.16516672217906236
0.165083898786618
0.16502422175188702
0.1650339303208802
0.1650563602362669
0.16500530053976037
0.16489525531262927
0.1648037391341598
0.16475682930688473
0.1647318286865933
0.1647235306142073
0.16473258528289125
0.16472825312985684
0.16468836729691816
0.16464281720701823
0.1646271534269137
0.16462894023083163
0.16461892663922384
0.16459779894586468
0.164579500541162
0.16456410668041366
0.16455136407720017
0.1645490221622934
0.16455355643330905
0.16455109514870658
0.16454031476582687
0.16452956086471016
0.16451913878479918
0.16450808191944744
0.16450374716362226
0.1645079739774672
0.16451118407971188
0.16450840770976738
0.1645032438843902
0.16449700584741633
0.1644903402991299
0.16448785499540552
0.16448993267926493
0.16449114012556232
0.16448984587833848
0.1644877602821051
0.16448432316640293
0.1644805417811832
0.16447986863646158
0.16448154860744313
0.16448199512159778
0.16448084731073287
0.16447928617448526
0.1644775950924533
0.16447671007531495
0.16447698741645256
0.16447700950322186
0.1644763719056168
0.16447596750147686
0.1644757042164141
0.16447526941668056
0.16447499038780544
0.16447469285208427
0.16447419734418411
0.1644739962077335
0.16447408897135607
0.16447405175162622
0.16447391273344558
0.1644736584201577
0.1644732728763102
0.16447314431273208
0.16447328562311303
0.16447330499250257
0.1644731679364072
0.16447295627939262
0.16447274197180362
0.1644727562817847
0.16447290457181463
0.1644728740716257
0.16447271779213624
0.1644725986508493
0.16447254517842524
0.1644725774059157
0.1644726078210963
0.16447255593151844
0.16447254517842524
12981.607505 seconds (101.21 M allocations: 1.157 TiB, 0.38% gc time, 0.15% compilation time)
0.16447254517842524
Finished order 1
magnitude: 0.08223627258921262
learning rate: 0.016447254517842524
  0.002346 seconds (17.73 k allocations: 1.701 MiB)
  3.424833 seconds (53.73 M allocations: 5.620 GiB, 13.24% gc time)
0.32175502294535174
0.299664720757149
0.2359659159081976
0.21356404010463337
0.19989197766340694
0.19409955716601146
0.18925097622145426
0.17858935647041352
0.1707970114295706
0.1656098694354946
0.1601253248029778
0.1578441654036149
0.15674426204187453
0.1527830273239098
0.14747973229529154
0.14415858841136142
0.14232023475812372
0.13952681015887325
0.1362392836927957
0.13338969755234864
0.12988730820325123
0.12568622521770767
0.12147781459032103
0.11693414923146761
0.11173284915898674
0.10593378882184123
0.09941872936169183
0.09175971365136115
0.08306351646019483
0.0741829064453916
0.06527654925722148
0.056011528601512706
0.0465999259996257
0.03749183761520647
0.029111444539892783
0.02181398409479618
0.015957977915719734
0.01165483416429769
0.008731232054024263
0.007054695624320595
0.006423652511157396
0.006652498903836013
0.007359550499744794
0.008148197948333102
0.008884479588648575
0.009462650103279957
0.009790846446935841
0.009829533360008913
0.009605787779735198
0.009119344459247891
0.008449301414731103
0.007690107010276392
0.006873229155166305
0.006005857496940159
0.005120104061132613
0.00429297504767967
0.003541719312228353
0.002889519965758258
0.002368130338481711
0.0019926000360197538
0.0017315048095056795
0.0015642556425561338
0.0014879971372643297
0.0014934439567443336
0.0015263788967594394
0.001548605611034426
0.0015438966723186898
0.0015151963960087222
0.0014595702203925587
0.0013629495915112866
0.0012322302748579705
0.0010935443312489745
0.000960046756156907
0.0008404167974036536
0.0007320388519234111
0.0006357236748162354
0.0005587953039098981
0.0005048912523810678
0.00046521627189410886
0.0004376609967942091
0.00042044262428952983
0.0004102957278369068
0.0004029641714411447
0.0003943539648821881
0.000383915647121702
0.00037104336311832853
0.0003532076023274877
0.0003322826408274082
0.00031026026657687833
0.00028677507922725276
0.0002632710748997624
0.0002408395391568785
0.00022082834780934313
0.0002040761565964555
0.0001902855124853442
0.0001796959621497285
0.00017233316600462345
0.0001673098348633495
0.0001632198510193028
0.0001593678870666082
0.0001593678870666082
34927.307824 seconds (658.34 M allocations: 110.804 TiB, 7.04% gc time, 0.01% compilation time)
0.00015936788706683025
Finished order 2
0
1
2
3
4
Hey
done
