magnitude: 0.028300756965636664
learning rate: 0.005660151393127333
  0.497550 seconds (241.07 k allocations: 11.423 MiB, 99.97% compilation time)
  0.687330 seconds (1.17 M allocations: 135.262 MiB, 9.54% gc time, 77.23% compilation time)
0.058914858447237206
0.058914858447237206
0.48868583191369674
0.48868583191369674
0.05695053020870022
0.05695053020870022
0.05670011551333354
0.05670011551333354
0.056626729351373695
0.056626729351373695
0.056611483555680575
0.056611483555680575
0.056604498828786376
0.056604498828786376
0.056603376365549574
0.056603376365549574
0.056602639142913636
0.056602639142913636
0.05660229284753293
0.05660229284753293
0.05660222452804886
0.05660222452804886
0.056602168187904756
0.056602168187904756
0.05660215087942744
0.05660215087942744
0.05660211873048793
0.05660211873048793
0.05660209905056701
0.05660209905056701
0.05660207582135579
0.05660207582135579
0.05660205532197382
0.05660205532197382
0.056602019251004276
0.056602019251004276
0.056601960353235836
0.056601960353235836
0.05660186086958585
0.05660186086958585
0.05660171977723316
0.05660171977723316
0.056601721795397686
0.056601721795397686
0.05660161249211093
0.05660161249211093
0.05660151616025044
0.05660151616025044
0.056601499433132085
0.056601499433132085
0.056601491977518514
0.056601491977518514
0.056601488752986095
0.056601488752986095
0.056601488402777345
0.056601488402777345
2488.700589 seconds (52.78 M allocations: 73.324 GiB, 0.65% gc time, 1.22% compilation time)
Finished order 1
loss std: 3.293030146486715e-7
magnitude: 0.028300744201388672
learning rate: 0.005660148840277735
  0.003011 seconds (17.73 k allocations: 1.701 MiB)
  2.588663 seconds (27.75 M allocations: 2.769 GiB, 13.85% gc time)
0.07352821843050228
0.07352821843050228
0.32401281892448086
0.32401281892448086
0.0223220232555712
0.0223220232555712
0.007609136710106323
0.007609136710106323
0.003393434433201281
0.003393434433201281
0.002014722541585301
0.002014722541585301
0.000993288377130086
0.000993288377130086
0.0007077734010042525
0.0007077734010042525
0.0004989208282547564
0.0004989208282547564
0.0003568267816771442
0.0003568267816771442
0.00025015454190324693
0.0002501545419030249
0.00015475261389596984
0.0001547526138957478
8.652205217052344e-5
8.652205217052344e-5
5.840311342819593e-5
5.840311342819593e-5
3.768333436993121e-5
3.768333436993121e-5
3.232557097854194e-5
3.2325570978319895e-5
2.4080528087000452e-5
2.4080528086778408e-5
2.0787743592931562e-5
2.0787743593153607e-5
1.788566737737085e-5
1.788566737737085e-5
1.3724442079698917e-5
1.3724442079698917e-5
1.3486625910608119e-5
1.3486625910830163e-5
1.206513975082757e-5
1.2065139750605525e-5
1.0046219758530484e-5
1.0046219758752528e-5
9.115008815729908e-6
9.115008815729908e-6
7.8104020689862e-6
7.810402069208244e-6
6.53772749514836e-6
6.53772749514836e-6
5.299652016121925e-6
5.29965201634397e-6
4.13000201238134e-6
4.13000201238134e-6
3.6713881854666397e-6
3.6713881854666397e-6
3.326909456480287e-6
3.326909456480287e-6
2.9308830453711465e-6
2.930883045149102e-6
2.744892144690425e-6
2.744892144690425e-6
2.4643380737154885e-6
2.464338073937533e-6
2.339410383633833e-6
2.339410383633833e-6
1.9752268979322807e-6
1.9752268979322807e-6
1.8962880210526833e-6
1.8962880210526833e-6
1.696268448148075e-6
1.6962684479260304e-6
1.637787169217475e-6
1.637787169217475e-6
1.37144804623901e-6
1.37144804623901e-6
1.2607923580709723e-6
1.2607923580709723e-6
1.148475778256497e-6
1.148475778256497e-6
1.009726326772764e-6
1.009726326772764e-6
1.1009306160048027e-6
1.100930615782758e-6
9.403480975000988e-7
9.403480977221435e-7
8.449497224116698e-7
8.449497224116698e-7
7.848642196162103e-7
7.848642196162103e-7
7.025859477538532e-7
7.025859477538532e-7
6.552079694355228e-7
6.552079694355228e-7
5.982946771343478e-7
5.982946771343478e-7
5.473350566109758e-7
5.473350563889312e-7
5.043582748109898e-7
5.043582748109898e-7
4.3730122212259914e-7
4.3730122212259914e-7
4.2133173616676345e-7
4.2133173616676345e-7
3.861016024675479e-7
3.861016024675479e-7
6965.577591 seconds (175.52 M allocations: 7.048 TiB, 5.01% gc time, 0.05% compilation time)
Finished order 2
loss std: 5.029106034291354e-7
magnitude: 1.9305080123377394e-7
learning rate: 3.861016024675479e-8
  0.065125 seconds (194.54 k allocations: 24.923 MiB)
 25.249384 seconds (292.07 M allocations: 28.559 GiB, 14.43% gc time)
3.860826987001076e-7
3.860826989221522e-7
0.42916717515526603
0.42916717515526603
4.536057629511703e-8
4.536057629511703e-8
937.382214 seconds (60.56 M allocations: 2.384 TiB, 18.11% gc time)
Finished order 3
loss std: 0.2477796595563572
4
