magnitude: 0.5
learning rate: 0.1
  0.482419 seconds (241.07 k allocations: 11.422 MiB, 99.97% compilation time)
  0.788726 seconds (2.21 M allocations: 267.853 MiB, 9.06% gc time, 65.08% compilation time)
0.99989573116369
0.99989573116369
0.957822364766999
0.957822364766999
0.9926909786035598
0.9926909786035598
0.9877529970136695
0.9877529970136695
0.9934674750847885
0.9934674750847885
0.992689896344094
0.992689896344094
0.9797918407420727
0.9797918407420727
0.9748689265761361
0.9748689265761361
0.9484726033371621
0.9484726033371621
0.9996090824004348
0.9996090824004348
0.9369603918372033
0.9369603918372034
0.9266197616549882
0.9266197616549882
0.9280048463426093
0.9280048463426093
0.9157347352515974
0.9157347352515974
0.906510032800609
0.906510032800609
0.8962459109581021
0.8962459109581021
0.8871356595184553
0.8871356595184553
0.8785477848465084
0.8785477848465084
0.8651969481512202
0.8651969481512202
0.8539950131723422
0.8539950131723422
0.8441365960930638
0.844136596093064
0.8282305379030823
0.8282305379030823
0.8187792580715187
0.8187792580715189
0.8125988146295874
0.8125988146295874
0.8072112163180285
0.8072112163180283
0.8029990001056775
0.8029990001056775
0.7979344574260363
0.7979344574260363
0.7942068789509822
0.7942068789509822
0.7891724261209172
0.7891724261209172
0.7864177294450949
0.7864177294450949
0.7836085225473807
0.7836085225473807
0.7813698829922548
0.781369882992255
0.7793678440807073
0.7793678440807073
0.7793286587707399
0.77932865877074
0.7784901907603137
0.7784901907603138
0.7775635613544896
0.7775635613544896
0.7770882607499281
0.7770882607499283
0.7765493282799665
0.7765493282799665
0.7762929213116948
0.7762929213116947
0.775929407336932
0.775929407336932
0.7757080048812128
0.7757080048812128
0.7754400089091598
0.7754400089091598
0.775244271953922
0.775244271953922
0.774698283376543
0.7746982833765431
0.7742788682277972
0.7742788682277972
0.7737772537788552
0.7737772537788552
0.7739106732258987
0.7739106732258987
0.7734358938980509
0.7734358938980508
0.7730005015740542
0.7730005015740542
0.7724697275892461
0.7724697275892461
0.7721186707562239
0.7721186707562238
0.7718368527805356
0.7718368527805355
0.771576553343722
0.771576553343722
0.771269685736153
0.771269685736153
0.770857619509534
0.770857619509534
0.7702548066458643
0.7702548066458643
0.7696041941646544
0.7696041941646545
0.7684307911662189
0.7684307911662189
0.7669114922058397
0.7669114922058398
0.7653920803383434
0.7653920803383434
0.767401993407962
0.767401993407962
0.764006441671452
0.764006441671452
0.7609697934973605
0.7609697934973605
0.7591696213855292
0.7591696213855293
0.7577780472886657
0.7577780472886657
0.7571403537875292
0.7571403537875292
0.7563017429732468
0.7563017429732467
0.7554501798503729
0.7554501798503729
0.7543495982839276
0.7543495982839274
0.7538425246585249
0.7538425246585249
0.7535668759039529
0.7535668759039529
0.7533920286742377
0.7533920286742377
0.7532860671522128
0.7532860671522128
0.7532377708409351
0.7532377708409351
0.7531936478039389
0.753193647803939
0.7531401853803082
0.7531401853803082
0.7530972570410521
0.7530972570410521
0.7530611882170207
0.7530611882170207
0.7530385377989931
0.753038537798993
0.7529983710373438
0.7529983710373438
0.7529659059836944
0.7529659059836945
0.7529213094346804
0.7529213094346804
0.7528641539715557
0.7528641539715559
0.7528344440401453
0.7528344440401452
0.7528080291236952
0.7528080291236949
0.7527873647200632
0.7527873647200634
0.752773381268113
0.7527733812681131
0.752756728869878
0.7527567288698781
0.7527450825007278
0.752745082500728
0.752724314500863
0.752724314500863
0.7527197710333727
0.7527197710333727
0.7526952011374215
0.7526952011374215
0.7526911323544989
0.752691132354499
0.7526844924541154
0.7526844924541156
0.7526794570404507
0.7526794570404507
0.7526747012194752
0.7526747012194752
0.75266992442337
0.7526699244233701
0.7526656388291615
0.7526656388291614
0.7526608749488848
0.7526608749488848
0.7526548028817639
0.752654802881764
0.752650884698348
0.7526508846983482
0.7526458010467888
0.7526458010467889
0.7526462453475273
0.7526462453475273
0.752641981489796
0.752641981489796
0.7526359264499526
0.7526359264499526
0.7526305574705172
0.7526305574705173
0.7526255066190317
0.7526255066190317
0.7526212570504074
0.7526212570504074
0.7526182069636507
0.7526182069636507
0.7526148931139768
0.7526148931139767
0.752611040427917
0.7526110404279172
0.7526082876042135
0.7526082876042136
0.7526053251032466
0.7526053251032466
0.7526035781517438
0.7526035781517438
0.7526022151969451
0.7526022151969451
0.752601482925547
0.752601482925547
0.752599447519102
0.752599447519102
0.7525986951269201
0.7525986951269201
0.7525975033525376
0.7525975033525377
0.7525956607279405
0.7525956607279405
0.7525936695723052
0.7525936695723052
0.7525922615601415
0.7525922615601415
0.7525905092491421
0.7525905092491421
0.7525890726319799
0.7525890726319799
0.7525866849425484
0.7525866849425484
0.7525836382137152
0.7525836382137152
0.7525794130726897
0.7525794130726897
0.7525767929436203
0.7525767929436205
0.7525745598729411
0.7525745598729411
0.7525724066506891
0.7525724066506891
0.7525709303223647
0.7525709303223646
0.7525694681164002
0.7525694681164002
0.7525673125215472
0.7525673125215472
0.7525658688421429
0.7525658688421429
0.7525642819945938
0.7525642819945938
0.7525634011438197
0.7525634011438197
0.7525623475807945
0.7525623475807945
0.7525616194499596
0.7525616194499595
0.7525607475633166
0.7525607475633166
0.752559871723587
0.752559871723587
0.7525586449628459
0.7525586449628459
0.7525577946357224
0.7525577946357224
0.7525564397238524
0.7525564397238524
0.7525553427703537
0.7525553427703537
0.7525540742900549
0.7525540742900552
0.7525534456277647
0.7525534456277647
0.7525527044463607
0.7525527044463607
0.7525520346966512
0.7525520346966512
0.7525514306150404
0.7525514306150404
0.7525508161556933
0.7525508161556933
0.7525501025442718
0.7525501025442718
0.7525494236888268
0.7525494236888268
0.7525487290083469
0.7525487290083469
0.7525480864737106
0.7525480864737106
0.7525475034789553
0.7525475034789553
0.7525467584556627
0.7525467584556627
0.752546428597191
0.752546428597191
0.7525460230668233
0.7525460230668233
0.7525458026760873
0.7525458026760872
0.7525454784747236
0.7525454784747236
0.7525449606355283
0.7525449606355283
0.7525444242113241
0.7525444242113241
0.7525440345609349
0.7525440345609348
0.7525435623058037
0.7525435623058037
0.7525433734349547
0.7525433734349547
0.7525431241458493
0.7525431241458491
0.7525426773924894
0.7525426773924893
0.7525424044709834
0.7525424044709834
0.7525421494628721
0.7525421494628723
0.7525418268711118
0.7525418268711118
0.7525417418403268
0.7525417418403268
0.7525416223288577
0.7525416223288577
0.7525415451813472
0.7525415451813471
0.7525414231548742
0.7525414231548742
0.7525413522081128
0.7525413522081127
0.7525412912992563
0.7525412912992563
0.7525411755733022
0.7525411755733022
0.7525410442144967
0.7525410442144967
0.7525408930224855
0.7525408930224855
0.7525408310975821
0.7525408310975821
0.752540785696065
0.752540785696065
0.7525407295798446
0.7525407295798447
0.7525406742285627
0.7525406742285627
0.7525406276643627
0.7525406276643627
0.7525406009913553
0.7525406009913554
0.7525405492955406
0.7525405492955406
0.7525405271349053
0.7525405271349053
0.7525404691461823
0.7525404691461823
0.7525404433798029
0.752540443379803
0.752540413626832
0.7525404136268321
0.7525403606097321
0.7525403606097321
0.7525403661278538
0.7525403661278538
0.7525403350059328
0.7525403350059328
0.7525403074940263
0.7525403074940263
0.7525402941761277
0.7525402941761278
0.7525402803301168
0.7525402803301167
0.7525402641303173
0.7525402641303174
0.7525402542746107
0.7525402542746106
0.752540241720295
0.7525402417202951
0.7525402343719525
0.7525402343719524
30380.683904 seconds (155.12 M allocations: 2.358 TiB, 0.67% gc time, 0.10% compilation time)
Finished order 1
loss std: 1.738865533018029e-7
magnitude: 0.37627011718597625
learning rate: 0.07525402343719526
  0.002712 seconds (17.73 k allocations: 1.701 MiB)
  5.506757 seconds (53.73 M allocations: 5.620 GiB, 10.21% gc time)
0.9764750544257141
0.9764750544257141
0.8534465121921515
0.8534465121921515
0.8471613301239249
0.847161330123925
0.6758770659049298
0.6758770659049298
0.9984699117941037
0.9984699117941037
0.5976324771931831
0.5976324771931828
0.5333720538185867
0.5333720538185867
0.4474792015871474
0.4474792015871474
0.38006129082809537
0.3800612908280955
0.34040989217607054
0.34040989217607076
0.3000563019054676
0.3000563019054676
0.26286658609061475
0.26286658609061475
0.23464796711666425
0.23464796711666414
0.20020256550704252
0.20020256550704285
0.1742110121650926
0.1742110121650926
0.15185510784516776
0.15185510784516776
0.13973390640763883
0.13973390640763883
0.12199090932287215
0.12199090932287215
0.11723479802522019
0.11723479802522019
0.1020274212440595
0.10202742124405972
0.09640675205253957
0.09640675205253935
0.08872937254363078
0.08872937254363078
0.07750046851399606
0.0775004685139955
0.08405270298694822
0.08405270298694822
0.07251124070097204
0.07251124070097226
0.0652902664963817
0.0652902664963817
0.060940275108597564
0.0609402751085979
0.05683331949299686
0.05683331949299686
0.05309305492960181
0.05309305492960181
0.04897479370113422
0.04897479370113467
0.04633889565027083
0.04633889565027016
0.042843621518582564
0.042843621518582675
0.03981255789157445
0.03981255789157423
0.0374951375026682
0.0374951375026682
0.03485273769296504
0.03485273769296504
0.032467272744115316
0.03246727274411576
0.03038042706122268
0.030380427061223236
0.028335572317476188
0.02833557231747641
0.026798506453426185
0.026798506453426407
0.025652185914958103
0.025652185914958325
0.022868807183070272
0.022868807183069828
0.02208909120717384
0.022089091207173173
0.020724531786605604
0.02072453178660605
0.01967849975162128
0.01967849975162106
0.018786785424913077
0.0187867854249133
0.017570040519813146
0.017570040519813035
0.01672862110463358
0.01672862110463358
0.01632269035702527
0.01632269035702505
0.014710944640076384
0.014710944640076384
0.014321257884167493
0.014321257884168048
0.01340934705600838
0.01340934705600838
0.01260375593022034
0.01260375593022034
0.011762496490286933
0.011762496490286933
0.01115658990735413
0.011156589907354464
0.010493733480398393
0.010493733480398393
0.01008073945581256
0.010080739455812227
0.009629531933511792
0.009629531933512014
0.00919381570769151
0.00919381570769151
0.008897061462233236
0.008897061462232791
0.00816086486042189
0.008160864860422334
0.008556919688773368
0.008556919688773368
0.0078196087854705
0.007819608785470278
0.007476992942365035
0.007476992942365035
0.007137995011011311
0.007137995011011089
0.006845100639040869
0.0068451006390403135
0.006480811749661197
0.00648081174966153
0.0061611241848826825
0.006161124184883127
0.0058915583985659215
0.0058915583985661435
0.005670981024710642
0.005670981024710198
0.005422070571289961
0.005422070571289517
0.005105033888471278
0.0051050338884707225
0.004947095580428051
0.004947095580428051
0.00468219026156369
0.00468219026156369
0.004561960546013322
0.004561960546013766
0.004313085906610392
0.004313085906610503
0.0041408987672241215
0.0041408987672240105
0.0039785235762165305
0.0039785235762166415
0.00368982031832632
0.00368982031832632
0.004003931383109949
0.004003931383109949
0.00355699761805095
0.003556997618051172
0.0033812604152230197
0.0033812604152232417
0.0032400189265600066
0.0032400189265600066
0.003061590291993266
0.003061590291993599
0.002911353041002762
0.002911353041002762
0.002793025248659875
0.002793025248660319
0.0026916851346685533
0.0026916851346685533
0.0025875900086593795
0.0025875900086593795
0.0025208870696324936
0.0025208870696320496
0.002295391543062353
0.002295391543062353
0.002230535630250996
0.002230535630250774
0.0021371800150123965
0.0021371800150121745
0.0020224718212730197
0.0020224718212732418
0.0018931190298636658
0.0018931190298636658
0.0017992238308244257
0.0017992238308247588
0.001702498810230102
0.00170249881022988
0.0016372168460893066
0.0016372168460891956
0.0015595785371416149
0.0015595785371413928
0.0014701629817552853
0.0014701629817548412
0.0014127281349365362
0.0014127281349367582
0.0013285874181825363
0.0013285874181827584
0.0012647016383557919
0.0012647016383551257
0.0011945829357038473
0.0011945829357042914
0.0011439976237925809
0.0011439976237925809
0.001088057160142486
0.001088057160142486
0.0010778665026924816
0.0010778665026920375
0.0009938165618074146
0.0009938165618073036
0.000965413113715341
0.0009654131137150079
0.0009283713598002841
0.0009283713598002841
0.0008869568761431523
0.0008869568761427082
0.0008409028815359321
0.0008409028815359321
0.0008106434779733274
0.0008106434779729943
0.000773948729735241
0.000773948729735241
0.0007419468654132899
0.0007419468654134009
0.0007064000061203224
0.0007064000061202114
0.0006692195037496518
0.0006692195037494297
0.0006427007484897107
0.0006427007484895997
0.0006154332393293327
0.0006154332393293327
0.0005834695527634493
0.0005834695527633382
0.0005524089934509924
0.0005524089934509924
0.0005323410984074961
0.0005323410984077181
0.0005017767921510208
0.0005017767921507987
0.0005015703101204361
0.0005015703101209912
0.0004883670927605666
0.0004883670927605666
0.00047444848692324015
0.0004744484869230181
0.00045188824004382955
0.00045188824004382955
0.0004335641952177838
0.0004335641952177838
0.0004115361151066921
0.0004115361151066921
0.00039717915243775437
0.00039717915243719926
0.0003837943951754408
0.00038379439517521874
0.00036447472643086343
0.0003644747264313075
0.00035728080932284634
0.0003572808093230684
0.00033814168499435304
0.0003381416849945751
0.00033015758212839863
0.0003301575821281766
0.0003190310548939479
0.00031903105489428096
0.00030415229905744745
0.00030415229905733643
0.00029638675200160947
0.00029638675200160947
0.00028373525069835814
0.00028373525069791405
0.00027827338284280856
0.00027827338284269754
0.00027116903477009124
0.00027116903477009124
0.00025850832861618045
0.00025850832861573636
0.00025158666954794295
0.00025158666954738784
0.0002409181522387005
0.0002409181522381454
0.00023480556107302597
0.00023480556107324801
0.0002285235172629907
0.0002285235172629907
0.0002166820992013374
0.00021668209920144843
0.00021483006808442617
0.00021483006808420413
0.00020176013275807758
0.0002017601327581886
0.00019785680327921717
0.00019785680327877309
0.00019189325975055294
0.00019189325975021987
0.0001887773019859651
0.0001887773019859651
0.00018014711584624088
0.00018014711584657395
0.0001749407408093706
0.0001749407408093706
0.0001706160084999908
0.00017061600849976877
0.00016393964305949638
0.00016393964305949638
0.00017440934115420248
0.00017440934115442452
0.0001598250194609907
0.00015982501946121275
0.00015207373461845197
0.00015207373461822993
0.0001469348569449469
0.000146934856945502
0.00014102734234733294
0.00014102734234733294
0.00013644141561841572
0.00013644141561841572
0.00013225636584934808
0.0001322563658499032
0.00012592847577141963
0.00012592847577186372
0.00012143294145061656
0.00012143294145072758
0.00011690544805498249
0.00011690544805442737
0.0001108647590986056
0.00011086475909904969
0.00010765456228356562
0.00010765456228356562
0.0001037856514787272
0.0001037856514787272
0.00010095415710020816
0.00010095415710076328
9.799662516440932e-5
9.799662516485341e-5
9.345297383189788e-5
9.345297383256401e-5
8.921092291891419e-5
8.921092291891419e-5
8.197782349361749e-5
8.197782349395055e-5
7.937343761732496e-5
7.937343761765803e-5
7.644926588801226e-5
7.644926588801226e-5
7.38229979964089e-5
7.382299799618686e-5
7.053325951744682e-5
7.053325951800193e-5
6.66559140788392e-5
6.665591407917226e-5
6.478335673465452e-5
6.478335673465452e-5
6.129839284207961e-5
6.129839284207961e-5
5.825684483573568e-5
5.825684483551363e-5
5.594850372825366e-5
5.594850372814264e-5
5.33983148598427e-5
5.33983148598427e-5
5.179414766454116e-5
5.179414766454116e-5
4.9620434013464276e-5
4.962043401368632e-5
4.7364208310529676e-5
4.7364208310529676e-5
4.5827368831963256e-5
4.582736883185223e-5
4.4613197879295186e-5
4.461319787951723e-5
4.192182799733768e-5
4.192182799722666e-5
4.085693592192907e-5
4.085693592192907e-5
3.917887171978052e-5
3.917887171978052e-5
3.82095601105803e-5
3.820956011013621e-5
3.661706262025888e-5
3.661706262048092e-5
3.475727352864055e-5
3.4757273529195665e-5
3.569742412512511e-5
3.569742412479204e-5
3.3560143355981786e-5
3.3560143355870764e-5
3.194996213762291e-5
3.194996213751189e-5
3.088084756130982e-5
3.088084756130982e-5
2.9507052604849093e-5
2.9507052605071138e-5
2.8499232779588546e-5
2.8499232779144457e-5
2.70397895284491e-5
2.703978952856012e-5
2.603976362025584e-5
2.6039763620477885e-5
2.5296341862546257e-5
2.5296341862990346e-5
2.4299345492417856e-5
2.4299345492417856e-5
2.32653157352658e-5
2.3265315735598868e-5
2.222343124702597e-5
2.2223431246692904e-5
2.1396787437177878e-5
2.1396787436955833e-5
2.2172135930143e-5
2.2172135930254022e-5
2.0720016625452864e-5
2.072001662523082e-5
1.9616665068777905e-5
1.961666506855586e-5
83699.597020 seconds (1.36 G allocations: 229.316 TiB, 8.53% gc time, 0.00% compilation time)
Finished order 2
loss std: 6.2497758749680725e-6
4
