magnitude: 0.3964936856073654
learning rate: 0.07929873712147309
  0.520036 seconds (241.07 k allocations: 11.422 MiB, 99.97% compilation time)
  0.666437 seconds (1.17 M allocations: 135.262 MiB, 7.67% gc time, 78.97% compilation time)
0.8647163351078626
0.8647163351078626
0.7971284469337065
0.7971284469337065
0.7319966705962857
0.7319966705962857
0.9976274549927895
0.9976274549927895
0.9776184459577282
0.9776184459577282
0.6794472152794522
0.6794472152794522
0.6611145777789849
0.6611145777789849
0.6342947890627153
0.6342947890627152
0.6143186492176123
0.6143186492176123
0.5990588340185536
0.5990588340185536
0.5895643108216717
0.5895643108216715
0.5886738674584956
0.5886738674584956
0.5868029760599092
0.5868029760599092
0.5865812925892282
0.5865812925892282
0.5863483507287384
0.5863483507287384
0.5860529351239343
0.5860529351239343
0.5860727576839164
0.5860727576839164
0.5859523298938427
0.5859523298938427
0.5858874434851709
0.5858874434851706
0.5858418058080026
0.5858418058080026
0.5858232364278441
0.585823236427844
0.5858076241137194
0.5858076241137193
0.5858022328879506
0.5858022328879506
0.5858009548820959
0.5858009548820959
0.5858001441661953
0.5858001441661953
0.5857997260449201
0.5857997260449201
0.5857993134172016
0.5857993134172016
0.5857992084575097
0.5857992084575094
0.585798887935455
0.585798887935455
0.5857988383752248
0.5857988383752248
0.5857987761015452
0.5857987761015451
0.5857987296871848
0.5857987296871848
0.5857986860619018
0.5857986860619018
0.5857986687512179
0.585798668751218
0.5857986547536984
0.5857986547536984
0.5857986528750173
0.5857986528750173
3677.602404 seconds (55.00 M allocations: 96.180 GiB, 0.45% gc time, 0.80% compilation time)
Finished order 1
loss std: 6.920058236550771e-5
magnitude: 0.29289932643750866
learning rate: 0.05857986528750173
  0.002833 seconds (17.73 k allocations: 1.701 MiB)
  2.113205 seconds (27.75 M allocations: 2.769 GiB, 13.02% gc time)
0.9234824283887862
0.9234824283887862
0.613613874887099
0.613613874887099
0.9954435921753436
0.9954435921753436
0.5567775204370287
0.5567775204370287
0.4100656610070794
0.41006566100707964
0.6150257410596707
0.6150257410596707
0.1926077742746315
0.19260777427463138
0.12840409501885297
0.12840409501885275
0.07406896207528868
0.07406896207528879
0.053040479586932365
0.05304047958693214
0.04000889945075237
0.04000889945075237
0.028986926584933737
0.028986926584933737
0.020392415612638493
0.020392415612638715
0.012882789407256512
0.012882789407256623
0.010568520069576204
0.010568520069576204
0.0075134227563722344
0.0075134227563722344
0.006600941970761998
0.0066009419707615535
0.004900608752350211
0.0049006087523497666
0.00419523507773456
0.004195235077734338
0.003117664067551873
0.003117664067551984
0.0026754202171603847
0.0026754202171604957
0.002281098225637379
0.00228109822563749
0.0018390661482383663
0.0018390661482383663
0.0015329967909095688
0.0015329967909099018
0.0013323236024567198
0.0013323236024570528
0.0011424586624854127
0.0011424586624853017
0.0009786325624960845
0.0009786325624958625
0.0008069878866592273
0.0008069878866594493
0.0006946289837848063
0.0006946289837848063
0.0005840968017001291
0.0005840968017002401
0.0005188205810215951
0.0005188205810215951
0.00044093103210873785
0.0004409310321085158
0.0003781550595205463
0.0003781550595205463
0.0003384124696443891
0.0003384124696443891
0.00029596408840748545
0.00029596408840748545
0.0002594041390401314
0.0002594041390401314
0.00023769162495979046
0.00023769162495979046
0.00021506594786879774
0.00021506594786901978
0.00019322304865521112
0.00019322304865498907
0.00017299210237853302
0.00017299210237875506
0.00015691980889809276
0.0001569198088977597
0.00014282247911912016
0.00014282247911912016
0.0001474456162605664
0.00014744561626067743
0.00013138150623492884
0.00013138150623515088
0.00011572411799187776
0.00011572411799187776
0.0001075692781760118
0.00010756927817578976
9.661172662833728e-5
9.661172662855932e-5
9.063035331369207e-5
9.063035331380309e-5
8.331731936506159e-5
8.331731936550568e-5
7.728607491475081e-5
7.728607491497286e-5
7.283451540940344e-5
7.283451540951447e-5
6.457813501992149e-5
6.457813501992149e-5
5.913771447962901e-5
5.9137714479851056e-5
5.512189544965018e-5
5.512189544942814e-5
5.164996599582583e-5
5.164996599582583e-5
4.7948111112861014e-5
4.794811111308306e-5
4.4152219276893945e-5
4.41522192766719e-5
3.995914856591565e-5
3.995914856591565e-5
3.779166717432503e-5
3.779166717432503e-5
3.5299264468324765e-5
3.5299264468324765e-5
3.338037934907945e-5
3.3380379348968425e-5
3.0534454278918766e-5
3.0534454278918766e-5
2.9151589842957293e-5
2.9151589843179337e-5
2.775367250262839e-5
2.7753672502850435e-5
2.5552490542035677e-5
2.555249054259079e-5
2.3870928658298318e-5
2.387092865840934e-5
2.2648155122428903e-5
2.2648155122428903e-5
2.1587471509154632e-5
2.15874715094877e-5
2.0617404264844374e-5
2.0617404264733352e-5
1.9273764074290156e-5
1.9273764074290156e-5
1.8316149944075377e-5
1.8316149944075377e-5
1.738063987910543e-5
1.738063987910543e-5
1.6573596316127315e-5
1.6573596315794248e-5
1.602125283350908e-5
1.602125283395317e-5
1.4971392099383252e-5
1.4971392099161207e-5
1.458856241798312e-5
1.458856241798312e-5
1.379972563086973e-5
1.379972563086973e-5
1.333452222529452e-5
1.3334522225627587e-5
1.2531560995343582e-5
1.253156099523256e-5
1.212594948385437e-5
1.2125949483632326e-5
1.1701115483320201e-5
1.1701115483320201e-5
1.1120608377046537e-5
1.1120608377046537e-5
1.0514243269810208e-5
1.0514243269810208e-5
1.0106874841486757e-5
1.0106874841375735e-5
9.610817896521517e-6
9.610817895966406e-6
9.308412642461406e-6
9.308412642572428e-6
8.975134608846247e-6
8.975134609068292e-6
8.39091548598958e-6
8.39091548598958e-6
8.15137272625055e-6
8.151372726472594e-6
7.857808338229688e-6
7.857808338118666e-6
7.283351283859929e-6
7.283351284081974e-6
7.0843103614492975e-6
7.0843103614492975e-6
6.827574637657818e-6
6.827574637213729e-6
6.356142133956411e-6
6.356142133956411e-6
6.109319766745003e-6
6.109319766967047e-6
5.824908819507257e-6
5.824908819285213e-6
5.334985864635655e-6
5.3349858644136106e-6
5.107923139346937e-6
5.107923139346937e-6
4.821001244437184e-6
4.821001244437184e-6
4.6734884588950365e-6
4.673488459006059e-6
4.283273652205821e-6
4.2832736523168435e-6
4.061375485475693e-6
4.061375485475693e-6
3.867436824345205e-6
3.867436824678272e-6
3.551020075320821e-6
3.5510200750987764e-6
4.110832393378061e-6
4.110832393489083e-6
3.422039046463432e-6
3.422039046463432e-6
3.191806394742258e-6
3.191806394631236e-6
3.048578905762156e-6
3.048578905762156e-6
2.839173608548684e-6
2.839173608548684e-6
2.719447328214386e-6
2.7194473279923415e-6
2.61022425762647e-6
2.61022425762647e-6
2.490441634028784e-6
2.4904416338067392e-6
2.4047573905505715e-6
2.4047573905505715e-6
2.3177427644904824e-6
2.31774276437946e-6
2.149015565722223e-6
2.149015565722223e-6
2.087591695287827e-6
2.087591695287827e-6
1.993183484705341e-6
1.993183484705341e-6
1.898804257383091e-6
1.898804257383091e-6
1.7861104772975978e-6
1.7861104775196424e-6
1.6981017582073932e-6
1.6981017580963709e-6
1.6090971730609027e-6
1.6090971727278358e-6
1.5428352742041795e-6
1.542835273982135e-6
1.4725486041644587e-6
1.4725486043865033e-6
1.3871565749390413e-6
1.3871565749390413e-6
1.3301340326954403e-6
1.3301340326954403e-6
1.3042092078530132e-6
1.304209207741991e-6
1.1543203233266297e-6
1.1543203233266297e-6
1.1193649644969383e-6
1.119364964385916e-6
1.0518308550810929e-6
1.051830855525182e-6
1.0007231310282805e-6
1.0007231308062359e-6
9.197988299902704e-7
9.197988298792481e-7
8.710621113294792e-7
8.710621113294792e-7
8.324676068482972e-7
8.324676067372749e-7
7.782123230271054e-7
7.782123228050608e-7
7.26487866864467e-7
7.26487866864467e-7
6.927212530261073e-7
6.927212530261073e-7
6.492521960055342e-7
6.492521957834896e-7
6.229280761216316e-7
6.229280762326539e-7
5.933255627921241e-7
5.933255627921241e-7
5.508239182550057e-7
5.508239184770503e-7
5.299636338662594e-7
5.299636336442148e-7
4.855618251919935e-7
4.855618249699489e-7
4.568491220879878e-7
4.568491219769655e-7
4.3590944143190313e-7
4.3590944154292544e-7
4.103776372055279e-7
4.103776374275725e-7
19696.320399 seconds (463.32 M allocations: 18.927 TiB, 4.20% gc time, 0.02% compilation time)
Finished order 2
loss std: 2.6387742985194933e-7
magnitude: 2.0518881860276394e-7
learning rate: 4.103776372055279e-8
  0.222325 seconds (194.54 k allocations: 24.923 MiB, 20.97% gc time)
 23.190705 seconds (292.07 M allocations: 28.559 GiB, 12.51% gc time)
4.103428871138348e-7
4.103428872248571e-7
0.23643101965587865
0.23643101965587865
8.742671298023197e-8
8.742671298023197e-8
5.87070254631783e-8
5.87070254631783e-8
1.3463040349215305e-8
1.3463040016148398e-8
1521.699279 seconds (100.93 M allocations: 3.974 TiB, 15.87% gc time)
Finished order 3
loss std: 0.1057351026669513
4
magnitude: 0.3921303407720471
learning rate: 0.07842606815440942
  0.000097 seconds (651 allocations: 42.953 KiB)
  0.148746 seconds (1.10 M allocations: 132.065 MiB, 37.87% gc time)
0.8523849778939121
0.8523849778939121
0.7589468608084025
0.7589468608084025
0.6813713243215286
0.6813713243215286
0.9554375551956626
0.9554375551956626
0.6290904548267069
0.629090454826707
0.6201126544713932
0.6201126544713931
0.6020209804075348
0.6020209804075348
0.592259232112867
0.592259232112867
0.585498745722238
0.585498745722238
0.5819836094464456
0.5819836094464456
0.5813824457113088
0.5813824457113088
0.5806356855137504
0.5806356855137504
0.5803343081277353
0.5803343081277353
0.5798293902046209
0.5798293902046211
0.579524257841363
0.5795242578413631
0.5797660192374222
0.5797660192374221
0.5794542276690076
0.5794542276690073
0.5793849379623425
0.5793849379623425
0.579366111161183
0.579366111161183
0.5793474244305292
0.5793474244305292
0.5793567155438224
0.5793567155438224
0.5793441519938347
0.5793441519938348
0.5793422397583823
0.5793422397583823
0.5793415916261735
0.5793415916261736
0.5793412409576054
0.5793412409576054
0.5793408306215969
0.579340830621597
0.5793404897883704
0.5793404897883705
0.5793402429445816
0.5793402429445816
0.579340040205854
0.579340040205854
0.579339949162014
0.579339949162014
0.5793398879135256
0.5793398879135258
0.5793398664675794
0.5793398664675794
0.5793398543922739
0.5793398543922739
0.579339860718793
0.579339860718793
0.5793398513155222
0.5793398513155222
0.5793398493366002
0.5793398493366002
3641.321438 seconds (10.00 M allocations: 94.032 GiB, 0.43% gc time)
Finished order 1
loss std: 2.6857435754314394e-5
magnitude: 0.2896699246683001
learning rate: 0.05793398493366002
  0.075108 seconds (17.73 k allocations: 1.701 MiB)
  2.374054 seconds (27.75 M allocations: 2.769 GiB, 11.54% gc time)
0.9388118470598374
0.9388118470598374
0.6256234339142235
0.6256234339142235
0.9443506819702867
0.9443506819702868
0.6152733609551169
0.6152733609551169
0.4581918194448692
0.4581918194448693
0.35629218445441957
0.35629218445441957
0.19881578451488358
0.19881578451488358
0.1299841129338417
0.1299841129338417
0.08303824559601203
0.0830382455960117
0.06529594630558333
0.06529594630558311
0.03191407484505193
0.03191407484505193
0.025838462800221063
0.025838462800221063
0.01798787092341736
0.01798787092341736
0.01254800335234263
0.01254800335234263
0.009445087373289529
0.009445087373289529
0.007800231202329089
0.007800231202329311
0.005922907264485078
0.005922907264485078
0.0046001577118053305
0.0046001577118053305
0.003923561325428038
0.003923561325428038
0.0030207767767912452
0.0030207767767914673
0.00265196970278625
0.00265196970278625
0.002219043328002601
0.00221904332800249
0.002178982427925358
0.002178982427925469
0.001943905463464679
0.001943905463464679
0.0016335356682262159
0.0016335356682262159
0.0014117162466456001
0.0014117162466458222
0.001224968747761901
0.0012249687477617899
0.001050485870346507
0.001050485870346396
0.000913285720555046
0.000913285720555046
0.0007818171993324574
0.0007818171993325684
0.0006818753255237731
0.0006818753255237731
0.0006125457796509748
0.0006125457796508638
0.0005146182684196976
0.0005146182684196976
0.00047015555692198063
0.00047015555692198063
0.000426962552906196
0.000426962552906085
0.00036738135774250225
0.0003673813577428353
0.0003427931450692423
0.0003427931450692423
0.000312716740694996
0.000312716740694885
0.00027397218805469414
0.00027397218805469414
0.0002479439250362425
0.00024794392503635354
0.00023440747401259898
0.00023440747401259898
0.00021021404381205144
0.0002102140438118294
0.00019062341108733172
0.00019062341108710967
0.00017592536375732326
0.00017592536375732326
0.00015499888508840876
0.0001549988850886308
0.00014435610907059804
0.00014435610907059804
0.00013098033009895094
0.00013098033009895094
0.0001228926971152955
0.0001228926971148514
0.00010701407640567595
0.00010701407640556493
0.00010077531467389544
0.00010077531467389544
9.383983313859812e-5
9.383983313859812e-5
8.509407358525678e-5
8.509407358525678e-5
7.730751829204685e-5
7.730751829204685e-5
7.254208254581229e-5
7.254208254581229e-5
6.714679456010231e-5
6.714679455999129e-5
6.310005113852046e-5
6.310005113852046e-5
5.84636998636201e-5
5.84636998636201e-5
5.3326076295601155e-5
5.332607629571218e-5
5.034381709922986e-5
5.0343817099007815e-5
4.787686343132869e-5
4.787686343155073e-5
4.291744747986215e-5
4.291744747997317e-5
4.169308005086414e-5
4.169308005075312e-5
3.9149265918636544e-5
3.914926591885859e-5
3.716118989527395e-5
3.716118989527395e-5
3.4992998163674294e-5
3.499299816356327e-5
3.223649445938115e-5
3.223649445960319e-5
3.4317556814933425e-5
3.431755681471138e-5
3.0631611849241125e-5
3.0631611849685214e-5
2.7721662995472407e-5
2.772166299513934e-5
2.6155513301207023e-5
2.6155513301207023e-5
2.4554064738113723e-5
2.4554064738224746e-5
2.3197400581320693e-5
2.3197400580876604e-5
2.2208286420077883e-5
2.2208286420077883e-5
2.0367697135426077e-5
2.0367697135204033e-5
1.9711181394432842e-5
1.9711181394432842e-5
1.8636437306263076e-5
1.8636437306263076e-5
1.7554970539457315e-5
1.7554970539457315e-5
1.670227013517156e-5
1.6702270135393604e-5
1.5322720790411637e-5
1.5322720790411637e-5
1.4257479945101181e-5
1.4257479945101181e-5
1.3571590936956035e-5
1.357159093717808e-5
1.2852569801102831e-5
1.2852569801102831e-5
1.2010500907488897e-5
1.201050090759992e-5
1.1038374563621112e-5
1.103837456351009e-5
1.030389802503251e-5
1.030389802503251e-5
9.779387464270428e-6
9.779387464159406e-6
9.21837770362366e-6
9.21837770362366e-6
8.618024200823804e-6
8.618024200823804e-6
8.047997625215686e-6
8.047997625215686e-6
7.705038486127691e-6
7.705038485905646e-6
7.357356858417319e-6
7.357356858417319e-6
7.001148224938802e-6
7.00114822482778e-6
6.590860989752478e-6
6.590860990085545e-6
6.278573340789961e-6
6.278573341012006e-6
6.008580973104749e-6
6.008580973548838e-6
5.852682363527428e-6
5.852682363527428e-6
5.412631027601478e-6
5.412631027601478e-6
5.2450933473169314e-6
5.245093347538976e-6
5.03318079203563e-6
5.033180792590741e-6
4.661444831466355e-6
4.661444831466355e-6
4.676030660233366e-6
4.676030660011321e-6
4.417268386069928e-6
4.41726838618095e-6
4.130229247834016e-6
4.130229248167083e-6
3.9224222969647116e-6
3.922422297075734e-6
3.667137445484414e-6
3.667137445040325e-6
3.447809436396554e-6
3.447809436507576e-6
3.2165957773999665e-6
3.2165957773999665e-6
3.01755917420099e-6
3.017559174534057e-6
2.867743121748312e-6
2.867743121415245e-6
2.6514693637347264e-6
2.651469363623704e-6
2.4560479876534203e-6
2.4560479876534203e-6
2.331285027468155e-6
2.331285027468155e-6
2.179959870507453e-6
2.179959870174386e-6
2.04704648898435e-6
2.04704648898435e-6
1.9081164761569624e-6
1.908116475934918e-6
1.792944527845286e-6
1.7929445275122191e-6
1.7041936037909267e-6
1.7041936037909267e-6
1.6602161936329907e-6
1.6602161936329907e-6
1.4891208131029288e-6
1.4891208128808842e-6
1.4410691099309147e-6
1.4410691099309147e-6
1.3584236497887758e-6
1.3584236497887758e-6
1.2493340889596638e-6
1.2493340887376192e-6
1.170798082705815e-6
1.1707980824837705e-6
1.0992746832805267e-6
1.0992746832805267e-6
1.0432593726683592e-6
1.0432593726683592e-6
9.821501643081376e-7
9.821501643081376e-7
9.350345615555256e-7
9.350345615555256e-7
8.622705331973179e-7
8.622705335303849e-7
8.321074876915802e-7
8.321074875805579e-7
7.910739876493267e-7
7.910739876493267e-7
7.337512699656656e-7
7.337512700766879e-7
6.852956921932218e-7
6.852956925262887e-7
6.510523271607838e-7
6.510523268277169e-7
6.10475518136866e-7
6.104755186919775e-7
5.825588407226689e-7
5.825588406116466e-7
5.476764615153229e-7
5.476764612932783e-7
5.032282519579212e-7
5.032282518468989e-7
4.790612841976127e-7
4.790612841976127e-7
4.5813405469274926e-7
4.5813405469274926e-7
4.205167333237725e-7
4.205167331017279e-7
4.010520039399168e-7
4.010520039399168e-7
3.8214829922722515e-7
3.8214829922722515e-7
3.4639749724174607e-7
3.4639749746379067e-7
3.331331979161689e-7
3.331331979161689e-7
3.2259411020252315e-7
3.2259411020252315e-7
2.970639608745884e-7
2.9706396142969993e-7
19863.362814 seconds (461.92 M allocations: 19.058 TiB, 4.58% gc time)
Finished order 2
loss std: 1.9680407203003477e-7
magnitude: 1.485319804372942e-7
learning rate: 2.970639608745884e-8
  0.194743 seconds (194.54 k allocations: 24.923 MiB, 10.59% gc time)
 21.340767 seconds (292.07 M allocations: 28.559 GiB, 12.75% gc time)
2.970654665590544e-7
2.970654665590544e-7
0.21178546223104755
0.21178546223104766
1.1351948159266101e-7
1.135194812595941e-7
7.026312320856931e-8
7.026312320856931e-8
3.3007537925122676e-8
3.3007537925122676e-8
1539.674269 seconds (100.93 M allocations: 3.974 TiB, 16.85% gc time)
Finished order 3
loss std: 0.09471328058821797
4
magnitude: 0.385951365842104
learning rate: 0.0771902731684208
  0.000216 seconds (651 allocations: 42.953 KiB)
  0.155206 seconds (1.10 M allocations: 132.065 MiB, 22.31% gc time)
0.8433096758932274
0.8433096758932274
0.8133068963300822
0.8133068963300822
0.7751776466376221
0.7751776466376221
0.771063088328659
0.771063088328659
0.7582028855443117
0.7582028855443117
0.8413107000978752
0.8413107000978752
0.7500597924328307
0.7500597924328307
0.7382815158523097
0.7382815158523097
0.7032276007923935
0.7032276007923935
0.8142031285438893
0.8142031285438893
0.614732647206812
0.614732647206812
0.5944557274523528
0.5944557274523528
0.5806448992401448
0.580644899240145
0.5757501471282755
0.5757501471282755
0.5740769822500859
0.5740769822500859
0.5725997600026018
0.5725997600026017
0.5720374383621942
0.5720374383621942
0.5716374475341707
0.5716374475341707
0.5712895590873196
0.5712895590873196
0.5710567920647792
0.5710567920647793
0.5709512548636223
0.5709512548636222
0.5708049701334618
0.5708049701334618
0.5707784797737938
0.5707784797737938
0.5707475268985411
0.5707475268985411
0.5707581504951431
0.5707581504951431
0.5707388035779071
0.5707388035779071
0.5707323102342818
0.5707323102342818
0.5707295184466742
0.5707295184466743
0.5707274383935247
0.5707274383935248
0.5707251981994534
0.5707251981994532
0.5707233954612918
0.5707233954612918
0.5707223770626026
0.5707223770626026
0.5707220078544648
0.5707220078544648
0.5707218527001132
0.5707218527001132
0.5707217581178577
0.5707217581178577
0.5707217163222684
0.5707217163222685
0.5707216882486463
0.5707216882486463
0.5707216653309481
0.5707216653309481
0.5707216500925552
0.570721650092555
0.5707216433549022
0.5707216433549022
0.5707216337708453
0.5707216337708454
4116.904946 seconds (11.38 M allocations: 107.030 GiB, 0.46% gc time)
Finished order 1
loss std: 2.24180159572925e-5
magnitude: 0.28536081688542264
learning rate: 0.057072163377084525
  0.079321 seconds (17.73 k allocations: 1.701 MiB)
  2.454310 seconds (27.75 M allocations: 2.769 GiB, 12.05% gc time)
0.9142970973626343
0.9142970973626343
0.5729394322708751
0.572939432270875
0.9962733057325588
0.9962733057325588
0.5722757791600198
0.5722757791600198
0.5099013094962979
0.5099013094962979
0.38481902963358783
0.38481902963358783
0.40995024304334005
0.40995024304334005
0.16931162586037019
0.1693116258603704
0.10932448358441582
0.10932448358441571
0.06405151980517942
0.06405151980517942
0.041295106955652416
0.04129510695565264
0.03179133366803644
0.03179133366803655
0.019919959911470997
0.019919959911470775
0.013632744291615873
0.01363274429161565
0.009671463764744925
0.009671463764745147
0.0076228967857885355
0.0076228967857887575
0.005789651169581189
0.005789651169580967
0.004475123462074682
0.004475123462074793
0.0033785190791298936
0.0033785190791298936
0.0028400986553611673
0.0028400986553611673
0.0022910204364974263
0.0022910204364974263
0.001872976285872352
0.001872976285872352
0.0015147871339813435
0.0015147871339814545
0.0013415727199580507
0.0013415727199581617
0.0011873275020777285
0.0011873275020777285
0.001034316858171791
0.001034316858171791
0.0008783364310724906
0.0008783364310722686
0.0007897055540395659
0.0007897055540395659
0.0006950490437365175
0.0006950490437365175
0.0006380087866787454
0.0006380087866789674
0.0005325364909762875
0.0005325364909761765
0.0004878165328950912
0.0004878165328950912
0.00044109361231725597
0.00044109361231758903
0.0003784560051592889
0.00037845600515906686
0.00033200335216632126
0.00033200335216676535
0.00030415249700532776
0.0003041524970051057
0.00027517443775837425
0.00027517443775837425
0.0002497073137407435
0.0002497073137402994
0.00022021308151021213
0.00022021308151021213
0.0002002737644228869
0.0002002737644228869
0.00018125580625916182
0.00018125580625916182
0.00016720226897037893
0.00016720226897048995
0.00015153397481837416
0.0001515339748185962
0.0001402577726304921
0.00014025777263060313
0.00012935045158379843
0.0001293504515841315
0.00012190182678017969
0.00012190182678040173
0.00011013635960144263
0.00011013635960155366
0.00011214207646248475
0.00011214207646292884
0.0001047357344362565
0.00010473573443603446
9.749392845326277e-5
9.749392845326277e-5
8.989782063340002e-5
8.989782063340002e-5
8.468787626503271e-5
8.468787626525476e-5
7.927405675045573e-5
7.927405675034471e-5
7.444412211565776e-5
7.444412211565776e-5
6.999234609506022e-5
6.999234609506022e-5
6.610575316057243e-5
6.610575316079448e-5
6.282226813325575e-5
6.282226813314473e-5
5.808643722826634e-5
5.8086437228488386e-5
5.488452196655835e-5
5.488452196655835e-5
5.1718822864588176e-5
5.1718822864588176e-5
4.7882746787131225e-5
4.7882746787131225e-5
4.5481974715211315e-5
4.548197471510029e-5
4.245172425065835e-5
4.245172425021426e-5
4.104529303050608e-5
4.10452930306171e-5
3.715344868981951e-5
3.7153448689375423e-5
3.600613658849561e-5
3.600613658849561e-5
3.365504328356472e-5
3.365504328356472e-5
3.182396817269506e-5
3.1823968172917105e-5
2.957671016368124e-5
2.9576710163903286e-5
2.786239532548418e-5
2.786239532548418e-5
2.6536147573752444e-5
2.6536147573752444e-5
2.5104906248740733e-5
2.5104906248962777e-5
2.3611427860781298e-5
2.3611427861225387e-5
2.241164327976275e-5
2.241164327976275e-5
2.140815304563226e-5
2.140815304552124e-5
2.0499802848905624e-5
2.0499802848905624e-5
1.916483050490303e-5
1.9164830505125074e-5
1.8427243362317824e-5
1.8427243362428847e-5
1.7632660588851046e-5
1.7632660588629e-5
1.6786090346276872e-5
1.6786090346276872e-5
1.5685325515435444e-5
1.5685325515435444e-5
1.5175837815517568e-5
1.5175837815517568e-5
1.4599695816519542e-5
1.4599695816519542e-5
1.3983290812480398e-5
1.3983290812924487e-5
1.3257342087014123e-5
1.3257342087236168e-5
1.267149958106284e-5
1.2671499580840795e-5
1.2135661417111976e-5
1.2135661417111976e-5
1.1594026660288748e-5
1.1594026660288748e-5
1.1044103357282786e-5
1.1044103357282786e-5
1.0404144812126148e-5
1.0404144812015126e-5
9.83088256623077e-6
9.83088256623077e-6
9.487041101485794e-6
9.487041101596816e-6
8.827885269679925e-6
8.82788526945788e-6
8.534600466125752e-6
8.534600466125752e-6
8.180533671131585e-6
8.180533671131585e-6
7.740182953575037e-6
7.740182953352992e-6
7.444386387889246e-6
7.44438638811129e-6
6.771534567961979e-6
6.771534567739934e-6
8.13581016989584e-6
8.13581016989584e-6
6.496845154080333e-6
6.496845154080333e-6
6.01697127899925e-6
6.016971278666183e-6
5.6394597764963805e-6
5.6394597764963805e-6
5.145775634152194e-6
5.14577563393015e-6
4.956651634913101e-6
4.956651634913101e-6
4.6608330083186544e-6
4.6608330083186544e-6
4.463031537338402e-6
4.46303153722738e-6
4.260853791682173e-6
4.260853791571151e-6
3.978169034191126e-6
3.978169034302148e-6
3.74634642985594e-6
3.7463464296338955e-6
3.5904039223932926e-6
3.590403922504315e-6
3.3995453788682184e-6
3.3995453788682184e-6
3.246797414591107e-6
3.246797414591107e-6
3.035879668544794e-6
3.035879668544794e-6
2.877712485638284e-6
2.877712485638284e-6
2.7553319315032354e-6
2.7553319315032354e-6
2.6216191014727386e-6
2.621619101250694e-6
2.4827282747441615e-6
2.4827282747441615e-6
2.3307564505081757e-6
2.3307564505081757e-6
2.2466540073873276e-6
2.2466540073873276e-6
2.150122764388307e-6
2.1501227641662624e-6
2.0740533375196435e-6
2.0740533375196435e-6
1.9357428392430265e-6
1.9357428392430265e-6
1.8574958695616317e-6
1.8574958695616317e-6
1.7814179593678148e-6
1.7814179593678148e-6
1.6586139750529583e-6
1.6586139750529583e-6
1.5468377357885643e-6
1.5468377357885643e-6
1.4642016907817634e-6
1.4642016908927857e-6
1.3676997402400914e-6
1.367699740462136e-6
1.2968478144692597e-6
1.2968478148023266e-6
1.2071945478808743e-6
1.207194548102919e-6
1.1283665919403774e-6
1.1283665919403774e-6
1.0710228344201767e-6
1.0710228346422213e-6
1.0175644323817679e-6
1.0175644321597233e-6
9.630236974533801e-7
9.630236974533801e-7
8.842450704982241e-7
8.842450702761795e-7
8.579458421476005e-7
8.579458421476005e-7
7.951859701815778e-7
7.951859701815778e-7
7.758913862510042e-7
7.758913862510042e-7
7.173188542042297e-7
7.173188544262743e-7
6.862058938850168e-7
6.862058941070615e-7
6.540462876847286e-7
6.540462879067732e-7
6.035670824244832e-7
6.03567081980394e-7
6.413569427765609e-7
6.413569423324716e-7
5.796904143373638e-7
5.796904143373638e-7
5.500348759790441e-7
5.500348759790441e-7
5.269663949647452e-7
5.269663949647452e-7
4.964427916531733e-7
4.964427916531733e-7
4.7267542269135987e-7
4.7267542280238217e-7
4.5432105277853907e-7
4.5432105277853907e-7
4.2953973411474777e-7
4.295397344478147e-7
4.148810287540883e-7
4.148810289761329e-7
3.9408487650938184e-7
3.9408487628733724e-7
3.686310111605806e-7
3.686310111605806e-7
3.543489082158402e-7
3.543489082158402e-7
3.366504781610047e-7
3.366504780499824e-7
21130.446146 seconds (490.40 M allocations: 20.232 TiB, 4.74% gc time)
Finished order 2
loss std: 1.5680079358799004e-7
magnitude: 1.6832523908050234e-7
learning rate: 3.366504781610047e-8
  0.170257 seconds (194.54 k allocations: 24.923 MiB)
 22.546458 seconds (292.07 M allocations: 28.559 GiB, 14.47% gc time)
3.3669375765210674e-7
3.3669375765210674e-7
0.21395816729095796
0.21395816729095773
1.026149917260355e-7
1.0261499217012471e-7
891.629607 seconds (60.56 M allocations: 2.384 TiB, 16.85% gc time)
Finished order 3
loss std: 0.12352867866329664
4
magnitude: 0.3770629936066543
learning rate: 0.07541259872133085
  0.000186 seconds (651 allocations: 42.953 KiB)
  0.148477 seconds (1.10 M allocations: 132.065 MiB, 19.71% gc time)
0.8386546336673705
0.8386546336673705
0.7844803974629969
0.7844803974629969
0.7513933060709423
0.7513933060709422
0.7346735713140459
0.7346735713140458
0.6917390633377387
0.6917390633377387
0.6465762971173032
0.6465762971173032
0.821885924272326
0.821885924272326
0.6088010330142752
0.6088010330142752
0.5886597548894693
0.5886597548894693
0.571926832908648
0.571926832908648
0.5640171292471712
0.5640171292471712
0.5620364855764025
0.5620364855764022
0.5611176824353934
0.5611176824353934
0.5603375170525456
0.5603375170525456
0.559914730609964
0.559914730609964
0.5596706657568267
0.5596706657568267
0.5595645649622458
0.5595645649622458
0.559463698147028
0.559463698147028
0.5593727667757313
0.5593727667757313
0.559377964455279
0.559377964455279
0.5593372352862522
0.559337235286252
0.5593235342844426
0.5593235342844425
0.5593207471116175
0.5593207471116175
0.5593197576306015
0.5593197576306015
0.559319109740364
0.559319109740364
0.5593188149809567
0.5593188149809567
0.5593184983997097
0.5593184983997097
0.5593183829223136
0.5593183829223136
0.5593182766315993
0.5593182766315993
0.5593182287523919
0.5593182287523919
0.5593181755531735
0.5593181755531735
0.5593181340822633
0.5593181340822633
0.5593181111066938
0.5593181111066938
0.5593181009424468
0.559318100942447
0.5593180941430658
0.5593180941430658
0.5593180864429964
0.5593180864429963
0.5593180857602527
0.5593180857602528
3729.964919 seconds (10.27 M allocations: 96.640 GiB, 0.41% gc time)
Finished order 1
loss std: 3.5482275929240946e-5
magnitude: 0.27965904288012633
learning rate: 0.05593180857602527
  0.079207 seconds (17.73 k allocations: 1.701 MiB)
  1.931000 seconds (27.75 M allocations: 2.769 GiB, 11.17% gc time)
0.9285537387703682
0.9285537387703682
0.6161182244932534
0.6161182244932534
0.9534866525704131
0.9534866525704131
0.5646429738111483
0.5646429738111483
0.39666092692478083
0.39666092692478083
0.4945066727730004
0.4945066727730004
0.18846071860533764
0.1884607186053373
0.11532416727163353
0.11532416727163353
0.061673050279940966
0.061673050279940966
0.04166642312751234
0.04166642312751234
0.02965121652953595
0.029651216529536173
0.0181784845414793
0.0181784845414793
0.013778362835234814
0.013778362835234703
0.009550302764617769
0.00955030276461788
0.007534540103555587
0.007534540103555143
0.005986766015695477
0.005986766015695477
0.004969097752627993
0.004969097752628104
0.0033877730049334254
0.0033877730049334254
0.0029651764969159666
0.0029651764969158556
0.002403835782613939
0.002403835782613939
0.002022845188459743
0.002022845188459854
0.0016170736332754565
0.0016170736332754565
0.0014515524210365616
0.0014515524210362285
0.0012467732858748581
0.0012467732858750802
0.001133370652517729
0.0011333706525173959
0.0009302263476949069
0.0009302263476947958
0.0008388770565029846
0.0008388770565030956
0.0007664850564530479
0.0007664850564530479
0.0006521180720362452
0.0006521180720362452
0.0006877458702829742
0.0006877458702829742
0.0005914183819928365
0.0005914183819930585
0.0005205136061376958
0.0005205136061374738
0.00046843207816027466
0.00046843207816071875
0.0004114681930389441
0.0004114681930389441
0.0003672119654871686
0.0003672119654871686
0.0003343507626928366
0.0003343507626928366
0.000300696426733138
0.000300696426733138
0.00027842993431714813
0.0002784299343170371
0.0002451598839554592
0.00024515988395523713
0.00022253295980345644
0.00022253295980312338
0.00020265956643050753
0.00020265956643017446
0.0001868366698647428
0.0001868366698647428
0.00016830438414439097
0.0001683043841440579
0.00015270517411969387
0.00015270517411958284
0.00014097632457343856
0.00014097632457321652
0.00012890542996202292
0.00012890542996224497
0.00012001250348081527
0.00012001250348081527
0.00010995236065380887
0.00010995236065403091
0.00010027709295756804
0.00010027709295756804
9.307647371004091e-5
9.307647371026295e-5
8.50209245224498e-5
8.50209245224498e-5
7.812803988838102e-5
7.812803988827e-5
7.177520525059045e-5
7.177520525070147e-5
6.792827245427624e-5
6.792827245383215e-5
6.158524605148763e-5
6.158524605148763e-5
6.124123920403512e-5
6.124123920425717e-5
5.8159317041228675e-5
5.8159317041228675e-5
5.403876262199958e-5
5.403876262199958e-5
4.936553494672147e-5
4.936553494627738e-5
4.638425215830466e-5
4.638425215808262e-5
4.311658004918506e-5
4.311658004918506e-5
3.970642923389889e-5
3.970642923389889e-5
3.706738680475663e-5
3.7067386804534586e-5
3.445181765637795e-5
3.445181765648897e-5
3.1301391395732736e-5
3.1301391395621714e-5
2.949596637646934e-5
2.9495966376247296e-5
2.781296148790524e-5
2.781296148790524e-5
2.5435158845787953e-5
2.5435158846232042e-5
2.3982467016847586e-5
2.3982467016847586e-5
2.2174687732245957e-5
2.2174687732245957e-5
2.070723341862646e-5
2.070723341862646e-5
1.9649777687646974e-5
1.9649777687646974e-5
1.8476512049225846e-5
1.847651204944789e-5
1.7322585242118826e-5
1.732258524178576e-5
1.6386904660881108e-5
1.6386904660881108e-5
1.5327239720530628e-5
1.5327239720530628e-5
1.46549292121545e-5
1.4654929211932455e-5
1.3829508189289186e-5
1.382950818951123e-5
1.2982429874797141e-5
1.2982429874575097e-5
1.235573045410554e-5
1.2355730454327585e-5
1.1758724643984308e-5
1.175872464409533e-5
1.0868159254773246e-5
1.0868159254995291e-5
1.0370054443487042e-5
1.0370054443598065e-5
9.885582675117632e-6
9.885582675561722e-6
8.98750816624716e-6
8.987508166358182e-6
8.689658594684957e-6
8.689658594573935e-6
8.347197858471489e-6
8.347197858471489e-6
7.826052711878972e-6
7.826052711878972e-6
7.5136711881196305e-6
7.513671188341675e-6
6.907427505198349e-6
6.9074275049763045e-6
6.376745136815742e-6
6.37674513670472e-6
6.1262607276013625e-6
6.126260727379318e-6
5.855259540554769e-6
5.855259540221702e-6
5.623431044377014e-6
5.6234310444880364e-6
5.343704540639038e-6
5.343704540639038e-6
5.0565236091593135e-6
5.0565236091593135e-6
4.869246678751438e-6
4.869246678751438e-6
4.639454136201593e-6
4.639454135979548e-6
4.4861517733973955e-6
4.486151773175351e-6
4.1783713949916645e-6
4.178371395213709e-6
4.074836554401884e-6
4.074836554179839e-6
3.8554594724571345e-6
3.855459472346112e-6
3.6781772058125384e-6
3.6781772058125384e-6
3.4516268428985697e-6
3.4516268427875474e-6
3.304604988318971e-6
3.3046049880969264e-6
3.152906117076526e-6
3.152906117076526e-6
3.0229362359968093e-6
3.0229362353306755e-6
2.8647116363522684e-6
2.8647116363522684e-6
2.691785364161703e-6
2.691785364161703e-6
2.5678496897718617e-6
2.5678496897718617e-6
2.546026696914616e-6
2.5460266966925715e-6
2.441018706056397e-6
2.441018706056397e-6
2.2761855825725874e-6
2.2761855825725874e-6
2.1673708181513263e-6
2.1673708182623486e-6
2.0441473673749044e-6
2.0441473674859267e-6
1.92836047963052e-6
1.928360479297453e-6
1.8307536477912834e-6
1.8307536477912834e-6
1.7178025875086433e-6
1.717802587730688e-6
1.6454929145925945e-6
1.6454929145925945e-6
1.5639573216486014e-6
1.5639573216486014e-6
1.50207467619623e-6
1.5020746763072523e-6
1.3985658416926228e-6
1.3985658419146674e-6
1.3699682601675534e-6
1.369968260389598e-6
1.2873135467605934e-6
1.2873135467605934e-6
1.2799355157966374e-6
1.2799355157966374e-6
1.2426209931026833e-6
1.2426209931026833e-6
1.2011220871244177e-6
1.201122086902373e-6
1.1315943362344427e-6
1.1315943362344427e-6
1.1023060277892682e-6
1.1023060275672236e-6
1.063333716855297e-6
1.063333716855297e-6
1.018333837810026e-6
1.0183338376990037e-6
9.844175111739517e-7
9.844175111739517e-7
9.432462241276696e-7
9.432462243497142e-7
8.8127085229317e-7
8.8127085229317e-7
8.540185257865929e-7
8.540185255645483e-7
8.208214422600335e-7
8.208214420379889e-7
8.173329721916645e-7
8.173329726357537e-7
7.987691867938906e-7
7.987691869049129e-7
7.64565148858587e-7
7.645651487475646e-7
7.217921755842127e-7
7.21792175695235e-7
6.984594453918191e-7
6.984594456138637e-7
6.717931777533437e-7
6.717931775312991e-7
6.414880717731108e-7
6.414880718841331e-7
6.139192164633656e-7
6.139192166854102e-7
5.929280864069852e-7
5.929280864069852e-7
5.584607563058341e-7
5.584607560837895e-7
5.378887149021239e-7
5.378887149021239e-7
19884.491646 seconds (465.09 M allocations: 19.188 TiB, 4.66% gc time)
Finished order 2
loss std: 1.8418968287246368e-7
magnitude: 2.6894435745106193e-7
learning rate: 5.3788871490212385e-8
  0.178725 seconds (194.54 k allocations: 24.923 MiB, 9.11% gc time)
 20.481140 seconds (292.07 M allocations: 28.559 GiB, 13.09% gc time)
5.378816642087614e-7
5.378816645418283e-7
0.22977829071549216
0.22977829071549194
1.5825512689193744e-7
1.5825512700295974e-7
7.658397493948144e-8
7.658397493948144e-8
2.8127990603366015e-8
2.812799038132141e-8
1524.320904 seconds (100.93 M allocations: 3.974 TiB, 18.29% gc time)
Finished order 3
loss std: 0.10275988602129232
4
magnitude: 0.36404456539965824
learning rate: 0.07280891307993165
  0.000273 seconds (651 allocations: 42.953 KiB)
  0.153266 seconds (1.10 M allocations: 132.065 MiB, 25.71% gc time)
0.8148132403883808
0.8148132403883808
0.7505005371773459
0.7505005371773458
0.6995988938779772
0.6995988938779771
0.6422552513262882
0.6422552513262882
0.5969848193629762
0.5969848193629762
0.5676981049456806
0.5676981049456804
0.5608679114160888
0.5608679114160888
0.553834075803231
0.553834075803231
0.5492009021014279
0.5492009021014279
0.5469463006573743
0.5469463006573743
0.5461006689544845
0.5461006689544845
0.5456512531754425
0.5456512531754425
0.5451084544235377
0.5451084544235377
0.5449176534341298
0.5449176534341298
0.5446943392517353
0.5446943392517353
0.5445865433881085
0.5445865433881085
0.544516845759886
0.544516845759886
0.5445076976927059
0.5445076976927059
0.5445046835895466
0.5445046835895466
0.5445024627748317
0.5445024627748316
0.5445011869920462
0.544501186992046
0.5445002833568171
0.5445002833568171
0.5444997075401263
0.5444997075401263
0.5444992988877358
0.5444992988877358
0.5444991305472537
0.5444991305472537
0.5444989787142207
0.5444989787142208
0.5444989377339025
0.5444989377339025
0.5444988876906534
0.5444988876906532
0.5444988762180274
0.5444988762180276
0.5444988493530996
0.5444988493530996
0.5444988364345946
0.5444988364345946
0.5444988235800087
0.5444988235800086
0.5444988072699553
0.5444988072699553
0.5444988289527406
0.5444988289527406
0.5444988027002287
0.5444988027002287
0.5444987980643786
0.5444987980643786
3631.601375 seconds (10.00 M allocations: 94.028 GiB, 0.46% gc time)
Finished order 1
loss std: 4.417274932012013e-6
magnitude: 0.2722493990321893
learning rate: 0.05444987980643786
  0.079202 seconds (17.73 k allocations: 1.701 MiB)
  2.450399 seconds (27.75 M allocations: 2.769 GiB, 11.92% gc time)
0.9487637297504776
0.9487637297504776
0.6357631851230957
0.6357631851230956
0.9901712100586673
0.9901712100586673
0.8506954786371479
0.850695478637148
0.5949244730207197
0.5949244730207197
0.4942853085850232
0.4942853085850234
0.870595443174907
0.870595443174907
0.2431360951601893
0.2431360951601893
0.15512529063990188
0.15512529063990188
0.08984870989032556
0.08984870989032578
0.05960849065623197
0.05960849065623197
0.03776504596702246
0.03776504596702235
0.02387707046753451
0.0238770704675344
0.01624822439889717
0.016248224398897282
0.012849041724057653
0.012849041724057875
0.00972655709179071
0.00972655709179071
0.007026316003611921
0.007026316003611921
0.006514581737076419
0.006514581737076197
0.003920313663577257
0.003920313663576924
0.003394205046959975
0.003394205046959975
0.002731318273452299
0.002731318273452521
0.0021372356146165394
0.0021372356146165394
0.0016671056751681457
0.0016671056751680347
0.0014364288739477926
0.0014364288739476816
0.0011903348444842754
0.0011903348444842754
0.0010478958392223792
0.0010478958392224902
0.0008966544431596724
0.0008966544431596724
0.0007765737462209765
0.0007765737462210875
0.0007027481937004199
0.0007027481937007529
0.0006015829799315142
0.0006015829799314032
0.0005265330976177429
0.0005265330976177429
0.000485308092279757
0.000485308092279757
0.0004363929013724288
0.00043639290137265085
0.00040139441078079763
0.00040139441078079763
0.0003640578375851966
0.0003640578375851966
0.0003368068399269841
0.00033680683992709515
0.0003120197410303449
0.00031201974103045593
0.00028376375255600994
0.00028376375255600994
0.00025214956978047987
0.00025214956978036884
0.00023638556059735194
0.00023638556059724092
0.00021223644364409822
0.00021223644364443128
0.00019790634398264562
0.00019790634398231255
0.00017787828117798998
0.00017787828117832305
0.00016439416323299483
0.00016439416323299483
0.00015384305266141762
0.00015384305266152865
0.00014020521922442075
0.00014020521922486484
0.0001250139717533516
0.00012501397175346263
0.0001174648293791325
0.0001174648293791325
0.00010626288112680626
0.00010626288112691729
0.0001035920348412267
0.0001035920348412267
9.242938448128513e-5
9.242938448172922e-5
8.707132763485781e-5
8.707132763474679e-5
8.169174108130228e-5
8.169174108130228e-5
7.379751313618677e-5
7.379751313574268e-5
8.273261080660177e-5
8.273261080649075e-5
7.000542264978815e-5
7.000542264956611e-5
6.278775752333043e-5
6.278775752310839e-5
5.838737303132113e-5
5.838737303154318e-5
5.298834542433184e-5
5.298834542444286e-5
5.165413910490635e-5
5.165413910490635e-5
4.7532323789289954e-5
4.7532323789289954e-5
4.5299866523240695e-5
4.529986652335172e-5
4.275469178305347e-5
4.275469178305347e-5
3.9061976538579124e-5
3.9061976538690146e-5
4.494147040001728e-5
4.494147039990626e-5
3.729272250896365e-5
3.729272250907467e-5
3.423142165148718e-5
3.4231421651709226e-5
3.215065955308738e-5
3.2150659553309424e-5
2.9403318193899075e-5
2.9403318193899075e-5
2.939224648990102e-5
2.939224648990102e-5
2.7971771993984262e-5
2.7971771993984262e-5
2.616585579506836e-5
2.6165855794846316e-5
2.4284267119645264e-5
2.4284267119645264e-5
2.3054162864299954e-5
2.3054162864855066e-5
2.1675002896959228e-5
2.167500289707025e-5
1.9989307398105005e-5
1.9989307398216027e-5
1.8951154857616004e-5
1.8951154857727026e-5
1.7778829391579265e-5
1.7778829391468243e-5
1.685282761176854e-5
1.6852827611546495e-5
1.597681680498564e-5
1.5976816804763594e-5
1.5105897475997665e-5
1.5105897475664598e-5
1.3949663828838332e-5
1.394966382872731e-5
1.334698437227555e-5
1.3346984372719639e-5
1.2650215080900473e-5
1.2650215081122518e-5
1.195577387436142e-5
1.1955773874139375e-5
1.1153885956072251e-5
1.1153885955628162e-5
1.0635052743568352e-5
1.0635052743568352e-5
1.0135091577878619e-5
1.0135091577767597e-5
9.663627812628306e-6
9.663627812628306e-6
9.197516966041874e-6
9.197516966041874e-6
8.570015332720615e-6
8.570015332831638e-6
8.194192108068599e-6
8.194192108290643e-6
7.879327000082093e-6
7.87932700041516e-6
7.292276667847375e-6
7.292276667514308e-6
7.079334124693304e-6
7.079334124471259e-6
6.8591795083783325e-6
6.8591795083783325e-6
6.393092911283205e-6
6.393092911283205e-6
6.1715132542161655e-6
6.1715132542161655e-6
6.105813162626816e-6
6.105813162404772e-6
5.482291492553415e-6
5.482291492553415e-6
5.312594537620896e-6
5.312594537842941e-6
5.069562720838583e-6
5.06956272117165e-6
4.749643573553897e-6
4.7496435738869636e-6
4.4488387205277036e-6
4.448838720638726e-6
4.2237183485172025e-6
4.223718348628225e-6
4.062645844848944e-6
4.062645844848944e-6
3.853644470863671e-6
3.853644470974693e-6
3.7674439163914997e-6
3.767443916169455e-6
3.4485238004089425e-6
3.4485238004089425e-6
3.3438643285421676e-6
3.3438643280980784e-6
3.201767060256877e-6
3.2017670603678994e-6
3.0006624839318263e-6
3.0006624839318263e-6
2.865983962263563e-6
2.8659839621525407e-6
2.674194701346444e-6
2.674194701346444e-6
2.579302897709468e-6
2.579302897709468e-6
2.453268860724833e-6
2.4532688610579e-6
2.4126335802510113e-6
2.4126335802510113e-6
2.2064994587012166e-6
2.2064994582571273e-6
2.1386670167045096e-6
2.1386670165934873e-6
2.055776264553444e-6
2.055776264664466e-6
1.9392620074221156e-6
1.9392620073110933e-6
1.8854612015006822e-6
1.8854612015006822e-6
1.7357545890606119e-6
1.7357545891716342e-6
1.6829659796879781e-6
1.6829659797990004e-6
1.5935635953034932e-6
1.5935635955255378e-6
1.5456600999108616e-6
1.5456600994667724e-6
1.4206355651857905e-6
1.4206355648527236e-6
1.3679864570015354e-6
1.3679864565574462e-6
1.3071064889347284e-6
1.3071064889347284e-6
1.213708216374343e-6
1.213708216374343e-6
1.275639968656428e-6
1.275639968323361e-6
1.1609649117616527e-6
1.1609649115396081e-6
1.0829569969672548e-6
1.0829569965231656e-6
1.0341926044432626e-6
1.0341926045542849e-6
9.745126604565613e-7
9.74512660345539e-7
9.269277053691738e-7
9.269277049250846e-7
8.858441484793644e-7
8.858441482573198e-7
8.316000141839197e-7
8.316000141839197e-7
7.996865627468708e-7
7.996865627468708e-7
7.592886901441886e-7
7.592886905882779e-7
7.201029406100901e-7
7.201029406100901e-7
6.728180854675969e-7
6.728180856896415e-7
6.545287568604508e-7
6.545287566384062e-7
6.025387918606739e-7
6.025387916386293e-7
6.07075079317454e-7
6.07075079317454e-7
5.779485103829529e-7
5.779485104939752e-7
5.578479324030994e-7
5.578479324030994e-7
5.185979998767465e-7
5.185979994326573e-7
5.046490694216033e-7
5.046490695326256e-7
4.816549677988391e-7
4.816549676878168e-7
4.621709004393182e-7
4.621709006613628e-7
20405.451684 seconds (477.74 M allocations: 19.710 TiB, 4.69% gc time)
Finished order 2
loss std: 2.129320071010008e-7
magnitude: 2.310854502196591e-7
learning rate: 4.621709004393182e-8
  0.170638 seconds (194.54 k allocations: 24.923 MiB)
 21.333791 seconds (292.07 M allocations: 28.559 GiB, 13.54% gc time)
4.6210910087385315e-7
4.6210910065180855e-7
0.21517386660366422
0.215173866603664
1.357295583703788e-7
1.357295583703788e-7
897.600728 seconds (60.56 M allocations: 2.384 TiB, 17.62% gc time)
Finished order 3
loss std: 0.12423051722514993
4
magnitude: 0.3446488031459202
learning rate: 0.06892976062918404
  0.000124 seconds (651 allocations: 42.953 KiB)
  0.128805 seconds (1.10 M allocations: 132.065 MiB, 15.60% gc time)
0.778047827787163
0.778047827787163
0.7372365696550458
0.7372365696550458
0.6817518447209125
0.6817518447209125
0.6593668621735169
0.6593668621735169
0.609527093504299
0.609527093504299
0.5619772680799505
0.5619772680799506
0.5437179563410472
0.5437179563410471
0.5386089614133167
0.5386089614133168
0.5337253142130539
0.5337253142130539
0.5286314050388687
0.528631405038869
0.5276529885369665
0.5276529885369664
0.5270521025466777
0.5270521025466777
0.5265929369906732
0.5265929369906732
0.5264712715049948
0.5264712715049948
0.5263620352445793
0.526362035244579
0.5263280349349269
0.526328034934927
0.5261746791751114
0.5261746791751114
0.526068988553654
0.5260689885536541
0.5264058904509432
0.5264058904509432
0.5260510742858053
0.5260510742858051
0.5260060320124862
0.5260060320124862
0.5260008303397954
0.5260008303397953
0.5259989487098671
0.525998948709867
0.5259975103988647
0.5259975103988646
0.5259961707522487
0.5259961707522486
0.5259949638869215
0.5259949638869215
0.5259947120307971
0.5259947120307971
0.5259944995910419
0.5259944995910419
0.5259944501995506
0.5259944501995505
0.5259943814084644
0.5259943814084646
0.5259943702008252
0.5259943702008252
0.52599436148145
0.5259943614814501
0.5259943561591054
0.5259943561591054
0.5259943522438472
0.5259943522438473
3420.709139 seconds (9.44 M allocations: 88.775 GiB, 0.43% gc time)
Finished order 1
loss std: 0.0001360670273836664
magnitude: 0.2629971761219236
learning rate: 0.05259943522438472
  0.002788 seconds (17.73 k allocations: 1.701 MiB)
  2.003850 seconds (27.75 M allocations: 2.769 GiB, 11.22% gc time)
0.8730627488944295
0.8730627488944295
0.5409647537757085
0.5409647537757085
0.5834572274386821
0.583457227438682
0.4498700463161358
0.4498700463161358
0.24615033255013108
0.24615033255013108
0.14626193833829104
0.14626193833829126
0.09146756121971622
0.09146756121971622
0.05203171197577572
0.05203171197577572
0.03742313121308771
0.03742313121308749
0.023806537977890008
0.023806537977890008
0.016541418241704187
0.016541418241704187
0.011855746706725512
0.011855746706725734
0.008960179470660634
0.008960179470660412
0.00691265703052979
0.00691265703052979
0.00534356994923213
0.00534356994923213
0.0040940913141616075
0.0040940913141612745
0.00330103981873775
0.003301039818738083
0.0027679321835796244
0.0027679321835794024
0.002230554523568018
0.002230554523568351
0.0020176080737792645
0.0020176080737794866
0.0015662089375445554
0.0015662089375444443
0.0014079359782273038
0.0014079359782275258
0.001197519884734044
0.001197519884734266
0.0010702351380099673
0.0010702351380096342
0.0008724808700706355
0.0008724808700704134
0.0007954437791650726
0.0007954437791650726
0.0007152459278616519
0.0007152459278618739
0.0006126799540404626
0.0006126799540406846
0.0005305804102562206
0.0005305804102562206
0.00047034819999247635
0.00047034819999247635
0.0004207603573497254
0.00042076035734961437
0.0003796690507723577
0.00037966905077257973
0.0003375975671791043
0.0003375975671791043
0.0003050486252121898
0.00030504862521241183
0.00028542103323392354
0.00028542103323347945
0.00026031653103997243
0.00026031653103997243
0.0002521688778223119
0.0002521688778218678
0.00021971922140706646
0.00021971922140706646
0.00021041360415319232
0.00021041360415341437
0.00019650706748586266
0.00019650706748564062
0.0001786254608076021
0.0001786254608076021
0.0001616261399568497
0.0001616261399568497
0.00014999986355790362
0.0001499998635577926
0.00013757616075882328
0.00013757616075882328
0.00012675451216725975
0.00012675451216725975
0.00011395989646034721
0.00011395989646034721
0.00010549824958949738
0.00010549824958949738
9.932143143287497e-5
9.932143143287497e-5
9.105017951771543e-5
9.105017951716032e-5
8.510931281979772e-5
8.510931281990874e-5
7.989755876869342e-5
7.989755876891547e-5
7.371271657707901e-5
7.371271657707901e-5
6.98132390904993e-5
6.98132390904993e-5
6.48174074775465e-5
6.48174074775465e-5
6.0622269723586975e-5
6.062226972392004e-5
5.674675786238037e-5
5.6746757862602415e-5
5.3539839381056e-5
5.3539839381056e-5
5.028083130431682e-5
5.0280831304094775e-5
4.7450406120308486e-5
4.745040611997542e-5
4.523278326729052e-5
4.523278326762359e-5
4.224902666516428e-5
4.2249026665386324e-5
4.029127759141993e-5
4.029127759097584e-5
3.8254967705597664e-5
3.8254967705597664e-5
3.543412910222976e-5
3.5434129102451806e-5
3.3810018216451354e-5
3.3810018216451354e-5
3.185427747409708e-5
3.185427747365299e-5
2.9069249399826802e-5
2.9069249400048847e-5
2.7661595931594007e-5
2.7661595932038097e-5
2.6008614948835884e-5
2.6008614948502817e-5
2.4212204170481755e-5
2.4212204170481755e-5
2.308899537495357e-5
2.308899537495357e-5
2.1846814734050035e-5
2.1846814734161057e-5
2.069930052828184e-5
2.069930052828184e-5
1.972877700406883e-5
1.972877700395781e-5
1.8819394658642352e-5
1.8819394658420308e-5
1.8105433839399332e-5
1.8105433839177287e-5
1.715367517129973e-5
1.7153675171410754e-5
1.6686844124591538e-5
1.668684412414745e-5
1.601266566175763e-5
1.6012665661868652e-5
1.547298189530366e-5
1.5472981895081617e-5
1.4988064147125613e-5
1.4988064146681523e-5
1.4084943057879329e-5
1.4084943058101373e-5
1.4007212649103096e-5
1.4007212648881051e-5
1.3512539003168733e-5
1.3512539003168733e-5
1.3003017990009802e-5
1.3003017989676735e-5
1.2541624854423006e-5
1.254162485464505e-5
1.2054456446142225e-5
1.2054456446031203e-5
1.1482200068857473e-5
1.1482200068857473e-5
1.0983915132212196e-5
1.0983915131990152e-5
1.0472549453299784e-5
1.0472549453188762e-5
1.0095405850840677e-5
1.0095405850840677e-5
9.619926523818378e-6
9.619926523596334e-6
9.174933244593397e-6
9.174933244926464e-6
8.6802729863944e-6
8.6802729863944e-6
8.399329366692854e-6
8.399329366692854e-6
7.945324517311114e-6
7.945324517533159e-6
7.747330349250348e-6
7.747330349250348e-6
7.297390054228359e-6
7.297390054228359e-6
7.04149985053526e-6
7.041499850091171e-6
6.826550088878669e-6
6.826550088878669e-6
6.484988833932448e-6
6.484988833821426e-6
6.36265706632777e-6
6.36265706632777e-6
6.009452342858879e-6
6.009452342858879e-6
5.888130740538955e-6
5.888130740538955e-6
5.6554538486741635e-6
5.655453848452119e-6
5.475044213332225e-6
5.475044213221203e-6
5.177042069259841e-6
5.177042069481885e-6
5.0102702122689635e-6
5.0102702126020304e-6
4.824972053008025e-6
4.824972053008025e-6
4.5828282029258816e-6
4.5828282029258816e-6
4.4611847354047995e-6
4.4611847354047995e-6
4.2083802560544115e-6
4.2083802560544115e-6
4.100324449973769e-6
4.100324449751724e-6
3.941205641400103e-6
3.941205641178058e-6
3.74674940661901e-6
3.74674940661901e-6
3.5351772870173548e-6
3.5351772870173548e-6
3.4056201350107784e-6
3.4056201351218007e-6
3.2399913343361675e-6
3.2399913343361675e-6
3.1962863328294233e-6
3.1962863324963564e-6
3.0496464771267995e-6
3.049646476904755e-6
2.9633044507093587e-6
2.9633044507093587e-6
2.8855879664613227e-6
2.8855879666833673e-6
2.752458468924246e-6
2.7524584691462906e-6
2.7677305701745425e-6
2.7677305701745425e-6
2.654943586199998e-6
2.6549435866440874e-6
2.4851223630051322e-6
2.485122363227177e-6
2.3776436576250504e-6
2.3776436574030058e-6
2.2708957114758732e-6
2.2708957114758732e-6
2.1881485310348836e-6
2.1881485310348836e-6
2.1329157204874605e-6
2.132915720265416e-6
2.0371446196598697e-6
2.0371446198819143e-6
1.972030962305027e-6
1.97203096197196e-6
1.8998361912547779e-6
1.8998361913658002e-6
1.816953196565052e-6
1.816953196565052e-6
1.7475460314386737e-6
1.7475460314386737e-6
1.7093575848114995e-6
1.7093575848114995e-6
1.6001920879471498e-6
1.6001920878361275e-6
1.584605347493273e-6
1.58460534782634e-6
1.5012979083239841e-6
1.501297908657051e-6
1.457563099216408e-6
1.4575630994384525e-6
1.4009730486819194e-6
1.4009730485708971e-6
1.3351950395312784e-6
1.3351950395312784e-6
1.4365868548082972e-6
1.4365868548082972e-6
1.2911806319682029e-6
1.2911806320792252e-6
1.202999506233482e-6
1.2029995063445043e-6
1.1521420246740632e-6
1.1521420246740632e-6
1.1007440332555518e-6
1.100744032922485e-6
1.0579780972408415e-6
1.0579780976849307e-6
1.0287746728954161e-6
1.0287746728954161e-6
9.632839137463378e-7
9.632839139683824e-7
9.476757725224161e-7
9.476757725224161e-7
9.10066446757618e-7
9.100664469796627e-7
8.804501363535167e-7
8.804501363535167e-7
8.503823654137932e-7
8.503823654137932e-7
8.00697939840056e-7
8.006979397290337e-7
8.596775645797194e-7
8.596775646907417e-7
7.74950275728159e-7
7.749502759502036e-7
7.313225109939481e-7
7.313225111049704e-7
7.029539195180234e-7
7.029539195180234e-7
6.745998868407099e-7
6.745998866186653e-7
6.461958540482371e-7
6.461958539372148e-7
6.274184469745592e-7
6.274184468635369e-7
6.046131253434339e-7
6.046131255654785e-7
5.816786368129101e-7
5.816786368129101e-7
5.551785574597901e-7
5.551785575708124e-7
5.307144969046718e-7
5.307144967936495e-7
22393.788254 seconds (525.20 M allocations: 21.668 TiB, 4.70% gc time)
Finished order 2
loss std: 1.752078852369215e-7
magnitude: 2.653572484523359e-7
learning rate: 5.307144969046718e-8
  0.102963 seconds (194.54 k allocations: 24.923 MiB)
 21.037814 seconds (292.07 M allocations: 28.559 GiB, 12.80% gc time)
5.306707987484671e-7
5.306707987484671e-7
0.23729813853616277
0.23729813853616277
1.2081078748504837e-7
1.2081078759607067e-7
6.214118142278124e-8
6.214118142278124e-8
1.7701074495057867e-8
1.7701074384035564e-8
1508.450504 seconds (100.93 M allocations: 3.974 TiB, 18.62% gc time)
Finished order 3
loss std: 0.10612287197590957
4
magnitude: 0.3155747314995505
learning rate: 0.0631149462999101
  0.000165 seconds (651 allocations: 42.953 KiB)
  0.119939 seconds (1.10 M allocations: 132.065 MiB, 13.49% gc time)
0.7144608669754493
0.7144608669754493
0.6940596943653028
0.6940596943653028
0.6289409207460265
0.6289409207460265
0.6159636758800663
0.6159636758800663
0.5762354486348366
0.5762354486348367
0.6766073146196896
0.6766073146196896
0.5655940985858416
0.5655940985858416
0.5331004814060867
0.5331004814060867
0.5137564653741322
0.5137564653741323
0.5086496817124162
0.5086496817124162
0.5065305722561291
0.5065305722561291
0.5056303337713819
0.5056303337713817
0.5052977189570675
0.5052977189570675
0.5050920839830697
0.5050920839830697
0.5050266151646999
0.5050266151646999
0.5049849660257223
0.5049849660257222
0.504919728511408
0.504919728511408
0.5048761456001307
0.5048761456001305
0.5048386094385062
0.5048386094385062
0.504824665615814
0.504824665615814
0.5048146333441307
0.5048146333441308
0.5048059815827188
0.5048059815827187
0.5047987199189954
0.5047987199189954
0.5047956934188835
0.5047956934188838
0.5047933268290994
0.5047933268290994
0.5047929127955983
0.5047929127955983
0.5047914030089784
0.5047914030089783
0.5047912625793429
0.5047912625793429
0.5047911006596653
0.5047911006596653
0.5047909796020229
0.5047909796020229
0.5047909906650053
0.5047909906650053
0.504790941959095
0.504790941959095
0.5047909179651602
0.50479091796516
0.5047909002073668
0.5047909002073668
0.5047908817023435
0.5047908817023435
0.5047908740026107
0.5047908740026108
0.5047908678345907
0.5047908678345905
3714.764821 seconds (10.27 M allocations: 96.582 GiB, 0.46% gc time)
Finished order 1
loss std: 2.1841342170763162e-5
magnitude: 0.25239543391729535
learning rate: 0.05047908678345907
  0.079179 seconds (17.73 k allocations: 1.701 MiB)
  2.351069 seconds (27.75 M allocations: 2.769 GiB, 12.31% gc time)
0.8593825171410474
0.8593825171410474
0.5068014404942367
0.5068014404942369
0.4988440363725901
0.4988440363725902
0.4063632554415053
0.4063632554415053
0.20037654273932615
0.20037654273932592
0.1206155428239688
0.1206155428239688
0.07039603073447076
0.07039603073447076
0.04281798413511362
0.042817984135113396
0.03069336039286441
0.03069336039286441
0.023915254459220048
0.023915254459220048
0.016256266311358902
0.016256266311359013
0.011880585236315189
0.011880585236315189
0.009673862732429872
0.009673862732430094
0.006636372380970035
0.006636372380970035
0.0057381073663489435
0.0057381073663489435
0.00424927685850196
0.00424927685850196
0.004199686003668934
0.004199686003668712
0.0035670333750091876
0.0035670333750089656
0.0027678908345749598
0.0027678908345749598
0.002242331754305771
0.002242331754305771
0.0018975635491994547
0.0018975635491998988
0.0015995815523506263
0.0015995815523506263
0.0013782487117584008
0.0013782487117581788
0.0011896781697698922
0.0011896781697698922
0.0010404557148319116
0.0010404557148323557
0.0008998686016419288
0.0008998686016421509
0.0008007441455619713
0.0008007441455619713
0.0007215497390899994
0.0007215497390899994
0.0007253831216880169
0.0007253831216880169
0.0006522289314624397
0.0006522289314624397
0.000559574039328492
0.000559574039328492
0.000506471835291622
0.000506471835291733
0.0004500345457812971
0.00045003454578151914
0.0004212943139074721
0.0004212943139074721
0.00037436463769169315
0.00037436463769180417
0.000345553632543516
0.000345553632543405
0.0003214523805580294
0.0003214523805580294
0.00028443347994022705
0.000284433479940005
0.00025351331312228886
0.0002535133131225109
0.00023366417825121388
0.00023366417825121388
0.0002112272162564377
0.0002112272162564377
0.0001957101394863825
0.00019571013948616045
0.00017597041759986887
0.00017597041759964682
0.00015863815066963216
0.00015863815066941012
0.00014850089175111325
0.00014850089175111325
0.00013862641363349137
0.00013862641363349137
0.0001269609284163531
0.000126960928415909
0.00011918221809692486
0.00011918221809736895
0.00011504523260863486
0.0001150452326088569
0.00010302516619875579
0.00010302516619875579
9.870204868889232e-5
9.870204868867027e-5
9.27204510333679e-5
9.27204510333679e-5
8.406711586950166e-5
8.406711586950166e-5
8.366164102113771e-5
8.366164102091567e-5
7.840642190393154e-5
7.840642190393154e-5
7.211008644314454e-5
7.211008644303352e-5
6.817426158844953e-5
6.817426158822748e-5
6.36341243098748e-5
6.36341243098748e-5
5.921165910693915e-5
5.921165910693915e-5
5.6027299807914765e-5
5.6027299807914765e-5
5.272985204429759e-5
5.272985204429759e-5
5.039241753679313e-5
5.039241753657109e-5
4.8329715143569096e-5
4.832971514334705e-5
4.456960033549784e-5
4.456960033549784e-5
4.314859187992681e-5
4.314859187992681e-5
4.1605682381429254e-5
4.160568238120721e-5
3.8735416949764456e-5
3.87354169499865e-5
3.7268088825981316e-5
3.7268088825981316e-5
3.887361558518876e-5
3.8873615585410803e-5
3.55884066421952e-5
3.55884066421952e-5
3.309395840278562e-5
3.309395840289664e-5
3.1935836626861835e-5
3.193583662708388e-5
3.0250391171215973e-5
3.0250391171660063e-5
2.9029437992211804e-5
2.902943799198976e-5
2.798918831481423e-5
2.798918831481423e-5
2.64780878709292e-5
2.6478087871151246e-5
2.5613913085087425e-5
2.5613913085198448e-5
2.4298862435934154e-5
2.4298862435934154e-5
2.313544995191652e-5
2.313544995191652e-5
2.164494931422567e-5
2.164494931422567e-5
2.109240698178194e-5
2.109240698178194e-5
2.0114434006623938e-5
2.0114434006623938e-5
2.0212333229907564e-5
2.0212333229907564e-5
1.9501393465071182e-5
1.950139346496016e-5
1.875426174313688e-5
1.8754261743358924e-5
1.788555722737062e-5
1.788555722737062e-5
1.7348615228729436e-5
1.7348615228729436e-5
1.6764863211116143e-5
1.676486321100512e-5
1.600207888330374e-5
1.600207888330374e-5
1.547940439716733e-5
1.5479404397389374e-5
1.4814378936578443e-5
1.4814378936578443e-5
1.4242196051394984e-5
1.424219605117294e-5
1.370272371314929e-5
1.370272371314929e-5
1.3293115144530354e-5
1.3293115144530354e-5
1.2663423792025341e-5
1.2663423792025341e-5
1.220337166829566e-5
1.2203371668184637e-5
1.1835023771888942e-5
1.1835023771888942e-5
1.1191472623184318e-5
1.1191472623073295e-5
1.0762772440719992e-5
1.0762772440386925e-5
1.0268340694619127e-5
1.0268340694508105e-5
9.761688607556884e-6
9.761688607556884e-6
9.44363418997618e-6
9.44363418997618e-6
9.095502134348621e-6
9.095502134570665e-6
8.635423734082437e-6
8.635423734082437e-6
8.428130068183215e-6
8.428130068183215e-6
8.180430609350253e-6
8.180430609128209e-6
7.846162842661819e-6
7.84616284221773e-6
7.6009817140398894e-6
7.6009817140398894e-6
7.166653969492565e-6
7.166653969714609e-6
6.985056674291279e-6
6.985056674291279e-6
6.632406293172188e-6
6.632406293061166e-6
6.499349283428657e-6
6.4993492832066124e-6
6.2832310235849675e-6
6.2832310235849675e-6
6.1317519930437214e-6
6.1317519930437214e-6
5.843109792347256e-6
5.843109792569301e-6
5.6978872310375905e-6
5.6978872310375905e-6
5.5356700336961495e-6
5.5356700336961495e-6
5.275501990587017e-6
5.275501990587017e-6
5.107267477821864e-6
5.107267477821864e-6
4.877745194975525e-6
4.877745194975525e-6
4.755713055581978e-6
4.7557130556930005e-6
4.62326613515085e-6
4.62326613515085e-6
4.460219559687673e-6
4.46021955957665e-6
4.2350933282531145e-6
4.2350933282531145e-6
4.137607011900357e-6
4.137607011789335e-6
4.017876754858207e-6
4.017876754636163e-6
3.918469480890252e-6
3.918469480890252e-6
3.7867922707546242e-6
3.7867922707546242e-6
3.6668434677533668e-6
3.6668434677533668e-6
3.580905235667231e-6
3.5809052354451865e-6
3.488271902551965e-6
3.488271902551965e-6
3.3757869658535e-6
3.3757869658535e-6
3.2938624177081266e-6
3.2938624177081266e-6
3.213462091866681e-6
3.213462092088726e-6
3.1979310558538643e-6
3.1979310558538643e-6
3.0246219073770675e-6
3.0246219073770675e-6
2.96834246305e-6
2.9683424628279553e-6
2.8979866523171083e-6
2.8979866527611975e-6
2.8014803300502322e-6
2.8014803298281876e-6
2.9064285328450623e-6
2.9064285328450623e-6
2.7410959346774177e-6
2.7410959346774177e-6
2.6364805607581587e-6
2.6364805607581587e-6
2.568505017785938e-6
2.5685050180079827e-6
2.465474290724856e-6
2.465474290724856e-6
2.4437566834567548e-6
2.4437566837898217e-6
2.3550127775662233e-6
2.3550127775662233e-6
2.313079019988784e-6
2.3130790197667395e-6
2.2625903041140205e-6
2.262590303891976e-6
2.188041804740415e-6
2.188041804740415e-6
2.338840971227718e-6
2.338840971227718e-6
2.1468239983502002e-6
2.1468239981281556e-6
2.065546149565556e-6
2.065546149565556e-6
1.9966638179491625e-6
1.996663818171207e-6
1.922561279843471e-6
1.9225612800655156e-6
1.8977568676525891e-6
1.8977568676525891e-6
1.8281251114027341e-6
1.8281251112917118e-6
1.7929756721546397e-6
1.7929756721546397e-6
1.7545002726215841e-6
1.754500272954651e-6
1.6941232909850612e-6
1.6941232912071058e-6
1.760608306811129e-6
1.760608306811129e-6
1.6624227268113856e-6
1.662422726589341e-6
1.6047918977024622e-6
1.6047918974804176e-6
1.5652590339421124e-6
1.5652590339421124e-6
1.51936781855877e-6
1.51936781855877e-6
1.486356183022508e-6
1.486356183022508e-6
1.4547248738949747e-6
1.4547248741170193e-6
1.4182184543409804e-6
1.4182184541189358e-6
1.393265484872508e-6
1.3932654850945525e-6
1.3613043464699714e-6
1.3613043468030384e-6
1.3131127972743073e-6
1.313112797496352e-6
1.2944061480446578e-6
1.2944061480446578e-6
1.2654109134979663e-6
1.2654109136089886e-6
1.2439648915396617e-6
1.2439648915396617e-6
1.2085230167713235e-6
1.2085230167713235e-6
1.1873550219698714e-6
1.1873550217478268e-6
1.1700057166441624e-6
1.1700057166441624e-6
1.1394710284218235e-6
1.1394710288659127e-6
1.1339622192352294e-6
1.1339622191242071e-6
1.096301394998278e-6
1.0963013954423673e-6
23697.317981 seconds (566.33 M allocations: 23.365 TiB, 4.85% gc time)
Finished order 2
loss std: 1.9133179598302722e-7
magnitude: 5.48150697499139e-7
learning rate: 1.096301394998278e-7
  0.166189 seconds (194.54 k allocations: 24.923 MiB)
 22.952878 seconds (292.07 M allocations: 28.559 GiB, 14.15% gc time)
1.0962854994911453e-6
1.096285499047056e-6
0.23198096645922028
0.23198096645922017
2.744261226039768e-7
2.744261223819322e-7
1.0806034667076858e-7
1.0806034689281319e-7
5.418323434369654e-8
5.418323434369654e-8
1497.140298 seconds (100.93 M allocations: 3.974 TiB, 18.78% gc time)
Finished order 3
loss std: 0.10374487070902957
4
magnitude: 0.27322921503615016
learning rate: 0.054645843007230036
  0.000155 seconds (651 allocations: 42.953 KiB)
  0.134335 seconds (1.10 M allocations: 132.065 MiB, 12.88% gc time)
0.6230726115024392
0.6230726115024392
0.6633779689743702
0.6633779689743702
0.5617548081936891
0.5617548081936891
0.5519626984564647
0.5519626984564647
0.5478573446142943
0.5478573446142943
0.5467257785435526
0.5467257785435526
0.5454076303493918
0.5454076303493918
0.5390491450333399
0.5390491450333398
0.5333018298702759
0.5333018298702759
0.5687138973864045
0.5687138973864045
0.5119875662321698
0.5119875662321698
0.4898546096938369
0.4898546096938369
0.48536949584177935
0.48536949584177935
0.47822864810336174
0.47822864810336163
0.47725439665743796
0.4772543966574382
0.4767911047708594
0.4767911047708594
0.47647563595933295
0.47647563595933273
0.47644785493321606
0.4764478549332162
0.47631669792221576
0.47631669792221565
0.4762784443338959
0.4762784443338959
0.47618993946408805
0.47618993946408805
0.4761326139689135
0.4761326139689137
0.47613009567395137
0.47613009567395137
0.47610674654859686
0.47610674654859686
0.4760926249298113
0.4760926249298113
0.4760871449439047
0.4760871449439047
0.4760835404376582
0.4760835404376583
0.476081993320449
0.476081993320449
0.47608098722020564
0.47608098722020575
0.4760805968955064
0.4760805968955064
0.4760801334844915
0.4760801334844915
0.4760798384061248
