magnitude: 0.029653907078731667
learning rate: 0.005930781415746334
  0.371686 seconds (241.07 k allocations: 11.422 MiB, 99.92% compilation time)
  0.594396 seconds (1.17 M allocations: 135.261 MiB, 21.47% gc time, 64.52% compilation time)
0.06129573461283011
0.05988872460204975
0.05973353977913087
0.05985365510721208
0.059868150928191755
0.05979104014585268
0.05969157712205908
0.059607991324436616
0.05954945574460757
0.05952191486616887
0.05951921677189065
0.05951663265774432
0.05949774394219687
0.05946725649490081
0.05943843491007639
0.05942130548212987
0.059415963368797176
0.05941418546578481
0.05940863614455405
0.05939801267385447
0.05938495775399455
0.05937257691022735
0.059363247302471334
0.05935823011455066
0.059356717985516005
0.05935583200083605
0.059352627412921244
0.05934653654289013
0.059339826908196724
0.059335221659790216
0.059333343663318105
0.05933274262149735
0.05933179070835004
0.0593299338150467
0.05932733555660119
0.05932430249561038
0.059321513740148935
0.059319882700502924
0.05931958681509619
0.05931976196550137
0.059319330385396496
0.059317886145012766
0.05931587888627421
0.05931415655405348
0.05931335439447882
0.05931349161089827
0.05931395506706372
0.059313947968087866
0.059313131858169554
0.05931187931238113
0.05931085249393764
0.059310414932653766
0.059310512707353324
0.05931084794531327
0.05931097189547452
0.05931053238009887
0.05930968451876728
0.05930904207799004
0.05930904109756485
0.05930945505743379
0.05930965619294848
0.059309325835016025
0.05930876752984937
0.05930847948164142
0.059308583546824556
0.059308782189954945
0.059308766351810815
0.05930853552220117
0.05930830747916083
0.05930822723710605
0.059308267905165635
0.05930832712520884
0.059308314178253885
0.05930820660707503
0.05930807901994062
0.05930803452269873
0.05930808053399317
0.05930811735423547
0.05930807619174794
0.059307999825497726
0.05930795726974958
0.059307955899190246
0.05930796313292852
0.05930795866430494
0.059307942149583126
0.05930791968516913
0.059307903223373315
0.05930790035789901
0.0593078999731822
0.059307888909927
0.05930787217735589
0.05930786430635204
0.05930786758316842
0.059307869403248836
0.059307861774320236
0.059307849884601915
0.059307842719509174
0.0593078426459297
0.059307844272668775
0.05930784335424877
0.0593078426459297
2646.510540 seconds (73.66 M allocations: 255.764 GiB, 1.14% gc time, 0.79% compilation time)
0.0593078426459297
Finished order 1
magnitude: 0.02965392132296485
learning rate: 0.00593078426459297
  0.001930 seconds (17.73 k allocations: 1.701 MiB)
  1.352010 seconds (27.75 M allocations: 2.769 GiB, 19.28% gc time)
0.07554595890232263
0.05107298779499991
0.03829652005234385
0.029872586497133202
0.023403895016279264
0.018939982617897533
0.016199302357816747
0.014413585513989524
0.013005457587391689
0.011687556862093662
0.010407222151389006
0.009176264948817958
0.008001863885532035
0.006864257944764418
0.005725977062437493
0.004638949103634604
0.003759099235950636
0.0031976812488666573
0.002910116672440455
0.0027605487676125584
0.0026411986325607373
0.002505597350290545
0.002351775405052381
0.0021892083009344976
0.0020070050997890165
0.0017831536529701042
0.0015147431270595701
0.0012337489974015847
0.0009900861612861522
0.0008109184025734129
0.000697693379160369
0.0006507171143069757
0.0006576973985824575
0.000691796534683764
0.0007338182275837823
0.0007671595568655709
0.0007769668704513677
0.0007618796190956845
0.0007232112334218943
0.0006618176934806153
0.0005867763106991442
0.0005097026390473713
0.0004377309197425294
0.00037257851982541723
0.00031511015396368247
0.0002687087052990478
0.0002330290561879389
0.0002028176917953095
0.00017376881809005873
0.00014459227848384604
0.0001173007809031068
9.521952677360446e-5
7.92183741221697e-5
6.799231181187082e-5
6.109396515308063e-5
5.874373116532272e-5
5.9969704973461546e-5
6.257910566809244e-5
6.405128181041775e-5
6.305473070089551e-5
5.977484281327605e-5
5.505614098577638e-5
4.980933168496904e-5
4.4566263530110284e-5
3.964731815297995e-5
3.562713463511891e-5
3.3080076948466264e-5
3.137432673860907e-5
2.919585856542284e-5
2.6573032875454317e-5
2.414823436125424e-5
2.1732995556966728e-5
1.9138020068920625e-5
1.6530749345711193e-5
1.395991731489854e-5
1.156748245589867e-5
9.692849486597765e-6
8.370119140899135e-6
7.358148489733374e-6
6.479794325442434e-6
5.685274731215273e-6
5.022489014239184e-6
4.421276092902993e-6
3.847289073988236e-6
3.377706743745712e-6
3.125948905391418e-6
3.0642404672542867e-6
3.088769832793048e-6
3.1768703785406416e-6
3.2785651145061934e-6
3.296877646663532e-6
3.171974604643246e-6
2.9180503394732327e-6
2.602370213766747e-6
2.278020022172811e-6
1.9431889497489863e-6
1.6339426603950713e-6
1.3749898257753301e-6
1.171647726949665e-6
1.0094913360791935e-6
1.0094913360791935e-6
5831.684031 seconds (324.27 M allocations: 13.180 TiB, 7.67% gc time, 0.04% compilation time)
1.0094913363012381e-6
Finished order 2
