magnitude: 0.29043856141728797
learning rate: 0.05808771228345759
  0.442440 seconds (241.07 k allocations: 11.422 MiB, 99.97% compilation time)
  0.616779 seconds (1.17 M allocations: 135.262 MiB, 8.60% gc time, 75.62% compilation time)
0.6692784090449895
0.6692784090449895
0.7057314203940662
0.7057314203940662
0.6059594685025584
0.6059594685025584
0.5891304340359036
0.5891304340359036
0.5834633940994376
0.5834633940994376
0.5814876908976596
0.5814876908976596
0.5805658923502957
0.5805658923502957
0.5800436153455972
0.5800436153455972
0.579642520979979
0.579642520979979
0.5785648893697605
0.5785648893697605
0.5777098645398686
0.5777098645398686
0.5762617292718932
0.5762617292718932
0.5748832831225015
0.5748832831225015
0.5746974530765561
0.574697453076556
0.5745590968840284
0.5745590968840284
0.5745643831432089
0.5745643831432089
0.5745320029665403
0.5745320029665402
0.5745168234953837
0.5745168234953835
0.5745034131568538
0.5745034131568537
0.5744960061715731
0.5744960061715731
0.5744945924585507
0.5744945924585507
0.5744932797672808
0.5744932797672807
0.5744931607473813
0.5744931607473813
0.5744930932379382
0.5744930932379382
0.5744930531864785
0.5744930531864785
0.574493041817003
0.574493041817003
0.5744930372371742
0.5744930372371742
0.5744930361699964
0.5744930361699964
2865.707095 seconds (52.78 M allocations: 74.974 GiB, 0.43% gc time, 1.03% compilation time)
Finished order 1
loss std: 0.0015475550894092302
magnitude: 0.2872465180849982
learning rate: 0.05744930361699964
  0.002910 seconds (17.73 k allocations: 1.701 MiB)
  2.086823 seconds (27.75 M allocations: 2.769 GiB, 13.37% gc time)
0.9522049311473246
0.9522049311473246
0.6173663588918439
0.6173663588918439
0.9667890276576302
0.9667890276576302
0.5314632439090063
0.5314632439090062
0.3136360441190098
0.3136360441190096
0.22921022619548792
0.2292102261954878
0.13724664350850324
0.13724664350850335
0.21365735268504005
0.21365735268503994
0.11760402392562819
0.11760402392562819
0.08199789830736315
0.08199789830736315
0.05602101930961911
0.05602101930961911
0.04452604325926601
0.04452604325926601
0.03335337302018837
0.03335337302018837
0.022506779539458455
0.022506779539458788
0.01662353628007396
0.01662353628007396
0.01273363033403907
0.01273363033403907
0.009493709050331645
0.009493709050331645
0.0067822638471978225
0.0067822638471977115
0.006640364511627528
0.006640364511627528
0.005052803886210544
0.005052803886210544
0.0032198891420731623
0.0032198891420728293
0.0025168131602745225
0.0025168131602746335
0.0018361083596113437
0.0018361083596113437
0.0014108315948672123
0.0014108315948669903
0.0010966184461222994
0.0010966184461225215
0.0008751714952709433
0.0008751714952709433
0.0006923220375463224
0.0006923220375463224
0.0005421840629822317
0.0005421840629822317
0.0003695161062144958
0.0003695161062144958
0.0003144724906285479
0.0003144724906287699
0.00022934429849941207
0.0002293442984995231
0.000208723702946223
0.00020872370294633402
0.00013367599832903032
0.00013367599832914134
0.00011182666666698093
0.00011182666666698093
8.787257432563145e-5
8.787257432574247e-5
5.888669900611099e-5
5.888669900611099e-5
6.410629508213361e-5
6.410629508213361e-5
4.487175850220737e-5
4.487175850220737e-5
3.1948035873141656e-5
3.194803587325268e-5
2.5772538438939563e-5
2.5772538438606496e-5
1.990582645094996e-5
1.9905826451172004e-5
1.4832006508425088e-5
1.4832006508203044e-5
1.0990051607762119e-5
1.0990051607873141e-5
8.521433055852512e-6
8.521433055630467e-6
6.201022732410522e-6
6.201022732188477e-6
4.4515208554862795e-6
4.4515208554862795e-6
3.715869950848827e-6
3.715869950848827e-6
2.6803727696256274e-6
2.680372769514605e-6
2.166136507719685e-6
2.166136507719685e-6
1.7126898239627764e-6
1.7126898239627764e-6
1.3583926201654606e-6
1.3583926201654606e-6
9.522780758386418e-7
9.522780758386418e-7
7.720561289170647e-7
7.7205612869502e-7
6.165309229810845e-7
6.165309232031291e-7
5.541584818802292e-7
5.541584816581846e-7
3.742201548639912e-7
3.742201548639912e-7
3.075576622268983e-7
3.075576620048537e-7
2.5156578853380296e-7
2.5156578853380296e-7
1.7121383000251456e-7
1.7121383033558146e-7
1.655710049064396e-7
1.6557100512848422e-7
1.3255167663484002e-7
1.3255167663484002e-7
8.554494912438315e-8
8.554494890233855e-8
6.810856711947366e-8
6.810856723049596e-8
8726.959370 seconds (203.89 M allocations: 8.224 TiB, 4.05% gc time, 0.04% compilation time)
Finished order 2
loss std: 2.3142744633083905e-6
magnitude: 3.405428355973683e-8
learning rate: 6.810856711947366e-9
  0.123394 seconds (194.54 k allocations: 24.923 MiB)
 22.644533 seconds (292.07 M allocations: 28.559 GiB, 12.56% gc time)
6.810860586625722e-8
6.810860586625722e-8
302.981879 seconds (20.19 M allocations: 813.904 GiB, 13.41% gc time)
Finished order 3
loss std: NaN
4
magnitude: 0.284397447594433
learning rate: 0.05687948951888659
  0.000097 seconds (651 allocations: 42.953 KiB)
  0.229486 seconds (1.10 M allocations: 132.065 MiB, 45.40% gc time)
0.6564952399191591
0.6564952399191591
0.7293402429008004
0.7293402429008004
0.594501108835497
0.594501108835497
0.5782732335488476
0.5782732335488476
0.5721557957701953
0.5721557957701953
0.5697714381144641
0.5697714381144641
0.5691608771055812
0.5691608771055812
0.5688651619097856
0.5688651619097856
0.5688123435592151
0.5688123435592151
0.5687573544527389
0.5687573544527389
0.5687014238417216
0.5687014238417216
0.5686308630478957
0.5686308630478957
0.5684625862452231
0.5684625862452231
0.5692671857929694
0.5692671857929693
0.5681609691765716
0.5681609691765716
0.5679637993666486
0.5679637993666486
0.5672906247790328
0.5672906247790328
0.566023043576821
0.566023043576821
0.566164786081385
0.566164786081385
0.5653704677860915
0.5653704677860916
0.5652595787109164
0.5652595787109164
0.565188232243481
0.5651882322434814
0.5650324756715271
0.5650324756715271
0.5650133976964676
0.5650133976964677
0.565002696421798
0.565002696421798
0.5650025078821833
0.5650025078821834
0.5650006457773546
0.5650006457773549
0.5649999078066178
0.5649999078066178
0.564999387228978
0.564999387228978
0.5649992759978422
0.5649992759978422
0.5649991607279079
0.5649991607279079
0.5649991304383153
0.5649991304383153
0.56499911669077
0.5649991166907699
0.5649991104030746
0.5649991104030747
3393.084520 seconds (9.44 M allocations: 88.199 GiB, 0.41% gc time)
Finished order 1
loss std: 0.001028318468818067
magnitude: 0.2824995552015373
learning rate: 0.05649991104030746
  0.027185 seconds (17.73 k allocations: 1.701 MiB)
  2.420686 seconds (27.75 M allocations: 2.769 GiB, 11.60% gc time)
0.9536914970958423
0.9536914970958423
0.6363517473199553
0.6363517473199553
0.9648373762466598
0.9648373762466598
0.6501404609865786
0.6501404609865786
0.5880578049859537
0.5880578049859537
0.6501347241873184
0.6501347241873183
0.5321066776514896
0.5321066776514897
0.2745528502172524
0.2745528502172523
0.17551346185859773
0.17551346185859795
0.11321507190932711
0.11321507190932723
0.07138808072831926
0.07138808072831926
0.05035610672637736
0.05035610672637714
0.0342256745651951
0.0342256745651951
0.023442689993778965
0.023442689993779187
0.01674903933469518
0.016749039334695404
0.011784552202742438
0.011784552202742216
0.009039061897526124
0.009039061897525902
0.006418412394183282
0.006418412394183615
0.004796698740355154
0.004796698740355154
0.003192306632717745
0.003192306632717856
0.002482701353018202
0.00248270135301798
0.0018655327329244464
0.0018655327329244464
0.0016463198036060778
0.0016463198036060778
0.0010175518911963444
0.0010175518911963444
0.0008656867507523813
0.0008656867507523813
0.0006921660270483576
0.0006921660270490237
0.0006421653007804284
0.0006421653007804284
0.0004545223309644353
0.00045452233096421324
0.0003935127644765224
0.00039351276447630035
0.0003315188983932238
0.00033151889839300175
0.00024055392540445197
0.00024055392540445197
0.00015721501111642944
0.0001572150111162074
9.873309162788946e-5
9.873309162788946e-5
7.304155424048275e-5
7.304155424059378e-5
5.8232343030706346e-5
5.8232343030706346e-5
4.15168498266727e-5
4.15168498266727e-5
2.7696749804739795e-5
2.7696749804739795e-5
2.090480743888179e-5
2.090480743888179e-5
1.544815997478466e-5
1.5448159975006703e-5
1.1622327285909506e-5
1.1622327285909506e-5
8.294474448389266e-6
8.294474448389266e-6
6.076526486431533e-6
6.076526486431533e-6
5.017918029537327e-6
5.017918029537327e-6
3.5267831977048303e-6
3.5267831977048303e-6
2.4044484809859767e-6
2.4044484809859767e-6
1.8118919182796844e-6
1.8118919182796844e-6
1.468644976077016e-6
1.468644976077016e-6
1.066575950003923e-6
1.066575950003923e-6
7.890509597929807e-7
7.890509597929807e-7
7.184377551761045e-7
7.184377552871268e-7
4.543666662915058e-7
4.543666660694612e-7
3.954356850854879e-7
3.9543568486344327e-7
2.9801323919720346e-7
2.9801323897515886e-7
2.6106945716364294e-7
2.6106945727466524e-7
1.8054107298048905e-7
1.8054107275844444e-7
1.527563167069701e-7
1.527563167069701e-7
1.2764206025472902e-7
1.2764206025472902e-7
1.0486469559367606e-7
1.0486469559367606e-7
8.027644660124622e-8
8.027644682329083e-8
6.724713874639576e-8
6.724713885741807e-8
8296.070273 seconds (189.83 M allocations: 7.832 TiB, 4.24% gc time)
Finished order 2
loss std: 2.3171822937803804e-6
magnitude: 3.362356937319788e-8
learning rate: 6.724713874639576e-9
  0.181011 seconds (194.54 k allocations: 24.923 MiB)
 25.832228 seconds (292.07 M allocations: 28.559 GiB, 14.56% gc time)
6.72460405137798e-8
6.72460405137798e-8
302.545964 seconds (20.19 M allocations: 813.904 GiB, 13.03% gc time)
Finished order 3
loss std: NaN
4
magnitude: 0.2763706910685579
learning rate: 0.05527413821371158
  0.000111 seconds (651 allocations: 42.953 KiB)
  0.161292 seconds (1.10 M allocations: 132.065 MiB, 26.96% gc time)
0.6338829599202442
0.6338829599202442
0.6308828819447604
0.6308828819447605
0.56850372589906
0.56850372589906
0.5569343890637092
0.5569343890637092
0.5544026691708395
0.5544026691708395
0.5533722766825468
0.5533722766825468
0.5529440554572927
0.5529440554572927
0.5527980483968947
0.5527980483968947
0.5527640781309286
0.5527640781309286
0.552749951394228
0.552749951394228
0.5527449839331258
0.5527449839331258
0.5527414271347078
0.5527414271347078
0.5527389157800999
0.5527389157800999
0.5527370584604077
0.5527370584604077
0.5527358800020705
0.5527358800020705
0.5527337423335026
0.5527337423335026
0.5527291896440345
0.5527291896440345
0.5527142811558482
0.5527142811558482
0.5688108777357563
0.5688108777357562
0.5526890803560844
0.5526890803560844
0.5526668129746535
0.5526668129746535
0.5525730853061239
0.5525730853061239
0.5523127133368663
0.5523127133368663
0.5520626854439662
0.5520626854439662
0.5516525302990958
0.5516525302990958
0.5515417132937457
0.5515417132937457
0.5515102546885058
0.5515102546885058
0.5515002337308131
0.5515002337308131
0.5514926017348609
0.5514926017348609
0.5514907989875666
0.5514907989875666
0.5514900301627783
0.5514900301627783
0.551489715846239
0.551489715846239
0.5514894552199405
0.5514894552199405
0.5514894864121067
0.5514894864121067
0.551489400091763
0.551489400091763
0.5514893564161063
0.5514893564161063
0.5514893411153414
0.5514893411153414
0.5514893396595995
0.5514893396595995
3630.355072 seconds (10.55 M allocations: 97.704 GiB, 0.42% gc time)
Finished order 1
loss std: 0.0038382512119154964
magnitude: 0.2757446698297997
learning rate: 0.05514893396595995
  0.027089 seconds (17.73 k allocations: 1.701 MiB)
  1.970967 seconds (27.75 M allocations: 2.769 GiB, 11.19% gc time)
0.9309568647250095
0.9309568647250095
0.574089558897086
0.574089558897086
0.9834731778168023
0.9834731778168023
0.5623640729263328
0.5623640729263328
0.31416768926257066
0.31416768926257044
0.3102895615991057
0.3102895615991057
0.21099719214486645
0.21099719214486645
0.1603007825120013
0.1603007825120013
0.09649367158889322
0.09649367158889333
0.07260936518303152
0.0726093651830314
0.04838522797931566
0.04838522797931577
0.033649192361877356
0.03364919236187758
0.023298404221132163
0.023298404221132385
0.01907122697405894
0.01907122697405894
0.012988593643573854
0.012988593643573854
0.012239066893255046
0.012239066893255268
0.007585793044087685
0.007585793044087241
0.006457949611744729
0.006457949611744507
0.005030774866647381
0.0050307748666471586
0.0036912139982123726
0.0036912139982123726
0.002798018327626939
0.00279801832762705
0.002255862085856264
0.002255862085856264
0.0018443174475619717
0.0018443174475619717
0.0014224775555294888
0.0014224775555295999
0.0013837786716781597
0.0013837786716783818
0.0011264677148945523
0.0011264677148941082
0.0008415747312184862
0.0008415747312187083
0.0006868254700851395
0.0006868254700852505
0.0005200337455530946
0.0005200337455530946
0.0004233746231526725
0.00042337462315245045
0.00033251618644425385
0.00033251618644425385
0.00027211483479638865
0.00027211483479638865
0.00021831830972374178
0.00021831830972351973
0.00013187359989719205
0.00013187359989708103
0.00016661339103773987
0.00016661339103773987
9.705263337989045e-5
9.705263337989045e-5
7.66429329909224e-5
7.66429329909224e-5
5.9066552186126664e-5
5.9066552186126664e-5
4.333172217019232e-5
4.3331722170414366e-5
2.9549726398458986e-5
2.9549726398458986e-5
2.2460812531210905e-5
2.2460812531210905e-5
1.7435995605441512e-5
1.7435995605441512e-5
1.3183283564255355e-5
1.3183283564255355e-5
8.932629752322896e-6
8.932629752100851e-6
6.369408504736107e-6
6.369408505069174e-6
5.106226963480509e-6
5.106226963591531e-6
3.424533432827559e-6
3.424533432827559e-6
2.7454020610218066e-6
2.7454020610218066e-6
2.0405326432992865e-6
2.0405326432992865e-6
1.4961741885421986e-6
1.496174188320154e-6
1.1637227762539837e-6
1.1637227762539837e-6
9.490260270972328e-7
9.490260273192774e-7
7.110107698160562e-7
7.110107700381008e-7
6.189540627810075e-7
6.189540630030521e-7
4.967016475898589e-7
4.967016480339481e-7
4.3226351997827095e-7
4.3226351964520404e-7
3.0351291302466166e-7
3.0351291324670626e-7
2.6318219004117793e-7
2.6318219004117793e-7
2.2262063426037315e-7
2.2262063448241776e-7
1.6232420674278103e-7
1.6232420696482563e-7
1.307301733532995e-7
1.307301731312549e-7
7.834562731900974e-8
7.834562720798743e-8
8593.245194 seconds (196.16 M allocations: 8.093 TiB, 4.36% gc time)
Finished order 2
loss std: 3.4831704720493854e-6
magnitude: 3.917281365950487e-8
learning rate: 7.834562731900973e-9
  0.167444 seconds (194.54 k allocations: 24.923 MiB)
 24.685772 seconds (292.07 M allocations: 28.559 GiB, 13.22% gc time)
7.834383231042352e-8
7.834383231042352e-8
0.36858732876197076
0.36858732876197053
2.138504351378856e-8
2.1385043735833165e-8
924.615282 seconds (60.56 M allocations: 2.384 TiB, 15.54% gc time)
Finished order 3
loss std: 0.21280396469136417
4
magnitude: 0.26577992181292986
learning rate: 0.05315598436258597
  0.000103 seconds (651 allocations: 42.953 KiB)
  0.121882 seconds (1.10 M allocations: 132.065 MiB, 11.65% gc time)
0.598899095893155
0.598899095893155
0.6616122600589075
0.6616122600589075
0.547900636636679
0.547900636636679
0.5376380265477689
0.5376380265477689
0.5337103181279783
0.5337103181279783
0.5323613252207575
0.5323613252207575
0.5319750727100655
0.5319750727100655
0.531706265353574
0.531706265353574
0.5316309548215559
0.5316309548215559
0.5315959306203698
0.5315959306203698
0.5315706832086395
0.5315706832086395
0.5315653955318318
0.5315653955318318
0.5315627322137977
0.5315627322137977
0.531560812688406
0.531560812688406
0.5315620512520975
0.5315620512520975
0.5315605999701454
0.5315605999701454
0.5315604729987274
0.5315604729987274
0.5315604393182609
0.5315604393182609
0.5315604250270203
0.5315604250270203
0.5315604142341557
0.5315604142341557
0.531560400100292
0.531560400100292
0.5315603610916417
0.5315603610916417
0.5315603022519498
0.5315603022519498
0.5315602112249065
0.5315602112249065
0.5315600859145331
0.5315600859145331
0.5315599496554918
0.5315599496554918
0.531559876610915
0.531559876610915
0.531559859537502
0.531559859537502
0.5315598471548624
0.5315598471548624
0.5315598454335759
0.5315598454335759
2772.639974 seconds (8.33 M allocations: 76.488 GiB, 0.40% gc time)
Finished order 1
loss std: 2.5808708754050554e-6
magnitude: 0.26577992271678796
learning rate: 0.05315598454335759
  0.034989 seconds (17.73 k allocations: 1.701 MiB)
  2.616413 seconds (27.75 M allocations: 2.769 GiB, 11.41% gc time)
0.9171928964010059
0.9171928964010059
0.5599127134834359
0.5599127134834359
0.9417346899380116
0.9417346899380116
0.9976226449002816
0.9976226449002816
0.495558915504403
0.4955589155044029
0.39166115331766904
0.39166115331766926
0.46746843636291624
0.46746843636291624
0.1623419436762591
0.1623419436762591
0.1470976747092505
0.1470976747092505
0.08063632360229556
0.08063632360229545
0.06302812841269989
0.06302812841269989
0.047175739600541
0.047175739600540556
0.03093758149085113
0.030937581490850907
0.026668985115167354
0.026668985115167132
0.019636056631845755
0.019636056631845755
0.017246204886020133
0.017246204886020133
0.0133406122217401
0.0133406122217401
0.01097464556645611
0.01097464556645611
0.007988306162251546
0.007988306162251102
0.006718900671601413
0.006718900671601413
0.005254230807779536
0.005254230807779536
0.004172199650509301
0.004172199650509079
0.002830980785546333
0.002830980785546111
0.0022648440817693016
0.0022648440817695237
0.001790794456440925
0.001790794456441036
0.0014367397065911947
0.0014367397065914167
0.001142108228612937
0.0011421082286124928
0.0008704356870028462
0.0008704356870028462
0.0006911430562624998
0.0006911430562621668
0.0006795408121466062
0.0006795408121466062
0.0005169971212940494
0.0005169971212940494
0.00030134378970592124
0.00030134378970592124
0.00023973087992268383
0.0002397308799225728
0.00015573665994106367
0.00015573665994106367
0.00012120508143897979
0.00012120508143897979
8.111521823406243e-5
8.111521823372936e-5
5.9451412985245256e-5
5.945141298502321e-5
4.764472776974671e-5
4.764472776996875e-5
2.8725664481643598e-5
2.8725664481643598e-5
3.320204828005657e-5
3.320204828005657e-5
2.1004282773406935e-5
2.1004282773406935e-5
1.7397294187149193e-5
1.7397294187371237e-5
1.3992772668780518e-5
1.3992772668669495e-5
1.106628454494718e-5
1.1066284544725136e-5
8.261718331015189e-6
8.261718330793144e-6
6.1742996386726645e-6
6.1742996386726645e-6
5.018922088262379e-6
5.018922088262379e-6
3.707994573387552e-6
3.707994573387552e-6
3.004014088481277e-6
3.0040140885922995e-6
2.191145820562568e-6
2.1911458207846124e-6
1.9205851854442457e-6
1.9205851856662903e-6
1.4384162220215657e-6
1.4384162220215657e-6
1.3881615775757083e-6
1.3881615773536637e-6
9.378455972930411e-7
9.378455972930411e-7
8.154201416310514e-7
8.154201420751406e-7
6.786559977323137e-7
6.786559977323137e-7
5.406605283475585e-7
5.406605283475585e-7
4.451840913688443e-7
4.451840913688443e-7
3.7067007618851733e-7
3.7067007618851733e-7
3.2902555768821173e-7
3.2902555768821173e-7
2.670263140602813e-7
2.670263140602813e-7
2.3849921504393023e-7
2.3849921504393023e-7
1.5071768688645903e-7
1.5071768688645903e-7
1.2916063085732787e-7
1.2916063085732787e-7
9.745156270835054e-8
9.745156293039514e-8
7.922902511836583e-8
7.922902511836583e-8
5.349193066273017e-8
5.3491930884774774e-8
9269.155563 seconds (211.98 M allocations: 8.745 TiB, 4.42% gc time)
Finished order 2
loss std: 1.0398840179752182e-6
magnitude: 2.6745965331365085e-8
learning rate: 5.349193066273017e-9
  0.182605 seconds (194.54 k allocations: 24.923 MiB)
 25.316755 seconds (292.07 M allocations: 28.559 GiB, 14.76% gc time)
5.349441345448014e-8
5.349441345448014e-8
302.860324 seconds (20.19 M allocations: 813.904 GiB, 13.91% gc time)
Finished order 3
loss std: NaN
4
magnitude: 0.2519645949003557
learning rate: 0.050392918980071144
  0.000156 seconds (651 allocations: 42.953 KiB)
  0.152904 seconds (1.10 M allocations: 132.065 MiB, 14.20% gc time)
0.5879026184040621
0.5879026184040621
0.6277991655943163
0.6277991655943163
0.5223506330280373
0.5223506330280373
0.5092568922736131
0.5092568922736131
0.5056137837296166
0.5056137837296166
0.5045198853314947
0.5045198853314947
0.504138089344969
0.504138089344969
0.5039852545806742
0.5039852545806742
0.5039506381325929
0.5039506381325929
0.5039368732191092
0.5039368732191092
0.503933035963781
0.503933035963781
0.5039315705861336
0.5039315705861336
0.5039306014252722
0.5039306014252722
0.5039302114345064
0.5039302114345064
0.503929753526634
0.503929753526634
0.5039296004142709
0.5039296004142709
0.5039294500924059
0.5039294500924059
0.50392947452202
0.50392947452202
0.5039293786032353
0.5039293786032353
0.5039293121373172
0.5039293121373172
0.5039292470747148
0.5039292470747148
0.5039292105751916
0.5039292105751916
0.5039291991366833
0.5039291991366833
0.5039291910015999
0.5039291910015999
2213.095409 seconds (6.66 M allocations: 61.189 GiB, 0.41% gc time)
Finished order 1
loss std: 0.0003907679702195006
magnitude: 0.25196459550079997
learning rate: 0.05039291910015999
  0.035030 seconds (17.73 k allocations: 1.701 MiB)
  2.122036 seconds (27.75 M allocations: 2.769 GiB, 13.20% gc time)
0.9026772883009625
0.9026772883009625
0.5281616574622596
0.5281616574622596
0.9368105840981756
0.9368105840981755
0.4759051297459801
0.4759051297459802
0.32205017523528967
0.32205017523528967
0.23259310524361243
0.23259310524361265
0.11338170517014001
0.11338170517014023
0.08611446638889053
0.08611446638889053
0.052736521403156655
0.052736521403156655
0.04433855032792022
0.04433855032792022
0.02860699646888898
0.0286069964688892
0.024252269854384223
0.024252269854384223
0.020244138768011566
0.020244138768011788
0.013829600596895864
0.013829600596895864
0.010610062572873669
0.010610062572873225
0.007491216362192521
0.007491216362192743
0.006267135664288603
0.006267135664288603
0.004852869257960024
0.004852869257960468
0.0040936751744884425
0.004093675174488665
0.0028967827597298212
0.0028967827597298212
0.0023392867817084717
0.0023392867817084717
0.0018832834820443622
0.0018832834820441402
0.001388114446443045
0.0013881144464434891
0.0009529654740804139
0.0009529654740801918
0.0008111043483431946
0.0008111043483431946
0.0006626910774135686
0.0006626910774136796
0.0004915273637181583
0.0004915273637177142
0.00033368580318637875
0.0003336858031861567
0.00024235607412692595
0.00024235607412692595
0.00018349739414602606
0.00018349739414602606
0.00012289908159057727
0.00012289908159057727
0.00010043814823990083
0.00010043814823990083
6.021487372676049e-5
6.021487372676049e-5
5.1201774469822325e-5
5.120177446960028e-5
3.512565869101536e-5
3.5125658691237405e-5
3.6049674152827116e-5
3.604967415304916e-5
2.827175734410048e-5
2.8271757344322523e-5
2.115228207244524e-5
2.1152282072223194e-5
1.5928500561201986e-5
1.5928500561201986e-5
1.2902736462150344e-5
1.2902736462150344e-5
1.016435668221849e-5
1.0164356682440534e-5
7.893492826926973e-6
7.893492826926973e-6
6.464109078119229e-6
6.464109077897184e-6
5.103704997400094e-6
5.103704997178049e-6
4.189882838678827e-6
4.189882838678827e-6
3.32150197202008e-6
3.32150197202008e-6
2.6477652246281735e-6
2.6477652246281735e-6
2.0997485056239995e-6
2.0997485056239995e-6
1.717837726178395e-6
1.7178377264004396e-6
1.4261174307028668e-6
1.4261174307028668e-6
1.0720953527165733e-6
1.0720953527165733e-6
8.629332880483176e-7
8.629332880483176e-7
6.827703582512612e-7
6.827703580292166e-7
5.367000567302327e-7
5.367000569522773e-7
4.367619643730336e-7
4.367619643730336e-7
3.357375812917951e-7
3.357375817358843e-7
2.6955700893616097e-7
2.6955700893616097e-7
2.2137008381939438e-7
2.2137008381939438e-7
1.8272738477875805e-7
1.8272738477875805e-7
1.4304351780847213e-7
1.4304351758642753e-7
1.175581918477775e-7
1.175581918477775e-7
1.0050554255514044e-7
1.0050554233309583e-7
7.689204484240264e-8
7.689204528649185e-8
8728.941285 seconds (199.32 M allocations: 8.223 TiB, 4.49% gc time)
Finished order 2
loss std: 1.4791335505043347e-6
magnitude: 3.844602242120132e-8
learning rate: 7.689204484240265e-9
  0.125619 seconds (194.54 k allocations: 24.923 MiB)
 25.012679 seconds (292.07 M allocations: 28.559 GiB, 14.65% gc time)
7.689444458947037e-8
7.689444458947037e-8
0.3564000967500902
0.3564000967500902
1.531914406438517e-8
1.5319144175407473e-8
941.264324 seconds (60.56 M allocations: 2.384 TiB, 16.15% gc time)
Finished order 3
loss std: 0.20576766517810544
4
magnitude: 0.23426798838043705
learning rate: 0.04685359767608741
  0.000142 seconds (651 allocations: 42.953 KiB)
  0.146269 seconds (1.10 M allocations: 132.065 MiB, 23.71% gc time)
0.5419744469136345
0.5419744469136345
0.5803733631211165
0.5803733631211166
0.4837877839640278
0.4837877839640278
0.4727623602753719
0.4727623602753719
0.46994410625318694
0.46994410625318694
0.46923494899718987
0.46923494899718987
0.4687504149056141
0.4687504149056141
0.4686344332408118
0.4686344332408118
0.46858116794996085
0.46858116794996085
0.46856029844182934
0.46856029844182934
0.46854518007022294
0.46854518007022294
0.46854021108196453
0.46854021108196453
0.4685374079103819
0.4685374079103819
0.4685367304578394
0.4685367304578394
0.46853635437778807
0.46853635437778807
0.46853608269301006
0.46853608269301006
0.46853633717619625
0.46853633717619625
0.46853603130664456
0.46853603130664456
0.4685359889094848
0.4685359889094848
0.4685359827275547
0.4685359827275547
0.468535978468131
0.468535978468131
1945.899280 seconds (5.83 M allocations: 53.594 GiB, 0.44% gc time)
Finished order 1
loss std: 0.024989681388320938
magnitude: 0.2342679892340655
learning rate: 0.0468535978468131
  0.031290 seconds (17.73 k allocations: 1.701 MiB)
  2.188697 seconds (27.75 M allocations: 2.769 GiB, 13.40% gc time)
0.8792495277301061
0.8792495277301061
0.4685699316899987
0.46856993168999883
0.9999554266133555
0.9999554266133555
0.5063058250505096
0.5063058250505096
0.38221400778941184
0.3822140077894115
0.26305117874859674
0.26305117874859674
0.17996655103736847
0.17996655103736847
0.09291907584562176
0.09291907584562176
0.06660047209127662
0.06660047209127684
0.055891081039198154
0.055891081039198154
0.03253933025185041
0.03253933025185041
0.04813115871330553
0.04813115871330553
0.02542548025446434
0.02542548025446434
0.021467405387871952
0.021467405387871952
0.013477474414513635
0.013477474414513635
0.012796296902085946
0.012796296902085724
0.009446607346645264
0.009446607346645042
0.008056857897658865
0.008056857897659087
0.006481161043528028
0.00648116104352825
0.00455122103961636
0.00455122103961636
0.005156764553346571
0.005156764553346349
0.00359918488457589
0.003599184884576112
0.002230899193033431
0.002230899193033209
0.0017587695531735559
0.0017587695531735559
0.0013094706032097392
0.0013094706032095171
0.0010716334214414536
0.0010716334214414536
0.0008607818688390889
0.0008607818688390889
0.0007010665731485011
0.0007010665731485011
0.0005598172111918043
0.0005598172111918043
0.0004890282642476818
0.0004890282642479038
0.0002703934751214776
0.00027039347512169964
0.00022095690264678503
0.00022095690264678503
0.00015641942770827644
0.00015641942770827644
0.0001149455226291396
0.0001149455226291396
6.780510235104842e-5
6.780510235127046e-5
5.4693068528011146e-5
5.4693068528011146e-5
3.939666865848679e-5
3.939666865848679e-5
2.8132772307287723e-5
2.813277230706568e-5
1.7987138960506854e-5
1.7987138960506854e-5
1.3464535972951275e-5
1.3464535972951275e-5
9.554748928941592e-6
9.554748928941592e-6
7.760735127315677e-6
7.760735127315677e-6
5.362215844573193e-6
5.362215844573193e-6
4.442719703456888e-6
4.442719703456888e-6
3.7447345886398864e-6
3.7447345886398864e-6
3.1377743864302587e-6
3.137774386874348e-6
2.371556916513917e-6
2.3715569162918726e-6
2.0987066210453875e-6
2.0987066206012983e-6
1.7270023906501564e-6
1.7270023906501564e-6
1.5171327275576019e-6
1.517132727224535e-6
1.0490206029389881e-6
1.0490206029389881e-6
8.9687927695703e-7
8.9687927695703e-7
7.410199754920299e-7
7.410199752699853e-7
5.405350999021508e-7
5.405350999021508e-7
6.505782672583393e-7
6.505782672583393e-7
4.5084553301766306e-7
4.5084553301766306e-7
3.3899936802139763e-7
3.3899936802139763e-7
2.772056532096556e-7
2.7720565343170023e-7
2.0048699567176698e-7
2.0048699589381158e-7
1.8209596674978457e-7
1.8209596674978457e-7
1.3640953444582493e-7
1.3640953422378033e-7
1.1981814918016198e-7
1.1981814940220659e-7
9.663601319154225e-8
9.663601296949764e-8
6.882849923339762e-8
6.882849901135302e-8
6.728582513382264e-8
6.728582502280034e-8
5.547457659904609e-8
5.547457659904609e-8
4.45343985022717e-8
4.45343985022717e-8
9279.679575 seconds (211.98 M allocations: 8.745 TiB, 4.59% gc time)
Finished order 2
loss std: 6.088976773844516e-7
magnitude: 2.226719925113585e-8
learning rate: 4.45343985022717e-9
  0.177257 seconds (194.54 k allocations: 24.923 MiB, 5.71% gc time)
 21.371411 seconds (292.07 M allocations: 28.559 GiB, 13.48% gc time)
4.4532291521015566e-8
4.453229174306017e-8
296.874378 seconds (20.19 M allocations: 813.904 GiB, 15.41% gc time)
Finished order 3
loss std: NaN
4
magnitude: 0.2122259253264912
learning rate: 0.04244518506529824
  0.000170 seconds (651 allocations: 42.953 KiB)
  0.122345 seconds (1.10 M allocations: 132.065 MiB, 10.61% gc time)
0.4857794205880889
0.4857794205880889
0.5727548770054429
0.5727548770054429
0.43532836403475506
0.43532836403475506
0.4278247505716126
0.4278247505716126
0.4256405718831172
0.4256405718831172
0.4249077474470955
0.4249077474470955
0.42457300740996673
0.42457300740996673
0.4245026032341396
0.4245026032341396
0.42447423328479983
0.42447423328479983
0.42445771429181944
0.42445771429181944
0.4244538708721539
0.4244538708721539
0.424452407767718
0.424452407767718
0.4244520014441051
0.4244520014441051
0.42445190809365385
0.42445190809365385
0.4244518652159115
0.4244518652159115
0.424451863190787
0.424451863190787
1491.655901 seconds (4.44 M allocations: 40.914 GiB, 0.42% gc time)
Finished order 1
loss std: 0.03890296726446039
magnitude: 0.2122259315953935
learning rate: 0.0424451863190787
  0.002913 seconds (17.73 k allocations: 1.701 MiB)
  1.920093 seconds (27.75 M allocations: 2.769 GiB, 11.50% gc time)
0.8046182999533222
0.8046182999533223
0.4090003844234448
0.40900038442344466
0.5777435258182642
0.5777435258182644
0.300459733691517
0.30045973369151713
0.13949169410397833
0.13949169410397833
0.08000058261660659
0.08000058261660659
0.05849388820721213
0.058493888207212574
0.04215341056349198
0.042153410563491756
0.03137637189559195
0.03137637189559184
0.024351282908465444
0.024351282908465666
0.01906363558148938
0.019063635581489158
0.01604731687854588
0.01604731687854566
0.012777068077306941
0.01277706807730683
0.0104383971175116
0.010438397117511822
0.0076299469970341205
0.0076299469970341205
0.006602493971205936
0.006602493971205936
0.004781805494756819
0.004781805494756819
0.004908273724108958
0.004908273724108958
0.00392295633390094
0.00392295633390094
0.002864727061594685
0.002864727061594907
0.0020370669248388484
0.0020370669248386264
0.00163165879083349
0.001631658790833268
0.001260827343959381
0.001260827343959381
0.000988278594540204
0.000988278594540648
0.000749576496077986
0.000749576496077986
0.0005450039749839153
0.0005450039749839153
0.00039289490498550794
0.0003928949049852859
0.0002632706912056859
0.0002632706912056859
0.00017827847674634079
0.00017827847674634079
0.00010467107310663248
0.00010467107310641044
7.328255034444453e-5
7.328255034466657e-5
5.223391072695094e-5
5.223391072695094e-5
3.799369601609204e-5
3.799369601609204e-5
2.550874735096631e-5
2.550874735096631e-5
1.7271443666033726e-5
1.7271443666033726e-5
1.2570046541982016e-5
1.257004654220406e-5
8.670449257675017e-6
8.670449257675017e-6
6.608302176358549e-6
6.608302176358549e-6
4.656488966303662e-6
4.656488966525707e-6
3.5798121773567004e-6
3.579812177578745e-6
2.9037907528506324e-6
2.9037907528506324e-6
2.390345144931416e-6
2.3903451447093715e-6
1.8615563276425107e-6
1.8615563278645553e-6
1.5053843650525423e-6
1.5053843650525423e-6
1.1526431556996286e-6
1.1526431556996286e-6
9.130522983236133e-7
9.13052298545658e-7
7.483351448511755e-7
7.483351448511755e-7
5.768235140646283e-7
5.768235140646283e-7
4.6487221283531e-7
4.6487221283531e-7
3.861645052616325e-7
3.861645052616325e-7
3.270152164613904e-7
3.270152163503681e-7
2.6848533540846375e-7
2.6848533540846375e-7
2.2842883262708114e-7
2.2842883240503653e-7
1.927533831436179e-7
1.927533833656625e-7
1.6166682836882273e-7
1.6166682836882273e-7
1.312041866263769e-7
1.312041864043323e-7
1.1177704695164437e-7
1.1177704717368897e-7
8.178745425357903e-8
8.178745425357903e-8
7952.183736 seconds (183.50 M allocations: 7.571 TiB, 4.47% gc time)
Finished order 2
loss std: 1.3077197314640238e-6
magnitude: 4.0893727126789514e-8
learning rate: 8.178745425357903e-9
  0.173541 seconds (194.54 k allocations: 24.923 MiB, 4.61% gc time)
 21.297589 seconds (292.07 M allocations: 28.559 GiB, 13.23% gc time)
8.179024568732984e-8
8.179024557630754e-8
0.4023773545940337
0.4023773545940337
1.5761900229449566e-8
1.5761900229449566e-8
908.138619 seconds (60.56 M allocations: 2.384 TiB, 17.11% gc time)
Finished order 3
loss std: 0.23231264582979833
4
magnitude: 0.1858725396080121
learning rate: 0.037174507921602415
  0.000172 seconds (651 allocations: 42.953 KiB)
  0.159757 seconds (1.10 M allocations: 132.065 MiB, 24.48% gc time)
0.4324735393551199
0.4324735393551199
0.5728224618161911
0.5728224618161915
0.38686254744018744
0.38686254744018744
0.3759428566762941
0.3759428566762941
0.37279761645630394
0.37279761645630394
0.3719311332420576
0.3719311332420576
0.3718167080783743
0.3718167080783743
0.37177031628246526
0.37177031628246526
0.37175760456652573
0.37175760456652573
0.37174928145347075
0.37174928145347075
0.3717458719603134
0.3717458719603134
0.3717463232572987
0.3717463232572987
0.37174529363468367
0.37174529363468367
0.3717451723345636
0.3717451723345636
0.37174511068281546
0.37174511068281546
0.3717450863982714
0.3717450863982714
0.37174508874678647
0.37174508874678647
0.37174508266875284
0.37174508266875284
0.37174508008500584
0.37174508008500584
1753.767728 seconds (5.27 M allocations: 48.443 GiB, 0.41% gc time)
Finished order 1
loss std: 0.047239203209926924
magnitude: 0.18587254004250292
learning rate: 0.037174508008500584
  0.043184 seconds (17.73 k allocations: 1.701 MiB)
  2.405308 seconds (27.75 M allocations: 2.769 GiB, 11.83% gc time)
0.7502857586438214
0.7502857586438214
0.3642567153855081
0.3642567153855081
0.21419466868816528
0.21419466868816528
0.10303667317997434
0.10303667317997389
0.06753980575860474
0.06753980575860474
0.04905944254511496
0.04905944254511452
0.033403693791340006
0.033403693791340006
0.028078809903783086
0.028078809903783086
0.0199823906786456
0.0199823906786456
0.017312908097794066
0.017312908097794066
0.014234786568295354
0.014234786568295354
0.010540348543978562
0.010540348543978784
0.009392597997409657
0.009392597997409435
0.007422229877954378
0.007422229877954378
0.006557317406303942
0.006557317406303942
0.005156791126189275
0.005156791126189275
0.004308543530336051
0.004308543530336495
0.002894683330527892
0.0028946833305274478
0.0023635528084462454
0.0023635528084464674
0.0018667317947697049
0.0018667317947697049
0.001288504352302322
0.001288504352301878
0.0015346948279815198
0.0015346948279812977
0.0010148523202075932
0.0010148523202075932
0.0007833717331319212
0.0007833717331314771
0.0006280651300826223
0.0006280651300824003
0.00047052882474118984
0.00047052882474118984
0.00033340803886428017
0.00033340803886428017
0.0002405548979387273
0.0002405548979387273
0.00016895416316697887
0.00016895416316675682
0.0001218400536507902
0.00012184005365056816
9.366701158930457e-5
9.366701158930457e-5
7.098341279521136e-5
7.098341279521136e-5
5.619228948983146e-5
5.619228948983146e-5
4.223760538002441e-5
4.223760537980237e-5
3.512954300299853e-5
3.512954300299853e-5
2.9528022197133907e-5
2.9528022197355952e-5
2.3185556018323616e-5
2.318555601854566e-5
2.1633634873730045e-5
2.1633634873730045e-5
1.7893992827922034e-5
1.7893992827477945e-5
1.6733341565489113e-5
1.6733341565711157e-5
1.429981931311275e-5
1.4299819312890705e-5
1.2161919675235389e-5
1.2161919675013344e-5
9.865698187394578e-6
9.865698187172534e-6
8.259191231707597e-6
8.259191231485552e-6
6.4401357304788576e-6
6.4401357304788576e-6
5.416828534721141e-6
5.416828534721141e-6
4.3739675916754095e-6
4.3739675916754095e-6
3.428648993497596e-6
3.428648993497596e-6
2.807072464250382e-6
2.807072464250382e-6
1.878431166280059e-6
1.8784311667241482e-6
1.2750258682192595e-6
1.275025868441304e-6
9.580087745320043e-7
9.580087745320043e-7
7.813414300006372e-7
7.813414302226818e-7
5.471187610739392e-7
5.471187610739392e-7
4.3930284865378866e-7
4.3930284865378866e-7
3.184605920081296e-7
3.184605920081296e-7
2.6182950429998186e-7
2.6182950441100417e-7
1.9822414143444433e-7
1.9822414143444433e-7
1.3223339567769443e-7
1.3223339567769443e-7
8.945998664078303e-8
8.945998641873842e-8
6.845834366053793e-8
6.845834366053793e-8
8400.719324 seconds (192.99 M allocations: 7.962 TiB, 4.53% gc time)
Finished order 2
loss std: 3.643627642757998e-6
magnitude: 3.422917183026897e-8
learning rate: 6.845834366053794e-9
  0.166230 seconds (194.54 k allocations: 24.923 MiB)
 20.393320 seconds (292.07 M allocations: 28.559 GiB, 12.92% gc time)
6.845615940775929e-8
6.845615940775929e-8
0.43138970674668853
0.4313897067466883
8.550240626625794e-9
8.550240626625794e-9
910.556997 seconds (60.56 M allocations: 2.384 TiB, 17.30% gc time)
Finished order 3
loss std: 0.24906294108600324
4
magnitude: 0.15607815814287918
learning rate: 0.031215631628575834
  0.000197 seconds (651 allocations: 42.953 KiB)
  0.129201 seconds (1.10 M allocations: 132.065 MiB, 15.75% gc time)
0.3637895746670945
0.3637895746670945
0.558074390421545
0.558074390421545
0.3215870638757381
0.3215870638757381
0.3146181979200915
0.3146181979200915
0.3128995685509033
0.3128995685509033
0.312421261399322
0.312421261399322
0.3122375479927798
0.3122375479927798
0.31217700287095373
0.31217700287095373
0.3121624979757265
0.3121624979757265
0.3121579327307319
0.3121579327307319
0.31215679599306967
0.31215679599306967
0.31215645688551297
0.31215645688551297
0.3121563561907429
0.3121563561907429
0.3121563304420605
0.3121563304420605
0.3121563210037184
0.3121563210037184
0.31215631779158304
0.31215631779158304
1481.009368 seconds (4.44 M allocations: 40.827 GiB, 0.36% gc time)
Finished order 1
loss std: 0.061757187585316634
magnitude: 0.15607815889579152
learning rate: 0.031215631779158304
  0.031331 seconds (17.73 k allocations: 1.701 MiB)
  3.114843 seconds (27.75 M allocations: 2.769 GiB, 25.41% gc time)
0.5931336942270016
0.5931336942270017
0.2811366762679056
0.2811366762679056
0.13101236848722586
0.13101236848722564
0.07454460363733995
0.07454460363733972
0.05066296852209651
0.050662968522096063
0.03433355802863458
0.03433355802863458
0.026546734572408748
0.026546734572408748
0.020217709851353627
0.020217709851353627
0.015061015074007145
0.015061015074007145
0.011733546149589436
0.011733546149589213
0.009592186048237306
0.009592186048237306
0.00813922522190802
0.008139225221908242
0.00663323009822403
0.00663323009822403
0.005117382993486075
0.005117382993486075
0.003977144196476101
0.003977144196476323
0.002938871329434045
0.002938871329434045
0.002305353057925452
0.0023053530579258963
0.0017301173224237854
0.0017301173224237854
0.0013441799417286404
0.0013441799417286404
0.0011001681219537929
0.0011001681219537929
0.0008480918108008106
0.0008480918108008106
0.0005779199997810736
0.0005779199997806295
0.00044370953652905776
0.0004437095365292798
0.00031629235915264786
0.00031629235915264786
0.00022324543794005614
0.00022324543794005614
0.0001716135946648878
0.00017161359466510984
0.00014390874287206756
0.00014390874287206756
9.558706342771561e-5
9.558706342771561e-5
8.572525869521286e-5
8.572525869521286e-5
6.994486637057484e-5
6.99448663703528e-5
6.802825280027847e-5
6.802825280027847e-5
5.127190896769829e-5
5.127190896792033e-5
4.6792483519686456e-5
4.6792483519686456e-5
4.08960378162071e-5
4.08960378162071e-5
3.382024516063176e-5
3.38202451608538e-5
4.289267427071142e-5
4.289267427071142e-5
3.1211670281416914e-5
3.1211670281416914e-5
2.6457710153415803e-5
2.6457710153859892e-5
2.3502369514538657e-5
2.3502369514094568e-5
1.9706115518935974e-5
1.970611551915802e-5
1.6407300977405725e-5
1.6407300977405725e-5
1.3983130768835395e-5
1.3983130768835395e-5
1.0227654561378863e-5
1.0227654561600907e-5
8.695827349636254e-6
8.695827349636254e-6
6.121732399333446e-6
6.121732399333446e-6
4.73212296669967e-6
4.732122966921715e-6
3.5780317289013652e-6
3.57803172912341e-6
2.3045929310461233e-6
2.3045929310461233e-6
1.681001677189542e-6
1.681001677189542e-6
1.2201427302960255e-6
1.2201427302960255e-6
9.81339923877833e-7
9.813399240998777e-7
6.547682502855423e-7
6.547682505075869e-7
6.832185669436441e-7
6.832185667215995e-7
5.164203579210991e-7
5.164203579210991e-7
3.636349796831695e-7
3.636349796831695e-7
2.714125292291314e-7
2.714125292291314e-7
1.8976133053794086e-7
1.8976133053794086e-7
1.80311877651107e-7
1.8031187787315162e-7
1.1085168283297975e-7
1.1085168283297975e-7
9.254453425810993e-8
9.254453448015454e-8
8183.052308 seconds (189.83 M allocations: 7.832 TiB, 4.59% gc time)
Finished order 2
loss std: 4.937757389298303e-6
magnitude: 4.627226712905497e-8
learning rate: 9.254453425810993e-9
  0.159400 seconds (194.54 k allocations: 24.923 MiB, 14.79% gc time)
 21.179111 seconds (292.07 M allocations: 28.559 GiB, 14.47% gc time)
9.254910848799369e-8
9.254910848799369e-8
0.46056096838096083
0.46056096838096094
1.0405234784904849e-8
1.0405234784904849e-8
902.057438 seconds (60.56 M allocations: 2.384 TiB, 17.33% gc time)
Finished order 3
loss std: 0.2659049693526267
4
magnitude: 0.15119926599355166
learning rate: 0.03023985319871033
  0.000339 seconds (651 allocations: 42.953 KiB)
  0.178601 seconds (1.10 M allocations: 132.065 MiB, 30.31% gc time)
0.34485508893330763
0.34485508893330763
0.529166233900406
0.529166233900406
0.308906980488865
0.308906980488865
0.3040986948635155
0.3040986948635155
0.3030367527808654
0.3030367527808654
0.3027081228650996
0.3027081228650996
0.30251926483123404
0.30251926483123404
0.30242824996291595
0.30242824996291595
0.30241742462996124
0.30241742462996124
0.30240010302430853
0.30240010302430853
0.30239926479018087
0.30239926479018087
0.3023986759027011
0.3023986759027011
0.3023986042334872
0.3023986042334872
0.3023985398024689
0.3023985398024689
0.30239853589549603
0.30239853589549603
0.3023985331793453
0.3023985331793453
1479.088299 seconds (4.44 M allocations: 40.805 GiB, 0.35% gc time)
Finished order 1
loss std: 0.05681692753817346
magnitude: 0.15119926658967264
learning rate: 0.03023985331793453
  0.023157 seconds (17.73 k allocations: 1.701 MiB)
  2.487136 seconds (27.75 M allocations: 2.769 GiB, 12.48% gc time)
0.6040348223135379
0.6040348223135382
0.2889110867919721
0.2889110867919721
0.1342897479364129
0.13428974793641268
0.07666411296819886
0.07666411296819875
0.05344879333304242
0.05344879333304242
0.036776661979554204
0.03677666197955398
0.02652909175172935
0.026529091751729572
0.02005722073333227
0.02005722073333227
0.01568957264158577
0.01568957264158599
0.013694899069253696
0.013694899069253696
0.010943452603847326
0.010943452603847326
0.009393898441683035
0.009393898441683035
0.0078014345726996615
0.007801434572699439
0.006599012078739697
0.0065990120787392526
0.0054070992387472705
0.0054070992387472705
0.004769299149356754
0.004769299149356754
0.003044065385237271
0.003044065385237271
0.002527784519689491
0.002527784519689491
0.001983255589829147
0.001983255589829147
0.0013401071165870526
0.0013401071165872747
0.0015205010164190957
0.0015205010164190957
0.001083810143678532
0.001083810143678532
0.0007173640001527648
0.0007173640001527648
0.0005399239576087123
0.0005399239576087123
0.0003715205922767417
0.0003715205922767417
0.00025897832156396294
0.000258978321564185
0.00020422300469258303
0.00020422300469258303
0.0001484145327091957
0.00014841453270941773
0.0001169081297819341
0.0001169081297819341
8.730885709773428e-5
8.730885709773428e-5
7.227816477350935e-5
7.227816477350935e-5
6.038073366365637e-5
6.0380733663878416e-5
5.1803636223701766e-5
5.1803636223701766e-5
4.455667844116551e-5
4.455667844116551e-5
3.8341277022180265e-5
3.8341277022180265e-5
3.3442771071090505e-5
3.344277107086846e-5
3.0178316960172147e-5
3.0178316960172147e-5
2.6759890892735783e-5
2.6759890892735783e-5
2.3837705584450752e-5
2.3837705584228708e-5
1.993827067914289e-5
1.993827067914289e-5
1.6334052264643795e-5
1.6334052264643795e-5
1.277783358077933e-5
1.2777833581001374e-5
9.788371753582936e-6
9.788371753360892e-6
6.752248047803278e-6
6.752248047803278e-6
4.776750905155502e-6
4.776750905155502e-6
3.3465839929247565e-6
3.346583993146801e-6
2.46600127329355e-6
2.46600127329355e-6
1.7728787083948205e-6
1.7728787083948205e-6
1.2346105506821914e-6
1.2346105506821914e-6
9.03828118903327e-7
9.03828118903327e-7
6.678486126343586e-7
6.67848612412314e-7
4.821446072389435e-7
4.821446074609881e-7
3.758736936143592e-7
3.758736936143592e-7
2.7542254255052967e-7
2.754225427725743e-7
2.250001148729197e-7
2.250001148729197e-7
1.6560572180246425e-7
1.6560572202450885e-7
1.4627043065651435e-7
1.4627043065651435e-7
9.469365647163386e-8
9.469365647163386e-8
7.753837238944072e-8
7.753837238944072e-8
8054.566234 seconds (186.67 M allocations: 7.701 TiB, 4.64% gc time)
Finished order 2
loss std: 5.957981654598339e-6
magnitude: 3.876918619472036e-8
learning rate: 7.753837238944072e-9
  0.177478 seconds (194.54 k allocations: 24.923 MiB)
 24.219775 seconds (292.07 M allocations: 28.559 GiB, 15.42% gc time)
7.753858222159238e-8
7.753858222159238e-8
0.4308749072731518
0.4308749072731516
7.614570529668185e-9
7.614570529668185e-9
909.146326 seconds (60.56 M allocations: 2.384 TiB, 17.64% gc time)
Finished order 3
loss std: 0.24876571911961384
4
magnitude: 0.14683424697726688
learning rate: 0.029366849395453375
  0.000206 seconds (651 allocations: 42.953 KiB)
  0.149527 seconds (1.10 M allocations: 132.065 MiB, 16.96% gc time)
0.33683522663463916
0.33683522663463916
0.48522462034906144
0.48522462034906144
0.30049740052285345
0.30049740052285345
0.2951633056227113
0.2951633056227113
0.2941602813461054
0.2941602813461054
0.2938545947670883
0.2938545947670883
0.2937460557506135
0.2937460557506135
0.2936981619127038
0.2936981619127038
0.2936749395857313
0.2936749395857313
0.2936705121906583
0.2936705121906583
0.29366878144723974
0.29366878144723974
0.2936685984452003
0.2936685984452003
0.29366851963733354
0.29366851963733354
0.29366850798500577
0.29366850798500577
0.2936684964723034
0.2936684964723034
0.29366849486320745
0.29366849486320745
1477.359549 seconds (4.44 M allocations: 40.805 GiB, 0.36% gc time)
Finished order 1
loss std: 0.048228711029437335
magnitude: 0.14683424743160373
learning rate: 0.029366849486320745
  0.023078 seconds (17.73 k allocations: 1.701 MiB)
  2.438014 seconds (27.75 M allocations: 2.769 GiB, 12.11% gc time)
0.6034819734400637
0.6034819734400637
0.24491563481483825
0.24491563481483825
0.11052850365206701
0.11052850365206701
0.06571799095305009
0.06571799095305009
0.04596671945601383
0.04596671945601338
0.03461375465102279
0.03461375465102301
0.026284566763309924
0.026284566763310147
0.01962642048861163
0.01962642048861163
0.015744445137154006
0.015744445137154006
0.012956273682969921
0.012956273682969921
0.010580979354901099
0.010580979354900877
0.009066335562733174
0.009066335562733396
0.006958205026194375
0.006958205026194375
0.006185396205003246
0.006185396205003246
0.004951882292430931
0.004951882292430931
0.0042115759958025745
0.0042115759958025745
0.0029798560949769737
0.0029798560949768627
0.0024642987084078083
0.0024642987084078083
0.00200580438799558
0.00200580438799558
0.0013821140578688107
0.0013821140578688107
0.00197596480375406
0.00197596480375406
0.0011604320675414614
0.0011604320675414614
0.0008761329301983922
0.0008761329301986143
0.0007106500808776728
0.0007106500808776728
0.0005099791811464804
0.0005099791811467025
0.0003792890320007958
0.0003792890320007958
0.00028905719726424195
0.00028905719726424195
0.00021688142881859385
0.0002168814288188159
0.0001700344929478348
0.0001700344929478348
0.00017395269951059333
0.00017395269951059333
0.00013881512450841793
0.00013881512450841793
0.00010371236851269838
0.00010371236851292043
9.287437991900571e-5
9.287437991900571e-5
7.493635823052625e-5
7.493635823052625e-5
6.362485631716819e-5
6.36248563167241e-5
5.4439533273109575e-5
5.4439533273109575e-5
4.66118791079273e-5
4.66118791079273e-5
4.265504924783059e-5
4.265504924783059e-5
3.691675731032351e-5
3.691675731032351e-5
3.2965110724259006e-5
3.296511072403696e-5
2.8146315490196194e-5
2.814631549041824e-5
2.4819042351409415e-5
2.481904235163146e-5
2.016968492712934e-5
2.016968492712934e-5
1.8697136945244885e-5
1.8697136945244885e-5
1.2392090633417396e-5
1.2392090633306374e-5
1.0167146769046731e-5
1.0167146769046731e-5
7.832866090518031e-6
7.832866090518031e-6
5.10698908362528e-6
5.106989083847324e-6
8.869337507211306e-6
8.869337507211306e-6
3.998070300936796e-6
3.998070300936796e-6
2.6960469670100906e-6
2.69604696745418e-6
2.062427614246687e-6
2.062427614246687e-6
1.2494309090671507e-6
1.2494309090671507e-6
1.3546576045353476e-6
1.3546576045353476e-6
9.27942286899075e-7
9.27942286899075e-7
7.02055252932432e-7
7.020552531544766e-7
4.846135353009373e-7
4.846135350788927e-7
3.7982952771908884e-7
3.7982952771908884e-7
2.772564773323438e-7
2.772564773323438e-7
1.9744799650833755e-7
1.9744799650833755e-7
1.571355632279392e-7
1.571355632279392e-7
1.1099985275375701e-7
1.1099985297580162e-7
7.817623925987505e-8
7.817623925987505e-8
5.5857005687443007e-8
5.5857005687443007e-8
4.064309044871095e-8
4.064309044871095e-8
2.360721396144072e-8
2.360721396144072e-8
1.687361361746298e-8
1.687361361746298e-8
1.2053634868003371e-8
1.2053634868003371e-8
9136.965336 seconds (215.14 M allocations: 8.876 TiB, 4.73% gc time)
Finished order 2
loss std: 2.095039355025423e-6
magnitude: 6.0268174340016856e-9
learning rate: 1.205363486800337e-9
  0.167102 seconds (194.54 k allocations: 24.923 MiB)
 22.205946 seconds (292.07 M allocations: 28.559 GiB, 13.73% gc time)
1.2053659403932215e-8
1.2053659403932215e-8
295.606940 seconds (20.19 M allocations: 813.901 GiB, 17.04% gc time)
Finished order 3
loss std: NaN
4
magnitude: 0.14226249655787698
learning rate: 0.028452499311575397
  0.000236 seconds (651 allocations: 42.953 KiB)
  0.186547 seconds (1.10 M allocations: 132.065 MiB, 24.48% gc time)
0.3228901578377281
0.3228901578377281
0.5133389387536632
0.5133389387536632
0.29165900545341994
0.29165900545341994
0.2859782610127153
0.2859782610127153
0.28509779666780355
0.28509779666780355
0.28473271750690443
0.28473271750690443
0.28458931580920477
0.28458931580920477
0.28455354407293176
0.28455354407293176
0.2845323072424517
0.2845323072424517
0.28452803484888844
0.28452803484888844
0.28452569512463255
0.28452569512463255
0.2845250909581558
0.2845250909581558
0.28452514179759714
0.28452514179759714
0.28452502048624373
0.28452502048624373
0.28452500616787124
0.28452500616787124
0.2845249956232875
0.2845249956232875
0.28452499486624727
0.28452499486624727
1560.874685 seconds (4.72 M allocations: 43.322 GiB, 0.41% gc time)
Finished order 1
loss std: 0.055553454502599416
magnitude: 0.14226249743312364
learning rate: 0.028452499486624726
  0.027332 seconds (17.73 k allocations: 1.701 MiB)
  2.501441 seconds (27.75 M allocations: 2.769 GiB, 11.67% gc time)
0.5773747190898015
0.5773747190898015
0.26012115470133357
0.26012115470133357
0.10958200978073884
0.10958200978073884
0.06160790786721826
0.06160790786721826
0.04311808854849741
0.04311808854849741
0.029648942581089743
0.029648942581089743
0.02256855654085188
0.02256855654085166
0.017277607841894915
0.017277607841894915
0.014359767280043734
0.014359767280043734
0.011994217723662604
0.011994217723662604
0.009453271388999873
0.009453271388999873
0.008151731657133343
0.008151731657133121
0.006917205613022448
0.006917205613022448
0.0059719083784745
0.0059719083784745
0.0048038393651809175
0.0048038393651809175
0.0030856161050079045
0.0030856161050076825
0.0030733170138874666
0.0030733170138874666
0.0022186091910550987
0.0022186091910548766
0.0016145059032506293
0.0016145059032506293
0.0012694981771804725
0.0012694981771806946
0.0010143543458981386
0.0010143543458981386
0.0007052070391037057
0.0007052070391039278
0.0004899299354105269
0.0004899299354105269
0.0003368805279827525
0.0003368805279829745
0.0002592667586693853
0.00025926675866916327
0.00018174559924966083
0.00018174559924966083
0.00011994307554485939
0.00011994307554485939
0.0001316933645181262
0.00013169336451790414
8.84612916067784e-5
8.846129160655636e-5
6.615779358953855e-5
6.615779358953855e-5
5.63241783991808e-5
5.63241783991808e-5
4.486548641380317e-5
4.486548641402521e-5
3.619045277536426e-5
3.619045277514221e-5
2.9383979464392418e-5
2.9383979464392418e-5
2.5222596276242015e-5
2.5222596276242015e-5
2.1511713519051234e-5
2.1511713519051234e-5
1.9771013492486667e-5
1.9771013492486667e-5
1.6334053082323052e-5
1.6334053082323052e-5
1.5076639868771835e-5
1.5076639868882857e-5
1.3421174076544418e-5
1.3421174076322373e-5
1.2185697179978305e-5
1.218569718020035e-5
1.0289235923388595e-5
1.0289235923388595e-5
9.075453933915512e-6
9.075453933915512e-6
7.861305351797299e-6
7.861305352019343e-6
5.8895394257074685e-6
5.8895394257074685e-6
7.243884568075565e-6
7.243884568297609e-6
4.972780181966563e-6
4.972780181966563e-6
3.5528841889620466e-6
3.5528841889620466e-6
2.7969208256095612e-6
2.796920825831606e-6
2.021466372958969e-6
2.021466372958969e-6
1.5749193251757276e-6
1.5749193251757276e-6
1.1772517441999142e-6
1.1772517446440034e-6
8.758491593097162e-7
8.758491593097162e-7
6.560655344545196e-7
6.560655344545196e-7
6.986773598560703e-7
6.986773598560703e-7
5.148928295950483e-7
5.148928295950483e-7
3.7417218323732016e-7
3.7417218301527555e-7
3.1284171531087424e-7
3.1284171508882963e-7
2.3084792732941395e-7
2.3084792732941395e-7
1.881656017665989e-7
1.881656017665989e-7
1.3738199888813085e-7
1.3738199866608625e-7
1.1091281226782712e-7
1.1091281204578252e-7
8.170694221210084e-8
8.170694221210084e-8
7.455309003479016e-8
7.455309003479016e-8
3.9206771051958356e-8
3.9206771051958356e-8
3.271130644133535e-8
3.271130621929075e-8
8858.606174 seconds (208.81 M allocations: 8.615 TiB, 4.70% gc time)
Finished order 2
loss std: 1.3493251233567503e-6
magnitude: 1.6355653220667676e-8
learning rate: 3.2711306441335353e-9
  0.166328 seconds (194.54 k allocations: 24.923 MiB)
 23.533911 seconds (292.07 M allocations: 28.559 GiB, 13.72% gc time)
3.271006232541396e-8
3.271006232541396e-8
301.164149 seconds (20.19 M allocations: 813.901 GiB, 17.39% gc time)
Finished order 3
loss std: NaN
4
magnitude: 0.13747304735587174
learning rate: 0.027494609471174346
  0.000327 seconds (651 allocations: 42.953 KiB)
  0.171509 seconds (1.10 M allocations: 132.065 MiB, 23.81% gc time)
0.3078117520441499
0.3078117520441499
0.489323697542402
0.489323697542402
0.28148525088387677
0.28148525088387677
0.27621990407305275
0.27621990407305275
0.2752638169470526
0.2752638169470526
0.2750224703077172
0.2750224703077172
0.2749752648036604
0.2749752648036604
0.2749555007293265
0.2749555007293265
0.274948646773308
0.274948646773308
0.2749471785626785
0.2749471785626785
0.2749463303959555
0.2749463303959555
0.27494618024114825
0.27494618024114825
0.27494610794852903
0.27494610794852903
0.2749460975041783
0.2749460975041783
0.2749460975677308
0.2749460975677308
0.2749460954820815
0.2749460954820815
1477.201410 seconds (4.44 M allocations: 40.805 GiB, 0.43% gc time)
Finished order 1
loss std: 0.05354288672955544
magnitude: 0.13747304774104074
learning rate: 0.02749460954820815
  0.002753 seconds (17.73 k allocations: 1.701 MiB)
  1.986570 seconds (27.75 M allocations: 2.769 GiB, 11.57% gc time)
0.5139801880447326
0.5139801880447327
0.20417860379132136
0.20417860379132158
0.087391747042595
0.08739174704259545
0.05444600507483022
0.05444600507483022
0.038417168826701986
0.038417168826701986
0.02769991829997831
0.02769991829997842
0.021361988928979114
0.021361988928979114
0.017117035070801534
0.017117035070801534
0.013219423352221371
0.013219423352221371
0.011057441201874352
0.011057441201874352
0.009151102150329216
0.009151102150329216
0.007436488953705855
0.007436488953706077
0.006308868913298515
0.006308868913298515
0.004900429928613392
0.00490042992861317
0.0038328185731745235
0.0038328185731747455
0.0029532135686649585
0.0029532135686649585
0.002113936949788786
0.002113936949788786
0.001742358804781463
0.001742358804781463
0.001291976160952557
0.001291976160952557
0.0011201795604750542
0.0011201795604750542
0.0008833898705934429
0.0008833898705934429
0.0006394688053954489
0.0006394688053952269
0.0004214000088789138
0.0004214000088786918
0.00032296311546897716
0.0003229631154687551
0.0002171169720109889
0.0002171169720109889
0.00019500398217275894
0.0001950039821725369
0.00013255682005142155
0.00013255682005142155
0.00011082310098309289
0.0001108231009826488
9.385204680312231e-5
9.385204680312231e-5
7.086924101495917e-5
7.086924101518122e-5
9.29894429491096e-5
9.298944294955369e-5
6.304220566877294e-5
6.30422056685509e-5
5.13711452272414e-5
5.13711452272414e-5
4.462464862742266e-5
4.462464862742266e-5
3.840890239670269e-5
3.840890239648065e-5
3.338684938114511e-5
3.338684938114511e-5
3.124333573689686e-5
3.124333573689686e-5
2.7737108638681285e-5
2.773710863890333e-5
2.4804227710450988e-5
2.4804227710895077e-5
2.1010964637913077e-5
2.1010964637913077e-5
1.746557722315245e-5
1.746557722315245e-5
1.3909401801459609e-5
1.3909401801459609e-5
1.1137510336767242e-5
1.1137510336767242e-5
8.287129199424648e-6
8.287129199424648e-6
6.410679029622557e-6
6.410679029622557e-6
4.516111542951506e-6
4.516111542729462e-6
3.5655655312716306e-6
3.5655655312716306e-6
2.3623713111264877e-6
2.3623713111264877e-6
1.8007808363362798e-6
1.8007808361142352e-6
1.330850792569116e-6
1.330850792569116e-6
1.0649653713334928e-6
1.0649653713334928e-6
6.582556766332459e-7
6.582556766332459e-7
5.401588215603326e-7
5.40158821338288e-7
4.239137787465097e-7
4.239137787465097e-7
3.0088751823420523e-7
3.0088751823420523e-7
2.0678188206169068e-7
2.0678188161760147e-7
1.7417602471425653e-7
1.7417602449221192e-7
1.314771981286711e-7
1.314771981286711e-7
1.1293115242949625e-7
1.1293115287358546e-7
7.845437466347249e-8
7.845437444142789e-8
6.1724667266283e-8
6.1724667266283e-8
5.1040690451920057e-8
5.1040690451920057e-8
3.179107199713371e-8
3.179107177508911e-8
6.2883502738309e-8
6.2883502738309e-8
2.747322536134078e-8
2.747322536134078e-8
1.979729080670012e-8
1.979729036261091e-8
8848.533410 seconds (208.81 M allocations: 8.615 TiB, 4.69% gc time)
Finished order 2
loss std: 9.487149608895642e-7
magnitude: 9.89864540335006e-9
learning rate: 1.979729080670012e-9
  0.175795 seconds (194.54 k allocations: 24.923 MiB)
 25.377302 seconds (292.07 M allocations: 28.559 GiB, 15.38% gc time)
1.9797169015234317e-8
1.9797169015234317e-8
298.807986 seconds (20.19 M allocations: 813.901 GiB, 16.57% gc time)
Finished order 3
loss std: NaN
4
magnitude: 0.1324547937789326
learning rate: 0.02649095875578652
  0.000315 seconds (651 allocations: 42.953 KiB)
  0.204720 seconds (1.10 M allocations: 132.065 MiB, 24.68% gc time)
0.2941996649575257
0.2941996649575257
0.49342451903107665
0.49342451903107665
0.2693925978945896
0.2693925978945896
0.26595260062478354
0.26595260062478354
0.26524383620858694
0.26524383620858694
0.2650201129131604
0.2650201129131604
0.26494677135873046
0.26494677135873046
0.2649197322963682
0.2649197322963682
0.2649114762492497
0.2649114762492497
0.2649099688106026
0.2649099688106026
0.2649097388323881
0.2649097388323881
0.264909633589558
0.264909633589558
0.2649095999193116
0.2649095999193116
0.2649095937921332
0.2649095937921332
0.2649095885459263
0.2649095885459263
1382.855173 seconds (4.16 M allocations: 38.244 GiB, 0.35% gc time)
Finished order 1
loss std: 0.058832710359875445
magnitude: 0.13245479427296314
learning rate: 0.026490958854592628
  0.003045 seconds (17.73 k allocations: 1.701 MiB)
  2.043554 seconds (27.75 M allocations: 2.769 GiB, 11.26% gc time)
0.5371938156370935
0.5371938156370935
0.26094440316720346
0.26094440316720346
0.10656845839828255
0.10656845839828277
0.061682832532180765
0.061682832532180876
0.04145612817044941
0.04145612817044941
0.030255701298098736
0.030255701298098736
0.02313076298315586
0.02313076298315586
0.01946767055934362
0.01946767055934362
0.014178541753433693
0.014178541753433915
0.011338048797286504
0.011338048797286504
0.009074396420340802
0.009074396420340802
0.007902083011998018
0.007902083011998018
0.0066869018551936055
0.0066869018551938275
0.005426751653992645
0.005426751653992645
0.004102102369758831
0.004102102369758831
0.0031303737335048876
0.0031303737335048876
0.0023274175348175774
0.0023274175348171333
0.0018598655375481332
0.0018598655375479112
0.0013726218460079487
0.0013726218460079487
0.0011134056855279795
0.0011134056855279795
0.0008896306536535503
0.0008896306536533283
0.0008230216789758549
0.0008230216789756328
0.00046779707054123154
0.00046779707054123154
0.00039871182167294794
0.0003987118216727259
0.0003042430795939799
0.00030424307959420194
0.0002834714597064192
0.00028347145970619714
0.00019048456279402437
0.00019048456279424641
0.00016552544557357773
0.0001655254455733557
0.00014293646473562127
0.00014293646473562127
0.00011424837191154058
0.00011424837191154058
0.00011208599596679303
0.00011208599596679303
9.954007843426815e-5
9.954007843426815e-5
8.038757273465258e-5
8.038757273465258e-5
7.181627221819475e-5
7.18162722184168e-5
6.109336306869828e-5
6.109336306847624e-5
5.380993907022624e-5
5.38099390700042e-5
4.8167916026131685e-5
4.816791602590964e-5
4.178178153457779e-5
4.178178153479983e-5
3.6884557580219024e-5
3.688455757999698e-5
2.9852007792818824e-5
2.9852007792818824e-5
2.367344327569576e-5
2.367344327569576e-5
1.8337638696852565e-5
1.8337638696852565e-5
1.442984330757291e-5
1.4429843307350865e-5
1.0529740511744379e-5
1.0529740511522334e-5
8.050083910027261e-6
8.05008391047135e-6
5.476130521819833e-6
5.4761305215977885e-6
4.066280006154166e-6
4.0662800063762106e-6
2.926694636418148e-6
2.926694636418148e-6
2.80901731386507e-6
2.80901731386507e-6
2.2091827825976296e-6
2.2091827825976296e-6
1.556422644544142e-6
1.5564226447661866e-6
1.1012155910483656e-6
1.101215590826321e-6
7.811136145674524e-7
7.811136143454078e-7
5.902498241283638e-7
5.902498239063192e-7
4.87230117030002e-7
4.87230117030002e-7
3.94222370414532e-7
3.94222370414532e-7
3.0614159285402565e-7
3.0614159285402565e-7
2.2285864698101676e-7
2.2285864698101676e-7
1.7199305968329526e-7
1.7199305968329526e-7
1.3342469784571875e-7
1.3342469784571875e-7
8.884317104218553e-8
8.884317104218553e-8
8.78292102379774e-8
8.78292100159328e-8
6.614633940582593e-8
6.614633962787053e-8
4.823302668377494e-8
4.823302668377494e-8
3.777915080771521e-8
3.7779150585670607e-8
8751.941465 seconds (205.65 M allocations: 8.484 TiB, 4.77% gc time)
Finished order 2
loss std: 1.5441598773309858e-6
magnitude: 1.8889575403857606e-8
learning rate: 3.777915080771521e-9
  0.179731 seconds (194.54 k allocations: 24.923 MiB, 9.27% gc time)
 20.349038 seconds (292.07 M allocations: 28.559 GiB, 12.82% gc time)
3.778008572652425e-8
3.778008572652425e-8
0.4453590010112598
0.4453590010112596
4.0186983740753135e-9
4.0186981520307086e-9
914.993157 seconds (60.56 M allocations: 2.384 TiB, 18.09% gc time)
Finished order 3
loss std: 0.2571281270536046
4
magnitude: 0.1271966788044459
learning rate: 0.025439335760889182
  0.000414 seconds (651 allocations: 42.953 KiB)
  0.152815 seconds (1.10 M allocations: 132.065 MiB, 19.79% gc time)
0.2844173522334693
0.2844173522334693
0.5285952234444214
0.5285952234444214
0.25969438384658416
0.25969438384658416
0.25553585446660965
0.25553585446660965
0.25464700324949663
0.25464700324949663
0.25446014571781517
0.25446014571781517
0.2544130023793012
0.2544130023793012
0.2543970309141398
0.2543970309141398
0.2543942538095598
0.2543942538095598
0.2543936185432748
0.2543936185432748
0.25439343631283895
0.25439343631283895
0.25439338269857237
0.25439338269857237
0.2543933638390615
0.2543933638390615
0.25439335922918793
0.25439335922918793
0.25439335889429593
0.25439335889429593
1386.388721 seconds (4.16 M allocations: 38.244 GiB, 0.40% gc time)
Finished order 1
loss std: 0.07054325665347785
magnitude: 0.12719667944714796
learning rate: 0.025439335889429593
  0.058989 seconds (17.73 k allocations: 1.701 MiB)
  2.020266 seconds (27.75 M allocations: 2.769 GiB, 12.35% gc time)
0.4634848243781341
0.4634848243781341
0.20843709322719461
0.20843709322719461
0.08836078535903724
0.08836078535903724
0.058100652318770596
0.058100652318770596
0.03955259686125567
0.03955259686125567
0.029255862653462916
0.02925586265346314
0.02177961607867318
0.02177961607867318
0.017458063634137932
0.017458063634138155
0.013440506988725787
0.013440506988725787
0.011688091098738473
0.011688091098738473
0.00890370648454375
0.008903706484543972
0.007870349133450527
0.007870349133450527
0.006688255134754684
0.006688255134754684
0.005464588148842431
0.005464588148842653
0.004087193735491268
0.004087193735491268
0.0033878330805671153
0.0033878330805671153
0.002519592014264882
0.002519592014265104
0.0020508102004356266
0.0020508102004356266
0.0013596682352582379
0.0013596682352582379
0.0011233679758626547
0.0011233679758622106
0.0009181321664610831
0.0009181321664610831
0.0007157061556209987
0.0007157061556209987
0.0005016838470857099
0.0005016838470854879
0.00036761121281037035
0.0003676112128105924
0.00027779319143050873
0.00027779319143050873
0.00021377939286104652
0.00021377939286126857
0.00015018491632168285
0.0001501849163219049
0.00012769239651921893
0.00012769239651921893
0.00010416736639429214
0.00010416736639429214
0.00010704742681610924
0.00010704742681610924
9.003363921578078e-5
9.003363921578078e-5
7.423644861026535e-5
7.42364486100433e-5
6.421797792066641e-5
6.421797792066641e-5
5.308943934445587e-5
5.308943934445587e-5
5.393621794913539e-5
5.3936217949357435e-5
4.7765255766107906e-5
4.776525576588586e-5
4.18052519327583e-5
4.18052519327583e-5
3.7095061111047656e-5
3.7095061111047656e-5
3.370649311107421e-5
3.3706493110852165e-5
3.001133055635652e-5
3.0011330556134475e-5
2.6108803916624623e-5
2.6108803916624623e-5
2.233462324074953e-5
2.2334623240971574e-5
1.831741561131306e-5
1.831741561131306e-5
1.475790056426618e-5
1.4757900564044135e-5
1.0252946232358617e-5
1.0252946232136573e-5
9.0964221217682e-6
9.096422121546155e-6
5.9235242767519125e-6
5.9235242767519125e-6
4.613529452135445e-6
4.613529452135445e-6
3.2606623093789366e-6
3.2606623093789366e-6
1.927656106626152e-6
1.9276561068481968e-6
1.4823410644515533e-6
1.482341064673598e-6
9.505831283229682e-7
9.505831283229682e-7
7.65163443494643e-7
7.65163443494643e-7
5.052412292982922e-7
5.052412292982922e-7
5.383279539916686e-7
5.383279542137132e-7
4.069365729941765e-7
4.069365729941765e-7
3.1992935700664304e-7
3.1992935700664304e-7
2.523261285469758e-7
2.523261285469758e-7
1.9797432770918277e-7
1.9797432770918277e-7
1.552962290984894e-7
1.55296229320534e-7
1.15616939577734e-7
1.156169393556894e-7
9.170905468369739e-8
9.170905468369739e-8
6.969275723189838e-8
6.969275723189838e-8
5.752793419411262e-8
5.752793419411262e-8
3.3719926850750426e-8
3.3719926850750426e-8
8750.369609 seconds (205.65 M allocations: 8.484 TiB, 4.76% gc time)
Finished order 2
loss std: 2.4148795700464455e-6
magnitude: 1.6859963425375213e-8
learning rate: 3.3719926850750426e-9
  0.116850 seconds (194.54 k allocations: 24.923 MiB, 17.95% gc time)
 23.097074 seconds (292.07 M allocations: 28.559 GiB, 13.88% gc time)
3.371981693867099e-8
3.371981693867099e-8
300.567063 seconds (20.19 M allocations: 813.901 GiB, 17.29% gc time)
Finished order 3
loss std: NaN
4
magnitude: 0.12469261043768715
learning rate: 0.02493852208753743
  0.000196 seconds (651 allocations: 42.953 KiB)
  0.136682 seconds (1.10 M allocations: 132.065 MiB, 11.98% gc time)
0.28787697372146503
0.28787697372146503
0.5071955209859935
0.5071955209859935
0.2555688452877657
0.2555688452877657
0.25095642827108067
0.25095642827108067
0.24976801357516254
0.24976801357516254
0.24949472905573955
0.24949472905573955
0.2494169492512991
0.2494169492512991
0.2493929685934041
0.2493929685934041
0.2493874813523166
0.2493874813523166
0.24938564474881653
0.24938564474881653
0.24938545172282545
0.24938545172282545
0.24938523818761482
0.24938523818761482
0.2493852271775273
0.2493852271775273
0.2493852216290039
0.2493852216290039
1297.687458 seconds (3.89 M allocations: 35.705 GiB, 0.42% gc time)
Finished order 1
loss std: 0.06870324766822446
magnitude: 0.12469261081450195
learning rate: 0.02493852216290039
  0.031075 seconds (17.73 k allocations: 1.701 MiB)
  2.029991 seconds (27.75 M allocations: 2.769 GiB, 12.79% gc time)
0.4611913257925373
0.4611913257925373
0.20480498098748923
0.204804980987489
0.08120461344834595
0.08120461344834573
0.05242832815316678
0.05242832815316678
0.035734003463719466
0.035734003463719244
0.027106699205651452
0.027106699205651674
0.02055449628055983
0.02055449628055961
0.016602792695257218
0.016602792695256996
0.013157646841166604
0.013157646841166604
0.010235605564536954
0.010235605564536954
0.008045840091137624
0.008045840091137624
0.007088626091236283
0.007088626091236061
0.005851354586891677
0.005851354586891788
0.0050997078249794825
0.0050997078249792605
0.003973367853728149
0.003973367853728371
0.0032457284297731093
0.0032457284297733313
0.0026794533360405826
0.0026794533360403605
0.0016975988982593782
0.0016975988982593782
0.00329903887446914
0.00329903887446914
0.0014443772822367862
0.0014443772822367862
0.0010638734729190302
0.0010638734729194743
0.0008484149802852059
0.0008484149802852059
0.0006131868721289679
0.00061318687212919
0.00043591119600150385
0.00043591119600150385
0.0003336734957867238
0.00033367349578694583
0.0002555526180899603
0.0002555526180899603
0.00019675844703792578
0.0001967584470374817
0.00015496541499926408
0.00015496541499948613
0.00012531622800160402
0.00012531622800138198
0.00010799943815797963
0.00010799943815797963
9.213599160629027e-5
9.213599160629027e-5
7.603067637484973e-5
7.603067637484973e-5
6.733114767387693e-5
6.733114767387693e-5
6.070947118375081e-5
6.070947118375081e-5
4.9936498340064084e-5
4.9936498340064084e-5
4.687446388262906e-5
4.687446388262906e-5
4.306077951710119e-5
4.306077951710119e-5
3.941666479212458e-5
3.941666479212458e-5
3.580097707522878e-5
3.580097707522878e-5
2.986601408938583e-5
2.9866014089607873e-5
3.7715469730525975e-5
3.7715469730525975e-5
2.615455222665375e-5
2.615455222665375e-5
1.8977948210374684e-5
1.8977948210374684e-5
1.3997756236783232e-5
1.3997756236783232e-5
9.554619779028606e-6
9.554619779028606e-6
7.145179400924739e-6
7.145179400924739e-6
5.295317994868931e-6
5.295317995090976e-6
3.6024874168205656e-6
3.6024874170426102e-6
2.6675000338594046e-6
2.6675000334153154e-6
2.9167715153155527e-6
2.9167715153155527e-6
1.9596998727111625e-6
1.9596998727111625e-6
1.1125727428229482e-6
1.1125727428229482e-6
8.151091673846977e-7
8.151091673846977e-7
5.561051796831862e-7
5.561051796831862e-7
3.956150619321974e-7
3.95615062154242e-7
3.318737062940613e-7
3.318737062940613e-7
2.3994574260832735e-7
2.3994574260832735e-7
1.9505185833157412e-7
1.9505185833157412e-7
1.5292198263239243e-7
1.5292198263239243e-7
1.183072687593878e-7
1.183072689814324e-7
9.513591336940408e-8
9.513591336940408e-8
8.200886769671456e-8
8.200886769671456e-8
4.156151822698462e-8
4.156151844902922e-8
8475.019453 seconds (199.32 M allocations: 8.223 TiB, 4.71% gc time)
Finished order 2
loss std: 3.7692170434005275e-6
magnitude: 2.078075911349231e-8
learning rate: 4.156151822698462e-9
  0.101386 seconds (194.54 k allocations: 24.923 MiB)
 20.843213 seconds (292.07 M allocations: 28.559 GiB, 12.66% gc time)
4.1561210251117586e-8
4.1561210695206796e-8
0.4638144112212812
0.463814411221281
4.733430758463442e-9
4.733430758463442e-9
915.398723 seconds (60.56 M allocations: 2.384 TiB, 18.12% gc time)
Finished order 3
loss std: 0.26778336180852336
4
magnitude: 0.1216879559150984
learning rate: 0.02433759118301968
  0.000276 seconds (651 allocations: 42.953 KiB)
  0.143912 seconds (1.10 M allocations: 132.065 MiB, 21.30% gc time)
0.26802126845557095
0.26802126845557095
0.46372119687518365
0.46372119687518365
0.24728647027625095
0.24728647027625095
0.2441763187054966
0.2441763187054966
0.2436027725608042
0.2436027725608042
0.24342760790168483
0.24342760790168483
0.24339625778606366
0.24339625778606366
0.24338088217558318
0.24338088217558318
0.2433772822957767
0.2433772822957767
0.24337617984935234
0.24337617984935234
0.24337598433694274
0.24337598433694274
0.24337592045523726
0.24337592045523726
0.24337591583399565
0.24337591583399565
0.24337591312998497
0.24337591312998497
1294.372738 seconds (3.89 M allocations: 35.705 GiB, 0.43% gc time)
Finished order 1
loss std: 0.05864553422712446
magnitude: 0.12168795656499248
learning rate: 0.024337591312998497
  0.027118 seconds (17.73 k allocations: 1.701 MiB)
  2.170908 seconds (27.75 M allocations: 2.769 GiB, 13.46% gc time)
0.4513824723201808
0.451382472320181
0.19703747717740971
0.19703747717740994
0.0821737515558919
0.0821737515558919
0.05396292850550133
0.05396292850550111
0.03648776699333467
0.03648776699333467
0.026701414989025785
0.026701414989026007
0.020030850539071277
0.0200308505390715
0.016962174045082046
0.016962174045082268
0.013215992567629953
0.013215992567629953
0.010698978600314213
0.010698978600314213
0.008719623892269546
0.008719623892269546
0.00749486353881168
0.00749486353881168
0.0061334755885057435
0.0061334755885059655
0.005061167177091819
0.005061167177091819
0.003849317519050599
0.003849317519050599
0.0028498706643190763
0.0028498706643192984
0.0021876756459987545
0.0021876756459987545
0.0015914970094250691
0.0015914970094250691
0.0011700615613563503
0.0011700615613561283
0.0009552843588275239
0.000955284358827746
0.0007339071277530085
0.0007339071277530085
0.000561112917760842
0.000561112917760842
0.0003648989344322562
0.0003648989344322562
0.00028743267458641863
0.0002874326745861966
0.00022295982167741535
0.00022295982167741535
0.00018808318887997277
0.00018808318887997277
0.00012777942721342583
0.00012777942721364788
0.00011382929536263298
0.00011382929536263298
9.89132998681086e-5
9.89132998681086e-5
7.753545630095893e-5
7.753545630118097e-5
7.825673505013064e-5
7.825673505013064e-5
6.794239847951467e-5
6.794239847973671e-5
5.498300695394587e-5
5.498300695394587e-5
4.877356259347376e-5
4.877356259347376e-5
4.286995226421286e-5
4.286995226399082e-5
3.827662007382937e-5
3.8276620074051415e-5
3.455006852681741e-5
3.455006852703946e-5
3.052605391129504e-5
3.052605391129504e-5
2.6781513704610127e-5
2.6781513704388082e-5
2.2690137184921966e-5
2.2690137184921966e-5
1.868410985761404e-5
1.868410985761404e-5
1.5029294019308637e-5
1.5029294019308637e-5
1.8413603456224337e-5
1.8413603456224337e-5
1.2332285357796735e-5
1.2332285357796735e-5
8.33407114020357e-6
8.33407114020357e-6
6.109590006575516e-6
6.109590006797561e-6
4.335585587766921e-6
4.335585587766921e-6
2.9741410311201477e-6
2.9741410311201477e-6
2.006349342553726e-6
2.0063493427757706e-6
1.3523776050128333e-6
1.3523776050128333e-6
9.718109299505784e-7
9.718109299505784e-7
6.319598627735346e-7
6.319598627735346e-7
4.906259098991228e-7
4.906259098991228e-7
3.578378039437169e-7
3.578378037216723e-7
3.0644056414619314e-7
3.0644056370210393e-7
2.3381515390497043e-7
2.3381515412701503e-7
2.2039003044760364e-7
2.2039003066964824e-7
1.5865278701898688e-7
1.5865278679694228e-7
1.3789611497116994e-7
1.3789611497116994e-7
1.1131503219186101e-7
1.1131503219186101e-7
8.086666825057875e-8
8.086666847262336e-8
1.0708108166834762e-7
1.0708108166834762e-7
6.664271712253367e-8
6.664271712253367e-8
4.323593361110767e-8
4.323593361110767e-8
8604.633237 seconds (202.48 M allocations: 8.354 TiB, 4.74% gc time)
Finished order 2
loss std: 2.295677511374939e-6
magnitude: 2.1617966805553834e-8
learning rate: 4.323593361110767e-9
  0.120031 seconds (194.54 k allocations: 24.923 MiB)
 21.265480 seconds (292.07 M allocations: 28.559 GiB, 13.12% gc time)
4.3236268454371896e-8
4.323626823232729e-8
0.4743913668731049
0.4743913668731049
4.06826095034063e-9
4.068260728296025e-9
914.924522 seconds (60.56 M allocations: 2.384 TiB, 18.16% gc time)
Finished order 3
loss std: 0.2738899697097809
4
magnitude: 0.11591855111326466
learning rate: 0.02318371022265293
  0.000175 seconds (651 allocations: 42.953 KiB)
  0.118973 seconds (1.10 M allocations: 132.065 MiB, 14.48% gc time)
0.2553850991944029
0.2553850991944029
0.4798156981316425
0.4798156981316425
0.2354952914629369
0.2354952914629369
0.23265680552570456
0.23265680552570456
0.23204572505018817
0.23204572505018817
0.23191511286677313
0.23191511286677313
0.2318591287730447
0.2318591287730447
0.231844907022989
0.231844907022989
0.23183951513838608
0.23183951513838608
0.2318377861891212
0.2318377861891212
0.2318372484597626
0.2318372484597626
0.23183712392337674
0.23183712392337674
0.23183712581418525
0.23183712581418525
0.23183710850165262
0.23183710850165262
0.23183710525957424
0.23183710525957424
0.23183710295722837
0.23183710295722837
1475.749152 seconds (4.44 M allocations: 40.783 GiB, 0.38% gc time)
Finished order 1
loss std: 0.06180064911332172
magnitude: 0.11591855147861418
learning rate: 0.02318371029572284
  0.043258 seconds (17.73 k allocations: 1.701 MiB)
  2.115439 seconds (27.75 M allocations: 2.769 GiB, 13.13% gc time)
0.43553870155942664
0.43553870155942687
0.23797337091413584
0.23797337091413584
0.08553599333370732
0.08553599333370732
0.05626424783579942
0.05626424783579942
0.035307258613250014
0.035307258613250014
0.02823567223714596
0.02823567223714618
0.02092148540647898
0.02092148540647898
0.01737779179821397
0.017377791798214193
0.013973758418506121
0.013973758418506121
0.009984804857202545
0.009984804857202323
0.011291695650137656
0.011291695650137656
0.00859906411678879
0.008599064116789013
0.007182538682540152
0.007182538682540152
0.0061673773139847565
0.0061673773139847565
0.005049714122965954
0.005049714122966176
0.003906225645924133
0.003906225645924133
0.0029995374079057058
0.002999537407905928
0.002317389926471458
0.002317389926471458
0.0018053614140993712
0.0018053614140993712
0.001423090470686561
0.001423090470686561
0.0010619037243513318
0.0010619037243513318
0.0008929208722621151
0.0008929208722623372
0.0006604690930998025
0.0006604690930998025
0.0005127860695507414
0.0005127860695509634
0.00042801122430169425
0.00042801122430169425
0.00027962674082848693
0.00027962674082848693
0.0004546661844596622
0.0004546661844596622
0.0002367437601569211
0.00023674376015714316
0.0001834520045391752
0.0001834520045391752
0.0001556580581022482
0.00015565805810247024
0.00013437072238808856
0.00013437072238786651
0.0001173035781953935
0.0001173035781953935
0.00010218640614068075
0.00010218640614045871
8.770615840625329e-5
8.770615840603124e-5
7.770793650430097e-5
7.770793650430097e-5
6.917778920267903e-5
6.917778920267903e-5
6.221356584512616e-5
6.221356584501514e-5
5.642181202447638e-5
5.642181202447638e-5
5.097165586387398e-5
5.097165586409602e-5
4.161387465251298e-5
4.1613874652624006e-5
3.743761728824957e-5
3.743761728824957e-5
2.9758626433284974e-5
2.975862643306293e-5
2.6384944649127107e-5
2.6384944649127107e-5
1.7315292875630384e-5
1.7315292875852428e-5
1.3122363884843224e-5
1.3122363884843224e-5
9.85846988144079e-6
9.858469881662835e-6
5.665907206964249e-6
5.665907206964249e-6
1.4711684862445118e-5
1.4711684862445118e-5
4.477895965693257e-6
4.477895965693257e-6
2.6059137451239778e-6
2.6059137451239778e-6
1.8378337042213033e-6
1.8378337042213033e-6
1.0301449538951957e-6
1.0301449538951957e-6
1.2237371125323193e-6
1.2237371125323193e-6
7.687357170826914e-7
7.687357170826914e-7
5.342206300662511e-7
5.342206302882957e-7
3.2840158370461836e-7
3.2840158414870757e-7
2.625052702986963e-7
2.625052702986963e-7
1.842283172681647e-7
1.842283172681647e-7
1.4795146618951094e-7
1.4795146618951094e-7
1.1607123007184583e-7
1.1607122984980123e-7
7.429048831664176e-8
7.429048831664176e-8
6.422468201705556e-8
6.422468179501095e-8
4.28942771302232e-8
4.28942771302232e-8
8494.635358 seconds (199.32 M allocations: 8.223 TiB, 4.81% gc time)
Finished order 2
loss std: 5.501619700703131e-6
magnitude: 2.14471385651116e-8
learning rate: 4.28942771302232e-9
  0.175880 seconds (194.54 k allocations: 24.923 MiB)
 25.842411 seconds (292.07 M allocations: 28.559 GiB, 13.69% gc time)
4.289355171049891e-8
4.289355171049891e-8
0.449026415706846
0.44902641570684587
3.991641683853686e-9
3.991641683853686e-9
918.708425 seconds (60.56 M allocations: 2.384 TiB, 18.34% gc time)
Finished order 3
loss std: 0.25924550844701155
4
magnitude: 0.10987955791363052
learning rate: 0.021975911582726104
  0.000227 seconds (651 allocations: 42.953 KiB)
  0.128248 seconds (1.10 M allocations: 132.065 MiB, 13.48% gc time)
0.2461370382789102
0.2461370382789102
0.49292490657143473
0.49292490657143473
0.22436653995918565
0.22436653995918565
0.22091519816811478
0.22091519816811478
0.22009129250118398
0.22009129250118398
0.21989125419047495
0.21989125419047495
0.2197966236885719
0.2197966236885719
0.2197707223152341
0.2197707223152341
0.21976145182334383
0.21976145182334383
0.21975995953162142
0.21975995953162142
0.21975924072051733
0.21975924072051733
0.21975921606463011
0.21975921606463011
0.21975913646660516
0.21975913646660516
0.21975912622705296
0.21975912622705296
0.21975911660494418
0.21975911660494418
0.2197591164052587
0.2197591164052587
1472.423187 seconds (4.44 M allocations: 40.783 GiB, 0.41% gc time)
Finished order 1
loss std: 0.06806492734860004
magnitude: 0.10987955820262935
learning rate: 0.02197591164052587
  0.031353 seconds (17.73 k allocations: 1.701 MiB)
  2.169558 seconds (27.75 M allocations: 2.769 GiB, 13.35% gc time)
0.39871793879427964
0.39871793879427964
0.18509479545860552
0.18509479545860552
0.06805773317746378
0.068057733177464
0.0476925315302108
0.0476925315302108
0.03243382078877721
0.03243382078877677
0.024163239600769493
0.02416323960076927
0.017930450131065867
0.017930450131065645
0.014640549663414215
0.014640549663414437
0.011474503619891996
0.011474503619891996
0.009502585704924571
0.009502585704924571
0.007593672830397247
0.007593672830397469
0.006730956353605322
0.006730956353605322
0.005772769384616683
0.005772769384616461
0.0047442286479251194
0.0047442286479251194
0.0035708788437843753
0.0035708788437843753
0.0028916058409775847
0.0028916058409771406
0.0022996949740067274
0.0022996949740067274
0.001871926543858149
0.001871926543858149
0.001280489608286306
0.001280489608286084
0.0010804256784068267
0.0010804256784068267
0.0008771655382602273
0.0008771655382602273
0.0006874840674890859
0.0006874840674888638
0.00046694061513641305
0.000466940615136191
0.00036246231132097684
0.00036246231132097684
0.0002893655349610613
0.0002893655349608393
0.0002438628159442402
0.0002438628159442402
0.00018364997395603488
0.00018364997395603488
0.0001623715309386764
0.0001623715309382323
0.000141723716348241
0.000141723716348241
0.00011243214562317583
0.00011243214562317583
0.00010276964503808106
0.00010276964503785901
8.48263430085483e-5
8.482634300899239e-5
7.835671739109262e-5
7.835671739109262e-5
6.758193913347643e-5
6.758193913369848e-5
6.225422570427241e-5
6.225422570405037e-5
5.1844175602333564e-5
5.1844175602333564e-5
4.8518723182788825e-5
4.851872318256678e-5
4.3987320824889764e-5
4.3987320824889764e-5
3.823701651517464e-5
3.823701651517464e-5
3.143079713441299e-5
3.143079713441299e-5
2.5186316821357302e-5
2.5186316821357302e-5
1.9499866698247104e-5
1.9499866698247104e-5
1.4830159606127324e-5
1.4830159606127324e-5
1.0229941749373417e-5
1.0229941749595461e-5
6.883601336271639e-6
6.883601336493683e-6
8.843305445593863e-6
8.843305445815908e-6
5.254334014992423e-6
5.254334014992423e-6
3.5617149244382418e-6
3.561714924216197e-6
2.6265881637455024e-6
2.6265881637455024e-6
1.9285069648988795e-6
1.9285069648988795e-6
1.4131361072422521e-6
1.4131361072422521e-6
1.059382513490803e-6
1.0593825132687584e-6
7.785957327755e-7
7.785957327755e-7
6.503343316088817e-7
6.503343316088817e-7
5.231418898077322e-7
5.231418898077322e-7
3.8206339558755076e-7
3.8206339603163997e-7
3.1634137820368835e-7
3.1634137820368835e-7
2.493010139437146e-7
2.493010139437146e-7
1.8299672244204146e-7
1.8299672244204146e-7
1.4390483960013967e-7
1.4390483915605046e-7
1.2594687270883753e-7
1.2594687270883753e-7
6.620264803025577e-8
6.620264803025577e-8
5.578443051934556e-8
5.578443051934556e-8
8550.259414 seconds (199.32 M allocations: 8.223 TiB, 4.93% gc time)
Finished order 2
loss std: 3.1074413493932135e-6
magnitude: 2.789221525967278e-8
learning rate: 5.5784430519345564e-9
  0.180589 seconds (194.54 k allocations: 24.923 MiB)
 27.522615 seconds (292.07 M allocations: 28.559 GiB, 14.74% gc time)
5.578561301788909e-8
5.578561301788909e-8
0.44986871536139983
0.44986871536139983
5.001276059957149e-9
5.001276282001754e-9
973.667054 seconds (60.56 M allocations: 2.384 TiB, 18.46% gc time)
Finished order 3
loss std: 0.25973180636623316
4
magnitude: 0.1035639085955305
learning rate: 0.0207127817191061
  0.000211 seconds (651 allocations: 42.953 KiB)
  0.176917 seconds (1.10 M allocations: 132.065 MiB, 24.44% gc time)
0.2329126451923904
0.2329126451923904
0.49010076401015834
0.49010076401015834
0.21168823726590047
0.21168823726590047
0.20801343644934223
0.20801343644934223
0.20737995747817384
0.20737995747817384
0.20722528533332085
0.20722528533332085
0.20716890552708556
0.20716890552708556
0.2071384620670743
0.2071384620670743
0.20713010978068713
0.20713010978068713
0.20712940980576122
0.20712940980576122
0.20712790682627158
0.20712790682627158
0.2071278627263915
0.2071278627263915
0.2071278268896436
0.2071278268896436
0.20712782589584056
0.20712782589584056
0.20712782144565356
0.20712782144565356
0.20712781824499826
0.20712781824499826
0.20712781728945395
0.20712781728945395
1564.022968 seconds (4.72 M allocations: 43.322 GiB, 0.52% gc time)
Finished order 1
loss std: 0.06843697443756591
magnitude: 0.10356390864472698
learning rate: 0.020712781728945397
  0.002857 seconds (17.73 k allocations: 1.701 MiB)
  2.392789 seconds (27.75 M allocations: 2.769 GiB, 13.92% gc time)
0.3672961196461345
0.3672961196461345
0.1755193856281646
0.1755193856281646
0.062198867937530156
0.062198867937530156
0.04324128286214757
0.04324128286214757
0.029856641954413066
0.029856641954413066
0.021267673388549402
0.021267673388549846
0.017309610032110068
0.017309610032110068
0.01343154608131325
0.01343154608131325
0.011531268852286503
0.011531268852286503
0.009637466871000977
0.009637466871000755
0.007530574748667251
0.007530574748666807
0.006643650934562206
0.006643650934562428
0.005615416618801494
0.005615416618801494
0.005013639879787313
0.005013639879787313
0.004037872212106164
0.004037872212105942
0.0027567258192252586
0.0027567258192250366
0.002841882759071268
0.002841882759071268
0.002049238492835781
0.002049238492835781
0.001480602024742983
0.001480602024742983
0.0011370850369244456
0.0011370850369244456
0.000928377286397053
0.000928377286397053
0.0006883711124890945
0.0006883711124890945
0.0004984090024450216
0.0004984090024450216
0.0003939669406520796
0.0003939669406520796
0.0003031931364586571
0.0003031931364586571
0.00023795496936829252
0.00023795496936851457
0.00017795899497075052
0.00017795899497075052
0.00017247123567887268
0.00017247123567909473
0.00013353721210151992
0.00013353721210151992
0.00012253262105288432
0.00012253262105266227
0.0001089424357803015
0.0001089424357803015
9.334442425856793e-5
9.334442425856793e-5
0.00010138038483786804
0.00010138038483786804
8.3823027767993e-5
8.3823027767993e-5
7.134284863619111e-5
7.134284863619111e-5
6.458634231187865e-5
6.458634231187865e-5
5.639329775763979e-5
5.639329775763979e-5
4.978009225631297e-5
4.978009225631297e-5
4.4794221167765436e-5
4.4794221167765436e-5
3.83753205098758e-5
3.8375320510097843e-5
3.369101597561208e-5
3.369101597539004e-5
2.7562908345268866e-5
2.7562908345268866e-5
2.086651666655115e-5
2.0866516666329105e-5
1.4031750839915702e-5
1.4031750839915702e-5
1.1397367971732741e-5
1.1397367971732741e-5
6.800141236884549e-6
6.800141236884549e-6
6.941225357826042e-6
6.9412253580480865e-6
5.276801837483802e-6
5.276801837705847e-6
3.8107525165420597e-6
3.8107525165420597e-6
2.2130308314771696e-6
2.2130308316992142e-6
1.7198294608444797e-6
1.7198294608444797e-6
1.1587042203498044e-6
1.1587042203498044e-6
8.191449504257875e-7
8.191449504257875e-7
5.525863415734023e-7
5.525863415734023e-7
6.935968589472097e-7
6.935968593912989e-7
4.366712527126282e-7
4.366712529346728e-7
3.0227727498832735e-7
3.0227727521037195e-7
2.3075981037123938e-7
2.30759810593284e-7
1.8483943231561994e-7
1.8483943275970915e-7
1.4494373790086001e-7
1.4494373790086001e-7
1.1828207491237919e-7
1.1828207491237919e-7
9.191341532321928e-8
9.191341532321928e-8
7.78851331206809e-8
7.78851331206809e-8
5.6099025536049396e-8
5.6099025536049396e-8
4.589232216467565e-8
4.589232216467565e-8
8882.029637 seconds (205.65 M allocations: 8.484 TiB, 4.89% gc time)
Finished order 2
loss std: 2.267645472199105e-6
magnitude: 2.2946161082337824e-8
learning rate: 4.589232216467565e-9
  0.178525 seconds (194.54 k allocations: 24.923 MiB)
 26.413539 seconds (292.07 M allocations: 28.559 GiB, 15.19% gc time)
4.589208779659515e-8
4.589208779659515e-8
0.4374921677376695
0.4374921677376695
4.147018506373001e-9
4.147018728417606e-9
955.275480 seconds (60.56 M allocations: 2.384 TiB, 18.17% gc time)
Finished order 3
loss std: 0.2525862063666515
4
magnitude: 0.09696727833975666
learning rate: 0.01939345566795133
  0.000140 seconds (651 allocations: 42.953 KiB)
  0.137389 seconds (1.10 M allocations: 132.065 MiB, 13.04% gc time)
0.21046062768153384
0.21046062768153384
0.49621031767251267
0.49621031767251267
0.19723187779812545
0.19723187779812545
0.19451412619972763
0.19451412619972763
0.194066781394444
0.194066781394444
0.19397410090738632
0.19397410090738632
0.1939485327225382
0.1939485327225382
0.19393930296563056
0.19393930296563056
0.1939357427626226
0.1939357427626226
0.19393479248094636
0.19393479248094636
0.19393467610357173
0.19393467610357173
0.19393456714932333
0.19393456714932333
0.1939345610726092
0.1939345610726092
0.19393455761938383
0.19393455761938383
1290.842888 seconds (3.89 M allocations: 35.661 GiB, 0.46% gc time)
Finished order 1
loss std: 0.08048356954805663
magnitude: 0.09696727880969191
learning rate: 0.019393455761938384
  0.027233 seconds (17.73 k allocations: 1.701 MiB)
  2.613132 seconds (27.75 M allocations: 2.769 GiB, 12.92% gc time)
0.345955349983345
0.3459553499833453
0.1756319109607155
0.1756319109607155
0.056139596453365526
0.056139596453365526
0.039027306280658314
0.039027306280658314
0.0271834621213084
0.0271834621213084
0.019703747425116602
0.019703747425116602
0.014795816943216522
0.014795816943216522
0.012417171816970884
0.012417171816970884
0.01003171518794721
0.01003171518794721
0.008371025254903408
0.008371025254903408
0.006830398705847007
0.006830398705847007
0.005861132424511362
0.005861132424511362
0.004741143687840732
0.00474114368784051
0.0038584104521771634
0.0038584104521769413
0.003033218694736828
0.003033218694736828
0.002199211467990292
0.00219921146799007
0.0017270951741302776
0.0017270951741302776
0.0012434201169196912
0.0012434201169196912
0.0010029139602586445
0.0010029139602586445
0.0008235084947800786
0.0008235084947798565
0.0006352473897019983
0.0006352473897017763
0.0004768682249552958
0.00047686822495507375
0.0003463202374470731
0.0003463202374470731
0.00028571324587922664
0.00028571324587922664
0.00021695341775085364
0.00021695341775085364
0.0001825445935129677
0.0001825445935129677
0.00015024893216109003
0.00015024893216109003
0.0001303231998874832
0.00013032319988726115
0.00011757114506438793
0.00011757114506416588
0.00010362350148740429
0.00010362350148740429
8.779157275617955e-5
8.779157275617955e-5
8.087825535296744e-5
8.087825535296744e-5
7.094319406508731e-5
7.094319406508731e-5
6.780778753467942e-5
6.780778753445738e-5
5.5758791581705935e-5
5.575879158192798e-5
5.210530490851184e-5
5.210530490851184e-5
4.7621053561264226e-5
4.7621053561264226e-5
4.147384805630594e-5
4.147384805630594e-5
3.567102059642835e-5
3.5671020596206304e-5
2.808541947407761e-5
2.808541947407761e-5
2.3087792064502288e-5
2.3087792064502288e-5
1.759054995331688e-5
1.7590549953094836e-5
1.1661306272836569e-5
1.1661306273058614e-5
6.40101453552866e-6
6.401014535306615e-6
4.607862094219151e-6
4.607862094219151e-6
2.999880962417656e-6
2.999880962417656e-6
2.4888803809020033e-6
2.4888803809020033e-6
1.5918007228998832e-6
1.5918007228998832e-6
1.1902454816192787e-6
1.1902454816192787e-6
9.029624370437972e-7
9.029624369327749e-7
4.612551260940734e-7
4.61255126316118e-7
1.190132291051249e-6
1.190132291051249e-6
3.8556342318862846e-7
3.8556342318862846e-7
2.920543148432486e-7
2.920543150652932e-7
2.3251131642254563e-7
2.3251131642254563e-7
1.60125156800639e-7
1.60125156800639e-7
1.2307782848441917e-7
1.2307782848441917e-7
9.917751342403136e-8
9.917751342403136e-8
8.108453120048154e-8
8.108453120048154e-8
6.505916705368264e-8
6.505916683163804e-8
4.264003372611569e-8
4.2640033504071084e-8
3.157542483034348e-8
3.1575425052388084e-8
2.3950923133675417e-8
2.3950923133675417e-8
8679.349892 seconds (199.32 M allocations: 8.223 TiB, 5.05% gc time)
Finished order 2
loss std: 1.7295757714075779e-6
magnitude: 1.1975461566837708e-8
learning rate: 2.3950923133675416e-9
  0.184940 seconds (194.54 k allocations: 24.923 MiB)
 27.852000 seconds (292.07 M allocations: 28.559 GiB, 14.02% gc time)
2.3950590843924147e-8
2.3950590621879542e-8
323.682087 seconds (20.19 M allocations: 813.901 GiB, 17.14% gc time)
Finished order 3
loss std: NaN
4
magnitude: 0.0942532322723153
learning rate: 0.01885064645446306
  0.000232 seconds (651 allocations: 42.953 KiB)
  0.191339 seconds (1.10 M allocations: 132.065 MiB, 23.45% gc time)
0.2050713843495885
0.2050713843495885
0.5161176720680263
0.5161176720680263
0.1921076059811786
0.1921076059811786
0.1893708312772453
0.1893708312772453
0.18868958603965957
0.18868958603965957
0.1885487334247885
0.1885487334247885
0.18851347053039735
0.18851347053039735
0.1885092087875404
0.1885092087875404
0.18850705967422832
0.18850705967422832
0.18850662098274695
0.18850662098274695
0.18850652511699129
0.18850652511699129
0.18850647399739784
0.18850647399739784
0.18850646606557964
0.18850646606557964
0.18850646533372417
0.18850646533372417
1295.988066 seconds (3.89 M allocations: 35.705 GiB, 0.46% gc time)
Finished order 1
loss std: 0.0872323513581312
magnitude: 0.09425323266686209
learning rate: 0.018850646533372418
  0.031305 seconds (17.73 k allocations: 1.701 MiB)
  2.626807 seconds (27.75 M allocations: 2.769 GiB, 11.99% gc time)
0.33458902966472115
0.33458902966472115
0.18393623912763757
0.18393623912763757
0.057793049161548704
0.057793049161548926
0.041595600084267104
0.041595600084267104
0.028165518040369264
0.028165518040369264
0.02046785093167902
0.02046785093167902
0.016528647709410205
0.016528647709410205
0.013016347031852393
0.013016347031852393
0.011068288019518535
0.011068288019518535
0.009248395782803231
0.009248395782803231
0.006968279609404715
0.006968279609404493
0.007819323200325856
0.007819323200325856
0.006060800148577683
0.006060800148577683
0.005195607143269165
0.005195607143269165
0.004340367981368498
0.004340367981368498
0.0034587621254112966
0.0034587621254112966
0.002550862158628542
0.002550862158628542
0.0019307189731915253
0.0019307189731915253
0.0014864939830231405
0.0014864939830231405
0.0011491998399121295
0.0011491998399123515
0.0008339040210441073
0.0008339040210441073
0.0006288152257742929
0.0006288152257742929
0.00048273276620425243
0.00048273276620425243
0.00036864249149992645
0.00036864249149992645
0.00028176052376160943
0.0002817605237620535
0.00024098705414610233
0.00024098705414610233
0.0001874070540703876
0.0001874070540703876
0.00017941896480422326
0.00017941896480422326
0.00014347496794420156
0.00014347496794420156
0.00013239257104358249
0.00013239257104380453
0.00011794818520272088
0.00011794818520272088
9.795853021332679e-5
9.795853021332679e-5
0.00010787138072887448
0.00010787138072865243
8.819164016415915e-5
8.819164016415915e-5
7.771494966646308e-5
7.771494966646308e-5
7.086693497959651e-5
7.086693497937446e-5
6.19350941317709e-5
6.19350941317709e-5
5.8975687453721726e-5
5.8975687453721726e-5
5.0551394087272605e-5
5.0551394087272605e-5
4.62848030300389e-5
4.62848030300389e-5
3.987375285141592e-5
3.987375285141592e-5
3.205214767032505e-5
3.2052147670103004e-5
2.313546990251325e-5
2.313546990251325e-5
1.7619458353768103e-5
1.7619458353324013e-5
1.219335886315509e-5
1.219335886359918e-5
9.118454454393188e-6
9.118454454393188e-6
6.188378003479933e-6
6.188378003479933e-6
4.090670267964391e-6
4.090670267964391e-6
3.103189948783225e-6
3.103189948783225e-6
3.5916646952127707e-6
3.5916646952127707e-6
2.3589874991181148e-6
2.3589874991181148e-6
1.3894741361930585e-6
1.389474136415103e-6
1.0901509081007177e-6
1.0901509083227623e-6
7.039128084862512e-7
7.039128084862512e-7
7.864264538470778e-7
7.864264538470778e-7
5.88145439017751e-7
5.88145439017751e-7
5.022290278100527e-7
5.022290278100527e-7
3.9413373076335745e-7
3.9413373076335745e-7
3.2970043872815324e-7
3.2970043828406403e-7
2.62686070673368e-7
2.62686070673368e-7
2.0261990263392704e-7
2.0261990285597165e-7
1.644694173075223e-7
1.644694173075223e-7
1.3493468953296173e-7
1.3493468931091712e-7
7.714866323560443e-8
7.714866345764904e-8
6.206444380651988e-8
6.206444380651988e-8
4.391971897277358e-8
4.3919719194818185e-8
2.729859249761546e-8
2.7298592719660064e-8
9229.600818 seconds (211.98 M allocations: 8.745 TiB, 5.11% gc time)
Finished order 2
loss std: 1.2624776532570486e-6
magnitude: 1.364929624880773e-8
learning rate: 2.729859249761546e-9
  0.213835 seconds (194.54 k allocations: 24.923 MiB, 14.94% gc time)
 26.237300 seconds (292.07 M allocations: 28.559 GiB, 15.08% gc time)
2.7298413640686192e-8
2.7298413640686192e-8
320.959719 seconds (20.19 M allocations: 813.901 GiB, 16.52% gc time)
Finished order 3
loss std: NaN
4
magnitude: 0.09008929567467994
learning rate: 0.018017859134935987
  0.000172 seconds (651 allocations: 42.953 KiB)
  0.157274 seconds (1.10 M allocations: 132.065 MiB, 14.24% gc time)
0.19459413758484723
0.19459413758484723
0.5132211845322822
0.5132211845322818
0.1829078065987777
0.1829078065987777
0.1808615502695884
0.1808615502695884
0.18036644119543388
0.18036644119543388
0.18025956609054672
