magnitude: 0.5
learning rate: 0.1
  0.358731 seconds (241.07 k allocations: 11.422 MiB, 99.96% compilation time)
  0.462642 seconds (1.17 M allocations: 135.261 MiB, 5.48% gc time, 82.35% compilation time)
0.9978049616747157
0.9798439890874019
0.9593589835359883
0.95255696640689
0.9479896890882922
0.9379915259088921
0.9288972731417174
0.9237693489622455
0.9196588479390192
0.9135641788011336
0.9062531939082596
0.8987357045089914
0.8904078962414284
0.8817208911130541
0.8737880394113977
0.8665070291162922
0.8600365465203692
0.8550959492831262
0.8511026312748854
0.8477997885270594
0.845402294022153
0.8438362953712718
0.8424621301971665
0.8409620792068789
0.8396698391937559
0.8386572011749225
0.837355646206776
0.8357012777085442
0.834146565553595
0.832752056944341
0.8313406686427381
0.8300684847412314
0.829027014831623
0.8280054750908284
0.8269891642271714
0.8262429413528186
0.8257623635972361
0.8250809742085373
0.8239194178482709
0.8225088200607933
0.8211228856413445
0.8198135095556177
0.8185783781282047
0.8174193341796694
0.8163097465576639
0.8151929791900062
0.8140325032477279
0.8128905112697998
0.8118821378012786
0.8110576610052889
0.8103655515190544
0.8097564349024815
0.8092618233334635
0.8088912432029899
0.8085870817677603
0.8082990453544009
0.8079920014855053
0.8076510511052986
0.8072904190048911
0.806905768246849
0.8065088864085429
0.8061402136294407
0.8057815172922478
0.805398638120433
0.8050058721792551
0.8045998317909802
0.8041542234686434
0.8036501058264941
0.8030420021704673
0.802276107988465
0.8013273173491149
0.8001675548607934
0.7987660189262747
0.7971150329814494
0.795220806419854
0.793137780018911
0.7910317664345277
0.7891748184998885
0.7878525111368371
0.7871738405408835
0.7869314682238783
0.7867480587880635
0.7863777359956612
0.7858331875924781
0.7852351962401583
0.7846003834367317
0.7838739965162871
0.7831002682796715
0.7824310287439954
0.7819997281806277
0.781813524983911
0.7817631143522698
0.7817052145773131
0.7815350346755049
0.7812482988607696
0.7809200722571474
0.7806362287926023
0.7804373762628516
0.7803107320910531
0.780223493241719
0.7801468190373491
0.7800626084526382
0.7799582792405343
0.7798419390319716
0.7797440917518055
0.7796798493835051
0.779635466124194
0.7795946063265204
0.7795615555247324
0.7795472347542873
0.7795446956638614
0.7795332912709665
0.7794996969233283
0.7794530487697926
0.7794143133712591
0.7793943360622688
0.7793887350478179
0.7793872970126627
0.7793816394865233
0.7793685029583849
0.7793504561590344
0.7793310067987735
0.7793125304526526
0.7792969210280939
0.7792853517014692
0.7792773630613274
0.7792707420702527
0.7792639302582662
0.7792569951921643
0.7792499920033702
0.779241950159197
0.7792329830364992
0.7792253560002764
0.7792210967191846
0.7792197698506473
0.7792191498918788
0.7792173022265725
0.779213958546523
0.7792100514520602
0.7792062660580542
0.7792028455880431
0.7792001076090682
0.7791981396353787
0.7791963572678454
0.7791942519271114
0.7791920353302291
0.779190041685727
0.7791882790268844
0.7791865711403685
0.7791848769272088
0.7791833634487092
0.7791822082471886
0.7791812795694393
0.7791802829555752
0.7791790717137309
0.7791777947565377
0.7791766710375019
0.77917576989576
0.7791750247639029
0.7791743787405117
0.779173813916425
0.7791732948951691
0.7791727690151339
0.7791722189759813
0.7791716604903106
0.7791710912534429
0.7791705038421917
0.779169937877054
0.7791694348406476
0.7791689948551581
0.779168588699379
0.7791681856210936
0.779167791774199
0.77916742709042
0.7791670778155011
0.7791667192963354
0.7791663598587097
0.7791660202814064
0.7791657055684515
0.7791654045825762
0.7791651112322582
0.7791648340201219
0.7791645785092849
0.7791643360579809
0.7791640970983034
0.7791638626828996
0.7791636389147869
0.7791634271239467
0.7791632261815289
0.7791630346881404
0.7791628480107641
0.7791626641231139
0.779162487045659
0.7791623206564512
0.7791621646068616
0.7791620153222657
0.7791618700823678
0.779161729358107
0.7791615948607373
0.7791614665504203
0.7791614665504203
22507.769845 seconds (101.49 M allocations: 522.204 GiB, 0.36% gc time, 0.09% compilation time)
Finished order 1
loss std: 1.1572100412336149e-6
magnitude: 0.38958073327521014
learning rate: 0.07791614665504203
  0.001991 seconds (17.73 k allocations: 1.701 MiB)
  1.434399 seconds (27.75 M allocations: 2.769 GiB, 17.19% gc time)
0.9444435036389006
0.8326629485458557
0.5352401619791778
0.4271654653259631
0.30210735482160544
0.24309843729301195
0.19568137790472462
0.16883034094182292
0.14925253149669893
0.12492696591564711
0.11041189665590723
0.09985880418071702
0.08660823114629312
0.0721935122766636
0.06140463597635448
0.05869963172598158
0.0555775665823981
0.05051828034574113
0.042980011075370195
0.037581234983170564
0.035274609396545586
0.033235343493980274
0.029718689748280624
0.025776104742034067
0.022890163808883646
0.020518559331592634
0.01859110462081659
0.017311473510714603
0.015515018977435013
0.01373810310253476
0.012477825636393769
0.010919476029560449
0.009406549301836598
0.008935115173439923
0.008329073067560366
0.007352450518101961
0.006745442800876744
0.006159892963801039
0.005400566354616276
0.0047603855318097965
0.004484443327673615
0.00410775836488142
0.0037234725226482634
0.0032645987125400344
0.0028444875380422285
0.002738619179925239
0.0025319878652818595
0.002141550265560843
0.0019830872897574903
0.0018821282957180996
0.0016877980965829265
0.0014974618382614935
0.001377406717486429
0.0011729396474425835
0.0010321330556298802
0.0009752636456171748
0.0008980365161617154
0.0008339145478969412
0.0007616142865345399
0.0006957382949273061
0.000600394800944648
0.0005521498355505194
0.0004914876917561095
0.00040874382283517807
0.0003921312356303108
0.0003683418491877699
0.00033420843804243816
0.0003013179218273043
0.000251849101752577
0.0002382726091607612
0.0002276734584246709
0.00020804569488097613
0.00017818857145501799
0.00016204272324338298
0.00014527482136983405
0.00013470027152717723
0.00011572141155058446
0.0001047167457849385
9.222499639360837e-5
8.982684132530228e-5
8.069276873279296e-5
7.630235474342939e-5
6.86901042051824e-5
6.266975928159724e-5
7.00684845025279e-5
8.739410850422402e-5
0.00014673923946662004
0.00032903399494355057
0.0008519346006417017
0.0023210538274917036
0.005982505831537366
0.012595431364894383
0.018330688742605017
0.014704506903015724
0.006072471550650604
0.00494926859708722
0.010846949923779992
0.011405614503363304
0.005295463948121748
0.0036430376249168006
0.0065235738175131175
0.005306100598214125
0.002181431670418288
0.003262861004388995
0.004814330824855162
0.0031284064295148406
0.0022347466850193287
0.003208976714341727
0.0024324949999624534
0.0010824491528357294
0.0016892339951393165
0.0021781027348376503
0.0013858460609176282
0.001323590515588613
0.001860851499416727
0.001387905555667368
0.0008016499369268848
0.0010876060340598848
0.0011216686693129585
0.0005851511876749926
0.0005853067123953171
0.0009359680345376598
0.0007083354863358649
0.00033336305660314203
0.0004736586434380685
0.0006329756257364982
0.00040735167205585565
0.0002620527502009695
0.00040141671276339164
0.00041629907602191984
0.00023789494380677123
0.0002360611683139835
0.0004346813570490493
0.000555010273276646
0.0006812513008778165
0.0012507570390246636
0.0026567823986346495
0.005408206480537192
0.01046271258377185
0.01769269595589451
0.02224078292009235
0.016401007365559273
0.004943922504855425
0.0015181076993453502
0.007996474563580214
0.012472967093043241
0.0070742172643569745
0.0012174708896180997
0.0036265116218743287
0.007683110251712533
0.005125221398501245
0.0009014352173459805
0.002187509194594428
0.004743049948697231
0.002849353837269142
0.000389672392039242
0.001662736995575842
0.003180911599360514
0.0017779595408120574
0.000507262024642352
0.0015456017731081406
0.0022345755988811833
0.0011507039731384339
0.0006332293430850733
0.001469779277558092
0.0017219437166575702
0.0010362109002705067
0.0010319593922853976
0.001886881204298474
0.00229563472647909
0.002204940215663642
0.002756427017335472
0.0039101444742828395
0.004614979524284468
0.004674605957852407
0.004487177575086765
0.003922553351721425
0.00268375866785453
0.0012214219352496558
0.00040385816987564827
0.00036230715167706595
0.0006816289172331125
0.001125867226494326
0.0016126337004845892
0.001895316383961343
0.001733072070241315
0.001206789827764787
0.0006783200053899208
0.00035748715365369055
0.0002685293468515093
0.0003875918078964924
0.0007005051524662242
0.0011331846772161258
0.0015776602961703468
0.002039252667541791
0.0027075918457005743
0.0038895356492443245
0.005873222451019289
0.008507073500379159
0.01114441827410162
6.266975928159724e-5
28188.348502 seconds (640.66 M allocations: 26.231 TiB, 2.81% gc time, 0.01% compilation time)
Finished order 2
loss std: 0.002879356807031397
