magnitude: 0.5
learning rate: 0.1
  0.320558 seconds (241.07 k allocations: 11.422 MiB, 99.97% compilation time)
  0.469360 seconds (2.21 M allocations: 267.852 MiB, 4.83% gc time, 71.86% compilation time)
0.9979043266993722
0.9746933109572262
0.9573926963926565
0.9400104140559571
0.9262445041717369
0.9130766670919522
0.8971910523489156
0.8788358579584948
0.8619320739942244
0.8501969281194817
0.8447485377255702
0.8431353709276787
0.8402919435508758
0.8352067428027808
0.8296010757030431
0.8254583540327491
0.8236478453400228
0.8238492900223942
0.8246691208599837
0.8246307582354777
0.823218820655096
0.8209380732095797
0.8185628758818255
0.8166013830779277
0.8151357467499726
0.8140400885838392
0.8132123561799174
0.8125384579429511
0.8117816060727115
0.8107453788371771
0.8096241608539805
0.8088240562290858
0.8084031090433933
0.808035388701062
0.8074798146495872
0.8067142387520274
0.8058469608510583
0.8050895156251942
0.8045958844484355
0.8042388305352077
0.8037825318801403
0.8032196959545588
0.8027136243867594
0.8023445069327826
0.8020769646033071
0.8018484531009739
0.8015826876277432
0.8012598547468204
0.8009806715166572
0.800828250985121
0.8007325995176434
0.8005900361304961
0.8004258539610503
0.8003294231743997
0.8003090734822652
0.8003033468910883
0.8002699617896806
0.800187609487766
0.8000688664223188
0.7999775344210411
0.7999601751804304
0.7999843486362954
0.7999855364657908
0.7999444282761375
0.7998901042478781
0.7998561362147795
0.7998521096995455
0.7998510639352912
0.7998267977636357
0.7997930333609461
0.7997672911578083
0.7997443276221913
0.7997176066589594
0.7996870226303108
0.7996582948566519
0.7996376755474649
0.7996215339958053
0.7996031737816202
0.7995828126290443
0.7995617389616704
0.7995422150277732
0.7995284423203504
0.7995205957388158
0.7995141470999797
0.799505685520036
0.7994972825663802
0.7994902126393664
0.7994833603349194
0.7994776552326719
0.799473212835919
0.7994695149902384
0.7994667460505339
0.7994636456010219
0.7994599103421984
0.7994566861350572
0.7994536764602703
0.7994510886646159
0.7994491434052404
0.7994468890864016
0.7994441721572617
0.7994441721572617
17453.611963 seconds (101.22 M allocations: 1.182 TiB, 0.38% gc time, 0.12% compilation time)
0.7994441721572617
Finished order 1
magnitude: 0.39972208607863086
learning rate: 0.07994441721572618
  0.002262 seconds (17.73 k allocations: 1.701 MiB)
  3.801884 seconds (53.73 M allocations: 5.620 GiB, 12.17% gc time)
0.9939757938410335
0.9832528006667205
0.8659719157344027
0.800406124397909
0.68044727657164
0.5108492272393975
0.46155322140202804
0.3721430657289708
0.31867468621574446
0.26426496364816465
0.23689881937695578
0.21932244474887108
0.18725869393181083
0.16496805352556088
0.15235777632956737
0.13318361194248696
0.12077898379437912
0.11002940436184394
0.10204178307068101
0.09240882432743658
0.08418306423384458
0.07604338487393347
0.06930466352561804
0.05964693575994562
0.05582411019209199
0.05089637207086262
0.04569447663753634
0.04262727851902215
0.04025053818791502
0.036265892939854494
0.03392920564435831
0.031521146608402995
0.028049368457213508
0.025207770852697098
0.022634538584177077
0.02146117145041493
0.01962984594954542
0.018408748846344247
0.016316239353875495
0.015299643643549854
0.014288595230726897
0.014391501454914635
0.017498990838699546
0.024776502560409308
0.031948433427839484
0.024096932711049623
0.011130004242462688
0.012674310302257519
0.019396222627790505
0.015107468759455789
0.008271171846395697
0.010951769675281109
0.013562000121947193
0.008403815785330226
0.006257088008070122
0.009104149848061738
0.008987476717255638
0.005814805718390992
0.005300394750421544
0.006646937490284777
0.005912556533452462
0.004205271639228014
0.00429121768478824
0.004863902360466965
0.004334691590323625
0.003291554340254077
0.0030854291484578855
0.003595464266421433
0.003440429937577205
0.0024144400567684965
0.0019188742809436166
0.0023730567405346736
0.0028057931082031695
0.0023989341904909756
0.0015942518558754726
0.0012685908832636983
0.0016211852956160566
0.0020293006963411075
0.002032175676029091
0.001696609701570595
0.0016137195005645477
0.0022735019233319775
0.00425695199581555
0.008482688457912446
0.016272112716852694
0.025709692251334904
0.026776075679613598
0.017205768609025673
0.011945549375018905
0.016718936072150026
0.016349446282560853
0.008989463535169162
0.010163510899090733
0.016285788108956867
0.010880896001211449
0.003124109971832434
0.007425713758074104
0.011082451811772143
0.00516518204361005
0.0030758735548406246
0.0012685908832636983
35819.978551 seconds (658.34 M allocations: 110.806 TiB, 6.45% gc time, 0.01% compilation time)
0.0012685908832639203
Finished order 2
0
1
2
3
4
Hey
done
