States are already equal
4
magnitude: 5.043735207266309e-9
learning rate: 1.0087470414532617e-9
  0.449879 seconds (241.07 k allocations: 11.421 MiB, 99.97% compilation time)
  0.498291 seconds (542.06 k allocations: 57.672 MiB, 94.48% compilation time)
1.0087470414532618e-8
1.0087470414532618e-8
 81.119175 seconds (45.04 M allocations: 2.494 GiB, 0.68% gc time, 33.28% compilation time)
Finished order 1
loss std: NaN
magnitude: 5.043735207266309e-9
learning rate: 1.0087470414532617e-9
  0.002822 seconds (17.73 k allocations: 1.701 MiB)
  0.899841 seconds (12.01 M allocations: 1.159 GiB, 24.49% gc time)
1.0087729540586565e-8
1.0087729540586565e-8
 59.130431 seconds (6.58 M allocations: 10.316 GiB, 1.80% gc time, 5.35% compilation time)
Finished order 2
loss std: NaN
4
magnitude: 9.137757384092282e-9
learning rate: 1.8275514768184565e-9
  0.000080 seconds (651 allocations: 42.953 KiB)
  0.026142 seconds (472.61 k allocations: 54.476 MiB)
1.8275514768184564e-8
1.8275514768184564e-8
 53.834484 seconds (131.76 k allocations: 367.843 MiB, 0.11% gc time)
Finished order 1
loss std: NaN
magnitude: 9.137757384092282e-9
learning rate: 1.8275514768184565e-9
  0.002847 seconds (17.73 k allocations: 1.701 MiB)
  0.846999 seconds (12.01 M allocations: 1.159 GiB, 17.68% gc time)
1.8275720381488725e-8
1.8275720381488725e-8
0.34191643641183145
0.34191643641183145
2.927509790140448e-9
2.927509790140448e-9
177.347834 seconds (5.69 M allocations: 30.265 GiB, 1.49% gc time)
Finished order 2
loss std: 0.19740554048188327
4
magnitude: 1.6538811098421036e-8
learning rate: 3.307762219684207e-9
  0.000101 seconds (651 allocations: 42.953 KiB)
  0.034898 seconds (472.61 k allocations: 54.476 MiB, 17.03% gc time)
3.307762264093128e-8
3.307762264093128e-8
 52.376056 seconds (131.76 k allocations: 367.842 MiB, 0.19% gc time)
Finished order 1
loss std: NaN
magnitude: 1.653881132046564e-8
learning rate: 3.307762264093128e-9
  0.003265 seconds (17.73 k allocations: 1.701 MiB)
  0.776800 seconds (12.01 M allocations: 1.159 GiB, 16.92% gc time)
3.307695428667046e-8
3.307695428667046e-8
0.34188583376963877
0.34188583376963877
5.29842081320453e-9
5.29842081320453e-9
177.321137 seconds (5.69 M allocations: 30.265 GiB, 1.47% gc time)
Finished order 2
loss std: 0.1973878670810045
4
magnitude: 2.991286518483349e-8
learning rate: 5.982573036966698e-9
  0.000100 seconds (651 allocations: 42.953 KiB)
  0.035571 seconds (472.61 k allocations: 54.476 MiB, 14.30% gc time)
5.982573170193461e-8
5.982573170193461e-8
 53.373509 seconds (131.76 k allocations: 367.842 MiB, 0.22% gc time)
Finished order 1
loss std: NaN
magnitude: 2.991286585096731e-8
learning rate: 5.982573170193462e-9
  0.003036 seconds (17.73 k allocations: 1.701 MiB)
  0.785808 seconds (12.01 M allocations: 1.159 GiB, 16.71% gc time)
5.98272142937617e-8
5.98272142937617e-8
0.3418264902037631
0.3418264902037631
9.582421967024857e-9
9.582421967024857e-9
176.941394 seconds (5.69 M allocations: 30.265 GiB, 1.62% gc time)
Finished order 2
loss std: 0.1973535960984531
4
magnitude: 5.4073506006169225e-8
learning rate: 1.0814701201233844e-8
  0.000110 seconds (651 allocations: 42.953 KiB)
  0.037428 seconds (472.61 k allocations: 54.476 MiB, 15.03% gc time)
1.081470185626543e-7
1.081470185626543e-7
 53.711516 seconds (131.76 k allocations: 367.842 MiB, 0.06% gc time)
Finished order 1
loss std: NaN
magnitude: 5.407350928132715e-8
learning rate: 1.081470185626543e-8
  0.002597 seconds (17.73 k allocations: 1.701 MiB)
  0.827414 seconds (12.01 M allocations: 1.159 GiB, 17.97% gc time)
1.081489890975007e-7
1.081489890975007e-7
0.34174824172818274
0.34174824172818297
1.732059906611738e-8
1.732059906611738e-8
1.5437173761512213e-9
1.5437173761512213e-9
232.464101 seconds (7.59 M allocations: 40.347 GiB, 1.36% gc time)
Finished order 2
loss std: 0.17087409969521355
4
magnitude: 9.77118405076638e-8
learning rate: 1.954236810153276e-8
  0.000099 seconds (651 allocations: 42.953 KiB)
  0.038430 seconds (472.61 k allocations: 54.476 MiB, 13.29% gc time)
1.9542370588432334e-7
1.9542370588432334e-7
 53.078572 seconds (131.76 k allocations: 367.842 MiB, 0.17% gc time)
Finished order 1
loss std: NaN
magnitude: 9.771185294216167e-8
learning rate: 1.9542370588432335e-8
  0.002734 seconds (17.73 k allocations: 1.701 MiB)
  1.330502 seconds (12.01 M allocations: 1.159 GiB, 44.22% gc time)
1.9542694451590847e-7
1.9542694451590847e-7
0.3416706255267249
0.3416706255267249
3.129776415811136e-8
3.129776415811136e-8
2.788510311546588e-9
2.788510311546588e-9
234.262245 seconds (7.59 M allocations: 40.347 GiB, 1.38% gc time)
Finished order 2
loss std: 0.17083527451118038
4
magnitude: 1.7652033362791641e-7
learning rate: 3.530406672558328e-8
  0.000081 seconds (651 allocations: 42.953 KiB)
  0.031629 seconds (472.61 k allocations: 54.476 MiB, 13.51% gc time)
3.530407428620208e-7
3.530407428620208e-7
 53.034213 seconds (131.76 k allocations: 367.842 MiB, 0.17% gc time)
Finished order 1
loss std: NaN
magnitude: 1.765203714310104e-7
learning rate: 3.530407428620208e-8
  0.002588 seconds (17.73 k allocations: 1.701 MiB)
  0.804375 seconds (12.01 M allocations: 1.159 GiB, 17.16% gc time)
3.530375766169769e-7
3.530375766169769e-7
0.3415209460560972
0.3415209460560972
5.652604329053901e-8
5.652604329053901e-8
5.034932470948661e-9
5.034932470948661e-9
233.210734 seconds (7.59 M allocations: 40.347 GiB, 1.44% gc time)
Finished order 2
loss std: 0.17076040392835876
4
magnitude: 3.1883476570016e-7
learning rate: 6.3766953140032e-8
  0.000088 seconds (651 allocations: 42.953 KiB)
  0.041943 seconds (472.61 k allocations: 54.476 MiB, 11.27% gc time)
6.376697768706308e-7
6.376697768706308e-7
 53.110403 seconds (131.76 k allocations: 367.842 MiB, 0.21% gc time)
Finished order 1
loss std: NaN
magnitude: 3.188348884353154e-7
learning rate: 6.376697768706307e-8
  0.002605 seconds (17.73 k allocations: 1.701 MiB)
  1.311404 seconds (12.01 M allocations: 1.159 GiB, 44.59% gc time)
6.375496022226201e-7
6.375496022226201e-7
0.3413565750158478
0.3413565750158478
1.0206164846593424e-7
1.0206164846593424e-7
9.087035235388896e-9
9.087035235388896e-9
230.611399 seconds (7.59 M allocations: 40.347 GiB, 1.32% gc time)
Finished order 2
loss std: 0.17067816272510097
4
magnitude: 5.758264969846216e-7
learning rate: 1.1516529939692432e-7
  0.000101 seconds (651 allocations: 42.953 KiB)
  0.033711 seconds (472.61 k allocations: 54.476 MiB, 18.00% gc time)
1.1516537317124431e-6
1.1516537317124431e-6
 53.737753 seconds (131.76 k allocations: 367.842 MiB, 0.10% gc time)
Finished order 1
loss std: NaN
magnitude: 5.758268658562216e-7
learning rate: 1.1516537317124431e-7
  0.003044 seconds (17.73 k allocations: 1.701 MiB)
  0.805271 seconds (12.01 M allocations: 1.159 GiB, 17.12% gc time)
1.1513391612316681e-6
1.1513391612316681e-6
0.34111761938637064
0.34111761938637064
1.842782361149986e-7
1.842782361149986e-7
1.6390219181872112e-8
1.6390219181872112e-8
232.026347 seconds (7.59 M allocations: 40.347 GiB, 1.36% gc time)
Finished order 2
loss std: 0.17055858435931592
4
magnitude: 1.0399208412725791e-6
learning rate: 2.0798416825451582e-7
  0.000099 seconds (651 allocations: 42.953 KiB)
  0.048554 seconds (472.61 k allocations: 54.476 MiB, 11.42% gc time)
2.079844232394379e-6
2.079844232394379e-6
 52.789970 seconds (131.76 k allocations: 367.842 MiB, 0.06% gc time)
Finished order 1
loss std: NaN
magnitude: 1.0399221161971894e-6
learning rate: 2.079844232394379e-7
  0.005420 seconds (17.73 k allocations: 1.701 MiB, 43.53% gc time)
  1.265547 seconds (12.01 M allocations: 1.159 GiB, 45.00% gc time)
2.0790382766477933e-6
2.0790382766477933e-6
0.34082125266159413
0.34082125266159413
3.326435702444286e-7
3.326435702444286e-7
2.9573035464913744e-8
2.9573035464913744e-8
3.816360227837379e-9
3.816360227837379e-9
287.617045 seconds (9.49 M allocations: 50.428 GiB, 1.29% gc time)
Finished order 2
loss std: 0.15241962446072632
4
magnitude: 1.8780949098684552e-6
learning rate: 3.7561898197369104e-7
  0.000094 seconds (651 allocations: 42.953 KiB)
  0.038643 seconds (472.61 k allocations: 54.476 MiB, 18.36% gc time)
3.7561979582267924e-6
3.7561979582267924e-6
 53.013827 seconds (131.76 k allocations: 367.842 MiB, 0.26% gc time)
Finished order 1
loss std: NaN
magnitude: 1.8780989791133962e-6
learning rate: 3.7561979582267924e-7
  0.005394 seconds (17.73 k allocations: 1.701 MiB)
  1.284224 seconds (12.01 M allocations: 1.159 GiB, 42.02% gc time)
3.75558027976286e-6
3.75558027976286e-6
0.34025423586883263
0.34025423586883263
6.003122492437285e-7
6.003122492437285e-7
5.327969698765145e-8
5.327969698765145e-8
6.8554319998526125e-9
6.8554319998526125e-9
288.941162 seconds (9.49 M allocations: 50.428 GiB, 1.28% gc time)
Finished order 2
loss std: 0.15216582648796953
4
magnitude: 3.3921097636890885e-6
learning rate: 6.784219527378177e-7
  0.000101 seconds (651 allocations: 42.953 KiB)
  0.050082 seconds (472.61 k allocations: 54.476 MiB, 16.51% gc time)
6.784248939961657e-6
6.784248939961657e-6
 53.589142 seconds (131.76 k allocations: 367.842 MiB, 0.06% gc time)
Finished order 1
loss std: NaN
magnitude: 3.3921244699808284e-6
learning rate: 6.784248939961657e-7
  0.003430 seconds (17.73 k allocations: 1.701 MiB)
  1.318848 seconds (12.01 M allocations: 1.159 GiB, 44.85% gc time)
6.7828151703031025e-6
6.7828151703031025e-6
0.33966932593910026
0.33966932593910026
1.0828136451923598e-6
1.0828136451923598e-6
9.59690111823619e-8
9.59690111823619e-8
1.2435356966378208e-8
1.2435356966378208e-8
287.897381 seconds (9.49 M allocations: 50.428 GiB, 1.35% gc time)
Finished order 2
loss std: 0.15190384903600943
4
magnitude: 6.127545547074398e-6
learning rate: 1.2255091094148796e-6
  0.000112 seconds (651 allocations: 42.953 KiB)
  0.042859 seconds (472.61 k allocations: 54.476 MiB, 19.03% gc time)
1.225518713732221e-5
1.225518713732221e-5
 54.037632 seconds (131.76 k allocations: 367.842 MiB, 0.20% gc time)
Finished order 1
loss std: NaN
magnitude: 6.127593568661105e-6
learning rate: 1.225518713732221e-6
  0.002917 seconds (17.73 k allocations: 1.701 MiB)
  1.348853 seconds (12.01 M allocations: 1.159 GiB, 44.55% gc time)
1.2247291287015294e-5
1.2247291287015294e-5
0.33900455271118657
0.33900455271118657
1.9544693389272894e-6
1.9544693389272894e-6
1.7293711584986937e-7
1.7293711584986937e-7
2.2648189990093215e-8
2.2648189990093215e-8
1.2084246825416756e-8
1.2084246825416756e-8
1.88482751628527e-9
1.88482751628527e-9
407.153062 seconds (13.29 M allocations: 70.609 GiB, 1.36% gc time)
Finished order 2
loss std: 0.1281307693632448
4
magnitude: 1.107137650263601e-5
learning rate: 2.214275300527202e-6
  0.000087 seconds (651 allocations: 42.953 KiB)
  0.040514 seconds (472.61 k allocations: 54.476 MiB, 11.94% gc time)
2.214302231529075e-5
2.214302231529075e-5
 53.073186 seconds (131.76 k allocations: 367.842 MiB, 0.21% gc time)
Finished order 1
loss std: NaN
magnitude: 1.1071511157645375e-5
learning rate: 2.214302231529075e-6
  0.002583 seconds (17.73 k allocations: 1.701 MiB)
  1.307670 seconds (12.01 M allocations: 1.159 GiB, 45.18% gc time)
2.2177100283404805e-5
2.2177100283404805e-5
0.3381160386326486
0.3381160386326486
3.5378282245979165e-6
3.5378282245979165e-6
3.130372244752877e-7
3.130372244752877e-7
4.6059926539498974e-8
4.6059926539498974e-8
7.33083063142459e-8
7.33083063142459e-8
1.9176130905407263e-8
1.9176130905407263e-8
7.366888099546998e-9
7.366888099546998e-9
469.127526 seconds (15.18 M allocations: 80.699 GiB, 1.43% gc time)
Finished order 2
loss std: 0.11954075013505819
4
magnitude: 2.0010439351625386e-5
learning rate: 4.002087870325077e-6
  0.000096 seconds (651 allocations: 42.953 KiB)
  0.032654 seconds (472.61 k allocations: 54.476 MiB, 15.07% gc time)
4.0021742139240146e-5
4.0021742139240146e-5
0.5125336027959704
0.5125336027959703
4.0021043526294875e-5
4.0021043526294875e-5
167.702814 seconds (395.17 k allocations: 1.096 GiB, 0.16% gc time)
Finished order 1
loss std: 0.2958883071810569
magnitude: 2.0010521763147437e-5
learning rate: 4.002104352629488e-6
  0.003042 seconds (17.73 k allocations: 1.701 MiB)
  0.883280 seconds (12.01 M allocations: 1.159 GiB, 17.88% gc time)
4.006438346404462e-5
4.006438346404462e-5
0.3368009426606322
0.3368009426606322
6.384055718622328e-6
6.384055718622328e-6
5.615644984580115e-7
5.615644984580115e-7
7.712710825558133e-8
7.712710825558133e-8
8.966023223866415e-8
8.966023223866415e-8
3.344975341157408e-8
3.344975341157408e-8
1.0004775563565715e-8
1.0004775563565715e-8
469.373090 seconds (15.18 M allocations: 80.699 GiB, 1.46% gc time)
Finished order 2
loss std: 0.11907473104655943
4
magnitude: 3.618287504503215e-5
learning rate: 7.23657500900643e-6
  0.000084 seconds (651 allocations: 42.953 KiB)
  0.038584 seconds (472.61 k allocations: 54.476 MiB, 12.36% gc time)
7.236967854895582e-5
7.236967854895582e-5
0.5267416794902395
0.5267416794902395
7.236669023147346e-5
7.236669023147346e-5
7.236601205318216e-5
7.236601205318216e-5
220.255741 seconds (526.84 k allocations: 1.455 GiB, 0.43% gc time)
Finished order 1
loss std: 0.26333465601498085
magnitude: 3.618300602659108e-5
learning rate: 7.236601205318216e-6
  0.002660 seconds (17.73 k allocations: 1.701 MiB)
  0.848097 seconds (12.01 M allocations: 1.159 GiB, 17.91% gc time)
7.244735676514846e-5
7.244735676514846e-5
0.33442811293866215
0.33442811293866215
1.1497410057681456e-5
1.1497410057681456e-5
1.012341141581885e-6
1.012341141581885e-6
1.6687029080753035e-7
1.6687029080753035e-7
2.234037211890083e-7
2.234037211890083e-7
5.6171146844974373e-8
5.6171146844974373e-8
2.519367947595441e-8
2.519367947595441e-8
8.646897864394987e-9
8.646897864394987e-9
523.285729 seconds (17.08 M allocations: 90.785 GiB, 1.45% gc time)
Finished order 2
loss std: 0.11147248026074495
4
magnitude: 6.546439002147464e-5
learning rate: 1.3092878004294927e-5
  0.000098 seconds (651 allocations: 42.953 KiB)
  0.041182 seconds (472.61 k allocations: 54.476 MiB, 18.33% gc time)
0.00013093945726250222
0.00013093945726250222
0.4475164141754665
0.4475164141754665
0.00013093044623391226
0.00013093044623391226
0.00013092929744418225
0.00013092929744418225
220.595057 seconds (526.84 k allocations: 1.455 GiB, 0.15% gc time)
Finished order 1
loss std: 0.2236927405542432
magnitude: 6.546464872209112e-5
learning rate: 1.3092929744418225e-5
  0.002804 seconds (17.73 k allocations: 1.701 MiB)
  0.864497 seconds (12.01 M allocations: 1.159 GiB, 18.61% gc time)
0.0001314237044309774
0.0001314237044309774
0.33164355300297366
0.33164355300297366
2.075578831373104e-5
2.075578831373104e-5
1.8046948833116971e-6
1.8046948833116971e-6
2.6718423062899177e-7
2.6718423062899177e-7
3.4492398193197715e-7
3.4492398193197715e-7
1.0535429373348393e-7
1.0535429373348393e-7
3.7512929540461926e-8
3.7512929540461926e-8
1.4542297033237617e-8
1.4542297033237617e-8
6.9372969591086076e-9
6.9372969591086076e-9
5.567482030954807e-10
5.567482030954807e-10
641.614745 seconds (20.88 M allocations: 110.957 GiB, 1.53% gc time)
Finished order 2
loss std: 0.09998963501721016
4
magnitude: 0.00011853368762282379
learning rate: 2.370673752456476e-5
  0.000080 seconds (651 allocations: 42.953 KiB)
  0.036672 seconds (472.61 k allocations: 54.476 MiB, 12.50% gc time)
0.0002371060644255074
0.0002371060644255074
0.4977196568590715
0.4977196568590715
0.00023707352321900022
0.00023707352321900022
0.0002370687637708313
0.0002370687637708313
0.00023706783293997447
0.00023706783293997447
273.835785 seconds (658.51 k allocations: 1.815 GiB, 0.14% gc time)
Finished order 1
loss std: 0.22248097232233213
magnitude: 0.00011853391646998723
learning rate: 2.3706783293997447e-5
  0.004943 seconds (17.73 k allocations: 1.701 MiB, 43.50% gc time)
  0.820857 seconds (12.01 M allocations: 1.159 GiB, 17.56% gc time)
0.00023739965602875834
0.00023739965602875834
0.32958697403470183
0.3295869740347017
3.751626811732134e-5
3.751626811732134e-5
3.2404686535203453e-6
3.2404686535203453e-6
5.097070373549784e-7
5.097070373549784e-7
6.846234369417559e-7
6.846234369417559e-7
1.8056921535780646e-7
1.8056921535780646e-7
7.473957719383861e-8
7.473957719383861e-8
2.7954251691220122e-8
2.7954251691220122e-8
1.2892895084881673e-8
1.2892895084881673e-8
9.918995624857985e-10
9.918995624857985e-10
641.711229 seconds (20.88 M allocations: 110.957 GiB, 1.52% gc time)
Finished order 2
loss std: 0.09936580513390449
4
magnitude: 0.00021483625413054597
learning rate: 4.2967250826109195e-5
  0.000097 seconds (651 allocations: 42.953 KiB)
  0.036385 seconds (472.61 k allocations: 54.476 MiB, 18.19% gc time)
0.00042976366682001554
0.00042976366682001554
0.4877022578927789
0.4877022578927789
0.00042969175089047074
0.00042969175089047074
0.00042967843646535275
0.00042967843646535275
0.0004296752660336578
0.0004296752660336578
0.00042967308742647425
0.00042967308742647425
326.341163 seconds (790.17 k allocations: 2.174 GiB, 0.17% gc time)
Finished order 1
loss std: 0.19892819020242408
magnitude: 0.00021483654371323713
learning rate: 4.2967308742647425e-5
  0.002827 seconds (17.73 k allocations: 1.701 MiB)
  0.822207 seconds (12.01 M allocations: 1.159 GiB, 17.80% gc time)
0.000431931918282058
0.000431931918282058
0.3244727792441976
0.3244727792441976
6.780349067536662e-5
6.780349067536662e-5
5.988556365688069e-6
5.988556365688069e-6
1.6296810054772237e-6
1.6296810054772237e-6
3.3214556049987465e-7
3.3214556049987465e-7
1.5293537403149315e-7
1.5293537403149315e-7
6.651703188254032e-8
6.651703188254032e-8
1.3865991688177814e-8
1.3865991688177814e-8
1.6392953772204066e-8
1.6392953772204066e-8
2.519324304728343e-9
2.519324304728343e-9
639.082135 seconds (20.88 M allocations: 110.957 GiB, 1.52% gc time)
Finished order 2
loss std: 0.09781699358739682
4
magnitude: 0.00038986033754673244
learning rate: 7.797206750934649e-5
  0.000118 seconds (651 allocations: 42.953 KiB)
  0.038694 seconds (472.61 k allocations: 54.476 MiB, 15.94% gc time)
0.0007800595927083265
0.0007800595927083265
0.46754078753828354
0.46754078753828354
0.0007797783590893781
0.0007797783590893781
0.0007797350320909446
0.0007797350320909446
0.0007797257736845697
0.0007797257736845697
0.000779722718420639
0.000779722718420639
0.0007797211688463923
0.0007797211688463923
382.213065 seconds (921.84 k allocations: 2.533 GiB, 0.27% gc time)
Finished order 1
loss std: 0.1764190742892514
magnitude: 0.00038986058442319615
learning rate: 7.797211688463923e-5
  0.002494 seconds (17.73 k allocations: 1.701 MiB)
  0.817147 seconds (12.01 M allocations: 1.159 GiB, 18.66% gc time)
0.0007807891188627014
0.0007807891188627014
0.31745136172421917
0.31745136172421917
0.0001205962900421298
0.0001205962900421298
1.0745918793464426e-5
1.0745918793464426e-5
3.5243884142222015e-6
3.5243884142222015e-6
4.996933833378847e-7
4.996933833378847e-7
2.8023057230264214e-7
2.8023057230264214e-7
7.764944598420698e-8
7.764944598420698e-8
3.6055149421621024e-8
3.6055149421621024e-8
2.234158302805156e-9
2.234158302805156e-9
586.354679 seconds (18.98 M allocations: 100.875 GiB, 1.46% gc time)
Finished order 2
loss std: 0.1003550245333551
4
magnitude: 0.000708520900332299
learning rate: 0.0001417041800664598
  0.000134 seconds (651 allocations: 42.953 KiB)
  0.044429 seconds (472.61 k allocations: 54.476 MiB, 13.11% gc time)
0.001418057434061204
0.001418057434061204
0.45522406789977576
0.45522406789977576
0.0014172267360988977
0.0014172267360988977
0.0014170933437964717
0.0014170933437964717
0.0014170607711357919
0.0014170607711357919
0.0014170511599829183
0.0014170511599829183
0.0014170438022783616
0.0014170438022783616
0.001417042434452176
0.001417042434452176
435.002401 seconds (1.05 M allocations: 2.892 GiB, 0.28% gc time)
Finished order 1
loss std: 0.16044494794757957
magnitude: 0.000708521217226088
learning rate: 0.00014170424344521758
  0.002757 seconds (17.73 k allocations: 1.701 MiB)
  0.847531 seconds (12.01 M allocations: 1.159 GiB, 17.71% gc time)
0.0014218458868220374
0.0014218458868220374
0.3109728760320052
0.3109728760320052
0.00022124875203499705
0.00022124875203499705
1.987369846279119e-5
1.987369846279119e-5
7.499910699926282e-6
7.499910699926282e-6
1.178954176173086e-6
1.178954176173086e-6
5.23276493691327e-7
5.23276493691327e-7
2.1403086847282538e-7
2.1403086847282538e-7
1.312275041964739e-7
1.312275041964739e-7
6.7255067071059216e-9
6.7255067071059216e-9
584.077740 seconds (18.98 M allocations: 100.875 GiB, 1.46% gc time)
Finished order 2
loss std: 0.09828048645320599
4
magnitude: 0.001289773979118336
learning rate: 0.0002579547958236672
  0.000081 seconds (651 allocations: 42.953 KiB)
  0.037500 seconds (472.61 k allocations: 54.476 MiB, 13.47% gc time)
0.002583765082149192
0.002583765082149192
0.4278877441115947
0.4278877441115949
0.0025800992816078505
0.0025800992816078505
0.0025797515824994566
0.0025797515824994566
0.0025796380084516235
0.0025796380084516235
0.0025796003684465107
0.0025796003684465107
0.0025795672565399608
0.0025795672565399608
0.0025795544948640226
0.0025795544948640226
0.0025795507845784993
0.0025795507845784993
0.0025795487488780022
0.0025795487488780022
540.010563 seconds (1.32 M allocations: 3.610 GiB, 0.33% gc time)
Finished order 1
loss std: 0.13449408000333626
magnitude: 0.0012897743744390011
learning rate: 0.00025795487488780024
  0.002563 seconds (17.73 k allocations: 1.701 MiB)
  0.817611 seconds (12.01 M allocations: 1.159 GiB, 18.69% gc time)
0.0025988269341997716
0.0025988269341997716
0.300070860030595
0.300070860030595
0.00040109803139909417
0.00040109803139909417
3.74281621139394e-5
3.74281621139394e-5
1.6254000427595727e-5
1.6254000427595727e-5
3.321060631389372e-6
3.321060631389372e-6
1.020549603381049e-6
1.020549603381049e-6
4.240115800691058e-7
4.240115800691058e-7
1.9994319389038395e-7
1.9994319389038395e-7
3.826648875548955e-8
3.826648875548955e-8
4.041519674480298e-9
4.041519674480298e-9
656.072728 seconds (20.88 M allocations: 110.996 GiB, 1.45% gc time)
Finished order 2
loss std: 0.0903858563877451
4
magnitude: 0.0023516196051470706
learning rate: 0.0004703239210294141
  0.000081 seconds (651 allocations: 42.953 KiB)
  0.036808 seconds (472.61 k allocations: 54.476 MiB, 15.34% gc time)
0.004714238708985463
0.004714238708985463
0.46052700788836254
0.4605270078883624
0.004704816558990688
0.004704816558990688
0.004703653367594263
0.004703653367594263
0.004703411196567253
0.004703411196567253
0.0047033222522500084
0.0047033222522500084
0.004703267169676839
0.004703267169676839
0.004703245868856287
0.004703245868856287
0.00470324094705421
0.00470324094705421
0.004703239706245865
0.004703239706245865
542.858944 seconds (1.32 M allocations: 3.615 GiB, 0.27% gc time)
Finished order 1
loss std: 0.1441436653936011
magnitude: 0.0023516198531229326
learning rate: 0.00047032397062458654
  0.002868 seconds (17.73 k allocations: 1.701 MiB)
  0.827511 seconds (12.01 M allocations: 1.159 GiB, 18.18% gc time)
0.004717046089739774
0.004717046089739774
0.2898502544739774
0.28985025447397716
0.0007320751987209828
0.0007320751987209828
7.445618346080263e-5
7.445618346080263e-5
4.4109900850797246e-5
4.4109900850797246e-5
1.00621198053652e-5
1.00621198053652e-5
3.6482352864242173e-6
3.6482352864242173e-6
9.203719480987971e-7
9.203719480987971e-7
1.5149075383025234e-7
1.5149075383025234e-7
2.2327446302927711e-7
2.2327446302927711e-7
5.490599919166783e-8
5.490599919166783e-8
6.33620744761032e-9
6.33620744761032e-9
717.896630 seconds (22.78 M allocations: 121.091 GiB, 1.40% gc time)
Finished order 2
loss std: 0.08353691374302845
4
magnitude: 0.004291864501286546
learning rate: 0.0008583729002573093
  0.000138 seconds (651 allocations: 42.953 KiB)
  0.047486 seconds (472.61 k allocations: 54.476 MiB, 14.67% gc time)
0.008632680363095613
0.008632680363095613
0.4616903879419362
0.4616903879419364
0.008591090635935328
0.008591090635935328
0.008585736829316626
0.008585736829316626
0.008584439973518099
0.008584439973518099
0.008584034203253488
0.008584034203253488
0.008583797059159903
0.008583797059159903
0.00858375090648611
0.00858375090648611
0.00858373878925367
0.00858373878925367
0.008583734074223304
0.008583734074223304
0.00858373041529048
0.00858373041529048
596.901729 seconds (1.45 M allocations: 3.978 GiB, 0.33% gc time)
Finished order 1
loss std: 0.13661500646252292
magnitude: 0.00429186520764524
learning rate: 0.000858373041529048
  0.002750 seconds (17.73 k allocations: 1.701 MiB)
  0.846261 seconds (12.01 M allocations: 1.159 GiB, 18.69% gc time)
0.008794417081129269
0.008794417081129269
0.26937614463875514
0.26937614463875514
0.0013484942267188993
0.0013484942267188993
0.0001711551308031245
0.0001711551308031245
7.005820312633304e-5
7.005820312633304e-5
2.1069314706245734e-5
2.1069314706245734e-5
6.894230568765813e-6
6.894230568765813e-6
1.6669039659689133e-6
1.6669039659689133e-6
9.042202846476499e-7
9.042202846476499e-7
1.1535946098373273e-7
1.1535946098373273e-7
4.610922998971034e-8
4.610922998971034e-8
5.131540969927073e-9
5.131540969927073e-9
719.649736 seconds (22.78 M allocations: 121.091 GiB, 1.42% gc time)
Finished order 2
loss std: 0.07752953685790581
4
magnitude: 0.007826422707747971
learning rate: 0.0015652845415495941
  0.000104 seconds (651 allocations: 42.953 KiB)
  0.038410 seconds (472.61 k allocations: 54.476 MiB, 19.46% gc time)
0.015782081024585004
0.015782081024585004
0.5011871221689861
0.5011871221689861
0.015680775891743548
0.015680775891743548
0.015657608362624753
0.015657608362624753
0.01565469110470885
0.01565469110470885
0.015653368590867633
0.015653368590867633
0.01565298067566956
0.01565298067566956
0.0156528966271412
0.0156528966271412
0.015652866369681995
0.015652866369681995
0.0156528571983241
0.0156528571983241
0.015652848025883515
0.015652848025883515
602.929608 seconds (1.45 M allocations: 3.996 GiB, 0.33% gc time)
Finished order 1
loss std: 0.14638913722204022
magnitude: 0.007826424012941757
learning rate: 0.0015652848025883514
  0.002727 seconds (17.73 k allocations: 1.701 MiB)
  0.806807 seconds (12.01 M allocations: 1.159 GiB, 18.70% gc time)
0.01655390570190618
0.01655390570190618
0.24467722995361663
0.24467722995361663
0.0024635961604869694
0.0024635961604869694
0.0003236073756214264
0.0003236073756214264
0.00011456840205503749
0.00011456840205503749
3.5496918359356755e-5
3.5496918359356755e-5
1.1842974279030472e-5
1.1842974279030472e-5
2.458304785402099e-6
2.458304785402099e-6
1.4672223095368864e-6
1.4672223095368864e-6
2.862117428614752e-7
2.862117428614752e-7
1.2438351271182313e-7
1.2438351271182313e-7
2.7149197112663614e-8
2.7149197112663614e-8
4.522861196676331e-9
4.522861196676331e-9
779.612245 seconds (24.68 M allocations: 131.185 GiB, 1.47% gc time)
Finished order 2
loss std: 0.06756381896795838
4
magnitude: 0.013490799818550614
learning rate: 0.002698159963710123
  0.000088 seconds (651 allocations: 42.953 KiB)
  0.034566 seconds (472.61 k allocations: 54.476 MiB, 17.34% gc time)
0.02735060418318258
0.02735060418318258
0.4778279750897455
0.4778279750897455
0.02706470517884263
0.02706470517884263
0.027007332006566243
0.027007332006566243
0.02699235032851799
0.02699235032851799
0.02698567175534161
0.02698567175534161
0.026982670116939778
0.026982670116939778
0.026982514855807938
0.026982514855807938
0.0269818878391328
0.0269818878391328
0.026981780219943685
0.026981780219943685
0.026981651441677856
0.026981651441677856
0.02698160515598358
0.02698160515598358
0.026981602194023457
0.026981602194023457
0.02698160024460372
0.02698160024460372
774.222928 seconds (1.84 M allocations: 5.103 GiB, 0.27% gc time)
Finished order 1
loss std: 0.12048362192904728
magnitude: 0.01349080012230186
learning rate: 0.002698160024460372
  0.002547 seconds (17.73 k allocations: 1.701 MiB)
  0.798099 seconds (12.01 M allocations: 1.159 GiB, 18.41% gc time)
0.03019933974175326
0.03019933974175326
0.22836147537008977
0.22836147537008955
0.004985313736102559
0.004985313736102559
0.0009066668942918632
0.0009066668942918632
0.00019378064826569563
0.00019378064826569563
8.064311397137924e-5
8.064311397137924e-5
2.3206166963052333e-5
2.3206166963052333e-5
4.37177105550024e-6
4.37177105550024e-6
1.643997397438035e-6
1.643997397438035e-6
3.4622166955600164e-7
3.4622166955600164e-7
1.335239451227821e-7
1.335239451227821e-7
4.15259679975577e-8
4.15259679975577e-8
1.5881239989745666e-8
1.5881239989745666e-8
5.94332849601642e-9
5.94332849601642e-9
859.245394 seconds (26.57 M allocations: 141.323 GiB, 1.39% gc time)
Finished order 2
loss std: 0.06081485635227415
4
magnitude: 0.014200591677448249
learning rate: 0.00284011833548965
  0.000104 seconds (651 allocations: 42.953 KiB)
  0.041566 seconds (472.61 k allocations: 54.476 MiB, 21.60% gc time)
0.028837923899318163
0.028837923899318163
0.42553566689683653
0.42553566689683653
0.028468235180300727
0.028468235180300727
0.028425487695580176
0.028425487695580176
0.028411415233928206
0.028411415233928206
0.028407040934940286
0.028407040934940286
0.0284020832152051
0.0284020832152051
0.028401424072712844
0.028401424072712844
0.028401308912384904
0.028401308912384904
0.028401243225025574
0.028401243225025574
0.028401217657702982
0.028401217657702982
0.028401193756240617
0.028401193756240617
0.028401190074103577
0.028401190074103577
0.028401184279524427
0.028401184279524427
778.649831 seconds (1.84 M allocations: 5.103 GiB, 0.34% gc time)
Finished order 1
loss std: 0.10612750198162116
magnitude: 0.014200592139762214
learning rate: 0.0028401184279524426
  0.002613 seconds (17.73 k allocations: 1.701 MiB)
  0.843158 seconds (12.01 M allocations: 1.159 GiB, 18.62% gc time)
0.030282036057558748
0.030282036057558748
0.24394252279896278
0.24394252279896267
0.005698162201724366
0.005698162201724366
0.001140363643128528
0.001140363643128528
0.00019442261646673842
0.00019442261646673842
9.153825012953032e-5
9.153825012953032e-5
1.6468257998614177e-5
1.6468257998614177e-5
4.873075355238399e-6
4.873075355238399e-6
1.9187022748390348e-6
1.9187022748390348e-6
5.505402144168059e-7
5.505402144168059e-7
1.8360395614980263e-7
1.8360395614980263e-7
6.337171398751451e-8
6.337171398751451e-8
4.833815070437453e-8
4.833815070437453e-8
8.707496945703497e-9
8.707496945703497e-9
859.562794 seconds (26.57 M allocations: 141.323 GiB, 1.44% gc time)
Finished order 2
loss std: 0.06492819170041493
4
magnitude: 0.01853854026598284
learning rate: 0.003707708053196568
  0.000085 seconds (651 allocations: 42.953 KiB)
  0.040793 seconds (472.61 k allocations: 54.476 MiB, 12.55% gc time)
0.03813241080730656
0.03813241080730656
0.5672573298850139
0.5672573298850139
0.03730658713100843
0.03730658713100843
0.037134392552569895
0.037134392552569895
0.03709741040361414
0.03709741040361414
0.0370824508622104
0.0370824508622104
0.0370790009793307
0.0370790009793307
0.03707759680652012
0.03707759680652012
0.03707737489647711
0.03707737489647711
0.03707720442445894
0.03707720442445894
0.0370772028233427
0.0370772028233427
0.03707715157768088
0.03707715157768088
0.03707711498579358
0.03707711498579358
0.037077095067678645
0.037077095067678645
0.03707708487156358
0.03707708487156358
0.037077080981959054
0.037077080981959054
888.099509 seconds (2.11 M allocations: 5.830 GiB, 0.33% gc time)
Finished order 1
loss std: 0.1325224759566372
magnitude: 0.018538540490979527
learning rate: 0.0037077080981959055
  0.002706 seconds (17.73 k allocations: 1.701 MiB)
  0.827635 seconds (12.01 M allocations: 1.159 GiB, 18.75% gc time)
0.042281202485558445
0.042281202485558445
0.20396481625802543
0.20396481625802543
0.006525147457723812
0.006525147457723812
0.0007072624855589682
0.0007072624855589682
0.0002334749786173651
0.0002334749786173651
6.762328813281204e-5
6.762328813281204e-5
1.964948456312232e-5
1.964948456312232e-5
5.306820165085213e-6
5.306820165085213e-6
5.08992123704477e-6
5.08992123704477e-6
2.736999418107011e-6
2.736999418107011e-6
1.2301048579743679e-6
1.2301048579743679e-6
2.588538343673008e-7
2.588538343673008e-7
5.706426697837941e-8
5.706426697837941e-8
3.960149741466523e-8
3.960149741466523e-8
9.567097114526746e-9
9.567097114526746e-9
925.215092 seconds (28.47 M allocations: 151.422 GiB, 1.46% gc time)
Finished order 2
loss std: 0.05287297249503898
4
magnitude: 0.02427845753133251
learning rate: 0.0048556915062665015
  0.000087 seconds (651 allocations: 42.953 KiB)
  0.040404 seconds (472.61 k allocations: 54.476 MiB, 15.77% gc time)
0.05014238201784582
0.05014238201784582
0.4779876994993245
0.4779876994993245
0.04881472701537415
0.04881472701537415
0.048615854210983245
0.048615854210983245
0.0485749258232584
0.0485749258232584
0.04856524862699663
0.04856524862699663
0.04855844780089935
0.04855844780089935
0.048557155073677194
0.048557155073677194
0.048557047718515434
0.048557047718515434
0.04855695488897804
0.04855695488897804
0.04855694215702888
0.04855694215702888
0.048556923903725124
0.048556923903725124
0.048556929886020006
0.048556929886020006
0.04855692091419883
0.04855692091419883
0.04855691732389067
0.04855691732389067
0.04855691566962672
0.04855691566962672
886.837883 seconds (2.11 M allocations: 5.830 GiB, 0.29% gc time)
Finished order 1
loss std: 0.1073262453736121
magnitude: 0.02427845783481336
learning rate: 0.004855691566962672
  0.002815 seconds (17.73 k allocations: 1.701 MiB)
  0.823224 seconds (12.01 M allocations: 1.159 GiB, 18.50% gc time)
0.05472078807925218
0.05472078807925218
0.19002401687313342
0.19002401687313342
0.008813778818213436
0.008813778818213436
0.0013136302994976035
0.0013136302994976035
0.0002822298244754551
0.0002822298244754551
0.00011160662412235123
0.00011160662412235123
2.9501108073759497e-5
2.9501108073759497e-5
7.607566569256541e-6
7.607566569256541e-6
4.175247105053792e-6
4.175247105053792e-6
1.2619898034360588e-6
1.2619898034360588e-6
5.329783124841114e-7
5.329783124841114e-7
1.558027270531781e-7
1.558027270531781e-7
2.532626519613501e-8
2.532626519613501e-8
2.949233424143216e-8
2.949233424143216e-8
1.1536115729349206e-8
1.1536115729349206e-8
4.36096214695425e-9
4.36096214695425e-9
986.426344 seconds (30.37 M allocations: 161.521 GiB, 1.43% gc time)
Finished order 2
loss std: 0.04837979179642643
4
magnitude: 0.025423125176288086
learning rate: 0.005084625035257617
  0.000120 seconds (651 allocations: 42.953 KiB)
  0.040808 seconds (472.61 k allocations: 54.476 MiB, 20.95% gc time)
0.05264609052632008
0.05264609052632008
0.622748794932904
0.622748794932904
0.05129837150054484
0.05129837150054484
0.05098198021399114
0.05098198021399114
0.05087322520161763
0.05087322520161763
0.050856621351396125
0.050856621351396125
0.0508488086777491
0.0508488086777491
0.05084689748564841
0.05084689748564841
0.05084649614837167
0.05084649614837167
0.05084635755519651
0.05084635755519651
0.0508462982154283
0.0508462982154283
0.05084627179980872
0.05084627179980872
0.050846258019554
0.050846258019554
0.05084625330819692
0.05084625330819692
0.050846251447736024
0.050846251447736024
830.261570 seconds (1.98 M allocations: 5.467 GiB, 0.32% gc time)
Finished order 1
loss std: 0.1476205464225868
magnitude: 0.025423125723868012
learning rate: 0.0050846251447736026
  0.002492 seconds (17.73 k allocations: 1.701 MiB)
  0.802167 seconds (12.01 M allocations: 1.159 GiB, 18.71% gc time)
0.06077698647990282
0.06077698647990282
0.18226472086230572
0.18226472086230572
0.00997413840501471
0.00997413840501471
0.0012548509694613186
0.0012548509694613186
0.00033596246533007523
0.00033596246533007523
0.00012852712199828975
0.00012852712199828975
3.705895478567367e-5
3.705895478567367e-5
1.374174980117715e-5
1.374174980117715e-5
6.51498219816915e-6
6.51498219816915e-6
2.439976126589194e-6
2.439976126589194e-6
9.20464253373332e-7
9.20464253373332e-7
3.0833472552949104e-7
3.0833472552949104e-7
4.627168193049869e-8
4.627168193049869e-8
3.5031473943902824e-8
3.5031473943902824e-8
3.81877818256271e-9
3.81877818256271e-9
924.964553 seconds (28.47 M allocations: 151.426 GiB, 1.50% gc time)
Finished order 2
loss std: 0.04831990434178163
4
magnitude: 0.03063162338845854
learning rate: 0.006126324677691708
  0.000082 seconds (651 allocations: 42.953 KiB)
  0.036970 seconds (472.61 k allocations: 54.476 MiB, 14.90% gc time)
0.06338209888816426
0.06338209888816426
0.5310201683933653
0.5310201683933653
0.06167863305198773
0.06167863305198773
0.061335941724059206
0.061335941724059206
0.061292257226284286
0.061292257226284286
0.06126964628029041
0.06126964628029041
0.06126555339878437
0.06126555339878437
0.06126351810323738
0.06126351810323738
0.061263380411605284
0.061263380411605284
0.06126330207802744
0.06126330207802744
0.061263277403011074
0.061263277403011074
0.06126325781589026
0.06126325781589026
0.06126325422686274
0.06126325422686274
0.06126325041410974
0.06126325041410974
0.06126324742514111
0.06126324742514111
831.255045 seconds (1.98 M allocations: 5.471 GiB, 0.30% gc time)
Finished order 1
loss std: 0.1212431593514163
magnitude: 0.030631623712570555
learning rate: 0.006126324742514111
  0.002757 seconds (17.73 k allocations: 1.701 MiB)
  0.838890 seconds (12.01 M allocations: 1.159 GiB, 19.00% gc time)
0.07670725966887171
0.07670725966887171
0.15984003452422324
0.15984003452422324
0.011487325493014677
0.011487325493014677
0.0011367163091809962
0.0011367163091809962
0.00045330376001773143
0.00045330376001773143
0.0001374643892437799
0.0001374643892437799
5.661057706207728e-5
5.661057706207728e-5
1.5516140901117303e-5
1.5516140901117303e-5
4.480826824138084e-6
4.480826824138084e-6
2.541939586486741e-6
2.541939586486741e-6
6.875286753249554e-7
6.875286753249554e-7
4.2947046019481405e-7
4.2947046019481405e-7
1.5017911170200904e-7
1.5017911170200904e-7
5.9153132392353314e-8
5.9153132392353314e-8
1.419654416245919e-8
1.419654416245919e-8
6.219394332873662e-9
6.219394332873662e-9
986.538958 seconds (30.37 M allocations: 161.521 GiB, 1.43% gc time)
Finished order 2
loss std: 0.042945691391863605
4
magnitude: 0.037509099548942326
learning rate: 0.007501819909788465
  0.000120 seconds (651 allocations: 42.953 KiB)
  0.039400 seconds (472.61 k allocations: 54.476 MiB, 14.56% gc time)
0.07810178526996048
0.07810178526996048
0.4470235394284434
0.4470235394284434
0.07538345567348825
0.07538345567348825
0.07514319425907723
0.07514319425907723
0.07505724377107315
0.07505724377107315
0.07503961490953925
0.07503961490953925
0.07502435191802648
0.07502435191802648
0.07501943848292725
0.07501943848292725
0.0750192224038414
0.0750192224038414
0.07501853271582615
0.07501853271582615
0.07501842616491416
0.07501842616491416
0.07501825568181575
0.07501825568181575
0.07501822187072205
0.07501822187072205
0.07501820966793782
0.07501820966793782
0.07501820256521075
0.07501820256521075
0.07501820135161152
0.07501820135161152
886.548460 seconds (2.11 M allocations: 5.835 GiB, 0.32% gc time)
Finished order 1
loss std: 0.09294375922694599
magnitude: 0.03750910067580576
learning rate: 0.007501820135161152
  0.002832 seconds (17.73 k allocations: 1.701 MiB)
  0.845591 seconds (12.01 M allocations: 1.159 GiB, 18.62% gc time)
0.09159579596123435
0.09159579596123435
0.16809405155501655
0.16809405155501655
0.017745447731281727
0.017745447731281727
0.0036956859616903426
0.0036956859616905646
0.0006263623655604622
0.0006263623655604622
0.0002939052166847089
0.0002939052166847089
5.769844432224058e-5
5.769844432224058e-5
2.3813277042150638e-5
2.3813277042150638e-5
6.769432720710178e-6
6.769432720710178e-6
3.1131620826796436e-6
3.113162082901688e-6
7.502258717595467e-7
7.502258717595467e-7
7.548713166771748e-7
7.548713166771748e-7
3.2535102034714214e-7
3.2535102034714214e-7
1.7785828554384153e-7
1.7785828554384153e-7
4.519232321698041e-8
4.519232321698041e-8
4.150020738169502e-8
4.150020738169502e-8
2.245278096779657e-8
2.245278096779657e-8
8.59080739878948e-9
8.59080739878948e-9
2.6875901504297417e-9
2.6875901504297417e-9
1225.344495 seconds (36.07 M allocations: 191.897 GiB, 1.42% gc time)
Finished order 2
loss std: 0.042677517795871554
4
magnitude: 0.04424743960580413
learning rate: 0.008849487921160826
  0.000084 seconds (651 allocations: 42.953 KiB)
  0.036421 seconds (472.61 k allocations: 54.476 MiB, 13.88% gc time)
0.09302837957562471
0.09302837957562471
0.5168032359829295
0.5168032359829295
0.089413355918738
0.089413355918738
0.08876258841143081
0.08876258841143081
0.08861292169450208
0.08861292169450208
0.0885253591187144
0.0885253591187144
0.08850588878803545
0.08850588878803545
0.08849967941819425
0.08849967941819425
0.08849668244924369
0.08849668244924369
0.08849595124007259
0.08849595124007259
0.08849550023360708
0.08849550023360708
0.0884950136506194
0.0884950136506194
0.08849502602560433
0.08849502602560433
0.08849494039073857
0.08849494039073857
0.08849489373998087
0.08849489373998087
0.08849488311641607
0.08849488311641607
0.0884948806171908
0.0884948806171908
0.08849488013040763
0.08849488013040763
995.666826 seconds (2.37 M allocations: 6.562 GiB, 0.28% gc time)
Finished order 1
loss std: 0.10087728250963135
magnitude: 0.044247440065203814
learning rate: 0.008849488013040762
  0.003083 seconds (17.73 k allocations: 1.701 MiB)
  0.862814 seconds (12.01 M allocations: 1.159 GiB, 18.71% gc time)
0.10441660060024405
0.10441660060024405
0.1385549802122753
0.13855498021227552
0.016732251507804774
0.016732251507804552
0.003375513938920327
0.003375513938920327
0.0007712601059015611
0.0007712601059013391
0.000390210074822428
0.000390210074822428
0.0001181637500333732
0.0001181637500333732
3.5176014615445617e-5
3.5176014615445617e-5
1.5087392748025508e-5
1.5087392748025508e-5
3.254999586310703e-6
3.254999586310703e-6
1.6488642659018282e-6
1.6488642659018282e-6
5.175911292898405e-7
5.175911288457513e-7
4.3256664838953185e-7
4.3256664838953185e-7
7.569257065576096e-8
7.569257065576096e-8
4.08481659608384e-8
4.08481659608384e-8
1.3300389789527856e-8
1.3300389789527856e-8
1.436615448824341e-8
1.436615448824341e-8
7.415262737175965e-9
7.41526295922057e-9
2.5621643695572516e-9
2.5621643695572516e-9
1225.861662 seconds (36.07 M allocations: 191.903 GiB, 1.44% gc time)
Finished order 2
loss std: 0.038523207056141644
4
magnitude: 0.04481643414533959
learning rate: 0.008963286829067918
  0.000081 seconds (651 allocations: 42.953 KiB)
  0.034599 seconds (472.61 k allocations: 54.476 MiB, 15.35% gc time)
0.09499425039410758
0.09499425039410758
0.4730861137601776
0.4730861137601776
0.09037729185439303
0.09037729185439303
0.08984778956454553
0.08984778956454553
0.08970003856243813
0.08970003856243813
0.08966634524075234
0.08966634524075234
0.0896444900673874
0.0896444900673874
0.08963616500927052
0.08963616500927052
0.08963496681516092
0.08963496681516092
0.08963385441100558
0.08963385441100558
0.08963338333188109
0.08963338333188109
0.08963307606249682
0.08963307606249682
0.08963297687455851
0.08963297687455851
0.08963291037106624
0.08963291037106624
0.08963289143858322
0.08963289143858322
0.08963287632114758
0.08963287632114758
0.08963286942197424
0.08963286942197424
0.08963287069388703
0.08963287069388703
0.08963286886363486
0.08963286886363486
1050.138820 seconds (2.50 M allocations: 6.925 GiB, 0.31% gc time)
Finished order 1
loss std: 0.08789667200028883
magnitude: 0.04481643443181743
learning rate: 0.008963286886363487
  0.002481 seconds (17.73 k allocations: 1.701 MiB)
  0.815566 seconds (12.01 M allocations: 1.159 GiB, 19.19% gc time)
0.1245406681437835
0.1245406681437835
0.1442748314230341
0.14427483142303388
0.0228428808804213
0.0228428808804213
0.004019671096080035
0.004019671096080035
0.0008347065851526114
0.0008347065851526114
0.0003831270295111544
0.00038312702951137645
0.0001202860101463532
0.0001202860101463532
3.274812009479433e-5
3.274812009479433e-5
1.4738252609669544e-5
1.4738252609669544e-5
3.829672532651429e-6
3.829672532651429e-6
1.8505757100051312e-6
1.8505757100051312e-6
6.478126279851892e-7
6.478126279851892e-7
5.926414551327142e-7
5.926414553547588e-7
3.2859765397574847e-7
3.285976541977931e-7
1.2299394569481592e-7
1.2299394569481592e-7
4.6691260968678705e-8
4.6691260968678705e-8
2.4863590408763514e-8
2.4863590408763514e-8
9.301539205530673e-9
9.301539205530673e-9
1161.085070 seconds (34.17 M allocations: 181.803 GiB, 1.39% gc time)
Finished order 2
loss std: 0.043360033326661905
4
magnitude: 0.0524579703943992
learning rate: 0.01049159407887984
  0.000105 seconds (651 allocations: 42.953 KiB)
  0.045918 seconds (472.61 k allocations: 54.476 MiB, 14.56% gc time)
0.11047088823812579
0.11047088823812579
0.5087892807219082
0.5087892807219082
0.1061346963602191
0.1061346963602191
0.10511316210952071
0.10511316210952071
0.10498040684336685
0.10498040684336685
0.10493598379681157
0.10493598379681157
0.10492628934376058
0.10492628934376058
0.10492210471743868
0.10492210471743868
0.10491977166974753
0.10491977166974753
0.10491811661990857
0.10491811661990857
0.10491675428511993
0.10491675428511993
0.10491631090928655
0.10491631090928655
0.10491615512652497
0.10491615512652497
0.10491601409412343
0.10491601409412343
0.10491599023671527
0.10491599023671527
0.10491595855348734
0.10491595855348734
0.10491599928352202
0.10491599928352202
0.10491595166023593
0.10491595166023593
0.10491594610028121
0.10491594610028121
0.10491594336299126
0.10491594336299126
0.10491594152999839
0.10491594152999839
1163.187378 seconds (2.77 M allocations: 7.652 GiB, 0.34% gc time)
Finished order 1
loss std: 0.09029129127780658
magnitude: 0.052457970764999196
learning rate: 0.010491594152999838
  0.002826 seconds (17.73 k allocations: 1.701 MiB)
  0.848766 seconds (12.01 M allocations: 1.159 GiB, 18.82% gc time)
0.13709642611527395
0.13709642611527417
0.12018446549290152
0.12018446549290152
0.02335720643189798
0.02335720643189798
0.004409663147143417
0.004409663147143195
0.0011544461976699116
0.0011544461976699116
0.0005926923721432109
0.0005926923721432109
0.00021795380555666988
0.00021795380555644783
6.874412018242904e-5
6.874412018220699e-5
2.5193473493945184e-5
2.519347349372314e-5
7.917991767358856e-6
7.917991767358856e-6
3.5778671276798235e-6
3.577867127457779e-6
2.0084940092202075e-6
2.008494009442252e-6
5.827001092750805e-7
5.827001092750805e-7
9.030080371230653e-7
9.030080371230653e-7
2.653314313816324e-7
2.653314313816324e-7
1.0592475807591484e-7
1.0592475807591484e-7
4.27819027981613e-8
4.278190257611669e-8
1.8739136575796067e-8
1.8739136575796067e-8
6.569901622732743e-9
6.569901844777348e-9
1225.703629 seconds (36.07 M allocations: 191.909 GiB, 1.45% gc time)
Finished order 2
loss std: 0.04046093681018317
4
magnitude: 0.06034062582859545
learning rate: 0.01206812516571909
  0.000099 seconds (651 allocations: 42.953 KiB)
  0.037830 seconds (472.61 k allocations: 54.476 MiB, 16.77% gc time)
0.12865131763908155
0.12865131763908155
0.5233991905862952
0.5233991905862954
0.12198566443787007
0.12198566443787007
0.12106796144403198
0.12106796144403198
0.12084660058945795
0.12084660058945795
0.12077127903470442
0.12077127903470442
0.12070838351030588
0.12070838351030588
0.1206909927653953
0.1206909927653953
0.12068757641979433
0.12068757641979433
0.12068379163447973
0.12068379163447973
0.1206828957433328
0.1206828957433328
0.12068184529131087
0.12068184529131087
0.12068141816069777
0.12068141816069777
0.12068130670721855
0.12068130670721855
0.1206812996012917
0.1206812996012917
0.12068126582426486
0.12068126582426486
0.12068126387517486
0.12068126387517486
942.958385 seconds (2.24 M allocations: 6.203 GiB, 0.30% gc time)
Finished order 1
loss std: 0.0975413644757622
magnitude: 0.06034063193758743
learning rate: 0.012068126387517485
  0.002866 seconds (17.73 k allocations: 1.701 MiB)
  0.867849 seconds (12.01 M allocations: 1.159 GiB, 19.04% gc time)
0.1677756650554758
0.1677756650554758
0.11416086725774244
0.11416086725774244
0.004631464378689443
0.004631464378689443
0.0016118658412844766
0.0016118658412844766
0.0007799798164035421
0.0007799798164035421
0.00024043354621017254
0.00024043354621017254
9.428660100974096e-5
9.428660100974096e-5
3.4620920646877273e-5
3.4620920646877273e-5
1.638270208614845e-5
1.638270208614845e-5
5.208765818442984e-6
5.2087658182209395e-6
2.1071701687969124e-6
2.1071701687969124e-6
8.185156298301521e-7
8.185156298301521e-7
2.7997011697866725e-7
2.7997011697866725e-7
1.4776250278902836e-7
1.4776250278902836e-7
4.960285482358273e-8
4.960285482358273e-8
1.354010736864808e-8
1.354010736864808e-8
1.0954128049078804e-8
1.0954128271123409e-8
2.5102698808510127e-9
2.5102698808510127e-9
1162.315014 seconds (34.17 M allocations: 181.808 GiB, 1.42% gc time)
Finished order 2
loss std: 0.046371052138202085
4
magnitude: 0.06837692328327788
learning rate: 0.013675384656655576
  0.000133 seconds (651 allocations: 42.953 KiB)
  0.047924 seconds (472.61 k allocations: 54.476 MiB, 14.90% gc time)
0.14534438164222796
0.14534438164222796
0.47591925008768743
0.47591925008768743
0.13823515652781682
0.13823515652781682
0.13718880282000723
0.13718880282000723
0.13691142020226876
0.13691142020226876
0.136839540161377
0.136839540161377
0.1367869750301557
0.1367869750301557
0.13675985055687923
0.13675985055687923
0.13676114162692354
0.13676114162692354
0.136755707964611
0.136755707964611
0.13675466871840136
0.13675466871840136
0.136753991769338
0.136753991769338
0.13675370910823204
0.13675370910823204
0.1367535620296666
0.1367535620296666
0.13675350319613966
0.13675350319613966
0.13675346073351147
0.13675346073351147
0.1367534271013624
0.1367534271013624
0.13675340840557382
0.13675340840557382
0.13675340084978727
0.13675340084978727
0.1367533927154192
0.1367533927154192
0.13675338791553837
0.13675338791553837
0.13675337797313625
0.13675337797313625
0.13675335457178595
0.13675335457178595
0.13675328403039388
0.13675328403039388
0.13675305205529664
0.13675305205529664
0.13675177186503462
0.13675177186503462
0.1367484499179087
0.1367484499179087
0.13687075290788275
0.13687075290788298
0.1367456319621979
0.1367456319621979
0.13676086936785614
0.13676086936785614
0.1367392737270242
0.1367392737270242
0.13672121647383018
0.13672121647383018
0.1366392821258241
0.1366392821258241
0.13658782807258052
0.13658782807258052
0.13653395819947423
0.13653395819947423
0.13598467133749914
0.13598467133749914
0.1355953182813261
0.13559531828132587
0.13541954546263468
0.13541954546263468
0.13525087228070254
0.13525087228070254
0.13522944694449224
0.13522944694449202
0.1351898996827149
0.1351898996827149
0.13520510729887725
0.13520510729887725
0.13518308849169525
0.13518308849169525
0.1351786187718792
0.1351786187718792
0.13517559394009782
0.13517559394009826
0.13517311164870072
0.13517311164870072
0.13516963753737432
0.13516963753737432
0.13517078968152252
0.13517078968152252
0.13516856016698253
0.13516856016698253
0.1351675904807459
0.135167590480746
0.135167264846066
0.1351672648460659
0.13516712787937157
0.13516712787937146
0.13516711889080757
0.1351671188908078
0.13516707456930332
0.13516707456930332
0.13516707221586755
0.13516707221586777
0.13516707061150857
0.13516707061150868
3324.468386 seconds (7.38 M allocations: 20.794 GiB, 0.33% gc time)
Finished order 1
loss std: 0.00010674718121064728
magnitude: 0.06758353530575428
learning rate: 0.013516707061150856
  0.002559 seconds (17.73 k allocations: 1.701 MiB)
  0.829468 seconds (12.01 M allocations: 1.159 GiB, 19.26% gc time)
0.19401676823436398
0.19401676823436398
0.10154393821028884
0.10154393821028884
0.0070875989457025446
0.007087598945702878
0.0030682061258284765
0.0030682061258286986
0.001431422589863507
0.001431422589863507
0.0005154167819428901
0.0005154167819431121
0.0001688106448916038
0.00016881064489171482
4.7121365403524074e-5
4.7121365403524074e-5
2.1627972185078725e-5
2.162797218485668e-5
9.44990763029896e-6
9.449907630187937e-6
5.2377502631761885e-6
5.237750263398233e-6
1.35764110142933e-6
1.3576411015403522e-6
7.857058895721636e-7
7.857058895721636e-7
2.982008163732175e-7
2.982008161511729e-7
1.8941672241812313e-7
1.8941672264016773e-7
2.887220384995004e-8
2.887220384995004e-8
1.8308243365794397e-8
1.8308243365794397e-8
1128.439104 seconds (32.27 M allocations: 171.708 GiB, 1.41% gc time)
Finished order 2
loss std: 0.05150145459258899
4
magnitude: 0.07324311524724175
learning rate: 0.014648623049448351
  0.000081 seconds (651 allocations: 42.953 KiB)
  0.035583 seconds (472.61 k allocations: 54.476 MiB, 15.36% gc time)
0.15773996485478659
0.15773996485478659
0.44059086815057147
0.44059086815057147
0.14786985919547468
0.14786985919547468
0.1471263130706445
0.1471263130706445
0.14670971691840762
0.14670971691840762
0.14662960175419015
0.14662960175419015
0.14654503153961862
0.14654503153961862
0.14649659127230963
0.14649659127230963
0.14649187059491142
0.14649187059491142
0.14648618523820756
0.14648618523820756
0.14648550849622488
0.14648550849622488
0.14648494899658204
0.14648494899658204
0.14648445875619454
0.14648445875619454
0.14648383973465762
0.14648383973465762
0.14648314337262391
0.14648314337262391
0.14648011490261925
0.14648011490261925
0.14646325759338585
0.14646325759338585
0.1464153144172865
0.1464153144172865
0.14865765037327516
0.14865765037327494
0.1463963195160901
0.1463963195160901
0.14626666938974286
0.14626666938974286
0.1457925637044698
0.14579256370446958
0.17021653751681154
0.17021653751681143
0.14464616434238586
0.14464616434238564
0.1420919256159815
0.1420919256159815
0.13890381972783994
0.13890381972783972
0.13514790504623098
0.13514790504623053
0.13225348599743647
0.1322534859974367
0.13090694842738781
0.13090694842738781
0.1301035578004719
0.1301035578004719
0.12966684275803275
0.12966684275803275
0.1293319686348111
0.1293319686348111
0.12921413044059094
0.12921413044059105
0.1290010365377292
0.1290010365377291
0.1289679704235812
0.12896797042358132
0.12893612966319723
0.12893612966319723
0.12893188235142528
0.12893188235142528
0.12893040046056536
0.12893040046056536
0.12892974999981188
0.12892974999981188
0.1289292977148805
0.1289292977148807
0.12892903244976317
0.12892903244976317
0.12892889070337765
0.12892889070337765
0.1289287541741213
0.1289287541741213
0.1289286352028255
0.1289286352028255
0.12892857898397203
0.12892857898397214
0.1289285226182748
0.12892852261827503
0.12892851313725573
0.12892851313725573
0.12892850799423927
0.12892850799423927
0.12892850493894692
0.12892850493894692
0.12892850495230923
0.12892850495230967
0.1289285045284203
0.1289285045284203
3090.513528 seconds (6.72 M allocations: 19.045 GiB, 0.31% gc time)
Finished order 1
loss std: 0.00010707855628399925
magnitude: 0.06446425226421015
learning rate: 0.01289285045284203
  0.002992 seconds (17.73 k allocations: 1.701 MiB)
  0.868467 seconds (12.01 M allocations: 1.159 GiB, 18.96% gc time)
0.16514992857336042
0.16514992857336042
0.11429662369055715
0.11429662369055715
0.009530666088205964
0.009530666088205964
0.004291779560298248
0.004291779560298248
0.0022920320486234935
0.0022920320486232715
0.0006200182582130065
0.0006200182582127844
0.00023075296402919054
0.00023075296402919054
3.321341185480442e-5
3.321341185513749e-5
1.715672376156885e-5
1.715672376156885e-5
7.6968658082599e-6
7.6968658082599e-6
2.693973784828607e-6
2.693973784828607e-6
2.692127874626138e-6
2.692127874626138e-6
1.2149294055241455e-6
1.214929405302101e-6
5.992563233414572e-7
5.992563237855464e-7
2.0096597208585365e-7
2.0096597208585365e-7
6.45734699045164e-8
6.45734699045164e-8
1.978781805078711e-8
1.978781805078711e-8
8.846062660161635e-9
8.846062660161635e-9
1192.838327 seconds (34.17 M allocations: 181.808 GiB, 1.36% gc time)
Finished order 2
loss std: 0.04574217674932581
4
magnitude: 0.07648718124865023
learning rate: 0.015297436249730045
  0.000099 seconds (651 allocations: 42.953 KiB)
  0.043624 seconds (472.61 k allocations: 54.476 MiB, 16.73% gc time)
0.1629338639207999
0.1629338639207999
0.5135730328385197
0.51357303283852
0.15531473405920881
0.15531473405920881
0.1535821644793911
0.1535821644793911
0.1532657385256898
0.1532657385256898
0.15306435654680361
0.15306435654680361
0.15299941584192123
0.15299941584192123
0.1529862929627297
0.1529862929627297
0.15297860401232755
0.15297860401232755
0.1529765280891272
0.1529765280891272
0.15297497281291605
0.15297497281291605
0.15297424087792721
0.15297424087792721
0.1529739786281903
0.1529739786281903
0.1529738043550729
0.1529738043550729
0.1529735647648185
0.1529735647648185
0.1529728314365273
0.1529728314365273
0.15296937601617555
0.15296937601617555
0.15398243111007448
0.15398243111007448
0.1529338714442603
0.1529338714442603
0.7741670354272345
0.7741670354272345
0.1529321312343852
0.1529321312343852
0.15292210430351405
0.15292210430351405
0.15291166248080068
0.15291166248080068
0.15286836983912766
0.15286836983912766
0.15272363704448144
0.15272363704448144
0.16583411627470146
0.16583411627470146
0.15259522841984308
0.15259522841984308
0.15198207198000302
0.1519820719800029
0.15066169570485644
0.15066169570485644
0.1443425829712992
0.1443425829712992
0.14153846591203156
0.14153846591203156
0.14627751370978848
0.1462775137097887
0.13855486964263453
0.13855486964263475
0.16547178368479343
0.1654717836847932
0.13298072473394862
0.1329807247339485
0.12994557510961535
0.12994557510961524
0.12893212081778094
0.12893212081778094
0.12688504054437322
0.12688504054437322
0.12605665427938995
0.12605665427939017
0.12553741667781726
0.12553741667781726
0.1252655864084503
0.1252655864084503
0.12513205326851096
0.12513205326851073
0.12506103017459014
0.12506103017459014
0.12505608669307589
0.12505608669307589
0.12503477700957677
0.125034777009577
0.1250293492451542
0.1250293492451542
0.1250283225931047
0.12502832259310448
0.12502743355051094
0.12502743355051094
0.12502752861195288
0.12502752861195288
0.12502735307808865
0.12502735307808843
0.12502729942330748
0.1250272994233077
0.12502725649016422
0.12502725649016422
0.1250272208996892
0.12502722089968887
0.12502719155136688
0.1250271915513671
0.1250271740767599
0.12502717407676
0.1250271811393756
0.1250271811393754
0.1250271701468657
0.1250271701468657
0.12502716870478292
0.12502716870478292
3518.820316 seconds (7.64 M allocations: 21.669 GiB, 0.32% gc time)
Finished order 1
loss std: 0.00025114681265547123
magnitude: 0.06251358435239146
learning rate: 0.012502716870478292
  0.002861 seconds (17.73 k allocations: 1.701 MiB)
  1.340022 seconds (12.01 M allocations: 1.159 GiB, 45.34% gc time)
0.16290530149049975
0.1629053014905002
0.11243197986775832
0.11243197986775821
0.008276205713099505
0.008276205713099283
0.0036872144821570307
0.0036872144821570307
0.0019802139674269803
0.0019802139674272023
0.00058511266675354
0.0005851126667530959
0.00026634636512223864
0.0002663463651220166
4.3408643404907465e-5
4.3408643404907465e-5
2.2965325075730014e-5
2.2965325075730014e-5
1.1668151694843587e-5
1.1668151694843587e-5
4.134738219474521e-6
4.134738219474521e-6
2.7036490614085196e-6
2.703649061630564e-6
6.670507037842555e-7
6.670507040063001e-7
3.002303232690906e-7
3.002303234911352e-7
7.756731834618336e-8
7.756731834618336e-8
1.8283233360616435e-7
1.8283233360616435e-7
4.208581183551274e-8
4.208581161346814e-8
2.184916514380575e-8
2.184916514380575e-8
9.052500526962604e-9
9.052500193895696e-9
1258.297393 seconds (36.07 M allocations: 191.909 GiB, 1.34% gc time)
Finished order 2
loss std: 0.04399022972021365
4
magnitude: 0.08460087884848078
learning rate: 0.016920175769696157
  0.000116 seconds (651 allocations: 42.953 KiB)
  0.041088 seconds (472.61 k allocations: 54.476 MiB, 21.87% gc time)
0.18199299797704893
0.18199299797704893
0.4663433390943088
0.4663433390943088
0.1709170927149818
0.1709170927149818
0.16991014096166013
0.16991014096166013
0.169491599659362
0.169491599659362
0.1693783552594701
0.1693783552594701
0.16928157293090573
0.16928157293090573
0.1692259603583719
0.1692259603583719
0.16922413195727581
0.16922413195727581
0.1692120714590707
0.1692120714590707
0.16920786639867358
0.16920786639867358
0.16920456577821097
0.16920456577821097
0.16920264948458075
0.16920264948458075
0.16920129770953884
0.16920129770953884
0.16920044492599073
0.16920044492599073
0.16919952983816533
0.16919952983816533
0.16919785724943326
0.16919785724943326
0.16918269310238965
0.16918269310238965
0.16912433575869623
0.16912433575869623
0.9116974244136955
0.9116974244136955
0.16911449403706613
0.16911449403706613
0.16908682760410632
0.16908682760410632
0.16904304795582736
0.16904304795582736
0.1688551374371685
0.1688551374371685
0.16865339405681024
0.16865339405681024
0.16856490203230567
0.16856490203230545
0.3723550819646926
0.3723550819646926
0.16847327846641813
0.16847327846641813
0.16815374280935957
0.16815374280935957
0.16752896305752374
0.16752896305752374
0.1660540968800629
0.1660540968800629
0.1627146357218855
0.1627146357218855
0.15483621399472924
0.15483621399472924
0.14117329781332033
0.14117329781332022
0.13466818219846743
0.13466818219846743
0.12149983831717226
0.12149983831717226
0.11921823061544745
0.11921823061544745
0.11770696809091374
0.11770696809091363
0.11662227972887396
0.11662227972887418
0.11630006364183876
0.11630006364183876
0.11622477999386727
0.11622477999386704
0.11616137802767879
0.11616137802767879
0.11611427079153802
0.11611427079153802
0.1161090084126063
0.11610900841260618
0.11609999103183732
0.1160999910318371
0.11609960802740926
0.11609960802740915
0.11609878997881817
0.11609878997881795
0.11609881115021292
0.1160988111502127
0.1160986204995299
0.11609862049953013
0.11609848712635196
0.11609848712635196
0.11609824666143376
0.11609824666143376
0.11609820571864904
0.11609820571864904
0.11609816962427144
0.11609816962427144
0.11609816185037514
0.11609816185037525
0.11609815161108117
0.11609815161108117
0.11609814324027978
0.11609814324027978
0.11609813902582922
0.11609813902582922
0.1160981344530373
0.1160981344530373
3510.592970 seconds (7.64 M allocations: 21.648 GiB, 0.31% gc time)
Finished order 1
loss std: 0.0001237402941449144
magnitude: 0.05804906722651865
learning rate: 0.01160981344530373
  0.002839 seconds (17.73 k allocations: 1.701 MiB)
  0.848796 seconds (12.01 M allocations: 1.159 GiB, 18.49% gc time)
0.14726572697718276
0.14726572697718276
0.12796908404955187
0.12796908404955176
0.0069451242170806005
0.0069451242170806005
0.0031950648458883846
0.0031950648458884956
0.0015846751842213402
0.0015846751842211182
0.0005465390990980756
0.0005465390990980756
0.00021588752775403286
0.00021588752775403286
3.444125342322302e-5
3.444125342344506e-5
1.9827411342321355e-5
1.9827411342321355e-5
1.0019354031998162e-5
1.0019354031998162e-5
3.5105290674408707e-6
3.5105290674408707e-6
2.319301890096881e-6
2.3193018903189255e-6
5.807304835903082e-7
5.807304833682636e-7
2.9226597630938045e-7
2.9226597630938045e-7
9.170364345667537e-8
9.170364356769767e-8
4.801698216816419e-8
4.801698216816419e-8
1.6435808380954597e-8
1.6435808269932295e-8
9.999681305217223e-9
9.999681305217223e-9
1193.008791 seconds (34.17 M allocations: 181.808 GiB, 1.36% gc time)
Finished order 2
loss std: 0.04440667381653114
4
magnitude: 0.09265728747174018
learning rate: 0.018531457494348036
  0.000089 seconds (651 allocations: 42.953 KiB)
  0.043415 seconds (472.61 k allocations: 54.476 MiB, 12.74% gc time)
0.2030930180468532
0.2030930180468532
0.5463564509906316
0.5463564509906316
0.1891381212339771
0.1891381212339771
0.1863810690947758
0.1863810690947758
0.1857813787833178
0.1857813787833178
0.18545091071607722
0.18545091071607722
0.18524066113509785
0.18524066113509785
0.18513053890545061
0.18513053890545061
0.18497374372435438
0.18497374372435438
0.1842755451813195
0.1842755451813195
0.18152940632795167
0.18152940632795167
0.8633501576267866
0.8633501576267866
0.1811864960443369
0.1811864960443369
0.1788475369252598
0.17884753692525968
0.17387274180282963
0.17387274180282952
0.16144071041312436
0.16144071041312436
0.1253003309959434
0.1253003309959434
0.12930588719994396
0.12930588719994396
0.11776195694544134
0.11776195694544112
0.11330179699146159
0.11330179699146159
0.11083613236200551
0.11083613236200529
0.1098096999681265
0.1098096999681265
0.10934496851058473
0.10934496851058473
0.10904100471035405
0.10904100471035405
0.10880404566313495
0.10880404566313495
0.10851261580145044
0.10851261580145055
0.10845740645904767
0.10845740645904767
0.10834373930992636
0.10834373930992658
0.10831984016451401
0.10831984016451401
0.10830648091257555
0.10830648091257555
0.10830146074205416
0.10830146074205393
0.10830429817057774
0.10830429817057774
0.10830099942070515
0.10830099942070548
0.1083008023710601
0.10830080237106043
0.10830070477308229
0.10830070477308229
0.1083006531594577
0.1083006531594577
0.10830066439565977
0.10830066439566
0.10830064951385188
0.10830064951385165
0.1083006468788873
0.10830064687888741
0.10830064487312407
0.10830064487312407
2472.741108 seconds (5.27 M allocations: 15.027 GiB, 0.32% gc time)
Finished order 1
loss std: 0.0006639256078546591
magnitude: 0.05415032243656204
learning rate: 0.010830064487312408
  0.002819 seconds (17.73 k allocations: 1.701 MiB)
  0.852676 seconds (12.01 M allocations: 1.159 GiB, 18.40% gc time)
0.14982037310460694
0.14982037310460672
0.14730041151689932
0.14730041151689954
0.03855342858967148
0.03855342858967148
0.009899508552534075
0.009899508552534075
0.002688214637687647
0.002688214637687647
0.0014243417266329716
0.0014243417266329716
0.000544236316021407
0.000544236316021407
9.069696949448591e-5
9.069696949448591e-5
0.00018244981437132157
0.00018244981437154362
2.8755680082315216e-5
2.875568008209317e-5
1.1200472956440777e-5
1.1200472956662821e-5
5.839494767845288e-6
5.839494767734266e-6
3.03856229821875e-6
3.03856229821875e-6
1.4260167739976737e-6
1.426016774108696e-6
7.869415408201519e-7
7.869415410421965e-7
1.9306031628918419e-7
1.9306031628918419e-7
6.159453302956308e-8
6.159453291854078e-8
1.7283964037773103e-8
1.7283964259817708e-8
8.041377563827723e-9
8.041377563827723e-9
1259.564914 seconds (36.07 M allocations: 191.909 GiB, 1.40% gc time)
Finished order 2
