magnitude: 0.5
learning rate: 0.1
  0.320585 seconds (241.07 k allocations: 11.422 MiB, 99.97% compilation time)
  0.410625 seconds (1.17 M allocations: 135.261 MiB, 5.82% gc time, 81.93% compilation time)
0.9997797253691634
0.9860594607359814
0.9633386641326649
0.9428247154182132
0.926352676434002
0.9125650297053597
0.9039045263355407
0.8965443259703836
0.8884522934712098
0.8788296422039297
0.868535005673936
0.8605768003094871
0.8557190104558814
0.8515071911580783
0.84594335078764
0.8398853286459792
0.8359891282407803
0.8346604921646722
0.8340132641332315
0.8328485066059171
0.8308395929410398
0.8281590068366971
0.8254194537986292
0.8229711024904243
0.8208988312273846
0.819712296192729
0.8193749443473082
0.8190129907738872
0.8182696492471548
0.8174350472764235
0.8166012693985705
0.8156594118226353
0.8146657498936635
0.8136457891215061
0.8125099169929857
0.8114533275757202
0.8107301698444804
0.8103289998882945
0.8101587185195258
0.8101513852841526
0.8100112498140544
0.8095748844934831
0.809044358783858
0.8085802855152744
0.8081322376682184
0.8077667613707642
0.8075621206107576
0.8073966770374776
0.8071644306763678
0.8068945523692087
0.8066045549367618
0.8063472128423358
0.8061685024700813
0.805976408870936
0.8056957625175442
0.8053926836078982
0.8051334478915826
0.8048868878207676
0.8046220777617407
0.8043696037545254
0.8041658958176192
0.8039931327148904
0.8038167353177014
0.8036454983261139
0.8034908691991001
0.803336761280704
0.8031811167998264
0.8030401963484003
0.802915974054492
0.8027988129675241
0.8026839916095461
0.8025699408082352
0.8024547631847063
0.8023405152307784
0.8022344928313132
0.8021414001635867
0.8020612739040144
0.8019891224557587
0.8019147634654928
0.8018373001594209
0.8017643306943274
0.8016995828595781
0.801643584521318
0.8015912604087657
0.8015382603495944
0.8014877230909697
0.8014421462173644
0.8014011349549733
0.8013629020966782
0.8013269904212489
0.80129428864145
0.8012635220229747
0.8012347078636265
0.8012083960801292
0.801182642370263
0.8011562643234603
0.8011305164329852
0.801107170128972
0.8010859766362304
0.8010656278506043
0.8010656278506043
11319.101589 seconds (73.66 M allocations: 263.473 GiB, 0.33% gc time, 0.17% compilation time)
0.8010656278506042
Finished order 1
magnitude: 0.4005328139253021
learning rate: 0.08010656278506043
  0.002172 seconds (17.73 k allocations: 1.701 MiB)
  1.264428 seconds (27.75 M allocations: 2.769 GiB, 15.61% gc time)
0.9813136010683073
0.8798874026864127
0.6429233959435592
0.4640756753209895
0.32813015705000115
0.26745336463320835
0.21155710233475555
0.19063586568003243
0.15320378457565542
0.12614146241176172
0.1174537448695856
0.10998094475893039
0.09752388325065875
0.08737619477709402
0.07566320561569484
0.06617585793110625
0.060325932808303784
0.05321131638529708
0.04920165400309584
0.04454785803262651
0.03778057395773704
0.033673041524313385
0.03053859877818743
0.027785019858959092
0.025731745212138057
0.0227470471218304
0.02007339145966247
0.01883464767062648
0.01723197283936706
0.014990132003316226
0.013380438874288414
0.012266349157568857
0.01120920895682398
0.010121703453567332
0.009335809528055017
0.008215696502218095
0.00730904240863417
0.0066100834070017545
0.00602684247084051
0.005748270974861747
0.004980592363651226
0.004326168783173712
0.004082303262929909
0.004042772361434244
0.0033091067265146323
0.002848000035584275
0.002758412287887535
0.00249785114540646
0.002212419697566803
0.001970277164878187
0.0018010908333119247
0.001723645263039697
0.001572854484078734
0.0013357738794819163
0.0011879540536828825
0.001087356757971225
0.0009956787867920758
0.0009224776121771194
0.0008072670515797409
0.0007410457097434264
0.0006899165674768559
0.0006111211049337761
0.0005268073628785785
0.0004735266610896849
0.00045241702388598704
0.0003945661674796819
0.00036821837101053134
0.0003621416031613922
0.00030768829234018025
0.00026888448042050594
0.00023723285975596475
0.00021914313957471787
0.0001878954916824105
0.0001786269532061402
0.00016450720685268205
0.00014597650544634355
0.00013020773691274634
0.00011826078929810802
0.00011417651406142593
0.00010214992811774515
8.79163825197038e-5
8.017786831804319e-5
7.222910981574682e-5
6.764507193846026e-5
5.984160213379219e-5
5.48517030982687e-5
5.032237019642061e-5
5.231159132557117e-5
6.185888989307387e-5
9.320456909667207e-5
0.00018187818747228413
0.00043631157262380427
0.0011745913572649425
0.0033175406670563623
0.009301526193336795
0.022520414559120905
0.03919453836487308
0.031703080422579966
0.006543018292973213
0.003648796724493586
5.032237019642061e-5
13985.894346 seconds (324.27 M allocations: 13.181 TiB, 2.64% gc time, 0.02% compilation time)
5.032237019664265e-5
Finished order 2
0
1
2
3
4
Hey
done
