magnitude: 0.14020807860129986
learning rate: 0.028041615720259972
  0.360558 seconds (241.07 k allocations: 11.422 MiB, 99.96% compilation time)
  0.776873 seconds (1.88 M allocations: 225.544 MiB, 36.65% gc time, 48.89% compilation time)
0.31632333465879625
0.2925111396442084
0.2877998087878395
0.29051435094882483
0.2910968321670404
0.2892442861523479
0.28732351386586263
0.2861634032739071
0.28532989477994997
0.284471974397403
0.2838583669342788
0.2836768697470684
0.28367343010300305
0.28353334936355745
0.2832025388214475
0.2828290156639114
0.28253548268300877
0.28230070281992736
0.28206298668463736
0.2818394579640422
0.28169411655064336
0.281640947724629
0.2816153725956574
0.28154421444743727
0.2814132401905405
0.281253646998491
0.28110359394562023
0.2809990091952276
0.28096340610399173
0.2809819698912439
0.28099494576679085
0.28094196836715857
0.2808279213274195
0.28072526474788684
0.2806972072517596
0.280729856374756
0.280750477457933
0.2807112781018276
0.28063790181917336
0.2805881146701755
0.2805829302764794
0.28059321804429116
0.28058410002853096
0.280553981720953
0.2805265608733991
0.2805175241432629
0.28052009164671277
0.28051925612995054
0.2805087145271685
0.28049270977561513
0.2804787410386057
0.2804710647784563
0.2804688929519771
0.2804687764549425
0.2804674468327357
0.2804627128663957
0.28045434106407074
0.2804454348749502
0.28044075935182344
0.2804417790881534
0.28044436832237873
0.2804432514784193
0.2804380137500819
0.2804325680763652
0.2804298912870121
0.28042980091586833
0.280430527695369
0.28043037846544505
0.28042870455863866
0.2804262551053339
0.28042428045938295
0.28042329201486504
0.2804230327637153
0.28042315464427336
0.2804231634307761
0.2804222940551776
0.280420596547421
0.2804194634256638
0.28041979937530304
0.28042057480817995
0.2804203343831503
0.28041917131112115
0.2804182372123085
0.28041806863788754
0.2804182993986404
0.2804184482000449
0.28041827662748586
0.28041783201763426
0.2804174333427727
0.28041728948701794
0.2804172670986863
0.28041722222133836
0.2804171924610793
0.28041715620725927
0.28041699577380874
0.2804167766945771
0.2804166995007027
0.28041675114293296
0.2804167474007563
0.28041664712541736
0.28041655704829704
0.28041652608955503
0.28041650677832075
0.28041646786388885
0.2804164315642106
0.2804164120423426
0.28041639382005623
0.28041636922851976
0.2804163473838688
0.2804163280894528
0.28041630390271854
0.2804162854677744
0.2804162840300043
0.28041628221479087
0.2804162614152441
0.28041623594748544
0.280416229236932
0.2804162375802227
0.2804162378664373
0.28041621925078986
0.2804161991237679
0.2804161991370562
0.2804162103597517
0.2804162075965032
0.2804161914285155
0.28041618283416225
0.2804161849709853
0.2804161854717677
0.280416182292637
0.2804161794321238
0.2804161769822282
0.28041617508136263
0.28041617331723667
0.28041617053193135
0.2804161692454761
0.2804161706079119
0.2804161698726687
0.28041616599083663
0.28041616388170887
0.28041616461761365
0.2804161652960315
0.2804161646233766
0.2804161629726927
0.2804161616435803
0.2804161617977652
std: 8.947268106796741e-9
18085.445960 seconds (112.05 M allocations: 1.117 TiB, 0.37% gc time, 0.11% compilation time)
Finished order 1
loss std: 8.947268106796741e-9
magnitude: 0.1402080808988826
learning rate: 0.02804161617977652
  0.002208 seconds (17.73 k allocations: 1.701 MiB)
  2.378733 seconds (45.39 M allocations: 4.674 GiB, 13.72% gc time)
0.6145404991416421
0.535722547126119
0.23056125170458797
0.2476914119542094
0.20115901478197795
0.1431434328645509
0.13898734371311938
0.1336021047912238
0.11396374589558
0.09502152741680692
0.08589140930348815
0.07575878010431614
0.06500955988531598
0.05911385171923156
0.05251993381711373
0.0459666857674037
0.04335070651352946
0.03963841613737762
0.03341982684552158
0.031211737242243687
0.03175700971858064
0.027997357012345292
0.021106011062887786
0.017880598338746112
0.018565425433421545
0.0179264384323764
0.015336649456797247
0.014220613445990127
0.013990421366624095
0.011970358566561812
0.009528914513811548
0.008897208874051543
0.008559015437782369
0.007270915912595433
0.006778922056874692
0.00694812458088756
0.006181069752421053
0.005130243315121463
0.004445706589655707
0.004174034245980174
0.004051922651916007
0.0034170780641803455
0.003023831886978745
0.003022824310108918
0.0026979619911915442
0.002371367302038685
0.0021494647906517006
0.001970407420907816
0.0017736654401998564
0.0015742549971217157
0.0014605623179825278
0.0013292121598101891
0.0012111010406733458
0.0011292566245978408
0.0010473877093121198
0.000901896953874326
0.0007919136132100713
0.0007855684507958038
0.0006929697003265067
0.0006079444338443762
0.0006128853773365028
0.000548718281270788
0.0004621557906945295
0.0004308711609214422
0.00039924038012950636
0.00036528800782753557
0.00034813396315069856
0.00032227072156310044
0.00027929866957809857
0.0002612367440310015
0.0002450770606718944
0.00021507490156968956
0.00021466149106286192
0.00019720751104912448
0.00017676322242998754
0.00016540575010814962
0.0001579301365656205
0.00014245508477661595
0.00012825048109577075
0.00012000015261359742
0.00012222168681186307
0.00011144354724013095
0.00010270398511380563
0.00010152188394829675
8.856334008300326e-5
8.587934122805674e-5
8.38104683370533e-5
7.702299213852015e-5
7.753459330372969e-5
7.215817571926131e-5
6.716114317351085e-5
6.838068176473477e-5
6.205228393885154e-5
5.979797025923439e-5
5.934602546775469e-5
5.523395045303747e-5
5.587287853436873e-5
5.363480150222255e-5
5.1095745353224586e-5
5.0063696188318296e-5
4.767139987937874e-5
4.788236995578732e-5
4.704009192635361e-5
4.4936091129543776e-5
4.41734241922731e-5
4.3234670376368634e-5
4.265597020836065e-5
4.127611987669866e-5
4.0949880510621206e-5
4.041775925189839e-5
3.942397530032338e-5
3.892332176358426e-5
3.815504864823627e-5
3.768246120150476e-5
3.7151944077717935e-5
3.659112598508596e-5
3.6213267702867036e-5
3.570434914557108e-5
3.5251857369633655e-5
3.481678751116046e-5
3.4350410118233476e-5
3.400165118794263e-5
3.365079166428586e-5
3.3239308881327645e-5
3.2937569670710154e-5
3.2606702303983326e-5
3.218301244356514e-5
3.1933091861113816e-5
3.158417714610451e-5
3.131520147703348e-5
3.1003585429068004e-5
3.07015383407272e-5
3.0432669398061662e-5
3.0158723477669014e-5
2.9883445886946802e-5
2.9620934238083763e-5
2.9347674614599306e-5
2.9093430644056006e-5
2.8883268442081445e-5
2.860952377903292e-5
2.8377682254610015e-5
2.8118702157020614e-5
2.7908350636596246e-5
2.7686079280719866e-5
2.7447951827408446e-5
2.7235252722301873e-5
2.7005312119077196e-5
2.680058548909514e-5
2.658676678901628e-5
2.6376265694350032e-5
2.617361898127335e-5
2.597020132988348e-5
2.5767152310729458e-5
2.5569701440186776e-5
2.5375157210127952e-5
2.518235720538886e-5
2.4994475136042027e-5
2.4801515513872552e-5
2.4621335736996208e-5
2.4432466057544566e-5
2.42544503571418e-5
2.4073801253576832e-5
2.3896340955231743e-5
2.3723725620761194e-5
2.354788966640875e-5
2.3378206826407677e-5
2.320719689496986e-5
2.3041154818992382e-5
2.2875818979528617e-5
2.2711695082833216e-5
2.2549550085626535e-5
2.2389464246042046e-5
2.223076880225605e-5
2.2074376700431664e-5
2.1918603438142448e-5
2.1765922032179752e-5
2.1613455311486618e-5
2.1463267899646254e-5
2.131462181098609e-5
2.1167193920201832e-5
2.1022042778429118e-5
2.087797261829394e-5
2.07364569587698e-5
2.0597877377070972e-5
2.0465592151741596e-5
2.0347775795626077e-5
2.0268177520099684e-5
2.0296371092909382e-5
2.0637975440163103e-5
2.1918119744501752e-5
2.60632316356757e-5
3.912511602588431e-5
8.039441848950446e-5
0.00021185975828685866
0.0006301409074606079
0.0019164749034675799
0.005456562869455506
0.013067118403341182
0.022724548294793423
0.02290534199307348
2.0268177520099684e-5
50718.599055 seconds (1.04 G allocations: 119.086 TiB, 6.28% gc time, 0.00% compilation time)
Finished order 2
loss std: 0.007176792094331622
