magnitude: 0.06021625688757276
learning rate: 0.012043251377514552
  0.491206 seconds (241.07 k allocations: 11.422 MiB, 99.97% compilation time)
  0.978408 seconds (1.17 M allocations: 135.261 MiB, 36.74% gc time, 52.87% compilation time)
0.12937138650493574
0.12323618645655465
0.1218084041398626
0.12248072272214683
0.12302824615083097
0.12282151933619645
0.1222798912799885
0.12176124011858647
0.12139847814578664
0.1212481644378125
0.12128492020333637
0.12136833972546157
0.12135358652454886
0.12121317454780955
0.12103174425455843
0.1209004856346999
0.12084949952930557
0.12085185374209995
0.12086337798934943
0.12085245350642515
0.12081032743018671
0.12074747728797153
0.12068388523952034
0.12063850610867188
0.12061918760551327
0.12061992189219362
0.1206236844935582
0.12061565320462175
0.12059470106043024
0.12057200679007041
0.12055487926702613
0.12054024326454138
0.12052375943851923
0.12050903959117187
0.12050208267374662
0.12050332352432591
0.12050685242191361
0.12050587881810626
0.12049696867502002
0.12048246813215158
0.12046915234515976
0.12046293581294565
0.12046393626347118
0.12046702714111746
0.12046718530637135
0.12046346180017531
0.12045830704448346
0.12045387672337804
0.12045074386281407
0.120448850309827
0.12044803925811942
0.12044768651138993
0.1204469676975225
0.12044553132962188
0.12044356151810331
0.12044168804414357
0.12044055956770017
0.12044030432146613
0.12044037398897134
0.12043997534360318
0.12043884475648747
0.12043749111593771
0.12043667957419524
0.12043661813802331
0.12043673021780865
0.1204364786330866
0.12043596452591054
0.12043545240798981
0.12043502525222638
0.12043476375650752
0.12043463873241445
0.12043449412986196
0.12043433822300709
0.1204342144854943
0.12043401771609996
0.1204337415880854
0.12043355088252039
0.12043353563016623
0.12043358370576895
0.12043351027837934
0.12043330130971841
0.12043311876312346
0.12043306247115615
0.12043309554722792
0.12043312597702283
0.12043306152191968
0.12043291273360301
0.12043281106147907
0.12043282169635028
0.12043286287564503
0.12043284993083858
0.12043278948658598
0.12043272920580117
0.12043269207998386
0.12043267581701023
0.1204326775162835
0.1204326866861587
0.12043268184148415
0.12043265181029017
0.12043261199927113
0.12043261199927113
4828.991953 seconds (73.66 M allocations: 255.894 GiB, 0.96% gc time, 0.58% compilation time)
0.12043261199927113
Finished order 1
magnitude: 0.060216305999635567
learning rate: 0.012043261199927113
  0.018799 seconds (17.73 k allocations: 1.701 MiB)
  2.393541 seconds (27.75 M allocations: 2.769 GiB, 15.67% gc time)
0.19109356615817585
0.11534457122395314
0.0861205850395601
0.06563522153686774
0.05044297594705471
0.04174297025793117
0.03724763651920382
0.03373545842707426
0.030121648004158286
0.0264866389448144
0.022693879941736217
0.018919516336964537
0.015646964508480132
0.013086769749544369
0.011125246452094006
0.009655058719779341
0.00863040284748895
0.007976244435663471
0.007650520418573503
0.007578738920694272
0.00742659742069085
0.006890335294823635
0.0060700000188499414
0.005234899037610097
0.004545905769493874
0.004047051874381147
0.003698163791894804
0.0034533636501778986
0.0033163372094364707
0.00327681936844193
0.0032479821775273088
0.0031388689948659287
0.0029358636166224583
0.0026650114556989735
0.002344248671743654
0.0019747778293591756
0.0015859682478739368
0.0012546104907690259
0.0010206099726246531
0.0008661613722908967
0.0007599406830787192
0.0006795236888581524
0.0006308459285743195
0.0006096518542907381
0.0005768404465708032
0.0005149072431502866
0.0004531533675102839
0.0004181117233106324
0.00040810222311571387
0.0004101353596452917
0.0004087805619318319
0.0003967279411097868
0.00037335451479203474
0.0003435029469308626
0.00031123335397575946
0.00027242163809848563
0.00022704100530923643
0.00018601333154788513
0.00015816840785409791
0.0001410377266796159
0.0001280701717213395
0.00011359102444652436
9.748860396263659e-5
8.168081613313394e-5
6.909276903044326e-5
6.26545637049114e-5
5.887868091070114e-5
5.402247117269887e-5
5.057633104432746e-5
5.0056715759416726e-5
5.088241661210802e-5
4.994049808038081e-5
4.593324376045427e-5
4.118950234088814e-5
3.6977473051647e-5
3.336076471793792e-5
3.003690780956081e-5
2.6990751554545334e-5
2.4283231931376825e-5
2.1484409824412687e-5
1.8624255242793986e-5
1.605024439466085e-5
1.3855094677217572e-5
1.1619665487461184e-5
9.379401753495387e-6
7.703285548332772e-6
7.0608521849369055e-6
6.980895615238403e-6
6.7754010957266075e-6
6.399069898854748e-6
6.0424552720261815e-6
5.8641817760607395e-6
5.771819279298818e-6
5.5030786932919185e-6
5.2260812496429665e-6
5.043449149866319e-6
4.7094878700137954e-6
4.061186338222278e-6
3.2247385248762583e-6
2.4877974654780033e-6
2.4877974654780033e-6
9018.038846 seconds (324.27 M allocations: 13.180 TiB, 6.86% gc time, 0.04% compilation time)
2.487797465700048e-6
Finished order 2
0
1
2
3
4
Hey
done
