magnitude: 0.5
learning rate: 0.1
  0.458276 seconds (241.07 k allocations: 11.421 MiB, 99.97% compilation time)
  0.613796 seconds (1.17 M allocations: 135.262 MiB, 6.20% gc time, 78.76% compilation time)
0.9998589078143495
0.9998589078143495
0.9898374813649389
0.9898374813649389
0.9993377766860234
0.9993377766860234
0.9997249307088276
0.9997249307088276
0.9992102616281967
0.9992102616281967
0.9997044551904689
0.9997044551904689
0.9990042657963308
0.9990042657963308
0.9992023823282258
0.9992023823282258
0.9980307348558983
0.9980307348558983
0.9993437045265905
0.9993437045265905
0.9972797443316382
0.9972797443316382
0.999613374278695
0.999613374278695
0.9999978774528259
0.9999978774528259
0.9953344195340237
0.9953344195340237
0.9994407549331419
0.9994407549331419
0.9990983220511549
0.9990983220511549
0.9940466467177782
0.9940466467177782
0.9942525861017348
0.9942525861017348
0.991800244970613
0.991800244970613
0.9886190814887423
0.9886190814887423
0.9846923307281504
0.9846923307281504
0.977648454125966
0.977648454125966
0.991970166017387
0.991970166017387
0.9716618089265393
0.9716618089265393
0.9635545343027013
0.9635545343027013
0.9480301218553886
0.9480301218553886
0.94043743609209
0.94043743609209
0.9168609354099806
0.9168609354099806
0.9050377349556555
0.9050377349556556
0.9000809813972676
0.9000809813972676
0.8869875382836647
0.8869875382836647
0.8909807463714071
0.8909807463714071
0.8815541413035084
0.8815541413035083
0.8737406331809721
0.8737406331809721
0.8621477698034844
0.8621477698034843
0.8488770428542476
0.8488770428542475
0.834362086247429
0.834362086247429
0.8171197194361783
0.8171197194361783
0.8063588024825519
0.806358802482552
0.8035968336156979
0.8035968336156979
0.7982963548249993
0.7982963548249994
0.7925647661872348
0.7925647661872348
0.7869894662455549
0.7869894662455549
0.7813902899235973
0.7813902899235974
0.7769352077383501
0.7769352077383501
0.7730855036046921
0.7730855036046921
0.7684002156648948
0.7684002156648948
0.7653277803127934
0.7653277803127934
0.7623227952446752
0.7623227952446752
0.758139353896351
0.7581393538963511
0.7563752104807744
0.7563752104807744
0.7545533182328483
0.7545533182328482
0.7517274655561204
0.7517274655561202
0.7497746843090167
0.7497746843090168
0.7464098254596336
0.7464098254596336
0.7454194221996258
0.7454194221996256
0.7443566156908064
0.7443566156908066
0.7432923822601627
0.7432923822601627
0.7417404008504951
0.7417404008504951
0.7407030648388466
0.7407030648388466
0.7391629093770429
0.7391629093770429
0.7378840206118742
0.7378840206118741
0.736298524914955
0.7362985249149548
0.7350059925796288
0.7350059925796288
0.7340850093665939
0.734085009366594
0.7334805250528194
0.7334805250528194
0.7320034844288882
0.7320034844288882
0.7311851450224475
0.7311851450224475
0.7300155998749618
0.7300155998749617
0.7290289528133833
0.7290289528133833
0.727957826154522
0.727957826154522
0.7271149942401343
0.7271149942401341
0.7266769465339296
0.7266769465339296
0.72630118978588
0.7263011897858801
0.725810462405681
0.7258104624056811
0.7255261789603631
0.7255261789603631
0.7247534109516925
0.7247534109516924
0.7243104362261283
0.7243104362261283
0.7235809150835553
0.7235809150835553
0.7231833113238517
0.7231833113238518
0.7228479740747723
0.7228479740747722
0.722388217239981
0.7223882172399809
0.7217317477105509
0.7217317477105509
0.7210248324482106
0.7210248324482106
0.7206644125892878
0.7206644125892878
0.7197747898265792
0.7197747898265793
0.7191544345507398
0.7191544345507398
0.7186036423170576
0.7186036423170578
0.7181524152600938
0.7181524152600939
0.7178687805282405
0.7178687805282404
0.7175379063780272
0.7175379063780272
0.7171185021930582
0.7171185021930584
0.7161519927777354
0.7161519927777354
0.7154098145993293
0.7154098145993293
0.7147721451351561
0.7147721451351561
0.7139840793637547
0.7139840793637547
0.7129983897741474
0.7129983897741474
0.7122132732903559
0.7122132732903559
0.7115181468175055
0.7115181468175056
0.7106349573303826
0.7106349573303825
0.7096070708957904
0.7096070708957907
0.7086065155072637
0.7086065155072637
0.7062306642517647
0.7062306642517647
0.7055328298052809
0.7055328298052809
0.7042822065995942
0.704282206599594
0.7027735208523216
0.7027735208523215
0.7013542847471159
0.7013542847471158
0.7024693826028829
0.7024693826028828
0.7007790993775065
0.7007790993775066
0.6994524528864656
0.6994524528864656
0.6982327371936375
0.6982327371936375
0.6963242579651674
0.6963242579651674
0.6951431557644502
0.6951431557644502
0.6926132499464904
0.6926132499464905
0.6932099399319371
0.693209939931937
0.6911150455271413
0.6911150455271411
0.6896669608870509
0.689666960887051
0.6891987180445364
0.6891987180445363
0.6873053622091121
0.6873053622091121
0.6863526950947788
0.6863526950947787
0.684285521040793
0.6842855210407931
0.6818904553348425
0.6818904553348424
0.6779901267222493
0.6779901267222492
0.6760497318670363
0.6760497318670362
0.6734397291803502
0.6734397291803501
0.6769459960817
0.6769459960816999
0.6729773584850998
0.6729773584850997
0.6718620445573711
0.6718620445573711
0.6696643500830233
0.6696643500830233
0.6689331966494549
0.6689331966494549
0.6668425975077996
0.6668425975077996
0.6649916957317389
0.664991695731739
0.6633589479892443
0.6633589479892443
0.6608420192677323
0.6608420192677323
0.6584121126830553
0.6584121126830552
0.6558901469985831
0.6558901469985832
0.6557757667328825
0.6557757667328825
0.653144758517199
0.653144758517199
0.6521908590000501
0.6521908590000501
0.6506734715428556
0.6506734715428558
0.6490372575875194
0.6490372575875194
0.6477205527209797
0.6477205527209797
0.6462523117070339
0.6462523117070338
0.64552374114852
0.6455237411485198
0.6447057620507726
0.6447057620507723
0.6437179774567837
0.6437179774567836
0.6432382552601781
0.643238255260178
0.6425341246299887
0.6425341246299887
0.6419805913367735
0.6419805913367733
0.6413102544192195
0.6413102544192195
0.6406307513148775
0.6406307513148775
0.6398681290592815
0.6398681290592815
0.6394045939115669
0.6394045939115669
0.6389341036441055
0.6389341036441055
0.6385422793141969
0.638542279314197
0.6380355322824947
0.6380355322824948
0.6376332961558202
0.63763329615582
0.6372921656265096
0.6372921656265096
0.6370208177315719
0.6370208177315718
0.6367570939276173
0.6367570939276173
0.6364765922447527
0.6364765922447524
0.6361749442104865
0.6361749442104865
0.6358876478968563
0.6358876478968563
0.635674357557996
0.635674357557996
0.6355695595248132
0.6355695595248132
0.6354126172719969
0.635412617271997
0.6352917904084412
0.6352917904084414
0.6351248935989708
0.635124893598971
0.6349660655502196
0.6349660655502196
0.6347639539989541
0.6347639539989539
0.6345475511708178
0.6345475511708181
0.6343979202124967
0.634397920212497
0.6342866712885349
0.6342866712885348
0.6341191691252018
0.6341191691252017
0.6339697437022184
0.6339697437022185
0.63373276121459
0.63373276121459
0.6335823090175914
0.6335823090175914
0.6332880022697112
0.633288002269711
0.6331038967671341
0.6331038967671345
0.6331156139826573
0.6331156139826574
0.633004883281339
0.633004883281339
0.6328082391918031
0.6328082391918031
0.6323569696374042
0.6323569696374041
0.6324076795220963
0.6324076795220964
0.6320867824354085
0.6320867824354085
0.6318164233388335
0.6318164233388335
0.631711517842197
0.631711517842197
0.6315696450804908
0.6315696450804907
0.6313053155165261
0.6313053155165261
0.6309884763336743
0.6309884763336743
0.6305815893190051
0.6305815893190052
0.6299903615949793
0.6299903615949791
0.6295140361909934
0.6295140361909933
0.6290453229663273
0.6290453229663273
0.6288915443585293
0.6288915443585292
0.6283659296682331
0.6283659296682331
0.6279477017724655
0.6279477017724655
0.6274376903314023
0.6274376903314023
0.6269294497623625
0.6269294497623625
0.6263960546451457
0.6263960546451457
0.6257137599892391
0.6257137599892392
0.6254580665343348
0.6254580665343348
0.6248018816554779
0.6248018816554779
0.6241787615704941
0.6241787615704941
0.6235475009529089
0.6235475009529088
0.6226688240720818
0.6226688240720819
0.6225019098258774
0.6225019098258773
0.6216107461108054
0.6216107461108054
0.6212299905731415
0.6212299905731414
0.6204362075097087
0.6204362075097087
0.6184782494082398
0.6184782494082397
0.6174684386725176
0.6174684386725176
0.6152282334448834
0.6152282334448835
0.6119577694227766
0.6119577694227765
0.6136034320748518
0.6136034320748518
0.6106599045187292
0.6106599045187292
0.6073121321307415
0.6073121321307415
0.6058499320782114
0.6058499320782111
0.603923112897063
0.603923112897063
0.602131329110807
0.6021313291108071
0.6001352079928526
0.6001352079928525
0.5980944510680671
0.5980944510680672
24593.825493 seconds (106.66 M allocations: 584.392 GiB, 0.61% gc time, 0.11% compilation time)
Finished order 1
loss std: 0.008755926698152004
magnitude: 0.29904722553403357
learning rate: 0.05980944510680671
  0.002509 seconds (17.73 k allocations: 1.701 MiB)
  2.065532 seconds (27.75 M allocations: 2.769 GiB, 14.17% gc time)
0.7639870728337412
0.7639870728337412
0.5701421099505799
0.5701421099505802
0.4555439371352872
0.4555439371352872
0.32193788975030624
0.32193788975030624
0.2489505595970558
0.24895055959705592
0.20154397515010825
0.20154397515010802
0.15176926327120355
0.15176926327120355
0.12482637176120359
0.12482637176120392
0.09996898587547165
0.09996898587547198
0.07734558000861247
0.07734558000861247
0.06669477279465064
0.06669477279465064
0.056790773604770806
0.056790773604770806
0.046925898440480784
0.046925898440481006
0.040130334856934735
0.040130334856934846
0.03749126646473333
0.03749126646473311
0.02757325127173249
0.027573251271732713
0.025510994249010377
0.0255109942490106
0.020924455528225527
0.02092445552822575
0.018856753078094757
0.018856753078094646
0.015172967204221122
0.015172967204221344
0.013611750596015937
0.013611750596015493
0.012032809274137968
0.012032809274137302
0.010190847634817257
0.010190847634816924
0.008532958419734449
0.008532958419734338
0.007565600339109579
0.0075656003391100235
0.006493466900783451
0.006493466900783451
0.005724966066937842
0.005724966066938286
0.0049428334490959625
0.0049428334490959625
0.00405907807939454
0.004059078079393874
0.00364225088510306
0.00364225088510306
0.003179825809596193
0.003179825809596193
0.0025756579074240893
0.0025756579074240893
0.0022767713292792813
0.0022767713292795033
0.001858329662185687
0.001858329662185465
0.0015429737955878764
0.0015429737955883205
0.0012999338147801076
0.0012999338147805517
0.0011425236771080982
0.0011425236771084313
0.0010231810990110057
0.0010231810990106727
0.0008899360028288283
0.0008899360028293835
0.0007577383714949537
0.0007577383714947317
0.0006595809756098081
0.0006595809756100302
0.0005741681460325054
0.0005741681460320613
0.0005233519486260718
0.0005233519486256277
0.0004452709203159877
0.00044527092031565463
0.00044186105625265704
0.00044186105625276806
0.00039608760213960537
0.00039608760213993843
0.00034651816139807945
0.00034651816139819047
0.0003056252491421274
0.00030562524914223843
0.0002661533523065085
0.0002661533523069526
0.00022711375622308516
0.0002271137562233072
0.00019826602805084192
0.00019826602805061988
0.00017286925921355945
0.0001728692592138925
0.0001535782451058676
0.0001535782451054235
0.0001306560433991244
0.00013065604339934644
0.00011225182984697657
0.00011225182984719861
0.00010119595800728298
0.00010119595800683889
8.57387284933786e-5
8.573872849293451e-5
7.747224566689859e-5
7.747224566712063e-5
6.812570710768018e-5
6.812570710734711e-5
6.230087907987958e-5
6.230087907943549e-5
5.480235966093261e-5
5.4802359661154654e-5
4.3688498755578564e-5
4.3688498756133676e-5
4.668801193707939e-5
4.668801193674632e-5
3.8227123511758165e-5
3.8227123511758165e-5
3.358827911492668e-5
3.358827911492668e-5
2.9235980521402638e-5
2.9235980521402638e-5
2.5418817934941274e-5
2.5418817935163318e-5
2.2093704263204117e-5
2.2093704263537184e-5
1.9476476732283032e-5
1.9476476732060988e-5
1.750251640164624e-5
1.750251640164624e-5
1.5351874349645023e-5
1.5351874349645023e-5
1.4188252868141404e-5
1.4188252868363449e-5
1.1012482022731973e-5
1.1012482022731973e-5
1.0099403441321542e-5
1.0099403441432564e-5
8.836365528286372e-6
8.836365528286372e-6
7.546397665536553e-6
7.546397665536553e-6
6.281444722922025e-6
6.281444723699181e-6
5.599731500827154e-6
5.599731501493288e-6
4.955589762989376e-6
4.955589763211421e-6
4.34913858360364e-6
4.349138583936707e-6
3.6783047479005404e-6
3.678304748122585e-6
3.274112033158083e-6
3.2741120326029716e-6
2.959542395597481e-6
2.959542395597481e-6
2.5695787866375497e-6
2.569578786415505e-6
2.2414206974907813e-6
2.241420697712826e-6
2.0126362871852876e-6
2.012636286963243e-6
1.7306759561019902e-6
1.730675955990968e-6
1.5674767509521459e-6
1.5674767509521459e-6
1.3723072279647752e-6
1.3723072279647752e-6
1.1506554239426592e-6
1.1506554239426592e-6
9.440263586402153e-7
9.440263588622599e-7
8.477556646679929e-7
8.477556645569706e-7
7.469352825140163e-7
7.469352828470832e-7
6.552998284004019e-7
6.552998278452904e-7
5.552457681412548e-7
5.552457678081879e-7
4.795212396047077e-7
4.795212396047077e-7
4.351141642544576e-7
4.351141641434353e-7
3.872850862229882e-7
3.872850860009436e-7
3.1648358422842193e-7
3.1648358445046654e-7
2.7829559567926765e-7
2.7829559556824535e-7
2.4210263127599774e-7
2.4210263149804234e-7
2.1494114021969324e-7
2.1494114021969324e-7
14105.994763 seconds (327.39 M allocations: 13.315 TiB, 4.51% gc time, 0.02% compilation time)
Finished order 2
loss std: 8.36427051157248e-7
magnitude: 1.0747057010984662e-7
learning rate: 2.1494114021969325e-8
  0.077514 seconds (194.54 k allocations: 24.923 MiB, 26.78% gc time)
 24.154994 seconds (292.07 M allocations: 28.559 GiB, 15.93% gc time)
2.1494782775910437e-7
2.1494782842523819e-7
292.001867 seconds (20.19 M allocations: 813.911 GiB, 14.46% gc time)
Finished order 3
loss std: NaN
4
