magnitude: 0.09008929566365315
learning rate: 0.01801785913273063
  0.351792 seconds (241.07 k allocations: 11.422 MiB, 99.95% compilation time)
  0.497605 seconds (1.17 M allocations: 135.261 MiB, 12.90% gc time, 72.82% compilation time)
0.19752088073830032
0.1858216716014569
0.1858216716014569
 94.881990 seconds (46.46 M allocations: 9.764 GiB, 1.77% gc time, 21.05% compilation time)
0.1858216716014569
Finished order 1
magnitude: 0.09291083580072845
learning rate: 0.018582167160145692
  0.030465 seconds (17.73 k allocations: 1.701 MiB)
  1.254967 seconds (27.75 M allocations: 2.769 GiB, 16.81% gc time)
0.3278124963048462
0.1812051148874504
0.1812051148874504
151.777498 seconds (14.22 M allocations: 401.105 GiB, 8.48% gc time, 1.72% compilation time)
0.1812051148874504
Finished order 2
0
1
2
3
4
Hey
done
