States are already equal
4
magnitude: 5.1209394502649275e-9
learning rate: 1.0241878900529855e-9
  0.450353 seconds (241.07 k allocations: 11.421 MiB, 99.97% compilation time)
  0.496472 seconds (542.06 k allocations: 57.672 MiB, 94.71% compilation time)
1.024187867848525e-8
1.024187867848525e-8
 78.696889 seconds (45.04 M allocations: 2.494 GiB, 0.72% gc time, 34.50% compilation time)
Finished order 1
loss std: NaN
magnitude: 5.120939339242625e-9
learning rate: 1.024187867848525e-9
  0.002506 seconds (17.73 k allocations: 1.701 MiB)
  0.822078 seconds (12.01 M allocations: 1.159 GiB, 18.99% gc time)
1.0241928194432148e-8
1.0241928194432148e-8
 57.038612 seconds (6.58 M allocations: 10.316 GiB, 1.84% gc time, 5.61% compilation time)
Finished order 2
loss std: NaN
4
magnitude: 9.277075385671907e-9
learning rate: 1.8554150771343814e-9
  0.000076 seconds (651 allocations: 42.953 KiB)
  0.043847 seconds (472.61 k allocations: 54.476 MiB, 33.60% gc time)
1.8554150771343814e-8
1.8554150771343814e-8
 51.360618 seconds (131.76 k allocations: 367.843 MiB, 0.13% gc time)
Finished order 1
loss std: NaN
magnitude: 9.277075385671907e-9
learning rate: 1.8554150771343814e-9
  0.003012 seconds (17.73 k allocations: 1.701 MiB)
  0.863189 seconds (12.01 M allocations: 1.159 GiB, 18.00% gc time)
1.8554146330451715e-8
1.8554146330451715e-8
0.4642685760307603
0.4642685760307601
2.395392550980091e-9
2.395392550980091e-9
169.195818 seconds (5.69 M allocations: 30.265 GiB, 1.67% gc time)
Finished order 2
loss std: 0.26804558130003286
4
magnitude: 1.678962041617993e-8
learning rate: 3.357924083235986e-9
  0.000099 seconds (651 allocations: 42.953 KiB)
  0.033864 seconds (472.61 k allocations: 54.476 MiB, 17.56% gc time)
3.357924149849367e-8
3.357924149849367e-8
 50.608099 seconds (131.76 k allocations: 367.842 MiB, 0.15% gc time)
Finished order 1
loss std: NaN
magnitude: 1.6789620749246836e-8
learning rate: 3.357924149849367e-9
  0.002603 seconds (17.73 k allocations: 1.701 MiB)
  0.849335 seconds (12.01 M allocations: 1.159 GiB, 16.33% gc time)
3.357906186440829e-8
3.357906186440829e-8
0.4642225728076932
0.4642225728076932
4.335170888936091e-9
4.335170888936091e-9
169.152505 seconds (5.69 M allocations: 30.265 GiB, 1.59% gc time)
Finished order 2
loss std: 0.26801901642952647
4
magnitude: 3.036322504534894e-8
learning rate: 6.072645009069788e-9
  0.000097 seconds (651 allocations: 42.953 KiB)
  0.039436 seconds (472.61 k allocations: 54.476 MiB, 16.39% gc time)
6.072645197807702e-8
6.072645197807702e-8
 50.683168 seconds (131.76 k allocations: 367.842 MiB, 0.28% gc time)
Finished order 1
loss std: NaN
magnitude: 3.036322598903851e-8
learning rate: 6.072645197807702e-9
  0.005315 seconds (17.73 k allocations: 1.701 MiB)
  0.816951 seconds (12.01 M allocations: 1.159 GiB, 17.32% gc time)
6.072879288332445e-8
6.072879288332445e-8
0.4641598690377007
0.4641598690377007
7.839827453892667e-9
7.839827453892667e-9
169.603664 seconds (5.69 M allocations: 30.265 GiB, 1.62% gc time)
Finished order 2
loss std: 0.26798280554188353
4
magnitude: 5.487968485207162e-8
learning rate: 1.0975936970414324e-8
  0.000098 seconds (651 allocations: 42.953 KiB)
  0.038796 seconds (472.61 k allocations: 54.476 MiB, 14.53% gc time)
1.0975937536628066e-7
1.0975937536628066e-7
 51.145084 seconds (131.76 k allocations: 367.842 MiB, 0.15% gc time)
Finished order 1
loss std: NaN
magnitude: 5.487968768314033e-8
learning rate: 1.0975937536628067e-8
  0.002936 seconds (17.73 k allocations: 1.701 MiB)
  0.829314 seconds (12.01 M allocations: 1.159 GiB, 16.59% gc time)
1.097612752909427e-7
1.097612752909427e-7
0.4640762761432844
0.4640762761432844
1.4171159579134951e-8
1.4171159579134951e-8
168.832443 seconds (5.69 M allocations: 30.265 GiB, 1.62% gc time)
Finished order 2
loss std: 0.2679345271796363
4
magnitude: 9.914935900079413e-8
learning rate: 1.9829871800158827e-8
  0.000081 seconds (651 allocations: 42.953 KiB)
  0.036056 seconds (472.61 k allocations: 54.476 MiB, 10.76% gc time)
1.9829874020604876e-7
1.9829874020604876e-7
 51.031770 seconds (131.76 k allocations: 367.842 MiB, 0.25% gc time)
Finished order 1
loss std: NaN
magnitude: 9.914937010302438e-8
learning rate: 1.9829874020604876e-8
  0.002697 seconds (17.73 k allocations: 1.701 MiB)
  0.789046 seconds (12.01 M allocations: 1.159 GiB, 16.17% gc time)
1.9827936703631366e-7
1.9827936703631366e-7
0.4639608767325669
0.4639608767325669
2.560147516206257e-8
2.560147516206257e-8
170.801337 seconds (5.69 M allocations: 30.265 GiB, 1.65% gc time)
Finished order 2
loss std: 0.26786787244618393
4
magnitude: 1.7907053634358405e-7
learning rate: 3.581410726871681e-8
  0.000101 seconds (651 allocations: 42.953 KiB)
  0.039116 seconds (472.61 k allocations: 54.476 MiB, 16.39% gc time)
3.581411672781698e-7
3.581411672781698e-7
 49.949016 seconds (131.76 k allocations: 367.842 MiB, 0.31% gc time)
Finished order 1
loss std: NaN
magnitude: 1.790705836390849e-7
learning rate: 3.581411672781698e-8
  0.002661 seconds (17.73 k allocations: 1.701 MiB)
  0.846878 seconds (12.01 M allocations: 1.159 GiB, 16.91% gc time)
3.5820323807111976e-7
3.5820323807111976e-7
0.46383697724641837
0.4638369772464186
4.624101990202689e-8
4.624101990202689e-8
1.915922209771992e-8
1.915922209771992e-8
224.850520 seconds (7.59 M allocations: 40.347 GiB, 1.50% gc time)
Finished order 2
loss std: 0.23191841802268018
4
magnitude: 3.233276262282203e-7
learning rate: 6.466552524564406e-8
  0.000110 seconds (651 allocations: 42.953 KiB)
  0.042462 seconds (472.61 k allocations: 54.476 MiB, 19.48% gc time)
6.466554689499304e-7
6.466554689499304e-7
 50.782251 seconds (131.76 k allocations: 367.842 MiB, 0.08% gc time)
Finished order 1
loss std: NaN
magnitude: 3.233277344749652e-7
learning rate: 6.466554689499304e-8
  0.005247 seconds (17.73 k allocations: 1.701 MiB)
  1.366931 seconds (12.01 M allocations: 1.159 GiB, 43.79% gc time)
6.467082623862197e-7
6.467082623862197e-7
0.46364316425175023
0.46364316425175023
8.34845935715478e-8
8.34845935715478e-8
3.459483799428398e-8
3.459483799428398e-8
222.597060 seconds (7.59 M allocations: 40.347 GiB, 1.43% gc time)
Finished order 2
loss std: 0.23182145466142584
4
magnitude: 5.836657945845758e-7
learning rate: 1.1673315891691516e-7
  0.000098 seconds (651 allocations: 42.953 KiB)
  0.033147 seconds (472.61 k allocations: 54.476 MiB, 15.14% gc time)
1.1673321875793619e-6
1.1673321875793619e-6
 51.295663 seconds (131.76 k allocations: 367.842 MiB, 0.20% gc time)
Finished order 1
loss std: NaN
magnitude: 5.836660937896809e-7
learning rate: 1.1673321875793619e-7
  0.003715 seconds (17.73 k allocations: 1.701 MiB)
  0.821184 seconds (12.01 M allocations: 1.159 GiB, 17.68% gc time)
1.1671298197901692e-6
1.1671298197901692e-6
0.46334181682315645
0.46334181682315645
1.507513817111672e-7
1.507513817111672e-7
6.248209605264066e-8
6.248209605264066e-8
2.461541448450788e-8
2.461541448450788e-8
277.039106 seconds (9.49 M allocations: 50.428 GiB, 1.52% gc time)
Finished order 2
loss std: 0.2072126027661118
4
magnitude: 1.053411532947468e-6
learning rate: 2.1068230658949362e-7
  0.000079 seconds (651 allocations: 42.953 KiB)
  0.032615 seconds (472.61 k allocations: 54.476 MiB, 13.67% gc time)
2.10682565737752e-6
2.10682565737752e-6
 50.735334 seconds (131.76 k allocations: 367.842 MiB, 0.16% gc time)
Finished order 1
loss std: NaN
magnitude: 1.05341282868876e-6
learning rate: 2.10682565737752e-7
  0.002558 seconds (17.73 k allocations: 1.701 MiB)
  0.832885 seconds (12.01 M allocations: 1.159 GiB, 17.20% gc time)
2.107569532561193e-6
2.107569532561193e-6
0.4630338619849449
0.4630338619849449
2.7184870965424324e-7
2.7184870965424324e-7
1.1259392695972537e-7
1.1259392695972537e-7
4.438851952670575e-8
4.438851952670575e-8
277.561169 seconds (9.49 M allocations: 50.428 GiB, 1.59% gc time)
Finished order 2
loss std: 0.2070747546800645
4
magnitude: 1.900842359681132e-6
learning rate: 3.8016847193622637e-7
  0.000082 seconds (651 allocations: 42.953 KiB)
  0.037478 seconds (472.61 k allocations: 54.476 MiB, 13.95% gc time)
3.801692280203106e-6
3.801692280203106e-6
 51.034535 seconds (131.76 k allocations: 367.842 MiB, 0.28% gc time)
Finished order 1
loss std: NaN
magnitude: 1.900846140101553e-6
learning rate: 3.8016922802031063e-7
  0.003010 seconds (17.73 k allocations: 1.701 MiB)
  0.863900 seconds (12.01 M allocations: 1.159 GiB, 18.17% gc time)
3.7987639962544506e-6
3.7987639962544506e-6
0.4624968292381375
0.4624968292381375
4.907702266798708e-7
4.907702266798708e-7
2.0351130514129068e-7
2.0351130514129068e-7
8.031448528456053e-8
8.031448528456053e-8
3.8897201792842395e-8
3.8897201792842395e-8
8.962741326890011e-9
8.962741326890011e-9
8.539767781812202e-10
8.539767781812202e-10
437.333333 seconds (15.18 M allocations: 80.673 GiB, 1.47% gc time)
Finished order 2
loss std: 0.16351708867089193
4
magnitude: 3.4292755192177893e-6
learning rate: 6.858551038435578e-7
  0.000103 seconds (651 allocations: 42.953 KiB)
  0.042770 seconds (472.61 k allocations: 54.476 MiB, 14.40% gc time)
6.8585795179876285e-6
6.8585795179876285e-6
 50.801170 seconds (131.76 k allocations: 367.842 MiB, 0.19% gc time)
Finished order 1
loss std: NaN
magnitude: 3.4292897589938143e-6
learning rate: 6.858579517987629e-7
  0.003172 seconds (17.73 k allocations: 1.701 MiB)
  1.336930 seconds (12.01 M allocations: 1.159 GiB, 45.00% gc time)
6.857792538950136e-6
6.857792538950136e-6
0.461879387185097
0.461879387185097
8.8519421626021e-7
8.8519421626021e-7
3.668349178864716e-7
3.668349178864716e-7
1.439410169945532e-7
1.439410169945532e-7
1.8999693041088506e-8
1.8999693041088506e-8
1.808771427080913e-7
1.808771427080913e-7
6.602977942193888e-9
6.602977942193888e-9
436.287570 seconds (15.18 M allocations: 80.673 GiB, 1.43% gc time)
Finished order 2
loss std: 0.16329859609418362
4
magnitude: 6.1851817728664216e-6
learning rate: 1.2370363545732843e-6
  0.000100 seconds (651 allocations: 42.953 KiB)
  0.035514 seconds (472.61 k allocations: 54.476 MiB, 18.83% gc time)
1.2370455584109763e-5
1.2370455584109763e-5
 50.884951 seconds (131.76 k allocations: 367.842 MiB, 0.12% gc time)
Finished order 1
loss std: NaN
magnitude: 6.1852277920548815e-6
learning rate: 1.2370455584109762e-6
  0.002551 seconds (17.73 k allocations: 1.701 MiB)
  0.865719 seconds (12.01 M allocations: 1.159 GiB, 17.79% gc time)
1.2383488386169539e-5
1.2383488386169539e-5
0.4610046479131453
0.4610046479131453
1.5979877465710501e-6
1.5979877465710501e-6
6.621922989946682e-7
6.621922989946682e-7
2.5954924820492664e-7
2.5954924820492664e-7
6.881782033119066e-8
6.881782033119066e-8
1.3348204608298886e-7
1.3348204608298886e-7
1.159662754712798e-8
1.159662754712798e-8
2.330674875317129e-9
2.330674875317129e-9
492.836897 seconds (17.08 M allocations: 90.759 GiB, 1.54% gc time)
Finished order 2
loss std: 0.1536675860461825
4
magnitude: 1.1152490616783695e-5
learning rate: 2.230498123356739e-6
  0.000081 seconds (651 allocations: 42.953 KiB)
  0.033845 seconds (472.61 k allocations: 54.476 MiB, 13.66% gc time)
2.2305244066544994e-5
2.2305244066544994e-5
 51.189637 seconds (131.76 k allocations: 367.842 MiB, 0.11% gc time)
Finished order 1
loss std: NaN
magnitude: 1.1152622033272497e-5
learning rate: 2.2305244066544993e-6
  0.002724 seconds (17.73 k allocations: 1.701 MiB)
  0.863524 seconds (12.01 M allocations: 1.159 GiB, 16.48% gc time)
2.2290852244810644e-5
2.2290852244810644e-5
0.45979613542331554
0.45979613542331566
2.880218035405946e-6
2.880218035405946e-6
1.1943533066993695e-6
1.1943533066993695e-6
4.703578168063771e-7
4.703578168063771e-7
3.819608024313581e-7
3.819608024313581e-7
2.752895256197263e-8
2.752895256197263e-8
8.623362135473656e-9
8.623362135473656e-9
446.876808 seconds (15.18 M allocations: 80.695 GiB, 1.48% gc time)
Finished order 2
loss std: 0.16256110630718898
4
magnitude: 2.010125966878107e-5
learning rate: 4.0202519337562135e-6
  0.000101 seconds (651 allocations: 42.953 KiB)
  0.038408 seconds (472.61 k allocations: 54.476 MiB, 18.02% gc time)
4.020345370536749e-5
4.020345370536749e-5
0.5821729823803574
0.5821729823803574
4.020278959049328e-5
4.020278959049328e-5
161.458746 seconds (395.17 k allocations: 1.096 GiB, 0.57% gc time)
Finished order 1
loss std: 0.3360945168091209
magnitude: 2.010139479524664e-5
learning rate: 4.0202789590493285e-6
  0.002630 seconds (17.73 k allocations: 1.701 MiB)
  0.846875 seconds (12.01 M allocations: 1.159 GiB, 16.97% gc time)
4.0256236286673186e-5
4.0256236286673186e-5
0.4583896167241497
0.4583896167241497
5.194522128326717e-6
5.194522128326717e-6
2.1550859301555647e-6
2.1550859301555647e-6
8.467992262950474e-7
8.467992262950474e-7
7.004084484618645e-7
7.004084484618645e-7
5.226967003668648e-8
5.226967003668648e-8
1.6315706452552092e-8
1.6315706452552092e-8
447.458893 seconds (15.18 M allocations: 80.699 GiB, 1.50% gc time)
Finished order 2
loss std: 0.16206271771364586
4
magnitude: 3.6211978671263356e-5
learning rate: 7.242395734252671e-6
  0.000102 seconds (651 allocations: 42.953 KiB)
  0.037423 seconds (472.61 k allocations: 54.476 MiB, 16.29% gc time)
7.242660988993066e-5
7.242660988993066e-5
0.4459842696879568
0.4459842696879568
7.2424538986815e-5
7.2424538986815e-5
161.316483 seconds (395.17 k allocations: 1.096 GiB, 0.53% gc time)
Finished order 1
loss std: 0.25744732323378233
magnitude: 3.62122694934075e-5
learning rate: 7.2424538986815e-6
  0.002630 seconds (17.73 k allocations: 1.701 MiB)
  0.891961 seconds (12.01 M allocations: 1.159 GiB, 16.48% gc time)
7.242363597304013e-5
7.242363597304013e-5
0.45621938533754003
0.45621938533754003
9.356980630315093e-6
9.356980630315093e-6
3.887256568080311e-6
3.887256568080311e-6
1.6083927781851415e-6
1.6083927781851415e-6
1.7480269066671994e-6
1.7480269066671994e-6
7.791231565468237e-7
7.791231565468237e-7
1.7302637345117944e-7
1.7302637345117944e-7
2.867985771093373e-8
2.867985771093373e-8
6.490682880055942e-9
6.490682880055942e-9
560.774631 seconds (18.98 M allocations: 100.871 GiB, 1.48% gc time)
Finished order 2
loss std: 0.14426607606832292
4
magnitude: 6.518994188992044e-5
learning rate: 1.3037988377984089e-5
  0.000109 seconds (651 allocations: 42.953 KiB)
  0.043411 seconds (472.61 k allocations: 54.476 MiB, 18.23% gc time)
0.00013038974231438516
0.00013038974231438516
0.5330407669777166
0.5330407669777166
0.00013038227603379138
0.00013038227603379138
0.0001303806179161482
0.0001303806179161482
212.830663 seconds (526.84 k allocations: 1.455 GiB, 0.38% gc time)
Finished order 1
loss std: 0.2664551913828143
magnitude: 6.51903089580741e-5
learning rate: 1.3038061791614819e-5
  0.002790 seconds (17.73 k allocations: 1.701 MiB)
  0.888508 seconds (12.01 M allocations: 1.159 GiB, 17.01% gc time)
0.00013113664880570752
0.00013113664880570752
0.4534950173693294
0.4534950173693295
1.6870601977414523e-5
1.6870601977414523e-5
6.997245624584814e-6
6.997245624584814e-6
2.755849498825569e-6
2.755849498825569e-6
3.1824656171464127e-6
3.1824656171464127e-6
1.4431765175126898e-6
1.4431765175126898e-6
2.3169396468070147e-7
2.3169396468070147e-7
5.066117902963185e-8
5.066117902963185e-8
2.0182388316136723e-8
2.0182388316136723e-8
6.4566214597050475e-9
6.4566214597050475e-9
614.494255 seconds (20.88 M allocations: 110.957 GiB, 1.50% gc time)
Finished order 2
loss std: 0.13672899245799902
4
magnitude: 0.00011724547482272474
learning rate: 2.3449094964544948e-5
  0.000083 seconds (651 allocations: 42.953 KiB)
  0.035861 seconds (472.61 k allocations: 54.476 MiB, 14.81% gc time)
0.00023452412094282504
0.00023452412094282504
0.4185601887465109
0.4185601887465108
0.00023449557675747634
0.00023449557675747634
0.00023449220677429494
0.00023449220677429494
0.00023449147220189204
0.00023449147220189204
263.490008 seconds (658.51 k allocations: 1.815 GiB, 0.15% gc time)
Finished order 1
loss std: 0.1870809349768
magnitude: 0.00011724573610094602
learning rate: 2.3449147220189204e-5
  0.002893 seconds (17.73 k allocations: 1.701 MiB)
  0.890309 seconds (12.01 M allocations: 1.159 GiB, 17.38% gc time)
0.00023437842560691813
0.00023437842560691813
0.4496242923449665
0.44962429234496626
3.0289112686876507e-5
3.0289112686876507e-5
1.258571100448691e-5
1.258571100448691e-5
4.816696494325257e-6
4.816696494325257e-6
2.7479970753363503e-6
2.7479970753363503e-6
3.6591659002827015e-7
3.6591659002827015e-7
5.507021605399842e-8
5.507021605399842e-8
2.8155440201516058e-8
2.8155440201516058e-8
504.237097 seconds (17.08 M allocations: 90.785 GiB, 1.55% gc time)
Finished order 2
loss std: 0.14986289711551248
4
magnitude: 0.00021058957068365025
learning rate: 4.211791413673005e-5
  0.000081 seconds (651 allocations: 42.953 KiB)
  0.031519 seconds (472.61 k allocations: 54.476 MiB, 14.18% gc time)
0.0004213092199992774
0.0004213092199992774
0.5176307724446021
0.5176307724446021
0.00042120116788935125
0.00042120116788935125
0.00042118503629517967
0.00042118503629517967
0.00042118129292545436
0.00042118129292545436
0.000421180182086367
0.000421180182086367
313.574688 seconds (790.17 k allocations: 2.174 GiB, 0.13% gc time)
Finished order 1
loss std: 0.21114991911626024
magnitude: 0.0002105900910431835
learning rate: 4.21180182086367e-5
  0.003121 seconds (17.73 k allocations: 1.701 MiB)
  0.873195 seconds (12.01 M allocations: 1.159 GiB, 16.37% gc time)
0.00042221153500354713
0.00042221153500354713
0.44453597281920243
0.44453597281920243
5.4788153154960995e-5
5.4788153154960995e-5
2.281913841351013e-5
2.281913841351013e-5
9.081030474589191e-6
9.081030474589191e-6
8.298115053095856e-6
8.298115053095856e-6
4.152076454322362e-6
4.152076454322362e-6
8.155322700487133e-7
8.155322700487133e-7
1.8829317216528807e-7
1.8829317216528807e-7
5.260411239937923e-8
5.260411239937923e-8
2.5407694947965354e-8
2.5407694947965354e-8
616.902847 seconds (20.88 M allocations: 110.957 GiB, 1.59% gc time)
Finished order 2
loss std: 0.13401694466583575
4
magnitude: 0.0003775434328396887
learning rate: 7.550868656793774e-5
  0.000101 seconds (651 allocations: 42.953 KiB)
  0.039010 seconds (472.61 k allocations: 54.476 MiB, 17.45% gc time)
0.0007554562412220855
0.0007554562412220855
0.5396018843789618
0.5396018843789618
0.0007551601977863198
0.0007551601977863198
0.0007551048234065716
0.0007551048234065716
0.0007550931737102529
0.0007550931737102529
0.0007550900037524011
0.0007550900037524011
0.0007550882772413559
0.0007550882772413559
365.259099 seconds (921.84 k allocations: 2.533 GiB, 0.31% gc time)
Finished order 1
loss std: 0.20366491615170088
magnitude: 0.0003775441386206779
learning rate: 7.550882772413558e-5
  0.002572 seconds (17.73 k allocations: 1.701 MiB)
  0.843946 seconds (12.01 M allocations: 1.159 GiB, 17.86% gc time)
0.0007573505449357532
0.0007573505449357532
0.43859795192464757
0.43859795192464757
9.752177868893597e-5
9.752177868893597e-5
4.073388109582243e-5
4.073388109582243e-5
1.847263537158028e-5
1.847263537158028e-5
8.686959249493142e-6
8.686959249493142e-6
2.0381229459687233e-6
2.0381229459687233e-6
4.3335457400317523e-7
4.3335457400317523e-7
8.864125644603149e-8
8.864125644603149e-8
2.878995053468003e-8
2.878995053468003e-8
1.8431520865114237e-8
1.8431520865114237e-8
9.164298875319332e-9
9.164298875319332e-9
669.046646 seconds (22.78 M allocations: 121.047 GiB, 1.45% gc time)
Finished order 2
loss std: 0.12658821998386885
4
magnitude: 0.0006750532045536328
learning rate: 0.00013501064091072656
  0.000085 seconds (651 allocations: 42.953 KiB)
  0.038817 seconds (472.61 k allocations: 54.476 MiB, 12.64% gc time)
0.001351181601738638
0.001351181601738638
0.48652030530866275
0.48652030530866275
0.001350279028497825
0.001350279028497825
0.0013501618410522997
0.0013501618410522997
0.001350128485925639
0.001350128485925639
0.0013501190232757532
0.0013501190232757532
0.0013501126518700168
0.0013501126518700168
0.0013501085244101985
0.0013501085244101985
0.0013501078981853487
0.0013501078981853487
467.222687 seconds (1.19 M allocations: 3.251 GiB, 0.40% gc time)
Finished order 1
loss std: 0.16172334347596976
magnitude: 0.0006750539490926744
learning rate: 0.00013501078981853487
  0.002501 seconds (17.73 k allocations: 1.701 MiB)
  0.810683 seconds (12.01 M allocations: 1.159 GiB, 17.64% gc time)
0.0013489075163605202
0.0013489075163605202
0.42868235970648805
0.42868235970648805
0.00017773605513005108
0.00017773605513005108
7.511064880805218e-5
7.511064880805218e-5
4.1089785704828685e-5
4.1089785704828685e-5
1.534705779482337e-5
1.534705779482337e-5
5.445188591690631e-6
5.445188591690631e-6
4.857181709061464e-7
4.857181709061464e-7
1.0455493262284676e-6
1.0455493262284676e-6
1.2109613212185621e-7
1.2109613212185621e-7
8.01473090117355e-8
8.01473090117355e-8
3.259623870821571e-8
3.259623870821571e-8
671.362364 seconds (22.78 M allocations: 121.047 GiB, 1.51% gc time)
Finished order 2
loss std: 0.12370682276096791
4
magnitude: 0.0012023469288179323
learning rate: 0.00024046938576358646
  0.000188 seconds (651 allocations: 42.953 KiB)
  0.047341 seconds (472.61 k allocations: 54.476 MiB, 14.09% gc time)
0.002409372125099396
0.002409372125099396
0.5800608213456583
0.5800608213456582
0.002405683260203517
0.002405683260203517
0.002404939939527395
0.002404939939527395
0.002404772366060959
0.002404772366060959
0.002404728130569578
0.002404728130569578
0.002404713747930942
0.002404713747930942
0.002404700456623776
0.002404700456623776
0.002404697101078601
0.002404697101078601
0.002404694318997924
0.002404694318997924
518.613256 seconds (1.32 M allocations: 3.610 GiB, 0.37% gc time)
Finished order 1
loss std: 0.18267069391550286
magnitude: 0.001202347159498962
learning rate: 0.00024046943189979242
  0.002783 seconds (17.73 k allocations: 1.701 MiB)
  0.858256 seconds (12.01 M allocations: 1.159 GiB, 17.77% gc time)
0.002421172254721271
0.002421172254721271
0.41749074225168725
0.41749074225168725
0.00031265092415433404
0.00031265092415433404
0.00013175397403308864
0.00013175397403308864
7.963601931160191e-5
7.963601931160191e-5
3.231257936575638e-5
3.231257936575638e-5
1.301620395721681e-5
1.301620395721681e-5
9.668539308060886e-7
9.668539308060886e-7
3.387398033183331e-7
3.387398033183331e-7
9.582829951781946e-8
9.582829951781946e-8
6.976129374169915e-8
6.976129374169915e-8
3.209798771219852e-8
3.209798771219852e-8
7.219006392666927e-9
7.219006392666927e-9
1.9944519591419407e-8
1.9944519591419407e-8
3.4370020163265735e-9
3.4370020163265735e-9
839.669671 seconds (28.47 M allocations: 151.305 GiB, 1.54% gc time)
Finished order 2
loss std: 0.10774223580023613
4
magnitude: 0.0021294015845561565
learning rate: 0.0004258803169112313
  0.000084 seconds (651 allocations: 42.953 KiB)
  0.037173 seconds (472.61 k allocations: 54.476 MiB, 11.31% gc time)
0.004270379355234666
0.004270379355234666
0.46388510315349685
0.46388510315349685
0.0042604932773916415
0.0042604932773916415
0.004259370065176515
0.004259370065176515
0.0042590089917573515
0.0042590089917573515
0.004258922491077732
0.004258922491077732
0.004258855390696925
0.004258855390696925
0.004258823171978787
0.004258823171978787
0.004258814723744675
0.004258814723744675
0.0042588052031976575
0.0042588052031976575
0.004258804256166204
0.004258804256166204
570.578393 seconds (1.45 M allocations: 3.974 GiB, 0.26% gc time)
Finished order 1
loss std: 0.13858211424378575
magnitude: 0.002129402128083102
learning rate: 0.0004258804256166204
  0.002793 seconds (17.73 k allocations: 1.701 MiB)
  0.844473 seconds (12.01 M allocations: 1.159 GiB, 17.68% gc time)
0.004270621112282824
0.004270621112282824
0.4048315475506994
0.4048315475506994
0.0005545147846399701
0.0005545147846399701
0.00023751503326163714
0.00023751503326163714
0.00013660783010638333
0.00013660783010638333
5.5798538420304133e-5
5.5798538420304133e-5
2.1848664913060034e-5
2.1848664913060034e-5
1.4564820276508073e-6
1.4564820276508073e-6
1.6484399368854596e-6
1.6484399368854596e-6
6.23129050802973e-7
6.23129050802973e-7
2.5461925889924686e-7
2.5461925889924686e-7
1.5145695531071368e-7
1.5145695531071368e-7
6.882170733302218e-8
6.882170733302218e-8
1.5118571061734087e-8
1.5118571061734087e-8
3.1972253400347483e-8
3.1972253400347483e-8
5.3175959191520406e-9
5.3175959191520406e-9
916.711999 seconds (30.37 M allocations: 161.447 GiB, 1.48% gc time)
Finished order 2
loss std: 0.10112539382082296
4
magnitude: 0.0037396749347005653
learning rate: 0.0007479349869401131
  0.000102 seconds (651 allocations: 42.953 KiB)
  0.042104 seconds (472.61 k allocations: 54.476 MiB, 16.83% gc time)
0.007512271712983076
0.007512271712983076
0.43157619072353703
0.43157619072353703
0.007483693567269856
0.007483693567269856
0.007480871727174931
0.007480871727174931
0.007479899061234807
0.007479899061234807
0.007479714205964161
0.007479714205964161
0.00747950323136648
0.00747950323136648
0.007479410698497446
0.007479410698497446
0.007479384777294262
0.007479384777294262
0.007479355972567658
0.007479355972567658
0.007479352171073428
0.007479352171073428
0.007479350394438478
0.007479350394438478
624.443158 seconds (1.58 M allocations: 4.337 GiB, 0.38% gc time)
Finished order 1
loss std: 0.12242516432071276
magnitude: 0.003739675197219239
learning rate: 0.0007479350394438477
  0.002803 seconds (17.73 k allocations: 1.701 MiB)
  0.859399 seconds (12.01 M allocations: 1.159 GiB, 17.55% gc time)
0.007733082475327002
0.007733082475327002
0.38140908988777555
0.38140908988777555
0.0010356464091466622
0.0010356464091466622
0.0004377939353230609
0.0004377939353230609
0.0002372777482843036
0.0002372777482843036
0.00010366373082437708
0.00010366373082437708
3.627033145570113e-5
3.627033145570113e-5
2.9122733062880712e-6
2.9122733062880712e-6
3.781344783848617e-6
3.781344783848617e-6
1.0387791683497127e-6
1.0387791683497127e-6
4.927466261683833e-7
4.927466261683833e-7
2.7669954505427086e-7
2.7669954505427086e-7
1.2624240175451718e-7
1.2624240175451718e-7
2.694438960837431e-8
2.694438960837431e-8
6.967994747864026e-8
6.967994747864026e-8
1.2468754806427285e-8
1.2468754806427285e-8
914.891408 seconds (30.37 M allocations: 161.452 GiB, 1.48% gc time)
Finished order 2
loss std: 0.09521165481849571
4
magnitude: 0.006485972062052592
learning rate: 0.0012971944124105183
  0.000116 seconds (651 allocations: 42.953 KiB)
  0.043813 seconds (472.61 k allocations: 54.476 MiB, 18.17% gc time)
0.013058207335823191
0.013058207335823191
0.4699289791815844
0.4699289791815844
0.01298681468196572
0.01298681468196572
0.012976573533320379
0.012976573533320379
0.01297383685612108
0.01297383685612108
0.012972998632528654
0.012972998632528654
0.012972414065128501
0.012972414065128501
0.012972159163299968
0.012972159163299968
0.012972004433379314
0.012972004433379314
0.012971955726007511
0.012971955726007511
0.012971950552905898
0.012971950552905898
0.012971945620573577
0.012971945620573577
0.012971945014199293
0.012971945014199293
680.213183 seconds (1.71 M allocations: 4.710 GiB, 0.32% gc time)
Finished order 1
loss std: 0.12673455043810292
magnitude: 0.006485972507099647
learning rate: 0.0012971945014199292
  0.002773 seconds (17.73 k allocations: 1.701 MiB)
  0.860524 seconds (12.01 M allocations: 1.159 GiB, 17.55% gc time)
0.01344002640875619
0.01344002640875619
0.3615277852203971
0.3615277852203971
0.001743281756110493
0.001743281756110493
0.00075695587760094
0.00075695587760094
0.0003804875642789973
0.0003804875642789973
0.00017557379006305496
0.00017557379006305496
5.0444331752053095e-5
5.0444331752053095e-5
5.8358614768438954e-6
5.8358614768438954e-6
6.4865363809119e-6
6.4865363809119e-6
1.4742380611831862e-6
1.4742380611831862e-6
8.748907608380208e-7
8.748907608380208e-7
5.084467609162147e-7
5.084467609162147e-7
2.3058032139200435e-7
2.3058032139200435e-7
4.830486832752001e-8
4.830486832752001e-8
1.4088563426994938e-7
1.4088563426994938e-7
2.256084496998767e-8
2.256084496998767e-8
1.4222975908140256e-8
1.4222975908140256e-8
980.305239 seconds (32.27 M allocations: 171.546 GiB, 1.53% gc time)
Finished order 2
loss std: 0.08749207517958608
4
magnitude: 0.010554494054404895
learning rate: 0.002110898810880979
  0.000102 seconds (651 allocations: 42.953 KiB)
  0.034906 seconds (472.61 k allocations: 54.476 MiB, 18.07% gc time)
0.021455929769680915
0.021455929769680915
0.5237158107555575
0.5237158107555578
0.021173427152871183
0.021173427152871183
0.021128444466820162
0.021128444466820162
0.02111701401136512
0.02111701401136512
0.021112299612552232
0.021112299612552232
0.021110527521907674
0.021110527521907674
0.02110963848563263
0.02110963848563263
0.02110922770686896
0.02110922770686896
0.02110906917095834
0.02110906917095834
0.021109042486356366
0.021109042486356366
0.021109009744997853
0.021109009744997853
0.021108999285842867
0.021108999285842867
0.021108990886138268
0.021108990886138268
0.021108992001624194
0.021108992001624194
0.02110898903356173
0.02110898903356173
835.966664 seconds (2.11 M allocations: 5.796 GiB, 0.27% gc time)
Finished order 1
loss std: 0.12564432232416073
magnitude: 0.010554494516780866
learning rate: 0.0021108989033561732
  0.002786 seconds (17.73 k allocations: 1.701 MiB)
  0.870221 seconds (12.01 M allocations: 1.159 GiB, 18.07% gc time)
0.022831541623478002
0.022831541623478002
0.33367609307631463
0.33367609307631463
0.0031058408464933462
0.0031058408464933462
0.0013421021258276378
0.0013421021258276378
0.0006099458795273405
0.0006099458795273405
0.0002619595440771505
0.0002619595440771505
6.270392639007305e-5
6.270392639007305e-5
1.9546058115493814e-5
1.9546058115493814e-5
3.962666610290988e-6
3.962666610290988e-6
1.5074753543231623e-6
1.5074753543231623e-6
1.0068519857853175e-6
1.0068519857853175e-6
2.506926405354548e-7
2.506926405354548e-7
1.3903379347812717e-7
1.3903379347812717e-7
3.1040730652520665e-8
3.1040730652520665e-8
2.244824126584888e-8
2.244824126584888e-8
865.434955 seconds (28.47 M allocations: 151.366 GiB, 1.55% gc time)
Finished order 2
loss std: 0.0858323376443248
4
magnitude: 0.011042505886938558
learning rate: 0.0022085011773877116
  0.000098 seconds (651 allocations: 42.953 KiB)
  0.036415 seconds (472.61 k allocations: 54.476 MiB, 15.91% gc time)
0.02239485337179803
0.02239485337179803
0.6166373145175499
0.6166373145175501
0.02216681444171198
0.02216681444171198
0.02210954671226184
0.02210954671226184
0.02208997701361315
0.02208997701361315
0.022087540969164987
0.022087540969164987
0.022086454257531418
0.022086454257531418
0.022085736961268032
0.022085736961268032
0.022085328409907512
0.022085328409907512
0.022085064811803168
0.022085064811803168
0.022085135524783084
0.022085135524783084
0.022085026169069488
0.022085026169069488
0.02208501527353357
0.02208501527353357
0.022085013900332573
0.022085013900332573
745.146052 seconds (1.84 M allocations: 5.103 GiB, 0.32% gc time)
Finished order 1
loss std: 0.15889204320180972
magnitude: 0.011042506950166286
learning rate: 0.0022085013900332573
  0.002689 seconds (17.73 k allocations: 1.701 MiB)
  0.860321 seconds (12.01 M allocations: 1.159 GiB, 18.29% gc time)
0.024236937609498854
0.024236937609498854
0.3324365727659271
0.3324365727659271
0.003449143386658249
0.003449143386658249
0.0016432331007106837
0.0016432331007106837
0.0007839222401139212
0.0007839222401139212
0.0003673410510889319
0.0003673410510889319
7.922870410637106e-5
7.922870410637106e-5
7.58835884143716e-5
7.58835884143716e-5
1.821603552920603e-5
1.821603552920603e-5
4.37858444912731e-6
4.37858444912731e-6
2.389825517701283e-6
2.389825517701283e-6
1.0548643798458102e-6
1.0548643798458102e-6
6.65247721687301e-7
6.65247721687301e-7
2.228474851317941e-7
2.228474851317941e-7
1.248951078114402e-7
1.248951078114402e-7
5.973994554597795e-8
5.973994554597795e-8
5.03076026392435e-8
5.03076026392435e-8
2.148037558935556e-8
2.148037558935556e-8
1036.560802 seconds (34.17 M allocations: 181.637 GiB, 1.50% gc time)
Finished order 2
loss std: 0.0781372665402032
4
magnitude: 0.01394134858266266
learning rate: 0.002788269716532532
  0.000088 seconds (651 allocations: 42.953 KiB)
  0.042989 seconds (472.61 k allocations: 54.476 MiB, 11.32% gc time)
0.028316577124010034
0.028316577124010034
0.4580947931455276
0.4580947931455277
0.027950176803987814
0.027950176803987814
0.027900582321914058
0.027900582321914058
0.02788786212679728
0.02788786212679728
0.02788521793154297
0.02788521793154297
0.02788359834678733
0.02788359834678733
0.027883140484973312
0.027883140484973312
0.027882909743128237
0.027882909743128237
0.0278827956899943
0.0278827956899943
0.02788271255105912
0.02788271255105912
0.02788272708781314
0.02788272708781314
0.02788270161449702
0.02788270161449702
0.027882699247851805
0.027882699247851805
744.807108 seconds (1.84 M allocations: 5.103 GiB, 0.34% gc time)
Finished order 1
loss std: 0.1149682084525675
magnitude: 0.013941349623925903
learning rate: 0.0027882699247851806
  0.002960 seconds (17.73 k allocations: 1.701 MiB)
  0.852117 seconds (12.01 M allocations: 1.159 GiB, 17.40% gc time)
0.02914260195021101
0.02914260195021101
0.3188693419661781
0.3188693419661781
0.004103356922374846
0.004103356922374846
0.0018459968547881456
0.0018459968547881456
0.0008282946184217099
0.0008282946184217099
0.00034803735441024664
0.00034803735441024664
5.956949136853851e-5
5.956949136853851e-5
2.7918973749652132e-5
2.7918973749652132e-5
4.2692965462887145e-6
4.2692965462887145e-6
2.9684480997715923e-6
2.9684480997715923e-6
1.1912535903269017e-6
1.1912535903269017e-6
6.441823853231554e-7
6.441823853231554e-7
2.0742002126983294e-7
2.0742002126983294e-7
1.262355181497199e-7
1.262355181497199e-7
6.564542309739352e-8
6.564542309739352e-8
5.3994867466045093e-8
5.3994867466045093e-8
1.7784483774541116e-8
1.7784483774541116e-8
1.2427455398089648e-8
1.2427455398089648e-8
1035.510425 seconds (34.17 M allocations: 181.637 GiB, 1.56% gc time)
Finished order 2
loss std: 0.07496562221105656
4
magnitude: 0.01759348282643325
learning rate: 0.00351869656528665
  0.000114 seconds (651 allocations: 42.953 KiB)
  0.046455 seconds (472.61 k allocations: 54.476 MiB, 17.72% gc time)
0.03594351863684442
0.03594351863684442
0.5059730415871961
0.5059730415871961
0.03534276313697071
0.03534276313697071
0.03523073257279885
0.03523073257279885
0.03520586869919051
0.03520586869919051
0.03519597663778762
0.03519597663778762
0.0351936841368613
0.0351936841368613
0.035189687576286266
0.035189687576286266
0.03518789591754656
0.03518789591754656
0.03518839006358965
0.03518839006358965
0.03518742216187265
0.03518742216187265
0.035187047068020005
0.035187047068020005
0.03518700236331218
0.03518700236331218
0.03518697894797307
0.03518697894797307
0.03518698166742207
0.03518698166742207
0.03518697267967741
0.03518697267967741
0.03518696696155754
0.03518696696155754
905.520525 seconds (2.24 M allocations: 6.194 GiB, 0.33% gc time)
Finished order 1
loss std: 0.11416743767918952
magnitude: 0.01759348348077877
learning rate: 0.003518696696155754
  0.002816 seconds (17.73 k allocations: 1.701 MiB)
  0.877003 seconds (12.01 M allocations: 1.159 GiB, 17.76% gc time)
0.03756181312238993
0.03756181312238993
0.29858771161841446
0.29858771161841446
0.005423771413075151
0.005423771413075151
0.0023025865087417108
0.0023025865087417108
0.0009267687338616604
0.0009267687338616604
0.00030405193337124103
0.00030405193337124103
0.0001360969939453449
0.0001360969939453449
1.780722802635637e-5
1.780722802635637e-5
1.1352248605933646e-5
1.1352248605933646e-5
4.790579746782875e-6
4.790579746782875e-6
2.7999247101950786e-6
2.7999247101950786e-6
1.3742644967562612e-6
1.3742644967562612e-6
8.217341957994506e-7
8.217341957994506e-7
3.964299492009715e-7
3.964299492009715e-7
2.6083274495825037e-7
2.6083274495825037e-7
1.225295387374814e-7
1.225295387374814e-7
8.301212417460846e-8
8.301212417460846e-8
5.541773717698817e-8
5.541773717698817e-8
4.3496308665957883e-8
4.3496308665957883e-8
2.635206053369643e-8
2.635206053369643e-8
1180.961412 seconds (37.96 M allocations: 201.895 GiB, 1.49% gc time)
Finished order 2
loss std: 0.06674389092979784
4
magnitude: 0.018300893982058863
learning rate: 0.0036601787964117725
  0.000085 seconds (651 allocations: 42.953 KiB)
  0.041238 seconds (472.61 k allocations: 54.476 MiB, 12.77% gc time)
0.03761835310378314
0.03761835310378314
0.5802066991117412
0.5802066991117412
0.036846985593854686
0.036846985593854686
0.03666948049555274
0.03666948049555274
0.03661611759415939
0.03661611759415939
0.036607524838503824
0.036607524838503824
0.03660484859358559
0.03660484859358559
0.0366039859097369
0.0366039859097369
0.0366024511620926
0.0366024511620926
0.03660198484718802
0.03660198484718802
0.03660188044338841
0.03660188044338841
0.036601800631587134
0.036601800631587134
0.03660179649058215
0.03660179649058215
0.036601792368857855
0.036601792368857855
0.036601789314559485
0.036601789314559485
0.03660178922479851
0.03660178922479851
0.03660178847517537
0.03660178847517537
906.200773 seconds (2.24 M allocations: 6.194 GiB, 0.34% gc time)
Finished order 1
loss std: 0.1318232387607612
magnitude: 0.018300894237587684
learning rate: 0.0036601788475175367
  0.002821 seconds (17.73 k allocations: 1.701 MiB)
  0.868290 seconds (12.01 M allocations: 1.159 GiB, 18.07% gc time)
0.04201568652794274
0.04201568652794274
0.2867502380833228
0.2867502380833228
0.005851198514801537
0.005851198514801537
0.0027287563059874564
0.0027287563059874564
0.0011779984080361183
0.0011779984080361183
0.000488477828905487
0.000488477828905487
0.00010652543807443404
0.00010652543807443404
3.296741573832751e-5
3.296741573832751e-5
7.579555165837526e-6
7.579555165837526e-6
4.951336373570925e-6
4.951336373570925e-6
1.792892609930874e-6
1.792892609930874e-6
8.915369638096138e-7
8.915369638096138e-7
2.9349591623706317e-7
2.9349591623706317e-7
1.909943592171004e-7
1.909943592171004e-7
1.0207187151056729e-7
1.0207187151056729e-7
1.2572042540348605e-7
1.2572042540348605e-7
7.812250379934937e-8
7.812250379934937e-8
5.987712281552149e-8
5.987712281552149e-8
1065.500614 seconds (34.17 M allocations: 181.706 GiB, 1.51% gc time)
Finished order 2
loss std: 0.06758154641527976
4
magnitude: 0.021445623792518687
learning rate: 0.004289124758503737
  0.000110 seconds (651 allocations: 42.953 KiB)
  0.039735 seconds (472.61 k allocations: 54.476 MiB, 13.17% gc time)
0.044076453069877286
0.044076453069877286
0.5703792363149646
0.5703792363149646
0.04317255281487398
0.04317255281487398
0.04295892968971726
0.04295892968971726
0.042913703859421504
0.042913703859421504
0.04290188976604803
0.04290188976604803
0.042896512763209715
0.042896512763209715
0.04289356223756946
0.04289356223756946
0.04289210156221235
0.04289210156221235
0.04289163965251175
0.04289163965251175
0.04289142424409842
0.04289142424409842
0.04289134328112365
0.04289134328112365
0.04289127508473922
0.04289127508473922
0.042891265052123595
0.042891265052123595
0.04289124916368414
0.04289124916368414
797.681939 seconds (1.98 M allocations: 5.467 GiB, 0.42% gc time)
Finished order 1
loss std: 0.13616808318438467
magnitude: 0.02144562458184207
learning rate: 0.004289124916368414
  0.002554 seconds (17.73 k allocations: 1.701 MiB)
  0.881960 seconds (12.01 M allocations: 1.159 GiB, 18.16% gc time)
0.050213954190826304
0.050213954190826304
0.27611681348571604
0.27611681348571604
0.00736617895797953
0.00736617895797953
0.003523128386003771
0.003523128386003771
0.0016170412065181772
0.0016170412065181772
0.0006471326137520439
0.0006471326137520439
0.00015257009542546385
0.00015257009542546385
0.00015009031576684873
0.00015009031576684873
3.916559992467317e-5
3.916559992467317e-5
1.0452963058793507e-5
1.0452963058793507e-5
6.553878580839445e-6
6.553878580839445e-6
2.8226472186254625e-6
2.8226472186254625e-6
2.3806341876708714e-6
2.3806341876708714e-6
1.0101210691226825e-6
1.0101210691226825e-6
6.783696976375708e-7
6.783696976375708e-7
3.9430172260601637e-7
3.9430172260601637e-7
2.0422054314295224e-7
2.0422054314295224e-7
3.1316951987214736e-7
3.1316951987214736e-7
1.4943480974860535e-7
1.4943480974860535e-7
1.2071744837083287e-7
1.2071744837083287e-7
1.0170090392058739e-7
1.0170090392058739e-7
8.464951828379697e-8
8.464951828379697e-8
9.441806614329806e-8
9.441806614329806e-8
8.130042605802856e-8
8.130042605802856e-8
1418.085858 seconds (45.56 M allocations: 242.274 GiB, 1.49% gc time)
Finished order 2
loss std: 0.0003793959755152197
4
magnitude: 0.025439682364652272
learning rate: 0.005087936472930455
  0.000121 seconds (651 allocations: 42.953 KiB)
  0.048199 seconds (472.61 k allocations: 54.476 MiB, 16.54% gc time)
0.05215776324548316
0.05215776324548316
0.4698340901337381
0.4698340901337381
0.05115867671117835
0.05115867671117835
0.05095009376694959
0.05095009376694959
0.050913108179324484
0.050913108179324484
0.05090029816538322
0.05090029816538322
0.050889547697903326
0.050889547697903326
0.05088396827282482
0.05088396827282482
0.05088024483944409
0.05088024483944409
0.05087972722163092
0.05087972722163092
0.05087945710495034
0.05087945710495034
0.05087947487154465
0.05087947487154465
0.050879409914377005
0.050879409914377005
0.050879377552069394
0.050879377552069394
0.050879370594322015
0.050879370594322015
0.0508793667195635
0.0508793667195635
0.0508793655893196
0.0508793655893196
904.135421 seconds (2.24 M allocations: 6.194 GiB, 0.34% gc time)
Finished order 1
loss std: 0.10158615893121152
magnitude: 0.0254396827946598
learning rate: 0.00508793655893196
  0.002820 seconds (17.73 k allocations: 1.701 MiB)
  0.856204 seconds (12.01 M allocations: 1.159 GiB, 17.95% gc time)
0.057488124855992306
0.057488124855992306
0.26461486594136574
0.26461486594136574
0.008627676776868265
0.008627676776868265
0.003754559220806364
0.003754559220806364
0.001574845776170175
0.001574845776170175
0.0005905154839052074
0.0005905154839052074
0.00012644476437129182
0.00012644476437129182
3.4381658624238476e-5
3.4381658624238476e-5
8.94179676136364e-6
8.94179676136364e-6
5.796292927073843e-6
5.796292927073843e-6
1.99535829437103e-6
1.99535829437103e-6
1.8123507284917295e-6
1.8123507284917295e-6
5.94673885578878e-7
5.94673885578878e-7
3.560029241400642e-7
3.560029241400642e-7
1.9918481908298702e-7
1.9918481908298702e-7
1.1729428495144134e-7
1.1729428495144134e-7
1.3415200694755214e-7
1.3415200694755214e-7
9.010700741107769e-8
9.010700741107769e-8
7.664493462122834e-8
7.664493462122834e-8
1124.206005 seconds (36.06 M allocations: 191.805 GiB, 1.51% gc time)
Finished order 2
loss std: 0.06121272129265187
4
magnitude: 0.029211963412378583
learning rate: 0.005842392682475717
  0.000080 seconds (651 allocations: 42.953 KiB)
  0.037553 seconds (472.61 k allocations: 54.476 MiB, 17.63% gc time)
0.060336466723586946
0.060336466723586946
0.49714393306823135
0.49714393306823135
0.05884029577609895
0.05884029577609895
0.05853438758876184
0.05853438758876184
0.05846787184964486
0.05846787184964486
0.05844531893464511
0.05844531893464511
0.058435532890744324
0.058435532890744324
0.05842941697619264
0.05842941697619264
0.05842571609913283
0.05842571609913283
0.058424385007034396
0.058424385007034396
0.05842407977643316
0.05842407977643316
0.058424014687880166
0.058424014687880166
0.05842395571027592
0.05842395571027592
0.05842394195447442
0.05842394195447442
0.058423929498876204
0.058423929498876204
801.209534 seconds (1.98 M allocations: 5.471 GiB, 0.30% gc time)
Finished order 1
loss std: 0.11323153220326616
magnitude: 0.029211964749438102
learning rate: 0.00584239294988762
  0.002698 seconds (17.73 k allocations: 1.701 MiB)
  0.834280 seconds (12.01 M allocations: 1.159 GiB, 18.06% gc time)
0.06830292253564318
0.06830292253564318
0.2443271605761541
0.2443271605761541
0.009615718418027108
0.009615718418027108
0.00420714293113944
0.00420714293113944
0.0016718450532906548
0.0016718450532906548
0.0006348980511700075
0.0006348980511700075
0.00014888680466418336
0.00014888680466418336
3.594884870927739e-5
3.594884870927739e-5
1.674504135062982e-5
1.674504135062982e-5
9.984883022839952e-6
9.984883022839952e-6
3.94084328991795e-6
3.94084328991795e-6
4.647039411054266e-6
4.647039411054266e-6
2.4402183880223305e-6
2.4402183880223305e-6
1.4284571998590678e-6
1.4284571998590678e-6
7.988210423137687e-7
7.988210423137687e-7
5.43849673628749e-7
5.43849673628749e-7
3.2351053780299566e-7
3.2351053780299566e-7
2.091962562067451e-7
2.091962562067451e-7
1.2667822435474818e-7
1.2667822435474818e-7
9.375990850379878e-8
9.375990850379878e-8
7.567541460140603e-8
7.567541460140603e-8
1245.145561 seconds (39.86 M allocations: 211.994 GiB, 1.53% gc time)
Finished order 2
loss std: 0.05448870732265443
4
magnitude: 0.02952502444898686
learning rate: 0.005905004889797371
  0.000095 seconds (651 allocations: 42.953 KiB)
  0.038038 seconds (472.61 k allocations: 54.476 MiB, 15.81% gc time)
0.06077920329640607
0.06077920329640607
0.5171876281505073
0.5171876281505073
0.05942225917892785
0.05942225917892785
0.059134078772266285
0.059134078772266285
0.059081631785449895
0.059081631785449895
0.05906717294963293
0.05906717294963293
0.059058985890008686
0.059058985890008686
0.0590542222892797
0.0590542222892797
0.05905134125432432
0.05905134125432432
0.059050236862279504
0.059050236862279504
0.05905046206992104
0.05905046206992104
0.05905012844591684
0.05905012844591684
0.05905009888153534
0.05905009888153534
0.05905007438480214
0.05905007438480214
0.05905005996108692
0.05905005996108692
0.059050054053267576
0.059050054053267576
0.059050051222936495
0.059050051222936495
903.536558 seconds (2.24 M allocations: 6.194 GiB, 0.25% gc time)
Finished order 1
loss std: 0.11108138204940074
magnitude: 0.029525025611468247
learning rate: 0.00590500512229365
  0.002864 seconds (17.73 k allocations: 1.701 MiB)
  0.883871 seconds (12.01 M allocations: 1.159 GiB, 17.61% gc time)
0.07063728102537081
0.07063728102537081
0.2387055779177012
0.2387055779177012
0.010631359907849136
0.010631359907849136
0.004472942620265097
0.004472942620265097
0.0016357957055854744
0.0016357957055854744
0.0006409573827997894
0.0006409573827997894
0.0001431817832339144
0.0001431817832339144
3.4266934250237746e-5
3.4266934250237746e-5
1.432573197635012e-5
1.432573197635012e-5
7.304139549746402e-6
7.304139549746402e-6
4.119091037591005e-6
4.119091037591005e-6
2.3568093627801545e-6
2.3568093627801545e-6
1.4872809659394193e-6
1.4872809659394193e-6
9.677142319697296e-7
9.677142319697296e-7
7.931839968167154e-7
7.931839968167154e-7
5.957636649567277e-7
5.957636649567277e-7
4.2474520922652914e-7
4.2474520922652914e-7
3.422451193557663e-7
3.422451193557663e-7
2.957838870498719e-7
2.957838870498719e-7
2.7681865832906993e-7
2.7681865832906993e-7
2.636913907227978e-7
2.636913907227978e-7
1244.811779 seconds (39.86 M allocations: 211.994 GiB, 1.56% gc time)
Finished order 2
loss std: 0.05322844049912416
4
magnitude: 0.03365834210158497
learning rate: 0.006731668420316994
  0.000100 seconds (651 allocations: 42.953 KiB)
  0.037101 seconds (472.61 k allocations: 54.476 MiB, 16.90% gc time)
0.06931393449350087
0.06931393449350087
0.4786133398389304
0.4786133398389306
0.0676747976930453
0.0676747976930453
0.06740500417690476
0.06740500417690476
0.06735189777886219
0.06735189777886219
0.06733407188098961
0.06733407188098961
0.0673288094924992
0.0673288094924992
0.06732143728237083
0.06732143728237083
0.06731816942887137
0.06731816942887137
0.06731745709619108
0.06731745709619108
0.06731681654680888
0.06731681654680888
0.06731675182270735
0.06731675182270735
0.0673167109049645
0.0673167109049645
0.06731669598673329
0.06731669598673329
0.06731668890303533
0.06731668890303533
0.06731668761585063
0.06731668761585063
852.981719 seconds (2.11 M allocations: 5.835 GiB, 0.31% gc time)
Finished order 1
loss std: 0.10278343762620624
magnitude: 0.03365834380792532
learning rate: 0.006731668761585064
  0.002902 seconds (17.73 k allocations: 1.701 MiB)
  0.863207 seconds (12.01 M allocations: 1.159 GiB, 18.10% gc time)
0.07782234730809579
0.07782234730809579
0.24123133050991852
0.24123133050991874
0.012411201410485684
0.012411201410485684
0.005572207865906953
0.005572207865906953
0.0025262698263716077
0.0025262698263716077
0.0008453934265947316
0.0008453934265947316
0.00024119681946066507
0.00024119681946066507
5.3462881825949715e-5
5.3462881825949715e-5
1.7730187330644576e-5
1.7730187330644576e-5
1.1332492929061466e-5
1.1332492929061466e-5
4.229816318535029e-6
4.229816318535029e-6
3.704439062501841e-6
3.704439062501841e-6
1.2370142609130497e-6
1.2370142609130497e-6
8.522009201650249e-7
8.522009201650249e-7
5.778665590483456e-7
5.778665590483456e-7
4.866854175222812e-7
4.866854175222812e-7
3.736000451226573e-7
3.736000451226573e-7
3.4103677348795713e-7
3.4103677348795713e-7
3.0695283192994083e-7
3.0695283192994083e-7
2.7802073643279357e-7
2.7802073643279357e-7
2.815649670084852e-7
2.815649670084852e-7
2.732802614202612e-7
2.732802614202612e-7
2.6857920609746344e-7
2.6857920609746344e-7
1360.537079 seconds (43.66 M allocations: 232.183 GiB, 1.52% gc time)
Finished order 2
loss std: 0.0013357646181238083
4
magnitude: 0.0378032472024637
learning rate: 0.0075606494404927395
  0.000103 seconds (651 allocations: 42.953 KiB)
  0.042211 seconds (472.61 k allocations: 54.476 MiB, 18.10% gc time)
0.07892214626541516
0.07892214626541516
0.4521768702041179
0.4521768702041179
0.07627431237502269
0.07627431237502269
0.07577183030137702
0.07577183030137702
0.07566622949490087
0.07566622949490087
0.07563937296749568
0.07563937296749568
0.075622925165162
0.075622925165162
0.07561650644259288
0.07561650644259288
0.07561174951211858
0.07561174951211858
0.07560683259517298
0.07560683259517298
0.0756078614304051
0.0756078614304051
0.07560659607493259
0.07560659607493259
0.07560655181414366
0.07560655181414366
0.07560652299582149
0.07560652299582149
0.07560651058500334
0.07560651058500334
0.07560650266041857
0.07560650266041857
0.07560649877739889
0.07560649877739889
0.07560649568146871
0.07560649568146871
0.07560649804243413
0.07560649804243413
0.07560649511293416
0.07560649511293416
1062.079261 seconds (2.63 M allocations: 7.289 GiB, 0.30% gc time)
Finished order 1
loss std: 0.08415667035223945
magnitude: 0.03780324755646708
learning rate: 0.007560649511293416
  0.002766 seconds (17.73 k allocations: 1.701 MiB)
  0.899353 seconds (12.01 M allocations: 1.159 GiB, 18.16% gc time)
0.09381233017022883
0.09381233017022883
0.23751574768581873
0.23751574768581862
0.016886842817406156
0.016886842817406156
0.007343364695160948
0.007343364695160948
0.003399248439613145
0.003399248439613145
0.0010395018832343172
0.0010395018832343172
0.0002856098936243612
0.0002856098936243612
6.307150272866213e-5
6.307150272866213e-5
2.5247035085995684e-5
2.5247035085995684e-5
1.6372747127069154e-5
1.6372747127069154e-5
6.260909745425813e-6
6.260909745425813e-6
6.983310558150713e-6
6.983310558150713e-6
3.756603995430652e-6
3.756603995430652e-6
1.9287953302304928e-6
1.9287953302304928e-6
9.50143399736092e-7
9.50143399736092e-7
6.394178558855046e-7
6.394178558855046e-7
3.9539967511270646e-7
3.9539967511270646e-7
2.6992142587722867e-7
2.6992142587722867e-7
1.7515535999379495e-7
1.7515535999379495e-7
1.5180230317213272e-7
1.5180230317213272e-7
1.3090649275682154e-7
1.3090649275682154e-7
1.2301632124067652e-7
1.2301632124067652e-7
1302.442676 seconds (41.76 M allocations: 222.089 GiB, 1.50% gc time)
Finished order 2
loss std: 0.004036199257236635
4
magnitude: 0.041929692219101145
learning rate: 0.00838593844382023
  0.000167 seconds (651 allocations: 42.953 KiB)
  0.047827 seconds (472.61 k allocations: 54.476 MiB, 17.86% gc time)
0.08676416457362068
0.08676416457362068
0.45760524764159494
0.45760524764159494
0.08454436102155582
0.08454436102155582
0.0840274206900723
0.0840274206900723
0.08392078003838066
0.08392078003838066
0.0838845225094974
0.0838845225094974
0.08387037604042158
0.08387037604042158
0.08386423148149502
0.08386423148149502
0.0838615770689366
0.0838615770689366
0.08386039563087422
0.08386039563087422
0.0838599145945943
0.0838599145945943
0.08385966022914915
0.08385966022914915
0.08385950775830975
0.08385950775830975
0.08385941564166888
0.08385941564166888
0.08385947388581616
0.08385947388581616
0.08385939958179123
0.08385939958179123
0.08385938922027214
0.08385938922027214
0.08385938683616134
0.08385938683616134
961.717513 seconds (2.37 M allocations: 6.566 GiB, 0.32% gc time)
Finished order 1
loss std: 0.08804185794671607
magnitude: 0.04192969341808067
learning rate: 0.008385938683616135
  0.002841 seconds (17.73 k allocations: 1.701 MiB)
  0.839120 seconds (12.01 M allocations: 1.159 GiB, 17.81% gc time)
0.10364422067721946
0.10364422067721946
0.20478932778397652
0.20478932778397652
0.01668290523268945
0.01668290523268945
0.006866830334367746
0.006866830334367746
0.0025655395054280383
0.0025655395054280383
0.000872964634153317
0.000872964634153317
0.00026460765915303774
0.00026460765915303774
7.415323377224503e-5
7.415323377224503e-5
3.471931735166134e-5
3.471931735166134e-5
1.826960917250542e-5
1.826960917250542e-5
5.931453066820858e-6
5.931453066820858e-6
7.204725885223695e-6
7.20472588544574e-6
2.8688105095930894e-6
2.8688105095930894e-6
1.6411140310035321e-6
1.6411140310035321e-6
6.834801437038962e-7
6.834801437038962e-7
3.8213765429784274e-7
3.8213765429784274e-7
1.7971269083982833e-7
1.7971269106187293e-7
1.0010696538387265e-7
1.0010696538387265e-7
5.326566177021874e-8
5.326566177021874e-8
4.1005332684918017e-8
4.1005332684918017e-8
2.8684070674245277e-8
2.868407089628988e-8
1292.785777 seconds (39.86 M allocations: 212.081 GiB, 1.52% gc time)
Finished order 2
loss std: 0.04563931204843517
4
magnitude: 0.04438844525969071
learning rate: 0.008877689051938142
  0.000082 seconds (651 allocations: 42.953 KiB)
  0.035424 seconds (472.61 k allocations: 54.476 MiB, 16.05% gc time)
0.09208829437866617
0.09208829437866617
0.4550688398352668
0.4550688398352668
0.08929877303554035
0.08929877303554035
0.08891502812587593
0.08891502812587593
0.08883931229363873
0.08883931229363873
0.08881074817856704
0.08881074817856704
0.08879285748556853
0.08879285748556853
0.08878585520893634
0.08878585520893634
0.08878022888809811
0.08878022888809811
0.08877757346442572
0.08877757346442572
0.08877735058419778
0.08877735058419778
0.08877696731268425
0.08877696731268425
0.08877693847057544
0.08877693847057544
0.08877690804463445
0.08877690804463445
0.08877690454195897
0.08877690454195897
0.08877689519627319
0.08877689519627319
0.088776894008195
0.088776894008195
906.619173 seconds (2.24 M allocations: 6.198 GiB, 0.29% gc time)
Finished order 1
loss std: 0.08878033330626683
magnitude: 0.0443884470040975
learning rate: 0.0088776894008195
  0.002861 seconds (17.73 k allocations: 1.701 MiB)
  0.905944 seconds (12.01 M allocations: 1.159 GiB, 17.88% gc time)
0.11360639375745585
0.11360639375745585
0.20246485352854637
0.20246485352854637
0.018699790391105475
0.018699790391105475
0.007362373438426939
0.007362373438427161
0.00275225256690248
0.00275225256690248
0.0009240041405930155
0.0009240041405930155
0.0002898291115178697
0.0002898291115178697
8.825224095654338e-5
8.825224095632134e-5
3.2338999171988014e-5
3.2338999171988014e-5
1.5579454914260715e-5
1.5579454914260715e-5
4.160783376394583e-6
4.160783376394583e-6
4.957957051687778e-6
4.957957051687778e-6
2.3096315542314727e-6
2.3096315542314727e-6
1.2025124619396976e-6
1.2025124619396976e-6
7.49371126929077e-7
7.493711271511216e-7
5.291015439112812e-7
5.291015439112812e-7
4.0926517785866423e-7
4.0926517808070884e-7
3.3767890017522006e-7
3.3767890017522006e-7
2.9413284829971076e-7
2.9413284852175536e-7
2.6939898201128187e-7
2.6939898201128187e-7
2.55867539933341e-7
2.55867539933341e-7
1303.273168 seconds (39.86 M allocations: 212.098 GiB, 1.48% gc time)
Finished order 2
loss std: 0.045130364645823096
4
magnitude: 0.046013300941454005
learning rate: 0.009202660188290801
  0.000097 seconds (651 allocations: 42.953 KiB)
  0.037364 seconds (472.61 k allocations: 54.476 MiB, 18.36% gc time)
0.09648872885590887
0.09648872885590887
0.5726148577179286
0.5726148577179286
0.09299837150210344
0.09299837150210344
0.09229130745079983
0.09229130745079983
0.09208559058508836
0.09208559058508836
0.09204838308244856
0.09204838308244856
0.09203607717034357
0.09203607717034357
0.09203239166024024
0.09203239166024024
0.09202940034664586
0.09202940034664586
0.0920278112745716
0.0920278112745716
0.09202721841555461
0.09202721841555461
0.09202680157401422
0.09202680157401422
0.09202673515068938
0.09202673515068938
0.09202662617412194
0.09202662617412194
0.09202664249813752
0.09202664249813752
0.09202661383264632
0.09202661383264632
0.09202660375150473
0.09202660375150473
0.092026602424922
0.092026602424922
957.387098 seconds (2.37 M allocations: 6.562 GiB, 0.27% gc time)
Finished order 1
loss std: 0.1132002505085666
magnitude: 0.046013301212461
learning rate: 0.0092026602424922
  0.002970 seconds (17.73 k allocations: 1.701 MiB)
  0.881755 seconds (12.01 M allocations: 1.159 GiB, 17.67% gc time)
0.1129000917246128
0.1129000917246128
0.19756955372980345
0.19756955372980345
0.01831096834745971
0.01831096834745971
0.00770123211091589
0.00770123211091589
0.002991860983197814
0.002991860983197814
0.0009709608282423288
0.0009709608282423288
0.00024159313421501238
0.00024159313421501238
6.410761902808648e-5
6.410761902808648e-5
2.802182102656925e-5
2.802182102656925e-5
1.8705399310814386e-5
1.8705399310814386e-5
7.387316163787183e-6
7.387316163787183e-6
7.819566891997809e-6
7.819566891997809e-6
4.935589805632468e-6
4.935589805632468e-6
2.661117971869409e-6
2.661117971869409e-6
1.5014314244110594e-6
1.501431424633104e-6
1.0757183316334462e-6
1.0757183316334462e-6
7.620165735078288e-7
7.620165735078288e-7
6.145614023234103e-7
6.145614021013657e-7
4.86280525624494e-7
4.862805258465386e-7
4.6481968241085525e-7
4.6481968218881065e-7
4.2919013953923724e-7
4.2919013953923724e-7
4.1930821159663623e-7
4.1930821159663623e-7
1365.827509 seconds (41.76 M allocations: 222.204 GiB, 1.47% gc time)
Finished order 2
loss std: 0.004343682289861814
4
magnitude: 0.050034670723872576
learning rate: 0.010006934144774516
  0.000105 seconds (651 allocations: 42.953 KiB)
  0.041654 seconds (472.61 k allocations: 54.476 MiB, 20.70% gc time)
0.10537984646770482
0.10537984646770482
0.46231340113569863
0.46231340113569863
0.10087420103323841
0.10087420103323841
0.10027860979188163
0.10027860979188163
0.10017061220564183
0.10017061220564183
0.10013259939572927
0.10013259939572927
0.10011013138572256
0.10011013138572256
0.10008610758217862
0.10008610758217862
0.10007739988331033
0.10007739988331033
0.10007289050047408
0.10007289050047408
0.10007060623327746
0.10007060623327746
0.10006984976493227
0.10006984976493227
0.10006939570491957
0.10006939570491957
0.10006941423630256
0.10006941423630256
0.10006936695309954
0.10006936695309954
0.10006935744638501
0.10006935744638501
0.10006935094020508
0.10006935094020508
0.10006934518530297
0.10006934518530297
0.10006934299985082
0.10006934299985082
1012.823281 seconds (2.50 M allocations: 6.925 GiB, 0.36% gc time)
Finished order 1
loss std: 0.08302974616734046
magnitude: 0.05003467149992541
learning rate: 0.010006934299985082
  0.002520 seconds (17.73 k allocations: 1.701 MiB)
  0.875767 seconds (12.01 M allocations: 1.159 GiB, 18.95% gc time)
0.1433301814181419
0.1433301814181419
0.17406293621199131
0.17406293621199154
0.022331598454507495
0.022331598454507495
0.010521297107382477
0.010521297107382699
0.004798272636727385
0.004798272636727607
0.00160772608363291
0.00160772608363291
0.00046780201887475226
0.00046780201887430817
0.0005024255518826237
0.0005024255518826237
0.00017635920383007875
0.00017635920383007875
3.073046035106941e-5
3.073046035106941e-5
1.9944624026324576e-5
1.9944624026324576e-5
6.9734262754250764e-6
6.9734262754250764e-6
5.384444878075989e-6
5.384444878075989e-6
2.098544555129145e-6
2.0985445553511894e-6
1.598217628573373e-6
1.5982176283513283e-6
1.1926710354881465e-6
1.1926710354881465e-6
7.909522850013673e-7
7.909522850013673e-7
9.4265263983484e-7
9.4265263983484e-7
6.318517360437426e-7
6.318517360437426e-7
5.309234248906947e-7
5.309234248906947e-7
4.885900825035705e-7
4.885900825035705e-7
4.558771369289616e-7
4.558771371510062e-7
4.53862211369227e-7
4.538622115912716e-7
4.4317134961779914e-7
4.4317134983984374e-7
4.330879774805396e-7
4.330879774805396e-7
1555.894418 seconds (47.45 M allocations: 252.505 GiB, 1.49% gc time)
Finished order 2
loss std: 0.0003761911594114625
4
magnitude: 0.05397868895897201
learning rate: 0.010795737791794402
  0.000102 seconds (651 allocations: 42.953 KiB)
  0.041072 seconds (472.61 k allocations: 54.476 MiB, 13.95% gc time)
0.11333832703072
0.11333832703072
0.49171652593770787
0.49171652593770787
0.10907601507824238
0.10907601507824238
0.10827001562113447
0.10827001562113447
0.10806722818408676
0.10806722818408676
0.1080206190330737
0.1080206190330737
0.1079937083234277
0.1079937083234277
0.10798362721466614
0.10798362721466614
0.1079726927036413
0.1079726927036413
0.1079612387210841
0.1079612387210841
0.1079664517818838
0.1079664517818838
0.10795932219184678
0.10795932219184678
0.10795792116838987
0.10795792116838987
0.10795757394873173
0.10795757394873173
0.10795745748937502
0.10795745748937502
0.10795739843569307
0.10795739843569307
0.10795738913316566
0.10795738913316566
0.10795738514578312
0.10795738514578312
0.10795738150055278
0.10795738150055278
0.10795737941571182
0.10795737941571182
1065.834801 seconds (2.63 M allocations: 7.293 GiB, 0.32% gc time)
Finished order 1
loss std: 0.08573634149197118
magnitude: 0.05397868970785591
learning rate: 0.010795737941571182
  0.002780 seconds (17.73 k allocations: 1.701 MiB)
  0.882434 seconds (12.01 M allocations: 1.159 GiB, 18.51% gc time)
0.1481749862161179
0.14817498621611813
0.1563747227635386
0.1563747227635386
0.02077481739606979
0.02077481739606979
0.007982972846990677
0.007982972846990455
0.0029137294670895653
0.0029137294670895653
0.001165672945701135
0.001165672945701135
0.00032475057761693904
0.00032475057761693904
9.452668122267305e-5
9.452668122267305e-5
4.849493527059323e-5
4.849493527059323e-5
3.328557482751293e-5
3.328557482751293e-5
1.3171305311643344e-5
1.3171305311865389e-5
1.1566915580907278e-5
1.1566915580907278e-5
5.069227989373815e-6
5.069227989373815e-6
3.907844741135591e-6
3.907844741135591e-6
2.1486211165822056e-6
2.1486211165822056e-6
1.4505836966050012e-6
1.4505836966050012e-6
7.858854409459326e-7
7.858854409459326e-7
6.318906631275212e-7
6.318906631275212e-7
5.363354306231471e-7
5.363354306231471e-7
5.440173791448899e-7
5.440173791448899e-7
5.050761483493815e-7
5.050761483493815e-7
4.780833382511673e-7
4.780833382511673e-7
4.578535326427158e-7
4.578535326427158e-7
1430.036909 seconds (43.66 M allocations: 232.310 GiB, 1.48% gc time)
Finished order 2
loss std: 0.0018602599871679142
4
magnitude: 0.05783389117217341
learning rate: 0.011566778234434683
  0.000105 seconds (651 allocations: 42.953 KiB)
  0.039679 seconds (472.61 k allocations: 54.476 MiB, 15.38% gc time)
0.12195233112320625
0.12195233112320625
0.49238958498974095
0.49238958498974084
0.11683707221750395
0.11683707221750395
0.116002041737851
0.116002041737851
0.1158134794838126
0.1158134794838126
0.11574420119712914
0.11574420119712914
0.11571338852835322
0.11571338852835322
0.115690157158847
0.115690157158847
0.11567640817165181
0.11567640817165181
0.1156692540434825
0.1156692540434825
0.1156682166229287
0.1156682166229287
0.11566791339741411
0.11566791339741411
0.11566784595697766
0.11566784595697766
0.11566779332950639
0.11566779332950639
0.11566778854027426
0.11566778854027426
0.11566778483728257
0.11566778483728257
0.11566778401526134
0.11566778401526134
909.207128 seconds (2.24 M allocations: 6.203 GiB, 0.28% gc time)
Finished order 1
loss std: 0.09125848357703717
magnitude: 0.05783389200763067
learning rate: 0.011566778401526135
  0.002864 seconds (17.73 k allocations: 1.701 MiB)
  0.869840 seconds (12.01 M allocations: 1.159 GiB, 18.49% gc time)
0.1573863440974208
0.15738634409742058
0.1760607568663538
0.1760607568663538
0.02883490570347269
0.02883490570347269
0.011111846151508176
0.011111846151508176
0.004531431727494373
0.004531431727494151
0.0012700904990724515
0.0012700904990724515
0.0006033146851197602
0.0006033146851197602
0.00018101005948190085
0.0001810100594821229
7.909126071947714e-5
7.909126071947714e-5
4.623109416612703e-5
4.623109416612703e-5
1.4682198228310739e-5
1.4682198228310739e-5
1.416900969908319e-5
1.416900969908319e-5
9.10162213618726e-6
9.10162213618726e-6
4.7723390148579625e-6
4.7723390148579625e-6
3.2824787803420463e-6
3.282478780564091e-6
2.3898600646221624e-6
2.3898600644001178e-6
1.7472609465940536e-6
1.7472609465940536e-6
1.3464624545322934e-6
1.346462454754338e-6
1.0689877036895723e-6
1.0689877034675277e-6
1.0249157871289327e-6
1.0249157871289327e-6
9.592050868034718e-7
9.592050868034718e-7
9.413173949202047e-7
9.413173949202047e-7
9.163216043717171e-7
9.163216043717171e-7
8.932190742605428e-7
8.932190742605428e-7
8.932626167634794e-7
8.932626167634794e-7
8.816235756992086e-7
8.816235756992086e-7
8.704086560396007e-7
8.704086558175561e-7
1681.100599 seconds (51.25 M allocations: 272.712 GiB, 1.49% gc time)
Finished order 2
loss std: 4.292027812814953e-5
4
magnitude: 0.06159187637036789
learning rate: 0.01231837527407358
  0.000100 seconds (651 allocations: 42.953 KiB)
  0.036119 seconds (472.61 k allocations: 54.476 MiB, 17.48% gc time)
0.1304109792137701
0.1304109792137701
0.515420018265752
0.515420018265752
0.12478744476301029
0.12478744476301029
0.1235782654274401
0.1235782654274401
0.12332104961894141
0.12332104961894141
0.12324811378185341
0.12324811378185341
0.12322216504025263
0.12322216504025263
0.12320455832476263
0.12320455832476263
0.12319265435798843
0.12319265435798843
0.12319014019239694
0.12319014019239694
